2023-02-05 08:36:15,478 : INFO : root : Loading config.
2023-02-05 08:36:15,478 : INFO : YamlMultifileConfigLoader : Machine config file #1: config.yaml
2023-02-05 08:36:15,478 : INFO : ConfigProcessor : Loading config from cache: C:\Users\steel\AppData\Local\Temp\9014108be8bb19792bb5e6c9e9603b65.mpf_cache
2023-02-05 08:36:15,544 : INFO : ConfigProcessor : Loading config from cache: C:\Users\steel\AppData\Local\Temp\0c159a05f39617a30cc1b279562f144f.mpf_cache
2023-02-05 08:36:15,544 : INFO : ConfigProcessor : Loading config from cache: C:\Users\steel\AppData\Local\Temp\a4144dd661fe0832b800e50000db3090.mpf_cache
2023-02-05 08:36:15,555 : INFO : ConfigProcessor : Loading config from cache: C:\Users\steel\AppData\Local\Temp\0c159a05f39617a30cc1b279562f144f.mpf_cache
2023-02-05 08:36:15,556 : WARNING : ConfigProcessor : Config file in cache changed: C:\pinball\SAW\modes\base\config\base.yaml
2023-02-05 08:36:15,556 : INFO : ConfigProcessor : Loading config from file C:\pinball\SAW\modes\base\config\base.yaml.
2023-02-05 08:36:15,556 : INFO : ConfigProcessor : Loading config: C:\pinball\SAW\modes\base\config\base.yaml
2023-02-05 08:36:15,556 : INFO : ConfigProcessor : Config file cache created: C:\Users\steel\AppData\Local\Temp\c84db42795c08bfb8e4272b3be41e3f4.mpf_cache
2023-02-05 08:36:15,556 : INFO : ConfigProcessor : Loading config from cache: C:\Users\steel\AppData\Local\Temp\17aa0c884dad87b4b4047bafdeb78206.mpf_cache
2023-02-05 08:36:15,556 : INFO : ConfigProcessor : Loading config from cache: C:\Users\steel\AppData\Local\Temp\6026628a89ebb09da8c65e4a804bb30f.mpf_cache
2023-02-05 08:36:15,556 : INFO : Machine : Mission Pinball Framework Core Engine v0.56.0-dev33
2023-02-05 08:36:15,556 : INFO : Machine : Command line arguments: {'no_load_cache': False, 'create_config_cache': True, 'bcp': True, 'configfile': ['config.yaml'], 'force_assets_load': False, 'jsonlogging': False, 'logfile': 'logs\\2023-02-05-08-36-15-mpf-MSI.log', 'pause': False, 'production': False, 'text_ui': True, 'loglevel': 15, 'consoleloglevel': 20, 'force_platform': 'virtual', 'syslog_address': None, 'mc_file_name': None, 'no_sound': False}
2023-02-05 08:36:15,556 : INFO : Machine : MPF path: C:\Users\steel\AppData\Local\Programs\Python\Python39\lib\site-packages\mpf
2023-02-05 08:36:15,556 : INFO : Machine : Machine path: C:\pinball\SAW
2023-02-05 08:36:15,556 : INFO : Machine : Platform: win32
2023-02-05 08:36:15,556 : INFO : Machine : Python executable location: C:\Users\steel\AppData\Local\Programs\Python\Python39\python.exe
2023-02-05 08:36:15,556 : INFO : Machine : Python version: 3.9.13 (64-bit)
2023-02-05 08:36:15,556 : INFO : Machine : Initialise MPF.
2023-02-05 08:36:15,728 : INFO : EventManager : Event: ======'machine_var_credits_string'====== Args={'value': 'FREE PLAY', 'prev_value': None, 'change': True}
2023-02-05 08:36:15,775 : INFO : EventManager : Event: ======'machine_var_master_volume'====== Args={'value': 0.5, 'prev_value': None, 'change': True}
2023-02-05 08:36:15,775 : INFO : EventManager : Event: ======'machine_var_mpf_version'====== Args={'value': 'MPF v0.56.0-dev33', 'prev_value': None, 'change': True}
2023-02-05 08:36:15,775 : INFO : EventManager : Event: ======'machine_var_mpf_extended_version'====== Args={'value': 'MPF v0.56.0-dev33, Config version:5, Show version: 5, BCP version:1.1', 'prev_value': None, 'change': True}
2023-02-05 08:36:15,775 : INFO : EventManager : Event: ======'machine_var_python_version'====== Args={'value': '3.9.13', 'prev_value': None, 'change': True}
2023-02-05 08:36:15,790 : INFO : EventManager : Event: ======'machine_var_platform'====== Args={'value': 'Windows-10-10.0.19044-SP0', 'prev_value': None, 'change': True}
2023-02-05 08:36:15,790 : INFO : EventManager : Event: ======'machine_var_platform_system'====== Args={'value': 'Windows', 'prev_value': None, 'change': True}
2023-02-05 08:36:15,790 : INFO : EventManager : Event: ======'machine_var_platform_release'====== Args={'value': '10', 'prev_value': None, 'change': True}
2023-02-05 08:36:15,790 : INFO : EventManager : Event: ======'machine_var_platform_version'====== Args={'value': '10.0.19044', 'prev_value': None, 'change': True}
2023-02-05 08:36:15,790 : INFO : EventManager : Event: ======'machine_var_platform_machine'====== Args={'value': 'AMD64', 'prev_value': None, 'change': True}
2023-02-05 08:36:15,790 : INFO : EventManager : Event: ======'init_phase_1'====== Args={}
2023-02-05 08:36:15,806 : INFO : EventManager : Event: ======'init_phase_2'====== Args={}
2023-02-05 08:36:15,806 : INFO : SwitchController : Found active switch: (1002, <Platform.Virtual>) <switch.s_left_flipper>
2023-02-05 08:36:15,806 : INFO : SwitchController : Found active switch: (1003, <Platform.Virtual>) <switch.s_right_flipper>
2023-02-05 08:36:15,806 : INFO : SwitchController : Found active switch: (1000, <Platform.Virtual>) <switch.s_trough1>
2023-02-05 08:36:15,806 : INFO : SwitchController : Found active switch: (1005, <Platform.Virtual>) <switch.s_trough2>
2023-02-05 08:36:15,806 : INFO : SwitchController : Found active switch: (1006, <Platform.Virtual>) <switch.s_trough3>
2023-02-05 08:36:15,806 : INFO : EventManager : Event: ======'bcp_connection_attempt'====== Args={'name': 'local_display', 'host': 'localhost', 'port': 5050}
2023-02-05 08:36:15,806 : INFO : BCPClientSocket : Connecting BCP to 'local_display' at localhost:5050...
2023-02-05 08:36:17,857 : INFO : BCPClientSocket : Connected BCP to 'local_display' localhost:5050
2023-02-05 08:36:17,858 : INFO : EventManager : Event: ======'bcp_clients_connected'====== Args={}
2023-02-05 08:36:17,865 : INFO : ball_device.bd_trough : BCH: Initial count: 3
2023-02-05 08:36:17,866 : INFO : EventManager : Event: ======'machine_var_mc_version'====== Args={'value': 'MPF-MC v0.56.0-dev33', 'prev_value': None, 'change': True}
2023-02-05 08:36:17,866 : INFO : EventManager : Event: ======'machine_var_mc_extended_version'====== Args={'value': 'MPF-MC v0.56.0-dev33 (config_version=5, BCP v1.1, Requires MPF v0.56.0-dev33)', 'prev_value': None, 'change': True}
2023-02-05 08:36:17,867 : INFO : ball_device.bd_trough : State: idle
2023-02-05 08:36:17,880 : INFO : ball_device.bd_plunger : BCH: Initial count: 0
2023-02-05 08:36:17,880 : INFO : ball_device.bd_plunger : State: idle
2023-02-05 08:36:17,880 : INFO : ball_device.bd_retina_hole : BCH: Initial count: 0
2023-02-05 08:36:17,880 : INFO : ball_device.bd_retina_hole : State: idle
2023-02-05 08:36:17,880 : INFO : ball_device.bd_elevator : BCH: Initial count: 0
2023-02-05 08:36:17,880 : INFO : ball_device.bd_elevator : State: idle
2023-02-05 08:36:17,928 : INFO : EventManager : Event: ======'init_phase_3'====== Args={}
2023-02-05 08:36:17,932 : INFO : EventManager : Event: ======'init_phase_4'====== Args={}
2023-02-05 08:36:17,932 : INFO : BallController : Initial balls found: 3
2023-02-05 08:36:17,933 : INFO : EventManager : Event: ======'machine_var_audits_events_game_ended'====== Args={'value': 0, 'prev_value': None, 'change': True}
2023-02-05 08:36:17,933 : INFO : EventManager : Event: ======'machine_var_audits_events_game_started'====== Args={'value': 1, 'prev_value': None, 'change': True}
2023-02-05 08:36:17,933 : INFO : EventManager : Event: ======'machine_var_audits_player_score'====== Args={'value': {'average': 0, 'top': [], 'total': 0}, 'prev_value': None, 'change': True}
2023-02-05 08:36:17,933 : INFO : EventManager : Event: ======'machine_var_audits_switches_s_ball_shooter_lane'====== Args={'value': 0, 'prev_value': None, 'change': True}
2023-02-05 08:36:17,934 : INFO : EventManager : Event: ======'machine_var_audits_switches_s_eject'====== Args={'value': 0, 'prev_value': None, 'change': True}
2023-02-05 08:36:17,934 : INFO : EventManager : Event: ======'machine_var_audits_switches_s_elevator_hold'====== Args={'value': 0, 'prev_value': None, 'change': True}
2023-02-05 08:36:17,934 : INFO : EventManager : Event: ======'machine_var_audits_switches_s_enter_left_ramp'====== Args={'value': 0, 'prev_value': None, 'change': True}
2023-02-05 08:36:17,934 : INFO : EventManager : Event: ======'machine_var_audits_switches_s_inner_loop'====== Args={'value': 0, 'prev_value': None, 'change': True}
2023-02-05 08:36:17,934 : INFO : EventManager : Event: ======'machine_var_audits_switches_s_left_bottom_jet_bumper'====== Args={'value': 0, 'prev_value': None, 'change': True}
2023-02-05 08:36:17,934 : INFO : EventManager : Event: ======'machine_var_audits_switches_s_left_cellar'====== Args={'value': 0, 'prev_value': None, 'change': True}
2023-02-05 08:36:17,934 : INFO : EventManager : Event: ======'machine_var_audits_switches_s_left_flipper'====== Args={'value': 0, 'prev_value': None, 'change': True}
2023-02-05 08:36:17,934 : INFO : EventManager : Event: ======'machine_var_audits_switches_s_left_inlane'====== Args={'value': 0, 'prev_value': None, 'change': True}
2023-02-05 08:36:17,935 : INFO : EventManager : Event: ======'machine_var_audits_switches_s_left_lock_1'====== Args={'value': 0, 'prev_value': None, 'change': True}
2023-02-05 08:36:17,935 : INFO : EventManager : Event: ======'machine_var_audits_switches_s_left_lock_2'====== Args={'value': 0, 'prev_value': None, 'change': True}
2023-02-05 08:36:17,935 : INFO : EventManager : Event: ======'machine_var_audits_switches_s_left_lock_3'====== Args={'value': 0, 'prev_value': None, 'change': True}
2023-02-05 08:36:17,935 : INFO : EventManager : Event: ======'machine_var_audits_switches_s_left_loop_bottom'====== Args={'value': 0, 'prev_value': None, 'change': True}
2023-02-05 08:36:17,935 : INFO : EventManager : Event: ======'machine_var_audits_switches_s_left_loop_top'====== Args={'value': 0, 'prev_value': None, 'change': True}
2023-02-05 08:36:17,935 : INFO : EventManager : Event: ======'machine_var_audits_switches_s_left_outlane'====== Args={'value': 0, 'prev_value': None, 'change': True}
2023-02-05 08:36:17,935 : INFO : EventManager : Event: ======'machine_var_audits_switches_s_left_ramp_score_bottom'====== Args={'value': 0, 'prev_value': None, 'change': True}
2023-02-05 08:36:17,935 : INFO : EventManager : Event: ======'machine_var_audits_switches_s_left_ramp_score_top'====== Args={'value': 0, 'prev_value': None, 'change': True}
2023-02-05 08:36:17,936 : INFO : EventManager : Event: ======'machine_var_audits_switches_s_left_slingshot'====== Args={'value': 0, 'prev_value': None, 'change': True}
2023-02-05 08:36:17,936 : INFO : EventManager : Event: ======'machine_var_audits_switches_s_left_standup'====== Args={'value': 0, 'prev_value': None, 'change': True}
2023-02-05 08:36:17,936 : INFO : EventManager : Event: ======'machine_var_audits_switches_s_left_standup_right_ramp'====== Args={'value': 0, 'prev_value': None, 'change': True}
2023-02-05 08:36:17,936 : INFO : EventManager : Event: ======'machine_var_audits_switches_s_left_top_jet_bumper'====== Args={'value': 0, 'prev_value': None, 'change': True}
2023-02-05 08:36:17,936 : INFO : EventManager : Event: ======'machine_var_audits_switches_s_lower_bank_drop_target_opto_lower'====== Args={'value': 0, 'prev_value': None, 'change': True}
2023-02-05 08:36:17,936 : INFO : EventManager : Event: ======'machine_var_audits_switches_s_lower_bank_drop_target_opto_middle'====== Args={'value': 0, 'prev_value': None, 'change': True}
2023-02-05 08:36:17,936 : INFO : EventManager : Event: ======'machine_var_audits_switches_s_lower_bank_drop_target_opto_upper'====== Args={'value': 0, 'prev_value': None, 'change': True}
2023-02-05 08:36:17,937 : INFO : EventManager : Event: ======'machine_var_audits_switches_s_lower_top_jet_bumper'====== Args={'value': 0, 'prev_value': None, 'change': True}
2023-02-05 08:36:17,937 : INFO : EventManager : Event: ======'machine_var_audits_switches_s_middle_standup'====== Args={'value': 0, 'prev_value': None, 'change': True}
2023-02-05 08:36:17,937 : INFO : EventManager : Event: ======'machine_var_audits_switches_s_outhole'====== Args={'value': 0, 'prev_value': None, 'change': True}
2023-02-05 08:36:17,937 : INFO : EventManager : Event: ======'machine_var_audits_switches_s_plumb_bob_tilt'====== Args={'value': 0, 'prev_value': None, 'change': True}
2023-02-05 08:36:17,937 : INFO : EventManager : Event: ======'machine_var_audits_switches_s_plunger'====== Args={'value': 0, 'prev_value': None, 'change': True}
2023-02-05 08:36:17,937 : INFO : EventManager : Event: ======'machine_var_audits_switches_s_right_bottom_jet_bumper'====== Args={'value': 0, 'prev_value': None, 'change': True}
2023-02-05 08:36:17,937 : INFO : EventManager : Event: ======'machine_var_audits_switches_s_right_cellar'====== Args={'value': 0, 'prev_value': None, 'change': True}
2023-02-05 08:36:17,938 : INFO : EventManager : Event: ======'machine_var_audits_switches_s_right_flipper'====== Args={'value': 0, 'prev_value': None, 'change': True}
2023-02-05 08:36:17,938 : INFO : EventManager : Event: ======'machine_var_audits_switches_s_right_inlane'====== Args={'value': 0, 'prev_value': None, 'change': True}
2023-02-05 08:36:17,938 : INFO : EventManager : Event: ======'machine_var_audits_switches_s_right_loop_bottom'====== Args={'value': 0, 'prev_value': None, 'change': True}
2023-02-05 08:36:17,938 : INFO : EventManager : Event: ======'machine_var_audits_switches_s_right_loop_top'====== Args={'value': 0, 'prev_value': None, 'change': True}
2023-02-05 08:36:17,938 : INFO : EventManager : Event: ======'machine_var_audits_switches_s_right_outlane'====== Args={'value': 0, 'prev_value': None, 'change': True}
2023-02-05 08:36:17,938 : INFO : EventManager : Event: ======'machine_var_audits_switches_s_right_ramp_down'====== Args={'value': 0, 'prev_value': None, 'change': True}
2023-02-05 08:36:17,939 : INFO : EventManager : Event: ======'machine_var_audits_switches_s_right_ramp_score_bottom'====== Args={'value': 0, 'prev_value': None, 'change': True}
2023-02-05 08:36:17,939 : INFO : EventManager : Event: ======'machine_var_audits_switches_s_right_ramp_score_top'====== Args={'value': 0, 'prev_value': None, 'change': True}
2023-02-05 08:36:17,939 : INFO : EventManager : Event: ======'machine_var_audits_switches_s_right_slingshot'====== Args={'value': 0, 'prev_value': None, 'change': True}
2023-02-05 08:36:17,939 : INFO : EventManager : Event: ======'machine_var_audits_switches_s_right_standup'====== Args={'value': 0, 'prev_value': None, 'change': True}
2023-02-05 08:36:17,939 : INFO : EventManager : Event: ======'machine_var_audits_switches_s_right_standup_right_ramp'====== Args={'value': 0, 'prev_value': None, 'change': True}
2023-02-05 08:36:17,939 : INFO : EventManager : Event: ======'machine_var_audits_switches_s_right_top_jet_bumper'====== Args={'value': 0, 'prev_value': None, 'change': True}
2023-02-05 08:36:17,940 : INFO : EventManager : Event: ======'machine_var_audits_switches_s_spinner'====== Args={'value': 0, 'prev_value': None, 'change': True}
2023-02-05 08:36:17,940 : INFO : EventManager : Event: ======'machine_var_audits_switches_s_start'====== Args={'value': 2, 'prev_value': None, 'change': True}
2023-02-05 08:36:17,940 : INFO : EventManager : Event: ======'machine_var_audits_switches_s_top_right_reject'====== Args={'value': 0, 'prev_value': None, 'change': True}
2023-02-05 08:36:17,940 : INFO : EventManager : Event: ======'machine_var_audits_switches_s_trough1'====== Args={'value': 0, 'prev_value': None, 'change': True}
2023-02-05 08:36:17,940 : INFO : EventManager : Event: ======'machine_var_audits_switches_s_trough2'====== Args={'value': 0, 'prev_value': None, 'change': True}
2023-02-05 08:36:17,940 : INFO : EventManager : Event: ======'machine_var_audits_switches_s_trough3'====== Args={'value': 0, 'prev_value': None, 'change': True}
2023-02-05 08:36:17,941 : INFO : EventManager : Event: ======'machine_var_audits_switches_s_trough_jam'====== Args={'value': 0, 'prev_value': None, 'change': True}
2023-02-05 08:36:17,941 : INFO : EventManager : Event: ======'machine_var_audits_switches_s_upper_bank_drop_target_opto'====== Args={'value': 0, 'prev_value': None, 'change': True}
2023-02-05 08:36:17,941 : INFO : EventManager : Event: ======'machine_var_audits_switches_s_upper_bottom_jet_bumper'====== Args={'value': 0, 'prev_value': None, 'change': True}
2023-02-05 08:36:17,941 : INFO : EventManager : Event: ======'machine_var_audits_switches_s_upper_right_flipper'====== Args={'value': 0, 'prev_value': None, 'change': True}
2023-02-05 08:36:17,942 : INFO : EventManager : Event: ======'init_phase_5'====== Args={}
2023-02-05 08:36:17,957 : INFO : EventManager : Event: ======'init_done'====== Args={}
2023-02-05 08:36:17,957 : INFO : EventManager : Event: ======'machine_reset_phase_1'====== Args={}
2023-02-05 08:36:17,959 : INFO : EventManager : Event: ======'machine_reset_phase_2'====== Args={}
2023-02-05 08:36:17,959 : INFO : EventManager : Event: ======'machine_reset_phase_3'====== Args={}
2023-02-05 08:36:17,959 : INFO : EventManager : Event: ======'reset_complete'====== Args={}
2023-02-05 08:36:17,959 : INFO : EventManager : Event: ======'mode_attract_will_start'====== Args={}
2023-02-05 08:36:17,960 : INFO : EventManager : Event: ======'mode_attract_starting'====== Args={}
2023-02-05 08:36:17,960 : INFO : Mode.attract : Started. Priority: 10
2023-02-05 08:36:17,960 : INFO : EventManager : Event: ======'modes_active_modes_changed'====== Args={}
2023-02-05 08:36:17,960 : INFO : EventManager : Event: ======'mode_attract_started'====== Args={}
2023-02-05 08:36:17,961 : INFO : EventManager : Event: ======'collecting_balls_complete'====== Args={}
2023-02-05 08:36:17,989 : INFO : EventManager : Event: ======'slide_slide1_created'====== Args={'_from_bcp': True}
2023-02-05 08:36:17,989 : INFO : EventManager : Event: ======'slide_slide1_active'====== Args={'_from_bcp': True}
2023-02-05 08:36:17,990 : INFO : Machine : Starting the main run loop.
2023-02-05 08:36:20,574 : INFO : EventManager : Event: ======'slide_slide2_created'====== Args={'_from_bcp': True}
2023-02-05 08:36:20,576 : INFO : EventManager : Event: ======'slide_slide2_active'====== Args={'_from_bcp': True}
2023-02-05 08:36:23,118 : INFO : EventManager : Event: ======'slide_slide4_created'====== Args={'_from_bcp': True}
2023-02-05 08:36:23,128 : INFO : EventManager : Event: ======'slide_slide4_active'====== Args={'_from_bcp': True}
2023-02-05 08:36:30,697 : INFO : SwitchController : <<<<<<< 's_start' active >>>>>>>
2023-02-05 08:36:30,785 : INFO : SwitchController : <<<<<<< 's_start' inactive >>>>>>>
2023-02-05 08:36:30,785 : INFO : EventManager : Event: ======'request_to_start_game'====== Args={}
2023-02-05 08:36:30,785 : INFO : EventManager : Event: ======'game_start'====== Args={'buttons': [], 'hold_time': 0.09400000001187436}
2023-02-05 08:36:30,785 : INFO : EventManager : Event: ======'mode_game_will_start'====== Args={'buttons': [], 'hold_time': 0.09400000001187436}
2023-02-05 08:36:30,786 : INFO : EventManager : Event: ======'mode_game_starting'====== Args={'buttons': [], 'hold_time': 0.09400000001187436}
2023-02-05 08:36:30,787 : INFO : EventManager : Event: ======'mode_attract_will_stop'====== Args={}
2023-02-05 08:36:30,787 : INFO : EventManager : Event: ======'mode_attract_stopping'====== Args={}
2023-02-05 08:36:30,787 : INFO : Mode.attract : Stopped.
2023-02-05 08:36:30,787 : INFO : EventManager : Event: ======'modes_active_modes_changed'====== Args={}
2023-02-05 08:36:30,787 : INFO : EventManager : Event: ======'mode_attract_stopped'====== Args={}
2023-02-05 08:36:30,787 : INFO : EventManager : Event: ======'clear'====== Args={'key': 'attract'}
2023-02-05 08:36:30,788 : INFO : Mode.game : Started. Priority: 20
2023-02-05 08:36:30,788 : INFO : EventManager : Event: ======'modes_active_modes_changed'====== Args={}
2023-02-05 08:36:30,788 : INFO : EventManager : Event: ======'mode_game_started'====== Args={'buttons': [], 'hold_time': 0.09400000001187436}
2023-02-05 08:36:30,797 : INFO : EventManager : Event: ======'game_will_start'====== Args={}
2023-02-05 08:36:30,797 : INFO : EventManager : Event: ======'game_starting'====== Args={'game': <Mode.game>}
2023-02-05 08:36:30,798 : INFO : EventManager : Event: ======'player_add_request'====== Args={}
2023-02-05 08:36:30,798 : INFO : EventManager : Event: ======'player_will_add'====== Args={'number': 1}
2023-02-05 08:36:30,798 : INFO : EventManager : Event: ======'player_adding'====== Args={'player': <Player 1>, 'number': 1}
2023-02-05 08:36:30,798 : INFO : EventManager : Event: ======'player_added'====== Args={'player': <Player 1>, 'num': 1}
2023-02-05 08:36:30,798 : INFO : Mode.game : Player added successfully. Total players: 1
2023-02-05 08:36:30,799 : INFO : EventManager : Event: ======'player_index'====== Args={'value': 0, 'prev_value': 0, 'change': 0, 'player_num': 1}
2023-02-05 08:36:30,799 : INFO : EventManager : Event: ======'player_number'====== Args={'value': 1, 'prev_value': 1, 'change': 0, 'player_num': 1}
2023-02-05 08:36:30,799 : INFO : EventManager : Event: ======'player_score'====== Args={'value': 0, 'prev_value': 0, 'change': 0, 'player_num': 1}
2023-02-05 08:36:30,800 : INFO : EventManager : Event: ======'game_started'====== Args={}
2023-02-05 08:36:30,824 : INFO : EventManager : Event: ======'player_turn_will_start'====== Args={'player': <Player 1>, 'number': 1}
2023-02-05 08:36:30,825 : INFO : EventManager : Event: ======'slide_slide1_removed'====== Args={'_from_bcp': True}
2023-02-05 08:36:30,825 : INFO : EventManager : Event: ======'slide_slide2_removed'====== Args={'_from_bcp': True}
2023-02-05 08:36:30,825 : INFO : EventManager : Event: ======'slide_slide4_removed'====== Args={'_from_bcp': True}
2023-02-05 08:36:30,825 : INFO : EventManager : Event: ======'slide_lcd_blank_active'====== Args={'_from_bcp': True}
2023-02-05 08:36:30,825 : INFO : EventManager : Event: ======'player_turn_starting'====== Args={'player': <Player 1>, 'number': 1}
2023-02-05 08:36:30,825 : INFO : EventManager : Event: ======'player_ball'====== Args={'value': 1, 'prev_value': 0, 'change': 1, 'player_num': 1}
2023-02-05 08:36:30,826 : INFO : EventManager : Event: ======'player_turn_started'====== Args={'player': <Player 1>, 'number': 1}
2023-02-05 08:36:30,827 : INFO : EventManager : Event: ======'ball_will_start'====== Args={'player': 1, 'ball': 1, 'balls_remaining': 2, 'is_extra_ball': False}
2023-02-05 08:36:30,831 : INFO : EventManager : Event: ======'ball_starting'====== Args={'player': 1, 'ball': 1, 'balls_remaining': 2, 'is_extra_ball': False}
2023-02-05 08:36:30,831 : INFO : EventManager : Event: ======'balls_in_play'====== Args={'balls': 1}
2023-02-05 08:36:30,831 : INFO : EventManager : Event: ======'ball_started'====== Args={'player': 1, 'ball': 1, 'balls_remaining': 2, 'is_extra_ball': False}
2023-02-05 08:36:30,832 : INFO : EventManager : Event: ======'mode_base_will_start'====== Args={'player': 1, 'ball': 1, 'balls_remaining': 2, 'is_extra_ball': False}
2023-02-05 08:36:30,832 : INFO : EventManager : Event: ======'player_shot_my_first_shot_enabled'====== Args={'value': True, 'prev_value': 0, 'change': 1, 'player_num': 1}
2023-02-05 08:36:30,834 : INFO : EventManager : Event: ======'mode_base_starting'====== Args={'player': 1, 'ball': 1, 'balls_remaining': 2, 'is_extra_ball': False}
2023-02-05 08:36:30,835 : INFO : Mode.base : Started. Priority: 100
2023-02-05 08:36:30,835 : INFO : EventManager : Event: ======'modes_active_modes_changed'====== Args={}
2023-02-05 08:36:30,835 : INFO : EventManager : Event: ======'mode_base_started'====== Args={'player': 1, 'ball': 1, 'balls_remaining': 2, 'is_extra_ball': False}
2023-02-05 08:36:30,836 : INFO : EventManager : Event: ======'single_player_ball_started'====== Args={}
2023-02-05 08:36:30,861 : INFO : EventManager : Event: ======'ball_start_target'====== Args={'target': 'playfield'}
2023-02-05 08:36:30,861 : INFO : EventManager : Event: ======'slide_base.slide_player-mode_base_started_created'====== Args={'_from_bcp': True}
2023-02-05 08:36:30,861 : INFO : ball_device.bd_plunger : Setting up player-controlled eject. Balls: 1, Target: <playfield.playfield>, player_controlled_eject_event: None
2023-02-05 08:36:30,861 : INFO : EventManager : Event: ======'balldevice_balls_available'====== Args={}
2023-02-05 08:36:30,862 : INFO : ball_device.bd_trough : State: waiting_for_target_ready
2023-02-05 08:36:30,862 : INFO : EventManager : Event: ======'balldevice_bd_trough_ball_eject_attempt'====== Args={'balls': 1, 'target': <ball_device.bd_plunger>, 'source': <ball_device.bd_trough>, 'mechanical_eject': True, 'num_attempts': 0}
2023-02-05 08:36:30,862 : INFO : ball_device.bd_plunger : State: waiting_for_ball
2023-02-05 08:36:30,862 : INFO : ball_device.bd_trough : State: ejecting
2023-02-05 08:36:30,862 : INFO : ball_device.bd_trough : Ejecting ball to <ball_device.bd_plunger>
2023-02-05 08:36:30,862 : INFO : EventManager : Event: ======'balldevice_bd_trough_ejecting_ball'====== Args={'balls': 1, 'target': <ball_device.bd_plunger>, 'source': <ball_device.bd_trough>, 'mechanical_eject': True, 'num_attempts': 0}
2023-02-05 08:36:30,863 : INFO : EventManager : Event: ======'slide_base.slide_player-mode_base_started_active'====== Args={'_from_bcp': True}
2023-02-05 08:36:30,863 : INFO : ball_device.bd_trough : Wait for ball to leave device
2023-02-05 08:36:30,863 : INFO : coil.c_trough_eject : Pulsing Driver for 10ms (1.0 pulse_power)
2023-02-05 08:36:34,536 : WARNING : SwitchController : Received duplicate switch state 1 for switch s_left_flipper from the platform interface. Log Code: Log-SwitchController-1 (https://docs.missionpinball.org/en/dev/logs/Log-SwitchController-1.html)
2023-02-05 08:36:34,610 : INFO : SwitchController : <<<<<<< 's_left_flipper' inactive >>>>>>>
2023-02-05 08:36:40,876 : INFO : EventManager : Event: ======'balldevice_bd_trough_ball_eject_failed'====== Args={'target': <ball_device.bd_plunger>, 'balls': 1, 'retry': True, 'num_attempts': 1}
2023-02-05 08:36:40,877 : INFO : ball_device.bd_trough : State: waiting_for_target_ready
2023-02-05 08:36:40,877 : INFO : EventManager : Event: ======'balldevice_bd_trough_ball_eject_attempt'====== Args={'balls': 1, 'target': <ball_device.bd_plunger>, 'source': <ball_device.bd_trough>, 'mechanical_eject': True, 'num_attempts': 1}
2023-02-05 08:36:40,877 : INFO : ball_device.bd_trough : State: ejecting
2023-02-05 08:36:40,877 : INFO : ball_device.bd_trough : Ejecting ball to <ball_device.bd_plunger>
2023-02-05 08:36:40,878 : INFO : EventManager : Event: ======'balldevice_bd_trough_ejecting_ball'====== Args={'balls': 1, 'target': <ball_device.bd_plunger>, 'source': <ball_device.bd_trough>, 'mechanical_eject': True, 'num_attempts': 1}
2023-02-05 08:36:40,879 : INFO : ball_device.bd_trough : Wait for ball to leave device
2023-02-05 08:36:40,879 : INFO : coil.c_trough_eject : Pulsing Driver for 10ms (1.0 pulse_power)
2023-02-05 08:36:44,007 : WARNING : SwitchController : Received duplicate switch state 1 for switch s_trough1 from the platform interface. Log Code: Log-SwitchController-1 (https://docs.missionpinball.org/en/dev/logs/Log-SwitchController-1.html)
2023-02-05 08:36:44,093 : INFO : SwitchController : <<<<<<< 's_trough1' inactive >>>>>>>
2023-02-05 08:36:44,109 : INFO : ball_device.bd_trough : State: ball_left
2023-02-05 08:36:44,109 : INFO : ball_device.bd_trough : Ball left
2023-02-05 08:36:44,110 : INFO : ball_device.bd_trough : Wait for confirm with timeout 10.0
2023-02-05 08:36:44,354 : WARNING : SwitchController : Received duplicate switch state 1 for switch s_trough2 from the platform interface. Log Code: Log-SwitchController-1 (https://docs.missionpinball.org/en/dev/logs/Log-SwitchController-1.html)
2023-02-05 08:36:44,488 : INFO : SwitchController : <<<<<<< 's_trough2' inactive >>>>>>>
2023-02-05 08:36:44,661 : WARNING : SwitchController : Received duplicate switch state 1 for switch s_trough3 from the platform interface. Log Code: Log-SwitchController-1 (https://docs.missionpinball.org/en/dev/logs/Log-SwitchController-1.html)
2023-02-05 08:36:44,807 : INFO : SwitchController : <<<<<<< 's_trough3' inactive >>>>>>>
2023-02-05 08:36:54,131 : INFO : ball_device.bd_trough : State: failed_confirm
2023-02-05 08:36:54,131 : INFO : ball_device.bd_trough : Got timeout (10.0s) before confirm from <ball_device.bd_plunger>
2023-02-05 08:36:54,132 : INFO : ball_device.bd_plunger : Expecting incoming ball which may skip the device.
2023-02-05 08:36:54,133 : INFO : EventManager : Event: ======'balldevice_bd_plunger_ejecting_ball'====== Args={'balls': 1, 'target': <playfield.playfield>, 'source': <ball_device.bd_plunger>, 'mechanical_eject': False, 'num_attempts': 1}
2023-02-05 08:37:04,135 : INFO : ball_device.bd_plunger : Got confirm for skipping ball.
2023-02-05 08:37:04,135 : INFO : ball_device.bd_plunger : Eject successful
2023-02-05 08:37:04,135 : INFO : EventManager : Event: ======'balldevice_bd_plunger_ball_eject_success'====== Args={'balls': 1, 'target': <playfield.playfield>}
2023-02-05 08:37:04,135 : INFO : EventManager : Event: ======'balldevice_playfield_ball_enter'====== Args={'new_balls': 1, 'unclaimed_balls': 1, 'device': <playfield.playfield>}
2023-02-05 08:37:04,135 : INFO : EventManager : Event: ======'playfield_ball_count_change'====== Args={'balls': 1, 'change': 1}
2023-02-05 08:37:04,136 : INFO : ball_device.bd_plunger : State: idle
2023-02-05 08:37:04,136 : INFO : ball_device.bd_trough : Eject successful
2023-02-05 08:37:04,136 : INFO : EventManager : Event: ======'balldevice_bd_trough_ball_eject_success'====== Args={'balls': 1, 'target': <ball_device.bd_plunger>}
2023-02-05 08:37:04,136 : INFO : EventManager : Event: ======'balldevice_bd_trough_ball_count_changed'====== Args={'balls': 2}
2023-02-05 08:37:04,136 : INFO : ball_device.bd_trough : State: idle
2023-02-05 08:37:06,017 : INFO : SwitchController : <<<<<<< 's_trough1' active >>>>>>>
2023-02-05 08:37:06,017 : INFO : EventManager : Event: ======'machine_var_audits_switches_s_trough1'====== Args={'value': 1, 'prev_value': 0, 'change': 1}
2023-02-05 08:37:06,103 : INFO : SwitchController : <<<<<<< 's_trough1' inactive >>>>>>>
2023-02-05 08:37:06,402 : INFO : SwitchController : <<<<<<< 's_trough2' active >>>>>>>
2023-02-05 08:37:06,403 : INFO : EventManager : Event: ======'machine_var_audits_switches_s_trough2'====== Args={'value': 1, 'prev_value': 0, 'change': 1}
2023-02-05 08:37:06,485 : INFO : SwitchController : <<<<<<< 's_trough3' active >>>>>>>
2023-02-05 08:37:06,485 : INFO : EventManager : Event: ======'machine_var_audits_switches_s_trough3'====== Args={'value': 1, 'prev_value': 0, 'change': 1}
2023-02-05 08:37:06,547 : INFO : SwitchController : <<<<<<< 's_trough2' inactive >>>>>>>
2023-02-05 08:37:06,693 : INFO : SwitchController : <<<<<<< 's_trough3' inactive >>>>>>>
2023-02-05 08:37:08,620 : INFO : SwitchController : <<<<<<< 's_start' active >>>>>>>
2023-02-05 08:37:08,621 : INFO : EventManager : Event: ======'sw_start'====== Args={}
2023-02-05 08:37:08,621 : INFO : EventManager : Event: ======'machine_var_audits_switches_s_start'====== Args={'value': 3, 'prev_value': 2, 'change': 1}
2023-02-05 08:37:08,623 : INFO : EventManager : Event: ======'player_add_request'====== Args={}
2023-02-05 08:37:08,624 : INFO : EventManager : Event: ======'player_will_add'====== Args={'number': 2}
2023-02-05 08:37:08,624 : INFO : EventManager : Event: ======'player_adding'====== Args={'player': <Player 2>, 'number': 2}
2023-02-05 08:37:08,624 : INFO : EventManager : Event: ======'player_added'====== Args={'player': <Player 2>, 'num': 2}
2023-02-05 08:37:08,625 : INFO : Mode.game : Player added successfully. Total players: 2
2023-02-05 08:37:08,625 : INFO : EventManager : Event: ======'multiplayer_game'====== Args={}
2023-02-05 08:37:08,625 : INFO : EventManager : Event: ======'player_index'====== Args={'value': 1, 'prev_value': 1, 'change': 0, 'player_num': 2}
2023-02-05 08:37:08,626 : INFO : EventManager : Event: ======'player_number'====== Args={'value': 2, 'prev_value': 2, 'change': 0, 'player_num': 2}
2023-02-05 08:37:08,626 : INFO : EventManager : Event: ======'player_score'====== Args={'value': 0, 'prev_value': 0, 'change': 0, 'player_num': 2}
2023-02-05 08:37:08,700 : INFO : SwitchController : <<<<<<< 's_start' inactive >>>>>>>
2023-02-05 08:37:09,145 : INFO : EventManager : Event: ======'balldevice_bd_trough_ball_count_changed'====== Args={'balls': 0}
2023-02-05 08:37:09,145 : WARNING : ball_device.bd_trough : Ball disappeared while idle. This should not normally happen.
2023-02-05 08:37:09,145 : INFO : EventManager : Event: ======'balldevice_playfield_ball_enter'====== Args={'new_balls': 1, 'unclaimed_balls': 1, 'device': <playfield.playfield>}
2023-02-05 08:37:09,145 : INFO : EventManager : Event: ======'playfield_ball_count_change'====== Args={'balls': 2, 'change': 1}
2023-02-05 08:37:09,146 : INFO : ball_device.bd_trough : 1 ball(s) missing from device. Mechanical eject? False
2023-02-05 08:37:09,146 : INFO : EventManager : Event: ======'balldevice_bd_trough_ball_missing'====== Args={'balls': 1}
2023-02-05 08:37:09,146 : INFO : EventManager : Event: ======'balldevice_ball_missing'====== Args={'balls': 1, 'name': 'bd_trough'}
2023-02-05 08:37:09,147 : WARNING : ball_device.bd_trough : Ball disappeared while idle. This should not normally happen.
2023-02-05 08:37:09,147 : INFO : EventManager : Event: ======'balldevice_playfield_ball_enter'====== Args={'new_balls': 1, 'unclaimed_balls': 1, 'device': <playfield.playfield>}
2023-02-05 08:37:09,147 : INFO : EventManager : Event: ======'playfield_ball_count_change'====== Args={'balls': 3, 'change': 1}
2023-02-05 08:37:09,148 : INFO : ball_device.bd_trough : 1 ball(s) missing from device. Mechanical eject? False
2023-02-05 08:37:09,148 : INFO : EventManager : Event: ======'balldevice_bd_trough_ball_missing'====== Args={'balls': 1}
2023-02-05 08:37:09,149 : INFO : EventManager : Event: ======'balldevice_ball_missing'====== Args={'balls': 1, 'name': 'bd_trough'}
2023-02-05 08:37:11,182 : INFO : SwitchController : <<<<<<< 's_left_flipper' active >>>>>>>
2023-02-05 08:37:11,183 : INFO : EventManager : Event: ======'machine_var_audits_switches_s_left_flipper'====== Args={'value': 1, 'prev_value': 0, 'change': 1}
2023-02-05 08:37:11,376 : INFO : SwitchController : <<<<<<< 's_left_flipper' inactive >>>>>>>
2023-02-05 08:37:12,397 : INFO : SwitchController : <<<<<<< 's_left_flipper' active >>>>>>>
2023-02-05 08:37:12,398 : INFO : EventManager : Event: ======'machine_var_audits_switches_s_left_flipper'====== Args={'value': 2, 'prev_value': 1, 'change': 1}
2023-02-05 08:37:12,610 : INFO : SwitchController : <<<<<<< 's_left_flipper' inactive >>>>>>>
2023-02-05 08:37:12,967 : INFO : SwitchController : <<<<<<< 's_left_flipper' active >>>>>>>
2023-02-05 08:37:12,968 : INFO : EventManager : Event: ======'machine_var_audits_switches_s_left_flipper'====== Args={'value': 3, 'prev_value': 2, 'change': 1}
2023-02-05 08:37:13,052 : INFO : SwitchController : <<<<<<< 's_left_flipper' inactive >>>>>>>
2023-02-05 08:37:13,286 : INFO : SwitchController : <<<<<<< 's_left_flipper' active >>>>>>>
2023-02-05 08:37:13,287 : INFO : EventManager : Event: ======'machine_var_audits_switches_s_left_flipper'====== Args={'value': 4, 'prev_value': 3, 'change': 1}
2023-02-05 08:37:13,396 : INFO : SwitchController : <<<<<<< 's_left_flipper' inactive >>>>>>>
2023-02-05 08:37:16,221 : INFO : SwitchController : <<<<<<< 's_left_flipper' active >>>>>>>
2023-02-05 08:37:16,221 : INFO : EventManager : Event: ======'machine_var_audits_switches_s_left_flipper'====== Args={'value': 5, 'prev_value': 4, 'change': 1}
2023-02-05 08:37:16,306 : INFO : SwitchController : <<<<<<< 's_left_flipper' inactive >>>>>>>
2023-02-05 08:37:16,566 : INFO : SwitchController : <<<<<<< 's_left_flipper' active >>>>>>>
2023-02-05 08:37:16,567 : INFO : EventManager : Event: ======'machine_var_audits_switches_s_left_flipper'====== Args={'value': 6, 'prev_value': 5, 'change': 1}
2023-02-05 08:37:16,650 : INFO : SwitchController : <<<<<<< 's_left_flipper' inactive >>>>>>>
2023-02-05 08:37:16,920 : INFO : SwitchController : <<<<<<< 's_left_flipper' active >>>>>>>
2023-02-05 08:37:16,921 : INFO : EventManager : Event: ======'machine_var_audits_switches_s_left_flipper'====== Args={'value': 7, 'prev_value': 6, 'change': 1}
2023-02-05 08:37:17,005 : INFO : SwitchController : <<<<<<< 's_left_flipper' inactive >>>>>>>
2023-02-05 08:37:21,510 : INFO : SwitchController : <<<<<<< 's_left_flipper' active >>>>>>>
2023-02-05 08:37:21,511 : INFO : EventManager : Event: ======'machine_var_audits_switches_s_left_flipper'====== Args={'value': 8, 'prev_value': 7, 'change': 1}
2023-02-05 08:37:21,698 : INFO : SwitchController : <<<<<<< 's_left_flipper' inactive >>>>>>>
2023-02-05 08:37:21,978 : INFO : SwitchController : <<<<<<< 's_left_flipper' active >>>>>>>
2023-02-05 08:37:21,979 : INFO : EventManager : Event: ======'machine_var_audits_switches_s_left_flipper'====== Args={'value': 9, 'prev_value': 8, 'change': 1}
2023-02-05 08:37:22,210 : INFO : SwitchController : <<<<<<< 's_left_flipper' inactive >>>>>>>
2023-02-05 08:37:36,474 : INFO : SwitchController : <<<<<<< 's_trough1' active >>>>>>>
2023-02-05 08:37:36,475 : INFO : EventManager : Event: ======'machine_var_audits_switches_s_trough1'====== Args={'value': 2, 'prev_value': 1, 'change': 1}
2023-02-05 08:37:36,571 : INFO : SwitchController : <<<<<<< 's_trough1' inactive >>>>>>>
2023-02-05 08:37:37,175 : INFO : SwitchController : <<<<<<< 's_trough1' active >>>>>>>
2023-02-05 08:37:37,176 : INFO : EventManager : Event: ======'machine_var_audits_switches_s_trough1'====== Args={'value': 3, 'prev_value': 2, 'change': 1}
2023-02-05 08:37:37,682 : INFO : EventManager : Event: ======'balldevice_bd_trough_ball_count_changed'====== Args={'balls': 1}
2023-02-05 08:37:37,682 : INFO : ball_device.bd_trough : Received unexpected ball
2023-02-05 08:37:37,682 : INFO : EventManager : Event: ======'balldevice_captured_from_playfield'====== Args={'balls': 1}
2023-02-05 08:37:37,683 : INFO : EventManager : Event: ======'sw_playfield_active'====== Args={'balls': 1}
2023-02-05 08:37:37,683 : INFO : EventManager : Event: ======'playfield_ball_count_change'====== Args={'balls': 2, 'change': -1}
2023-02-05 08:37:37,684 : INFO : EventManager : Event: ======'balldevice_bd_trough_ball_enter'====== Args={'new_balls': 1, 'unclaimed_balls': 1, 'new_available_balls': 1, 'device': <ball_device.bd_trough>}
2023-02-05 08:37:37,684 : INFO : EventManager : Event: ======'ball_drain'====== Args={'device': <ball_device.bd_trough>, 'balls': 1}
2023-02-05 08:37:37,685 : INFO : EventManager : Event: ======'ball_will_end'====== Args={}
2023-02-05 08:37:37,685 : INFO : EventManager : Event: ======'balldevice_balls_available'====== Args={}
2023-02-05 08:37:37,685 : INFO : EventManager : Event: ======'balldevice_bd_trough_ball_entered'====== Args={'new_balls': 1, 'device': <ball_device.bd_trough>}
2023-02-05 08:37:37,686 : INFO : EventManager : Event: ======'ball_ending'====== Args={}
2023-02-05 08:37:37,687 : INFO : EventManager : Event: ======'mode_base_will_stop'====== Args={}
2023-02-05 08:37:37,687 : INFO : EventManager : Event: ======'mode_base_stopping'====== Args={}
2023-02-05 08:37:37,687 : INFO : Mode.base : Stopped.
2023-02-05 08:37:37,687 : INFO : EventManager : Event: ======'modes_active_modes_changed'====== Args={}
2023-02-05 08:37:37,689 : INFO : EventManager : Event: ======'mode_base_stopped'====== Args={}
2023-02-05 08:37:37,689 : INFO : EventManager : Event: ======'clear'====== Args={'key': 'base'}
2023-02-05 08:37:37,774 : INFO : EventManager : Event: ======'ball_ended'====== Args={}
2023-02-05 08:37:37,776 : INFO : EventManager : Event: ======'slide_base.slide_player-mode_base_started_removed'====== Args={'_from_bcp': True}
2023-02-05 08:37:37,777 : INFO : EventManager : Event: ======'slide_lcd_blank_active'====== Args={'_from_bcp': True}
2023-02-05 08:37:37,777 : INFO : EventManager : Event: ======'player_turn_will_end'====== Args={'player': <Player 1>, 'number': 1}
2023-02-05 08:37:37,786 : INFO : EventManager : Event: ======'player_turn_ending'====== Args={'player': <Player 1>, 'number': 1}
2023-02-05 08:37:37,786 : INFO : EventManager : Event: ======'player_turn_ended'====== Args={'player': <Player 1>, 'number': 1}
2023-02-05 08:37:37,786 : INFO : EventManager : Event: ======'player_turn_will_start'====== Args={'player': <Player 2>, 'number': 2}
2023-02-05 08:37:37,787 : INFO : EventManager : Event: ======'player_turn_starting'====== Args={'player': <Player 2>, 'number': 2}
2023-02-05 08:37:37,787 : INFO : EventManager : Event: ======'player_ball'====== Args={'value': 1, 'prev_value': 0, 'change': 1, 'player_num': 2}
2023-02-05 08:37:37,787 : INFO : EventManager : Event: ======'player_turn_started'====== Args={'player': <Player 2>, 'number': 2}
2023-02-05 08:37:37,789 : INFO : EventManager : Event: ======'ball_will_start'====== Args={'player': 2, 'ball': 1, 'balls_remaining': 2, 'is_extra_ball': False}
2023-02-05 08:37:37,798 : INFO : BallController : Found 2 ball(s) on playfield.
2023-02-05 08:37:37,798 : WARNING : BallController : Playfields still contain balls. Waiting for those to drain.
2023-02-05 08:37:37,955 : INFO : SwitchController : <<<<<<< 's_trough1' inactive >>>>>>>
2023-02-05 08:37:38,818 : INFO : BallController : Found 2 ball(s) on playfield.
2023-02-05 08:37:38,818 : WARNING : BallController : Playfields still contain balls. Waiting for those to drain.
2023-02-05 08:37:39,830 : INFO : BallController : Found 2 ball(s) on playfield.
2023-02-05 08:37:39,830 : WARNING : BallController : Playfields still contain balls. Waiting for those to drain.
2023-02-05 08:37:40,841 : INFO : BallController : Found 2 ball(s) on playfield.
2023-02-05 08:37:40,842 : WARNING : BallController : Playfields still contain balls. Waiting for those to drain.
2023-02-05 08:37:41,836 : INFO : BallController : Found 2 ball(s) on playfield.
2023-02-05 08:37:41,836 : WARNING : BallController : Playfields still contain balls. Waiting for those to drain.
2023-02-05 08:37:42,092 : INFO : SwitchController : <<<<<<< 's_trough1' active >>>>>>>
2023-02-05 08:37:42,093 : INFO : EventManager : Event: ======'machine_var_audits_switches_s_trough1'====== Args={'value': 4, 'prev_value': 3, 'change': 1}
2023-02-05 08:37:42,241 : INFO : SwitchController : <<<<<<< 's_trough1' inactive >>>>>>>
2023-02-05 08:37:42,644 : INFO : SwitchController : <<<<<<< 's_trough1' active >>>>>>>
2023-02-05 08:37:42,645 : INFO : EventManager : Event: ======'machine_var_audits_switches_s_trough1'====== Args={'value': 5, 'prev_value': 4, 'change': 1}
2023-02-05 08:37:42,844 : INFO : BallController : Found 2 ball(s) on playfield.
2023-02-05 08:37:42,844 : WARNING : BallController : Playfields still contain balls. Waiting for those to drain.
2023-02-05 08:37:43,167 : INFO : SwitchController : <<<<<<< 's_trough1' inactive >>>>>>>
2023-02-05 08:37:43,870 : INFO : BallController : Found 2 ball(s) on playfield.
2023-02-05 08:37:43,870 : WARNING : BallController : Playfields still contain balls. Waiting for those to drain.
2023-02-05 08:37:43,990 : INFO : SwitchController : <<<<<<< 's_trough2' active >>>>>>>
2023-02-05 08:37:43,991 : INFO : EventManager : Event: ======'machine_var_audits_switches_s_trough2'====== Args={'value': 2, 'prev_value': 1, 'change': 1}
2023-02-05 08:37:44,202 : INFO : SwitchController : <<<<<<< 's_trough2' inactive >>>>>>>
2023-02-05 08:37:44,524 : INFO : SwitchController : <<<<<<< 's_trough3' active >>>>>>>
2023-02-05 08:37:44,525 : INFO : EventManager : Event: ======'machine_var_audits_switches_s_trough3'====== Args={'value': 2, 'prev_value': 1, 'change': 1}
2023-02-05 08:37:44,706 : INFO : SwitchController : <<<<<<< 's_trough3' inactive >>>>>>>
2023-02-05 08:37:44,877 : INFO : BallController : Found 2 ball(s) on playfield.
2023-02-05 08:37:44,877 : WARNING : BallController : Playfields still contain balls. Waiting for those to drain.
2023-02-05 08:37:45,883 : INFO : BallController : Found 2 ball(s) on playfield.
2023-02-05 08:37:45,883 : WARNING : BallController : Playfields still contain balls. Waiting for those to drain.
2023-02-05 08:37:46,892 : INFO : BallController : Found 2 ball(s) on playfield.
2023-02-05 08:37:46,892 : WARNING : BallController : Playfields still contain balls. Waiting for those to drain.
2023-02-05 08:37:47,907 : INFO : BallController : Found 2 ball(s) on playfield.
2023-02-05 08:37:47,907 : WARNING : BallController : Playfields still contain balls. Waiting for those to drain.
2023-02-05 08:37:48,663 : INFO : EventManager : Event: ======'balldevice_bd_trough_ball_count_changed'====== Args={'balls': 0}
2023-02-05 08:37:48,664 : WARNING : ball_device.bd_trough : Ball disappeared while idle. This should not normally happen.
2023-02-05 08:37:48,664 : INFO : EventManager : Event: ======'balldevice_playfield_ball_enter'====== Args={'new_balls': 1, 'unclaimed_balls': 1, 'device': <playfield.playfield>}
2023-02-05 08:37:48,664 : INFO : EventManager : Event: ======'playfield_ball_count_change'====== Args={'balls': 3, 'change': 1}
2023-02-05 08:37:48,665 : INFO : ball_device.bd_trough : 1 ball(s) missing from device. Mechanical eject? False
2023-02-05 08:37:48,665 : INFO : EventManager : Event: ======'balldevice_bd_trough_ball_missing'====== Args={'balls': 1}
2023-02-05 08:37:48,665 : INFO : EventManager : Event: ======'balldevice_ball_missing'====== Args={'balls': 1, 'name': 'bd_trough'}
2023-02-05 08:37:48,917 : INFO : BallController : Found 3 ball(s) on playfield.
2023-02-05 08:37:48,917 : WARNING : BallController : Playfields still contain balls. Waiting for those to drain.
2023-02-05 08:37:49,926 : INFO : BallController : Found 3 ball(s) on playfield.
2023-02-05 08:37:49,926 : WARNING : BallController : Playfields still contain balls. Waiting for those to drain.
2023-02-05 08:37:50,938 : INFO : BallController : Found 3 ball(s) on playfield.
2023-02-05 08:37:50,938 : WARNING : BallController : Playfields still contain balls. Waiting for those to drain.
2023-02-05 08:37:51,962 : INFO : BallController : Found 3 ball(s) on playfield.
2023-02-05 08:37:51,962 : WARNING : BallController : Playfields still contain balls. Waiting for those to drain.
2023-02-05 08:37:52,973 : INFO : BallController : Found 3 ball(s) on playfield.
2023-02-05 08:37:52,973 : WARNING : BallController : Playfields still contain balls. Waiting for those to drain.
2023-02-05 08:37:53,986 : INFO : BallController : Found 3 ball(s) on playfield.
2023-02-05 08:37:53,986 : WARNING : BallController : Playfields still contain balls. Waiting for those to drain.
2023-02-05 08:37:54,994 : INFO : BallController : Found 3 ball(s) on playfield.
2023-02-05 08:37:54,994 : WARNING : BallController : Playfields still contain balls. Waiting for those to drain.
2023-02-05 08:37:56,005 : INFO : BallController : Found 3 ball(s) on playfield.
2023-02-05 08:37:56,005 : WARNING : BallController : Playfields still contain balls. Waiting for those to drain.
2023-02-05 08:37:57,019 : INFO : BallController : Found 3 ball(s) on playfield.
2023-02-05 08:37:57,019 : WARNING : BallController : Playfields still contain balls. Waiting for those to drain.
2023-02-05 08:37:57,903 : INFO : SwitchController : <<<<<<< 's_start' active >>>>>>>
2023-02-05 08:37:57,904 : INFO : EventManager : Event: ======'sw_start'====== Args={}
2023-02-05 08:37:57,904 : INFO : EventManager : Event: ======'machine_var_audits_switches_s_start'====== Args={'value': 4, 'prev_value': 3, 'change': 1}
2023-02-05 08:37:57,906 : INFO : EventManager : Event: ======'player_add_request'====== Args={}
2023-02-05 08:37:57,906 : INFO : EventManager : Event: ======'player_will_add'====== Args={'number': 3}
2023-02-05 08:37:57,907 : INFO : EventManager : Event: ======'player_adding'====== Args={'player': <Player 3>, 'number': 3}
2023-02-05 08:37:57,907 : INFO : EventManager : Event: ======'player_added'====== Args={'player': <Player 3>, 'num': 3}
2023-02-05 08:37:57,907 : INFO : Mode.game : Player added successfully. Total players: 3
2023-02-05 08:37:57,908 : INFO : EventManager : Event: ======'player_index'====== Args={'value': 2, 'prev_value': 2, 'change': 0, 'player_num': 3}
2023-02-05 08:37:57,908 : INFO : EventManager : Event: ======'player_number'====== Args={'value': 3, 'prev_value': 3, 'change': 0, 'player_num': 3}
2023-02-05 08:37:57,908 : INFO : EventManager : Event: ======'player_score'====== Args={'value': 0, 'prev_value': 0, 'change': 0, 'player_num': 3}
2023-02-05 08:37:58,028 : INFO : BallController : Found 3 ball(s) on playfield.
2023-02-05 08:37:58,028 : WARNING : BallController : Playfields still contain balls. Waiting for those to drain.
2023-02-05 08:37:58,180 : INFO : SwitchController : <<<<<<< 's_start' inactive >>>>>>>
2023-02-05 08:37:58,678 : INFO : SwitchController : <<<<<<< 's_start' active >>>>>>>
2023-02-05 08:37:58,679 : INFO : EventManager : Event: ======'sw_start'====== Args={}
2023-02-05 08:37:58,679 : INFO : EventManager : Event: ======'machine_var_audits_switches_s_start'====== Args={'value': 5, 'prev_value': 4, 'change': 1}
2023-02-05 08:37:58,681 : INFO : EventManager : Event: ======'player_add_request'====== Args={}
2023-02-05 08:37:58,682 : INFO : EventManager : Event: ======'player_will_add'====== Args={'number': 4}
2023-02-05 08:37:58,682 : INFO : EventManager : Event: ======'player_adding'====== Args={'player': <Player 4>, 'number': 4}
2023-02-05 08:37:58,682 : INFO : EventManager : Event: ======'player_added'====== Args={'player': <Player 4>, 'num': 4}
2023-02-05 08:37:58,682 : INFO : Mode.game : Player added successfully. Total players: 4
2023-02-05 08:37:58,683 : INFO : EventManager : Event: ======'player_index'====== Args={'value': 3, 'prev_value': 3, 'change': 0, 'player_num': 4}
2023-02-05 08:37:58,683 : INFO : EventManager : Event: ======'player_number'====== Args={'value': 4, 'prev_value': 4, 'change': 0, 'player_num': 4}
2023-02-05 08:37:58,684 : INFO : EventManager : Event: ======'player_score'====== Args={'value': 0, 'prev_value': 0, 'change': 0, 'player_num': 4}
2023-02-05 08:37:58,764 : INFO : SwitchController : <<<<<<< 's_start' inactive >>>>>>>
2023-02-05 08:37:59,031 : INFO : BallController : Found 3 ball(s) on playfield.
2023-02-05 08:37:59,031 : WARNING : BallController : Playfields still contain balls. Waiting for those to drain.
2023-02-05 08:38:00,052 : INFO : BallController : Found 3 ball(s) on playfield.
2023-02-05 08:38:00,052 : WARNING : BallController : Playfields still contain balls. Waiting for those to drain.
2023-02-05 08:38:01,050 : INFO : BallController : Found 3 ball(s) on playfield.
2023-02-05 08:38:01,050 : WARNING : BallController : Playfields still contain balls. Waiting for those to drain.
2023-02-05 08:38:01,414 : INFO : SwitchController : <<<<<<< 's_left_flipper' active >>>>>>>
2023-02-05 08:38:01,415 : INFO : EventManager : Event: ======'machine_var_audits_switches_s_left_flipper'====== Args={'value': 10, 'prev_value': 9, 'change': 1}
2023-02-05 08:38:01,525 : INFO : SwitchController : <<<<<<< 's_left_flipper' inactive >>>>>>>
2023-02-05 08:38:02,006 : INFO : SwitchController : <<<<<<< 's_left_flipper' active >>>>>>>
2023-02-05 08:38:02,007 : INFO : EventManager : Event: ======'machine_var_audits_switches_s_left_flipper'====== Args={'value': 11, 'prev_value': 10, 'change': 1}
2023-02-05 08:38:02,065 : INFO : BallController : Found 3 ball(s) on playfield.
2023-02-05 08:38:02,066 : WARNING : BallController : Playfields still contain balls. Waiting for those to drain.
2023-02-05 08:38:02,713 : INFO : SwitchController : <<<<<<< 's_left_flipper' inactive >>>>>>>
2023-02-05 08:38:03,078 : INFO : BallController : Found 3 ball(s) on playfield.
2023-02-05 08:38:03,078 : WARNING : BallController : Playfields still contain balls. Waiting for those to drain.
2023-02-05 08:38:04,091 : INFO : BallController : Found 3 ball(s) on playfield.
2023-02-05 08:38:04,091 : WARNING : BallController : Playfields still contain balls. Waiting for those to drain.
2023-02-05 08:38:05,088 : INFO : BallController : Found 3 ball(s) on playfield.
2023-02-05 08:38:05,088 : WARNING : BallController : Playfields still contain balls. Waiting for those to drain.
2023-02-05 08:38:06,095 : INFO : BallController : Found 3 ball(s) on playfield.
2023-02-05 08:38:06,095 : WARNING : BallController : Playfields still contain balls. Waiting for those to drain.
2023-02-05 08:38:07,103 : INFO : BallController : Found 3 ball(s) on playfield.
2023-02-05 08:38:07,103 : WARNING : BallController : Playfields still contain balls. Waiting for those to drain.
2023-02-05 08:38:08,114 : INFO : BallController : Found 3 ball(s) on playfield.
2023-02-05 08:38:08,114 : WARNING : BallController : Playfields still contain balls. Waiting for those to drain.
2023-02-05 08:38:09,122 : INFO : BallController : Found 3 ball(s) on playfield.
2023-02-05 08:38:09,122 : WARNING : BallController : Playfields still contain balls. Waiting for those to drain.
2023-02-05 08:38:10,132 : INFO : BallController : Found 3 ball(s) on playfield.
2023-02-05 08:38:10,132 : WARNING : BallController : Playfields still contain balls. Waiting for those to drain.
2023-02-05 08:38:11,138 : INFO : BallController : Found 3 ball(s) on playfield.
2023-02-05 08:38:11,138 : WARNING : BallController : Playfields still contain balls. Waiting for those to drain.
2023-02-05 08:38:12,142 : INFO : BallController : Found 3 ball(s) on playfield.
2023-02-05 08:38:12,142 : WARNING : BallController : Playfields still contain balls. Waiting for those to drain.
2023-02-05 08:38:13,155 : INFO : BallController : Found 3 ball(s) on playfield.
2023-02-05 08:38:13,155 : WARNING : BallController : Playfields still contain balls. Waiting for those to drain.
2023-02-05 08:38:14,152 : INFO : BallController : Found 3 ball(s) on playfield.
2023-02-05 08:38:14,152 : WARNING : BallController : Playfields still contain balls. Waiting for those to drain.
2023-02-05 08:38:15,162 : INFO : BallController : Found 3 ball(s) on playfield.
2023-02-05 08:38:15,162 : WARNING : BallController : Playfields still contain balls. Waiting for those to drain.
2023-02-05 08:38:16,175 : INFO : BallController : Found 3 ball(s) on playfield.
2023-02-05 08:38:16,175 : WARNING : BallController : Playfields still contain balls. Waiting for those to drain.
2023-02-05 08:38:16,700 : INFO : Machine : Shutting down...
2023-02-05 08:38:16,700 : INFO : EventManager : Event: ======'shutdown'====== Args={}
2023-02-05 08:38:16,704 : INFO : EventManager : Event: ======'mode_game_will_stop'====== Args={}
2023-02-05 08:38:16,704 : INFO : EventManager : Event: ======'mode_game_stopping'====== Args={}
2023-02-05 08:38:16,704 : INFO : Mode.game : Stopped.
2023-02-05 08:38:16,705 : INFO : EventManager : Event: ======'modes_active_modes_changed'====== Args={}
2023-02-05 08:38:16,705 : INFO : EventManager : Event: ======'mode_game_stopped'====== Args={}
2023-02-05 08:38:16,705 : INFO : EventManager : Event: ======'clear'====== Args={'key': 'game'}
2023-02-05 08:38:16,707 : INFO : root : MPF run loop ended.
