2023-02-05 08:45:15,710 : INFO : root : Loading config.
2023-02-05 08:45:15,726 : INFO : YamlMultifileConfigLoader : Machine config file #1: config.yaml
2023-02-05 08:45:15,726 : INFO : ConfigProcessor : Loading config from cache: C:\Users\steel\AppData\Local\Temp\9014108be8bb19792bb5e6c9e9603b65.mpf_cache
2023-02-05 08:45:15,788 : INFO : ConfigProcessor : Loading config from cache: C:\Users\steel\AppData\Local\Temp\0c159a05f39617a30cc1b279562f144f.mpf_cache
2023-02-05 08:45:15,788 : INFO : ConfigProcessor : Loading config from cache: C:\Users\steel\AppData\Local\Temp\a4144dd661fe0832b800e50000db3090.mpf_cache
2023-02-05 08:45:15,788 : INFO : ConfigProcessor : Loading config from cache: C:\Users\steel\AppData\Local\Temp\0c159a05f39617a30cc1b279562f144f.mpf_cache
2023-02-05 08:45:15,788 : WARNING : ConfigProcessor : Config file in cache changed: C:\pinball\SAW\modes\base\config\base.yaml
2023-02-05 08:45:15,788 : INFO : ConfigProcessor : Loading config from file C:\pinball\SAW\modes\base\config\base.yaml.
2023-02-05 08:45:15,788 : INFO : ConfigProcessor : Loading config: C:\pinball\SAW\modes\base\config\base.yaml
2023-02-05 08:45:15,788 : INFO : ConfigProcessor : Config file cache created: C:\Users\steel\AppData\Local\Temp\c84db42795c08bfb8e4272b3be41e3f4.mpf_cache
2023-02-05 08:45:15,788 : INFO : ConfigProcessor : Loading config from cache: C:\Users\steel\AppData\Local\Temp\17aa0c884dad87b4b4047bafdeb78206.mpf_cache
2023-02-05 08:45:15,788 : INFO : ConfigProcessor : Loading config from cache: C:\Users\steel\AppData\Local\Temp\6026628a89ebb09da8c65e4a804bb30f.mpf_cache
2023-02-05 08:45:15,788 : INFO : Machine : Mission Pinball Framework Core Engine v0.56.0-dev33
2023-02-05 08:45:15,788 : INFO : Machine : Command line arguments: {'no_load_cache': False, 'create_config_cache': True, 'bcp': True, 'configfile': ['config.yaml'], 'force_assets_load': False, 'jsonlogging': False, 'logfile': 'logs\\2023-02-05-08-45-15-mpf-MSI.log', 'pause': False, 'production': False, 'text_ui': True, 'loglevel': 15, 'consoleloglevel': 20, 'force_platform': 'virtual', 'syslog_address': None, 'mc_file_name': None, 'no_sound': False}
2023-02-05 08:45:15,788 : INFO : Machine : MPF path: C:\Users\steel\AppData\Local\Programs\Python\Python39\lib\site-packages\mpf
2023-02-05 08:45:15,788 : INFO : Machine : Machine path: C:\pinball\SAW
2023-02-05 08:45:15,788 : INFO : Machine : Platform: win32
2023-02-05 08:45:15,788 : INFO : Machine : Python executable location: C:\Users\steel\AppData\Local\Programs\Python\Python39\python.exe
2023-02-05 08:45:15,788 : INFO : Machine : Python version: 3.9.13 (64-bit)
2023-02-05 08:45:15,804 : INFO : Machine : Initialise MPF.
2023-02-05 08:45:16,044 : INFO : EventManager : Event: ======'machine_var_credits_string'====== Args={'value': 'FREE PLAY', 'prev_value': None, 'change': True}
2023-02-05 08:45:16,102 : INFO : EventManager : Event: ======'machine_var_master_volume'====== Args={'value': 0.5, 'prev_value': None, 'change': True}
2023-02-05 08:45:16,102 : INFO : EventManager : Event: ======'machine_var_mpf_version'====== Args={'value': 'MPF v0.56.0-dev33', 'prev_value': None, 'change': True}
2023-02-05 08:45:16,102 : INFO : EventManager : Event: ======'machine_var_mpf_extended_version'====== Args={'value': 'MPF v0.56.0-dev33, Config version:5, Show version: 5, BCP version:1.1', 'prev_value': None, 'change': True}
2023-02-05 08:45:16,103 : INFO : EventManager : Event: ======'machine_var_python_version'====== Args={'value': '3.9.13', 'prev_value': None, 'change': True}
2023-02-05 08:45:16,114 : INFO : EventManager : Event: ======'machine_var_platform'====== Args={'value': 'Windows-10-10.0.19044-SP0', 'prev_value': None, 'change': True}
2023-02-05 08:45:16,114 : INFO : EventManager : Event: ======'machine_var_platform_system'====== Args={'value': 'Windows', 'prev_value': None, 'change': True}
2023-02-05 08:45:16,114 : INFO : EventManager : Event: ======'machine_var_platform_release'====== Args={'value': '10', 'prev_value': None, 'change': True}
2023-02-05 08:45:16,114 : INFO : EventManager : Event: ======'machine_var_platform_version'====== Args={'value': '10.0.19044', 'prev_value': None, 'change': True}
2023-02-05 08:45:16,114 : INFO : EventManager : Event: ======'machine_var_platform_machine'====== Args={'value': 'AMD64', 'prev_value': None, 'change': True}
2023-02-05 08:45:16,114 : INFO : EventManager : Event: ======'init_phase_1'====== Args={}
2023-02-05 08:45:16,133 : INFO : EventManager : Event: ======'init_phase_2'====== Args={}
2023-02-05 08:45:16,133 : INFO : SwitchController : Found active switch: (1002, <Platform.Virtual>) <switch.s_left_flipper>
2023-02-05 08:45:16,133 : INFO : SwitchController : Found active switch: (1003, <Platform.Virtual>) <switch.s_right_flipper>
2023-02-05 08:45:16,133 : INFO : SwitchController : Found active switch: (1000, <Platform.Virtual>) <switch.s_trough1>
2023-02-05 08:45:16,133 : INFO : SwitchController : Found active switch: (1005, <Platform.Virtual>) <switch.s_trough2>
2023-02-05 08:45:16,133 : INFO : SwitchController : Found active switch: (1006, <Platform.Virtual>) <switch.s_trough3>
2023-02-05 08:45:16,136 : INFO : EventManager : Event: ======'bcp_connection_attempt'====== Args={'name': 'local_display', 'host': 'localhost', 'port': 5050}
2023-02-05 08:45:16,136 : INFO : BCPClientSocket : Connecting BCP to 'local_display' at localhost:5050...
2023-02-05 08:45:18,179 : INFO : BCPClientSocket : Connected BCP to 'local_display' localhost:5050
2023-02-05 08:45:18,181 : INFO : EventManager : Event: ======'bcp_clients_connected'====== Args={}
2023-02-05 08:45:18,213 : INFO : ball_device.bd_trough : BCH: Initial count: 3
2023-02-05 08:45:18,214 : INFO : EventManager : Event: ======'machine_var_mc_version'====== Args={'value': 'MPF-MC v0.56.0-dev33', 'prev_value': None, 'change': True}
2023-02-05 08:45:18,215 : INFO : EventManager : Event: ======'machine_var_mc_extended_version'====== Args={'value': 'MPF-MC v0.56.0-dev33 (config_version=5, BCP v1.1, Requires MPF v0.56.0-dev33)', 'prev_value': None, 'change': True}
2023-02-05 08:45:18,218 : INFO : ball_device.bd_trough : State: idle
2023-02-05 08:45:18,255 : INFO : ball_device.bd_plunger : BCH: Initial count: 0
2023-02-05 08:45:18,255 : INFO : ball_device.bd_plunger : State: idle
2023-02-05 08:45:18,256 : INFO : ball_device.bd_retina_hole : BCH: Initial count: 0
2023-02-05 08:45:18,256 : INFO : ball_device.bd_retina_hole : State: idle
2023-02-05 08:45:18,256 : INFO : ball_device.bd_elevator : BCH: Initial count: 0
2023-02-05 08:45:18,257 : INFO : ball_device.bd_elevator : State: idle
2023-02-05 08:45:18,310 : INFO : EventManager : Event: ======'init_phase_3'====== Args={}
2023-02-05 08:45:18,313 : INFO : EventManager : Event: ======'init_phase_4'====== Args={}
2023-02-05 08:45:18,313 : INFO : BallController : Initial balls found: 3
2023-02-05 08:45:18,314 : INFO : EventManager : Event: ======'machine_var_audits_events_game_ended'====== Args={'value': 0, 'prev_value': None, 'change': True}
2023-02-05 08:45:18,314 : INFO : EventManager : Event: ======'machine_var_audits_events_game_started'====== Args={'value': 3, 'prev_value': None, 'change': True}
2023-02-05 08:45:18,314 : INFO : EventManager : Event: ======'machine_var_audits_player_score'====== Args={'value': {'average': 0, 'top': [], 'total': 0}, 'prev_value': None, 'change': True}
2023-02-05 08:45:18,314 : INFO : EventManager : Event: ======'machine_var_audits_shots_my_first_shot'====== Args={'value': 31, 'prev_value': None, 'change': True}
2023-02-05 08:45:18,314 : INFO : EventManager : Event: ======'machine_var_audits_switches_s_ball_shooter_lane'====== Args={'value': 0, 'prev_value': None, 'change': True}
2023-02-05 08:45:18,315 : INFO : EventManager : Event: ======'machine_var_audits_switches_s_eject'====== Args={'value': 0, 'prev_value': None, 'change': True}
2023-02-05 08:45:18,315 : INFO : EventManager : Event: ======'machine_var_audits_switches_s_elevator_hold'====== Args={'value': 0, 'prev_value': None, 'change': True}
2023-02-05 08:45:18,315 : INFO : EventManager : Event: ======'machine_var_audits_switches_s_enter_left_ramp'====== Args={'value': 0, 'prev_value': None, 'change': True}
2023-02-05 08:45:18,315 : INFO : EventManager : Event: ======'machine_var_audits_switches_s_inner_loop'====== Args={'value': 0, 'prev_value': None, 'change': True}
2023-02-05 08:45:18,315 : INFO : EventManager : Event: ======'machine_var_audits_switches_s_left_bottom_jet_bumper'====== Args={'value': 0, 'prev_value': None, 'change': True}
2023-02-05 08:45:18,315 : INFO : EventManager : Event: ======'machine_var_audits_switches_s_left_cellar'====== Args={'value': 0, 'prev_value': None, 'change': True}
2023-02-05 08:45:18,315 : INFO : EventManager : Event: ======'machine_var_audits_switches_s_left_flipper'====== Args={'value': 11, 'prev_value': None, 'change': True}
2023-02-05 08:45:18,315 : INFO : EventManager : Event: ======'machine_var_audits_switches_s_left_inlane'====== Args={'value': 31, 'prev_value': None, 'change': True}
2023-02-05 08:45:18,316 : INFO : EventManager : Event: ======'machine_var_audits_switches_s_left_lock_1'====== Args={'value': 0, 'prev_value': None, 'change': True}
2023-02-05 08:45:18,316 : INFO : EventManager : Event: ======'machine_var_audits_switches_s_left_lock_2'====== Args={'value': 0, 'prev_value': None, 'change': True}
2023-02-05 08:45:18,316 : INFO : EventManager : Event: ======'machine_var_audits_switches_s_left_lock_3'====== Args={'value': 0, 'prev_value': None, 'change': True}
2023-02-05 08:45:18,316 : INFO : EventManager : Event: ======'machine_var_audits_switches_s_left_loop_bottom'====== Args={'value': 0, 'prev_value': None, 'change': True}
2023-02-05 08:45:18,316 : INFO : EventManager : Event: ======'machine_var_audits_switches_s_left_loop_top'====== Args={'value': 0, 'prev_value': None, 'change': True}
2023-02-05 08:45:18,316 : INFO : EventManager : Event: ======'machine_var_audits_switches_s_left_outlane'====== Args={'value': 0, 'prev_value': None, 'change': True}
2023-02-05 08:45:18,316 : INFO : EventManager : Event: ======'machine_var_audits_switches_s_left_ramp_score_bottom'====== Args={'value': 0, 'prev_value': None, 'change': True}
2023-02-05 08:45:18,317 : INFO : EventManager : Event: ======'machine_var_audits_switches_s_left_ramp_score_top'====== Args={'value': 0, 'prev_value': None, 'change': True}
2023-02-05 08:45:18,317 : INFO : EventManager : Event: ======'machine_var_audits_switches_s_left_slingshot'====== Args={'value': 0, 'prev_value': None, 'change': True}
2023-02-05 08:45:18,317 : INFO : EventManager : Event: ======'machine_var_audits_switches_s_left_standup'====== Args={'value': 0, 'prev_value': None, 'change': True}
2023-02-05 08:45:18,317 : INFO : EventManager : Event: ======'machine_var_audits_switches_s_left_standup_right_ramp'====== Args={'value': 0, 'prev_value': None, 'change': True}
2023-02-05 08:45:18,317 : INFO : EventManager : Event: ======'machine_var_audits_switches_s_left_top_jet_bumper'====== Args={'value': 0, 'prev_value': None, 'change': True}
2023-02-05 08:45:18,317 : INFO : EventManager : Event: ======'machine_var_audits_switches_s_lower_bank_drop_target_opto_lower'====== Args={'value': 0, 'prev_value': None, 'change': True}
2023-02-05 08:45:18,317 : INFO : EventManager : Event: ======'machine_var_audits_switches_s_lower_bank_drop_target_opto_middle'====== Args={'value': 0, 'prev_value': None, 'change': True}
2023-02-05 08:45:18,317 : INFO : EventManager : Event: ======'machine_var_audits_switches_s_lower_bank_drop_target_opto_upper'====== Args={'value': 0, 'prev_value': None, 'change': True}
2023-02-05 08:45:18,318 : INFO : EventManager : Event: ======'machine_var_audits_switches_s_lower_top_jet_bumper'====== Args={'value': 0, 'prev_value': None, 'change': True}
2023-02-05 08:45:18,318 : INFO : EventManager : Event: ======'machine_var_audits_switches_s_middle_standup'====== Args={'value': 0, 'prev_value': None, 'change': True}
2023-02-05 08:45:18,318 : INFO : EventManager : Event: ======'machine_var_audits_switches_s_outhole'====== Args={'value': 0, 'prev_value': None, 'change': True}
2023-02-05 08:45:18,318 : INFO : EventManager : Event: ======'machine_var_audits_switches_s_plumb_bob_tilt'====== Args={'value': 0, 'prev_value': None, 'change': True}
2023-02-05 08:45:18,318 : INFO : EventManager : Event: ======'machine_var_audits_switches_s_plunger'====== Args={'value': 0, 'prev_value': None, 'change': True}
2023-02-05 08:45:18,318 : INFO : EventManager : Event: ======'machine_var_audits_switches_s_right_bottom_jet_bumper'====== Args={'value': 0, 'prev_value': None, 'change': True}
2023-02-05 08:45:18,319 : INFO : EventManager : Event: ======'machine_var_audits_switches_s_right_cellar'====== Args={'value': 0, 'prev_value': None, 'change': True}
2023-02-05 08:45:18,319 : INFO : EventManager : Event: ======'machine_var_audits_switches_s_right_flipper'====== Args={'value': 0, 'prev_value': None, 'change': True}
2023-02-05 08:45:18,319 : INFO : EventManager : Event: ======'machine_var_audits_switches_s_right_inlane'====== Args={'value': 0, 'prev_value': None, 'change': True}
2023-02-05 08:45:18,320 : INFO : EventManager : Event: ======'machine_var_audits_switches_s_right_loop_bottom'====== Args={'value': 0, 'prev_value': None, 'change': True}
2023-02-05 08:45:18,320 : INFO : EventManager : Event: ======'machine_var_audits_switches_s_right_loop_top'====== Args={'value': 0, 'prev_value': None, 'change': True}
2023-02-05 08:45:18,320 : INFO : EventManager : Event: ======'machine_var_audits_switches_s_right_outlane'====== Args={'value': 0, 'prev_value': None, 'change': True}
2023-02-05 08:45:18,320 : INFO : EventManager : Event: ======'machine_var_audits_switches_s_right_ramp_down'====== Args={'value': 0, 'prev_value': None, 'change': True}
2023-02-05 08:45:18,320 : INFO : EventManager : Event: ======'machine_var_audits_switches_s_right_ramp_score_bottom'====== Args={'value': 0, 'prev_value': None, 'change': True}
2023-02-05 08:45:18,320 : INFO : EventManager : Event: ======'machine_var_audits_switches_s_right_ramp_score_top'====== Args={'value': 0, 'prev_value': None, 'change': True}
2023-02-05 08:45:18,321 : INFO : EventManager : Event: ======'machine_var_audits_switches_s_right_slingshot'====== Args={'value': 0, 'prev_value': None, 'change': True}
2023-02-05 08:45:18,321 : INFO : EventManager : Event: ======'machine_var_audits_switches_s_right_standup'====== Args={'value': 0, 'prev_value': None, 'change': True}
2023-02-05 08:45:18,321 : INFO : EventManager : Event: ======'machine_var_audits_switches_s_right_standup_right_ramp'====== Args={'value': 0, 'prev_value': None, 'change': True}
2023-02-05 08:45:18,321 : INFO : EventManager : Event: ======'machine_var_audits_switches_s_right_top_jet_bumper'====== Args={'value': 0, 'prev_value': None, 'change': True}
2023-02-05 08:45:18,321 : INFO : EventManager : Event: ======'machine_var_audits_switches_s_spinner'====== Args={'value': 0, 'prev_value': None, 'change': True}
2023-02-05 08:45:18,321 : INFO : EventManager : Event: ======'machine_var_audits_switches_s_start'====== Args={'value': 5, 'prev_value': None, 'change': True}
2023-02-05 08:45:18,322 : INFO : EventManager : Event: ======'machine_var_audits_switches_s_top_right_reject'====== Args={'value': 0, 'prev_value': None, 'change': True}
2023-02-05 08:45:18,322 : INFO : EventManager : Event: ======'machine_var_audits_switches_s_trough1'====== Args={'value': 5, 'prev_value': None, 'change': True}
2023-02-05 08:45:18,322 : INFO : EventManager : Event: ======'machine_var_audits_switches_s_trough2'====== Args={'value': 2, 'prev_value': None, 'change': True}
2023-02-05 08:45:18,322 : INFO : EventManager : Event: ======'machine_var_audits_switches_s_trough3'====== Args={'value': 2, 'prev_value': None, 'change': True}
2023-02-05 08:45:18,322 : INFO : EventManager : Event: ======'machine_var_audits_switches_s_trough_jam'====== Args={'value': 0, 'prev_value': None, 'change': True}
2023-02-05 08:45:18,323 : INFO : EventManager : Event: ======'machine_var_audits_switches_s_upper_bank_drop_target_opto'====== Args={'value': 0, 'prev_value': None, 'change': True}
2023-02-05 08:45:18,323 : INFO : EventManager : Event: ======'machine_var_audits_switches_s_upper_bottom_jet_bumper'====== Args={'value': 0, 'prev_value': None, 'change': True}
2023-02-05 08:45:18,323 : INFO : EventManager : Event: ======'machine_var_audits_switches_s_upper_right_flipper'====== Args={'value': 0, 'prev_value': None, 'change': True}
2023-02-05 08:45:18,324 : INFO : EventManager : Event: ======'init_phase_5'====== Args={}
2023-02-05 08:45:18,340 : INFO : EventManager : Event: ======'init_done'====== Args={}
2023-02-05 08:45:18,341 : INFO : EventManager : Event: ======'machine_reset_phase_1'====== Args={}
2023-02-05 08:45:18,354 : INFO : EventManager : Event: ======'machine_reset_phase_2'====== Args={}
2023-02-05 08:45:18,354 : INFO : EventManager : Event: ======'machine_reset_phase_3'====== Args={}
2023-02-05 08:45:18,354 : INFO : EventManager : Event: ======'reset_complete'====== Args={}
2023-02-05 08:45:18,354 : INFO : EventManager : Event: ======'mode_attract_will_start'====== Args={}
2023-02-05 08:45:18,355 : INFO : EventManager : Event: ======'mode_attract_starting'====== Args={}
2023-02-05 08:45:18,355 : INFO : Mode.attract : Started. Priority: 10
2023-02-05 08:45:18,355 : INFO : EventManager : Event: ======'modes_active_modes_changed'====== Args={}
2023-02-05 08:45:18,355 : INFO : EventManager : Event: ======'mode_attract_started'====== Args={}
2023-02-05 08:45:18,356 : INFO : EventManager : Event: ======'collecting_balls_complete'====== Args={}
2023-02-05 08:45:18,386 : INFO : EventManager : Event: ======'slide_slide1_created'====== Args={'_from_bcp': True}
2023-02-05 08:45:18,386 : INFO : EventManager : Event: ======'slide_slide1_active'====== Args={'_from_bcp': True}
2023-02-05 08:45:18,386 : INFO : Machine : Starting the main run loop.
2023-02-05 08:45:19,417 : INFO : SwitchController : <<<<<<< 's_start' active >>>>>>>
2023-02-05 08:45:19,490 : INFO : SwitchController : <<<<<<< 's_start' inactive >>>>>>>
2023-02-05 08:45:19,490 : INFO : EventManager : Event: ======'request_to_start_game'====== Args={}
2023-02-05 08:45:19,491 : INFO : EventManager : Event: ======'game_start'====== Args={'buttons': [], 'hold_time': 0.07799999999406282}
2023-02-05 08:45:19,491 : INFO : EventManager : Event: ======'mode_game_will_start'====== Args={'buttons': [], 'hold_time': 0.07799999999406282}
2023-02-05 08:45:19,493 : INFO : EventManager : Event: ======'mode_game_starting'====== Args={'buttons': [], 'hold_time': 0.07799999999406282}
2023-02-05 08:45:19,494 : INFO : EventManager : Event: ======'mode_attract_will_stop'====== Args={}
2023-02-05 08:45:19,494 : INFO : EventManager : Event: ======'mode_attract_stopping'====== Args={}
2023-02-05 08:45:19,494 : INFO : Mode.attract : Stopped.
2023-02-05 08:45:19,494 : INFO : EventManager : Event: ======'modes_active_modes_changed'====== Args={}
2023-02-05 08:45:19,495 : INFO : EventManager : Event: ======'mode_attract_stopped'====== Args={}
2023-02-05 08:45:19,495 : INFO : EventManager : Event: ======'clear'====== Args={'key': 'attract'}
2023-02-05 08:45:19,496 : INFO : Mode.game : Started. Priority: 20
2023-02-05 08:45:19,496 : INFO : EventManager : Event: ======'modes_active_modes_changed'====== Args={}
2023-02-05 08:45:19,496 : INFO : EventManager : Event: ======'mode_game_started'====== Args={'buttons': [], 'hold_time': 0.07799999999406282}
2023-02-05 08:45:19,528 : INFO : EventManager : Event: ======'game_will_start'====== Args={}
2023-02-05 08:45:19,528 : INFO : EventManager : Event: ======'game_starting'====== Args={'game': <Mode.game>}
2023-02-05 08:45:19,529 : INFO : EventManager : Event: ======'player_add_request'====== Args={}
2023-02-05 08:45:19,529 : INFO : EventManager : Event: ======'player_will_add'====== Args={'number': 1}
2023-02-05 08:45:19,530 : INFO : EventManager : Event: ======'player_adding'====== Args={'player': <Player 1>, 'number': 1}
2023-02-05 08:45:19,530 : INFO : EventManager : Event: ======'player_added'====== Args={'player': <Player 1>, 'num': 1}
2023-02-05 08:45:19,530 : INFO : Mode.game : Player added successfully. Total players: 1
2023-02-05 08:45:19,531 : INFO : EventManager : Event: ======'player_index'====== Args={'value': 0, 'prev_value': 0, 'change': 0, 'player_num': 1}
2023-02-05 08:45:19,532 : INFO : EventManager : Event: ======'player_number'====== Args={'value': 1, 'prev_value': 1, 'change': 0, 'player_num': 1}
2023-02-05 08:45:19,532 : INFO : EventManager : Event: ======'player_score'====== Args={'value': 0, 'prev_value': 0, 'change': 0, 'player_num': 1}
2023-02-05 08:45:19,533 : INFO : EventManager : Event: ======'game_started'====== Args={}
2023-02-05 08:45:19,565 : INFO : EventManager : Event: ======'player_turn_will_start'====== Args={'player': <Player 1>, 'number': 1}
2023-02-05 08:45:19,565 : INFO : EventManager : Event: ======'slide_slide1_removed'====== Args={'_from_bcp': True}
2023-02-05 08:45:19,565 : INFO : EventManager : Event: ======'slide_lcd_blank_active'====== Args={'_from_bcp': True}
2023-02-05 08:45:19,565 : INFO : EventManager : Event: ======'player_turn_starting'====== Args={'player': <Player 1>, 'number': 1}
2023-02-05 08:45:19,565 : INFO : EventManager : Event: ======'player_ball'====== Args={'value': 1, 'prev_value': 0, 'change': 1, 'player_num': 1}
2023-02-05 08:45:19,566 : INFO : EventManager : Event: ======'player_turn_started'====== Args={'player': <Player 1>, 'number': 1}
2023-02-05 08:45:19,566 : INFO : EventManager : Event: ======'ball_will_start'====== Args={'player': 1, 'ball': 1, 'balls_remaining': 2, 'is_extra_ball': False}
2023-02-05 08:45:19,569 : INFO : EventManager : Event: ======'ball_starting'====== Args={'player': 1, 'ball': 1, 'balls_remaining': 2, 'is_extra_ball': False}
2023-02-05 08:45:19,569 : INFO : EventManager : Event: ======'balls_in_play'====== Args={'balls': 1}
2023-02-05 08:45:19,569 : INFO : EventManager : Event: ======'ball_started'====== Args={'player': 1, 'ball': 1, 'balls_remaining': 2, 'is_extra_ball': False}
2023-02-05 08:45:19,569 : INFO : EventManager : Event: ======'mode_base_will_start'====== Args={'player': 1, 'ball': 1, 'balls_remaining': 2, 'is_extra_ball': False}
2023-02-05 08:45:19,569 : INFO : EventManager : Event: ======'player_shot_my_first_shot_enabled'====== Args={'value': True, 'prev_value': 0, 'change': 1, 'player_num': 1}
2023-02-05 08:45:19,570 : INFO : EventManager : Event: ======'mode_base_starting'====== Args={'player': 1, 'ball': 1, 'balls_remaining': 2, 'is_extra_ball': False}
2023-02-05 08:45:19,571 : INFO : Mode.base : Started. Priority: 100
2023-02-05 08:45:19,571 : INFO : EventManager : Event: ======'modes_active_modes_changed'====== Args={}
2023-02-05 08:45:19,571 : INFO : EventManager : Event: ======'mode_base_started'====== Args={'player': 1, 'ball': 1, 'balls_remaining': 2, 'is_extra_ball': False}
2023-02-05 08:45:19,572 : INFO : EventManager : Event: ======'single_player_ball_started'====== Args={}
2023-02-05 08:45:19,601 : INFO : EventManager : Event: ======'ball_start_target'====== Args={'target': 'playfield'}
2023-02-05 08:45:19,601 : INFO : EventManager : Event: ======'slide_base.slide_player-mode_base_started_created'====== Args={'_from_bcp': True}
2023-02-05 08:45:19,601 : INFO : EventManager : Event: ======'slide_base.slide_player-mode_base_started_active'====== Args={'_from_bcp': True}
2023-02-05 08:45:19,601 : INFO : ball_device.bd_plunger : Setting up player-controlled eject. Balls: 1, Target: <playfield.playfield>, player_controlled_eject_event: None
2023-02-05 08:45:19,601 : INFO : EventManager : Event: ======'balldevice_balls_available'====== Args={}
2023-02-05 08:45:19,602 : INFO : ball_device.bd_trough : State: waiting_for_target_ready
2023-02-05 08:45:19,602 : INFO : EventManager : Event: ======'balldevice_bd_trough_ball_eject_attempt'====== Args={'balls': 1, 'target': <ball_device.bd_plunger>, 'source': <ball_device.bd_trough>, 'mechanical_eject': True, 'num_attempts': 0}
2023-02-05 08:45:19,602 : INFO : ball_device.bd_plunger : State: waiting_for_ball
2023-02-05 08:45:19,602 : INFO : ball_device.bd_trough : State: ejecting
2023-02-05 08:45:19,602 : INFO : ball_device.bd_trough : Ejecting ball to <ball_device.bd_plunger>
2023-02-05 08:45:19,602 : INFO : EventManager : Event: ======'balldevice_bd_trough_ejecting_ball'====== Args={'balls': 1, 'target': <ball_device.bd_plunger>, 'source': <ball_device.bd_trough>, 'mechanical_eject': True, 'num_attempts': 0}
2023-02-05 08:45:19,603 : INFO : ball_device.bd_trough : Wait for ball to leave device
2023-02-05 08:45:19,603 : INFO : coil.c_trough_eject : Pulsing Driver for 10ms (1.0 pulse_power)
2023-02-05 08:45:22,204 : INFO : SwitchController : <<<<<<< 's_left_inlane' active >>>>>>>
2023-02-05 08:45:22,205 : INFO : EventManager : Event: ======'playfield_active'====== Args={}
2023-02-05 08:45:22,205 : INFO : EventManager : Event: ======'unexpected_ball_on_playfield'====== Args={}
2023-02-05 08:45:22,205 : INFO : EventManager : Event: ======'s_left_inlane_active'====== Args={}
2023-02-05 08:45:22,206 : INFO : EventManager : Event: ======'machine_var_audits_switches_s_left_inlane'====== Args={'value': 32, 'prev_value': 31, 'change': 1}
2023-02-05 08:45:22,218 : INFO : EventManager : Event: ======'player_shot_my_first_shot'====== Args={'value': 1, 'prev_value': 0, 'change': 1, 'player_num': 1}
2023-02-05 08:45:22,220 : INFO : EventManager : Event: ======'machine_var_audits_shots_my_first_shot'====== Args={'value': 32, 'prev_value': 31, 'change': 1}
2023-02-05 08:45:22,221 : INFO : EventManager : Event: ======'my_first_shot_hit'====== Args={'profile': 'my_first_profile', 'state': 'unlit', 'advancing': True}
2023-02-05 08:45:22,221 : INFO : EventManager : Event: ======'my_first_shot_my_first_profile_hit'====== Args={'profile': 'my_first_profile', 'state': 'unlit', 'advancing': True}
2023-02-05 08:45:22,221 : INFO : EventManager : Event: ======'my_first_shot_my_first_profile_unlit_hit'====== Args={'profile': 'my_first_profile', 'state': 'unlit', 'advancing': True}
2023-02-05 08:45:22,222 : INFO : EventManager : Event: ======'my_first_shot_unlit_hit'====== Args={'profile': 'my_first_profile', 'state': 'unlit', 'advancing': True}
2023-02-05 08:45:22,222 : INFO : EventManager : Event: ======'player_score'====== Args={'value': 100, 'prev_value': 0, 'change': 100, 'player_num': 1, 'source': 'base'}
2023-02-05 08:45:22,287 : INFO : SwitchController : <<<<<<< 's_left_inlane' inactive >>>>>>>
2023-02-05 08:45:23,008 : INFO : SwitchController : <<<<<<< 's_left_inlane' active >>>>>>>
2023-02-05 08:45:23,008 : INFO : EventManager : Event: ======'playfield_active'====== Args={}
2023-02-05 08:45:23,008 : INFO : EventManager : Event: ======'unexpected_ball_on_playfield'====== Args={}
2023-02-05 08:45:23,009 : INFO : EventManager : Event: ======'s_left_inlane_active'====== Args={}
2023-02-05 08:45:23,009 : INFO : EventManager : Event: ======'machine_var_audits_switches_s_left_inlane'====== Args={'value': 33, 'prev_value': 32, 'change': 1}
2023-02-05 08:45:23,011 : INFO : EventManager : Event: ======'player_shot_my_first_shot'====== Args={'value': 2, 'prev_value': 1, 'change': 1, 'player_num': 1}
2023-02-05 08:45:23,012 : INFO : EventManager : Event: ======'machine_var_audits_shots_my_first_shot'====== Args={'value': 33, 'prev_value': 32, 'change': 1}
2023-02-05 08:45:23,014 : INFO : EventManager : Event: ======'my_first_shot_hit'====== Args={'profile': 'my_first_profile', 'state': 'flashing', 'advancing': True}
2023-02-05 08:45:23,014 : INFO : EventManager : Event: ======'my_first_shot_my_first_profile_hit'====== Args={'profile': 'my_first_profile', 'state': 'flashing', 'advancing': True}
2023-02-05 08:45:23,014 : INFO : EventManager : Event: ======'my_first_shot_my_first_profile_flashing_hit'====== Args={'profile': 'my_first_profile', 'state': 'flashing', 'advancing': True}
2023-02-05 08:45:23,014 : INFO : EventManager : Event: ======'my_first_shot_flashing_hit'====== Args={'profile': 'my_first_profile', 'state': 'flashing', 'advancing': True}
2023-02-05 08:45:23,016 : INFO : EventManager : Event: ======'player_score'====== Args={'value': 1100, 'prev_value': 100, 'change': 1000, 'player_num': 1, 'source': 'base'}
2023-02-05 08:45:23,072 : INFO : SwitchController : <<<<<<< 's_left_inlane' inactive >>>>>>>
2023-02-05 08:45:23,261 : INFO : SwitchController : <<<<<<< 's_left_inlane' active >>>>>>>
2023-02-05 08:45:23,262 : INFO : EventManager : Event: ======'playfield_active'====== Args={}
2023-02-05 08:45:23,262 : INFO : EventManager : Event: ======'unexpected_ball_on_playfield'====== Args={}
2023-02-05 08:45:23,262 : INFO : EventManager : Event: ======'s_left_inlane_active'====== Args={}
2023-02-05 08:45:23,263 : INFO : EventManager : Event: ======'machine_var_audits_switches_s_left_inlane'====== Args={'value': 34, 'prev_value': 33, 'change': 1}
2023-02-05 08:45:23,265 : INFO : EventManager : Event: ======'player_shot_my_first_shot'====== Args={'value': 0, 'prev_value': 2, 'change': -2, 'player_num': 1}
2023-02-05 08:45:23,266 : INFO : EventManager : Event: ======'machine_var_audits_shots_my_first_shot'====== Args={'value': 34, 'prev_value': 33, 'change': 1}
2023-02-05 08:45:23,267 : INFO : EventManager : Event: ======'my_first_shot_hit'====== Args={'profile': 'my_first_profile', 'state': 'lit', 'advancing': True}
2023-02-05 08:45:23,267 : INFO : EventManager : Event: ======'my_first_shot_my_first_profile_hit'====== Args={'profile': 'my_first_profile', 'state': 'lit', 'advancing': True}
2023-02-05 08:45:23,267 : INFO : EventManager : Event: ======'my_first_shot_my_first_profile_lit_hit'====== Args={'profile': 'my_first_profile', 'state': 'lit', 'advancing': True}
2023-02-05 08:45:23,268 : INFO : EventManager : Event: ======'my_first_shot_lit_hit'====== Args={'profile': 'my_first_profile', 'state': 'lit', 'advancing': True}
2023-02-05 08:45:23,344 : INFO : SwitchController : <<<<<<< 's_left_inlane' inactive >>>>>>>
2023-02-05 08:45:23,617 : INFO : SwitchController : <<<<<<< 's_left_inlane' active >>>>>>>
2023-02-05 08:45:23,618 : INFO : EventManager : Event: ======'playfield_active'====== Args={}
2023-02-05 08:45:23,618 : INFO : EventManager : Event: ======'unexpected_ball_on_playfield'====== Args={}
2023-02-05 08:45:23,618 : INFO : EventManager : Event: ======'s_left_inlane_active'====== Args={}
2023-02-05 08:45:23,618 : INFO : EventManager : Event: ======'machine_var_audits_switches_s_left_inlane'====== Args={'value': 35, 'prev_value': 34, 'change': 1}
2023-02-05 08:45:23,621 : INFO : EventManager : Event: ======'player_shot_my_first_shot'====== Args={'value': 1, 'prev_value': 0, 'change': 1, 'player_num': 1}
2023-02-05 08:45:23,622 : INFO : EventManager : Event: ======'machine_var_audits_shots_my_first_shot'====== Args={'value': 35, 'prev_value': 34, 'change': 1}
2023-02-05 08:45:23,623 : INFO : EventManager : Event: ======'my_first_shot_hit'====== Args={'profile': 'my_first_profile', 'state': 'unlit', 'advancing': True}
2023-02-05 08:45:23,623 : INFO : EventManager : Event: ======'my_first_shot_my_first_profile_hit'====== Args={'profile': 'my_first_profile', 'state': 'unlit', 'advancing': True}
2023-02-05 08:45:23,623 : INFO : EventManager : Event: ======'my_first_shot_my_first_profile_unlit_hit'====== Args={'profile': 'my_first_profile', 'state': 'unlit', 'advancing': True}
2023-02-05 08:45:23,623 : INFO : EventManager : Event: ======'my_first_shot_unlit_hit'====== Args={'profile': 'my_first_profile', 'state': 'unlit', 'advancing': True}
2023-02-05 08:45:23,625 : INFO : EventManager : Event: ======'player_score'====== Args={'value': 1200, 'prev_value': 1100, 'change': 100, 'player_num': 1, 'source': 'base'}
2023-02-05 08:45:23,703 : INFO : SwitchController : <<<<<<< 's_left_inlane' inactive >>>>>>>
2023-02-05 08:45:25,056 : INFO : SwitchController : <<<<<<< 's_left_inlane' active >>>>>>>
2023-02-05 08:45:25,057 : INFO : EventManager : Event: ======'playfield_active'====== Args={}
2023-02-05 08:45:25,057 : INFO : EventManager : Event: ======'unexpected_ball_on_playfield'====== Args={}
2023-02-05 08:45:25,057 : INFO : EventManager : Event: ======'s_left_inlane_active'====== Args={}
2023-02-05 08:45:25,057 : INFO : EventManager : Event: ======'machine_var_audits_switches_s_left_inlane'====== Args={'value': 36, 'prev_value': 35, 'change': 1}
2023-02-05 08:45:25,060 : INFO : EventManager : Event: ======'player_shot_my_first_shot'====== Args={'value': 2, 'prev_value': 1, 'change': 1, 'player_num': 1}
2023-02-05 08:45:25,061 : INFO : EventManager : Event: ======'machine_var_audits_shots_my_first_shot'====== Args={'value': 36, 'prev_value': 35, 'change': 1}
2023-02-05 08:45:25,062 : INFO : EventManager : Event: ======'my_first_shot_hit'====== Args={'profile': 'my_first_profile', 'state': 'flashing', 'advancing': True}
2023-02-05 08:45:25,062 : INFO : EventManager : Event: ======'my_first_shot_my_first_profile_hit'====== Args={'profile': 'my_first_profile', 'state': 'flashing', 'advancing': True}
2023-02-05 08:45:25,062 : INFO : EventManager : Event: ======'my_first_shot_my_first_profile_flashing_hit'====== Args={'profile': 'my_first_profile', 'state': 'flashing', 'advancing': True}
2023-02-05 08:45:25,063 : INFO : EventManager : Event: ======'my_first_shot_flashing_hit'====== Args={'profile': 'my_first_profile', 'state': 'flashing', 'advancing': True}
2023-02-05 08:45:25,064 : INFO : EventManager : Event: ======'player_score'====== Args={'value': 2200, 'prev_value': 1200, 'change': 1000, 'player_num': 1, 'source': 'base'}
2023-02-05 08:45:25,157 : INFO : SwitchController : <<<<<<< 's_left_inlane' inactive >>>>>>>
2023-02-05 08:45:26,189 : INFO : SwitchController : <<<<<<< 's_left_inlane' active >>>>>>>
2023-02-05 08:45:26,189 : INFO : EventManager : Event: ======'playfield_active'====== Args={}
2023-02-05 08:45:26,190 : INFO : EventManager : Event: ======'unexpected_ball_on_playfield'====== Args={}
2023-02-05 08:45:26,190 : INFO : EventManager : Event: ======'s_left_inlane_active'====== Args={}
2023-02-05 08:45:26,190 : INFO : EventManager : Event: ======'machine_var_audits_switches_s_left_inlane'====== Args={'value': 37, 'prev_value': 36, 'change': 1}
2023-02-05 08:45:26,192 : INFO : EventManager : Event: ======'player_shot_my_first_shot'====== Args={'value': 0, 'prev_value': 2, 'change': -2, 'player_num': 1}
2023-02-05 08:45:26,193 : INFO : EventManager : Event: ======'machine_var_audits_shots_my_first_shot'====== Args={'value': 37, 'prev_value': 36, 'change': 1}
2023-02-05 08:45:26,194 : INFO : EventManager : Event: ======'my_first_shot_hit'====== Args={'profile': 'my_first_profile', 'state': 'lit', 'advancing': True}
2023-02-05 08:45:26,195 : INFO : EventManager : Event: ======'my_first_shot_my_first_profile_hit'====== Args={'profile': 'my_first_profile', 'state': 'lit', 'advancing': True}
2023-02-05 08:45:26,195 : INFO : EventManager : Event: ======'my_first_shot_my_first_profile_lit_hit'====== Args={'profile': 'my_first_profile', 'state': 'lit', 'advancing': True}
2023-02-05 08:45:26,195 : INFO : EventManager : Event: ======'my_first_shot_lit_hit'====== Args={'profile': 'my_first_profile', 'state': 'lit', 'advancing': True}
2023-02-05 08:45:26,341 : INFO : SwitchController : <<<<<<< 's_left_inlane' inactive >>>>>>>
2023-02-05 08:45:26,552 : INFO : SwitchController : <<<<<<< 's_left_inlane' active >>>>>>>
2023-02-05 08:45:26,553 : INFO : EventManager : Event: ======'playfield_active'====== Args={}
2023-02-05 08:45:26,553 : INFO : EventManager : Event: ======'unexpected_ball_on_playfield'====== Args={}
2023-02-05 08:45:26,553 : INFO : EventManager : Event: ======'s_left_inlane_active'====== Args={}
2023-02-05 08:45:26,554 : INFO : EventManager : Event: ======'machine_var_audits_switches_s_left_inlane'====== Args={'value': 38, 'prev_value': 37, 'change': 1}
2023-02-05 08:45:26,556 : INFO : EventManager : Event: ======'player_shot_my_first_shot'====== Args={'value': 1, 'prev_value': 0, 'change': 1, 'player_num': 1}
2023-02-05 08:45:26,557 : INFO : EventManager : Event: ======'machine_var_audits_shots_my_first_shot'====== Args={'value': 38, 'prev_value': 37, 'change': 1}
2023-02-05 08:45:26,558 : INFO : EventManager : Event: ======'my_first_shot_hit'====== Args={'profile': 'my_first_profile', 'state': 'unlit', 'advancing': True}
2023-02-05 08:45:26,558 : INFO : EventManager : Event: ======'my_first_shot_my_first_profile_hit'====== Args={'profile': 'my_first_profile', 'state': 'unlit', 'advancing': True}
2023-02-05 08:45:26,558 : INFO : EventManager : Event: ======'my_first_shot_my_first_profile_unlit_hit'====== Args={'profile': 'my_first_profile', 'state': 'unlit', 'advancing': True}
2023-02-05 08:45:26,559 : INFO : EventManager : Event: ======'my_first_shot_unlit_hit'====== Args={'profile': 'my_first_profile', 'state': 'unlit', 'advancing': True}
2023-02-05 08:45:26,560 : INFO : EventManager : Event: ======'player_score'====== Args={'value': 2300, 'prev_value': 2200, 'change': 100, 'player_num': 1, 'source': 'base'}
2023-02-05 08:45:26,633 : INFO : SwitchController : <<<<<<< 's_left_inlane' inactive >>>>>>>
2023-02-05 08:45:26,982 : INFO : SwitchController : <<<<<<< 's_left_inlane' active >>>>>>>
2023-02-05 08:45:26,982 : INFO : EventManager : Event: ======'playfield_active'====== Args={}
2023-02-05 08:45:26,982 : INFO : EventManager : Event: ======'unexpected_ball_on_playfield'====== Args={}
2023-02-05 08:45:26,983 : INFO : EventManager : Event: ======'s_left_inlane_active'====== Args={}
2023-02-05 08:45:26,983 : INFO : EventManager : Event: ======'machine_var_audits_switches_s_left_inlane'====== Args={'value': 39, 'prev_value': 38, 'change': 1}
2023-02-05 08:45:26,985 : INFO : EventManager : Event: ======'player_shot_my_first_shot'====== Args={'value': 2, 'prev_value': 1, 'change': 1, 'player_num': 1}
2023-02-05 08:45:26,986 : INFO : EventManager : Event: ======'machine_var_audits_shots_my_first_shot'====== Args={'value': 39, 'prev_value': 38, 'change': 1}
2023-02-05 08:45:26,988 : INFO : EventManager : Event: ======'my_first_shot_hit'====== Args={'profile': 'my_first_profile', 'state': 'flashing', 'advancing': True}
2023-02-05 08:45:26,988 : INFO : EventManager : Event: ======'my_first_shot_my_first_profile_hit'====== Args={'profile': 'my_first_profile', 'state': 'flashing', 'advancing': True}
2023-02-05 08:45:26,988 : INFO : EventManager : Event: ======'my_first_shot_my_first_profile_flashing_hit'====== Args={'profile': 'my_first_profile', 'state': 'flashing', 'advancing': True}
2023-02-05 08:45:26,988 : INFO : EventManager : Event: ======'my_first_shot_flashing_hit'====== Args={'profile': 'my_first_profile', 'state': 'flashing', 'advancing': True}
2023-02-05 08:45:26,990 : INFO : EventManager : Event: ======'player_score'====== Args={'value': 3300, 'prev_value': 2300, 'change': 1000, 'player_num': 1, 'source': 'base'}
2023-02-05 08:45:27,069 : INFO : SwitchController : <<<<<<< 's_left_inlane' inactive >>>>>>>
2023-02-05 08:45:27,441 : INFO : SwitchController : <<<<<<< 's_left_inlane' active >>>>>>>
2023-02-05 08:45:27,442 : INFO : EventManager : Event: ======'playfield_active'====== Args={}
2023-02-05 08:45:27,442 : INFO : EventManager : Event: ======'unexpected_ball_on_playfield'====== Args={}
2023-02-05 08:45:27,442 : INFO : EventManager : Event: ======'s_left_inlane_active'====== Args={}
2023-02-05 08:45:27,442 : INFO : EventManager : Event: ======'machine_var_audits_switches_s_left_inlane'====== Args={'value': 40, 'prev_value': 39, 'change': 1}
2023-02-05 08:45:27,445 : INFO : EventManager : Event: ======'player_shot_my_first_shot'====== Args={'value': 0, 'prev_value': 2, 'change': -2, 'player_num': 1}
2023-02-05 08:45:27,446 : INFO : EventManager : Event: ======'machine_var_audits_shots_my_first_shot'====== Args={'value': 40, 'prev_value': 39, 'change': 1}
2023-02-05 08:45:27,447 : INFO : EventManager : Event: ======'my_first_shot_hit'====== Args={'profile': 'my_first_profile', 'state': 'lit', 'advancing': True}
2023-02-05 08:45:27,447 : INFO : EventManager : Event: ======'my_first_shot_my_first_profile_hit'====== Args={'profile': 'my_first_profile', 'state': 'lit', 'advancing': True}
2023-02-05 08:45:27,447 : INFO : EventManager : Event: ======'my_first_shot_my_first_profile_lit_hit'====== Args={'profile': 'my_first_profile', 'state': 'lit', 'advancing': True}
2023-02-05 08:45:27,447 : INFO : EventManager : Event: ======'my_first_shot_lit_hit'====== Args={'profile': 'my_first_profile', 'state': 'lit', 'advancing': True}
2023-02-05 08:45:27,515 : INFO : SwitchController : <<<<<<< 's_left_inlane' inactive >>>>>>>
2023-02-05 08:45:27,763 : INFO : SwitchController : <<<<<<< 's_left_inlane' active >>>>>>>
2023-02-05 08:45:27,764 : INFO : EventManager : Event: ======'playfield_active'====== Args={}
2023-02-05 08:45:27,764 : INFO : EventManager : Event: ======'unexpected_ball_on_playfield'====== Args={}
2023-02-05 08:45:27,764 : INFO : EventManager : Event: ======'s_left_inlane_active'====== Args={}
2023-02-05 08:45:27,764 : INFO : EventManager : Event: ======'machine_var_audits_switches_s_left_inlane'====== Args={'value': 41, 'prev_value': 40, 'change': 1}
2023-02-05 08:45:27,767 : INFO : EventManager : Event: ======'player_shot_my_first_shot'====== Args={'value': 1, 'prev_value': 0, 'change': 1, 'player_num': 1}
2023-02-05 08:45:27,768 : INFO : EventManager : Event: ======'machine_var_audits_shots_my_first_shot'====== Args={'value': 41, 'prev_value': 40, 'change': 1}
2023-02-05 08:45:27,769 : INFO : EventManager : Event: ======'my_first_shot_hit'====== Args={'profile': 'my_first_profile', 'state': 'unlit', 'advancing': True}
2023-02-05 08:45:27,769 : INFO : EventManager : Event: ======'my_first_shot_my_first_profile_hit'====== Args={'profile': 'my_first_profile', 'state': 'unlit', 'advancing': True}
2023-02-05 08:45:27,769 : INFO : EventManager : Event: ======'my_first_shot_my_first_profile_unlit_hit'====== Args={'profile': 'my_first_profile', 'state': 'unlit', 'advancing': True}
2023-02-05 08:45:27,770 : INFO : EventManager : Event: ======'my_first_shot_unlit_hit'====== Args={'profile': 'my_first_profile', 'state': 'unlit', 'advancing': True}
2023-02-05 08:45:27,771 : INFO : EventManager : Event: ======'player_score'====== Args={'value': 3400, 'prev_value': 3300, 'change': 100, 'player_num': 1, 'source': 'base'}
2023-02-05 08:45:27,849 : INFO : SwitchController : <<<<<<< 's_left_inlane' inactive >>>>>>>
2023-02-05 08:45:29,610 : INFO : EventManager : Event: ======'balldevice_bd_trough_ball_eject_failed'====== Args={'target': <ball_device.bd_plunger>, 'balls': 1, 'retry': True, 'num_attempts': 1}
2023-02-05 08:45:29,611 : INFO : ball_device.bd_trough : State: waiting_for_target_ready
2023-02-05 08:45:29,611 : INFO : EventManager : Event: ======'balldevice_bd_trough_ball_eject_attempt'====== Args={'balls': 1, 'target': <ball_device.bd_plunger>, 'source': <ball_device.bd_trough>, 'mechanical_eject': True, 'num_attempts': 1}
2023-02-05 08:45:29,612 : INFO : ball_device.bd_trough : State: ejecting
2023-02-05 08:45:29,612 : INFO : ball_device.bd_trough : Ejecting ball to <ball_device.bd_plunger>
2023-02-05 08:45:29,612 : INFO : EventManager : Event: ======'balldevice_bd_trough_ejecting_ball'====== Args={'balls': 1, 'target': <ball_device.bd_plunger>, 'source': <ball_device.bd_trough>, 'mechanical_eject': True, 'num_attempts': 1}
2023-02-05 08:45:29,613 : INFO : ball_device.bd_trough : Wait for ball to leave device
2023-02-05 08:45:29,614 : INFO : coil.c_trough_eject : Pulsing Driver for 10ms (1.0 pulse_power)
2023-02-05 08:45:30,855 : INFO : Machine : Shutting down...
2023-02-05 08:45:30,855 : INFO : EventManager : Event: ======'shutdown'====== Args={}
2023-02-05 08:45:30,860 : INFO : EventManager : Event: ======'mode_game_will_stop'====== Args={}
2023-02-05 08:45:30,860 : INFO : EventManager : Event: ======'mode_game_stopping'====== Args={}
2023-02-05 08:45:30,861 : INFO : EventManager : Event: ======'mode_base_will_stop'====== Args={}
2023-02-05 08:45:30,862 : INFO : EventManager : Event: ======'mode_base_stopping'====== Args={}
2023-02-05 08:45:30,862 : INFO : Mode.base : Stopped.
2023-02-05 08:45:30,862 : INFO : EventManager : Event: ======'modes_active_modes_changed'====== Args={}
2023-02-05 08:45:30,863 : INFO : EventManager : Event: ======'mode_base_stopped'====== Args={}
2023-02-05 08:45:30,863 : INFO : EventManager : Event: ======'clear'====== Args={'key': 'base'}
2023-02-05 08:45:30,865 : INFO : Mode.game : Stopped.
2023-02-05 08:45:30,865 : INFO : EventManager : Event: ======'modes_active_modes_changed'====== Args={}
2023-02-05 08:45:30,865 : INFO : EventManager : Event: ======'mode_game_stopped'====== Args={}
2023-02-05 08:45:30,865 : INFO : EventManager : Event: ======'clear'====== Args={'key': 'game'}
2023-02-05 08:45:30,876 : INFO : root : MPF run loop ended.
