2023-03-25 19:48:56,425 : kivy : Factory: 189 symbols loaded
2023-03-25 19:48:56,550 : kivy : ImageLoaderFFPy: Using ffpyplayer 4.3.5
2023-03-25 19:48:56,551 : kivy : Image: Providers: img_tex, img_dds, img_sdl2, img_pil, img_ffpyplayer 
2023-03-25 19:48:56,589 : kivy : VideoGstplayer: Using Gstreamer 1.18.5.0
2023-03-25 19:48:56,589 : kivy : Video: Provider: gstplayer
2023-03-25 19:48:56,783 : kivy : Loading MPF-MC controller
2023-03-25 19:48:56,784 : YamlMultifileConfigLoader : Machine config file #1: config
2023-03-25 19:48:56,785 : ConfigProcessor : Config file in cache changed: C:\pinball\SAW\config\config
2023-03-25 19:48:56,787 : ConfigProcessor : Loading config from file C:\Users\steel\AppData\Local\Programs\Python\Python39\lib\site-packages\mpfmc\mcconfig.yaml.
2023-03-25 19:48:56,812 : ConfigProcessor : Loading config: C:\Users\steel\AppData\Local\Programs\Python\Python39\lib\site-packages\mpfmc\mcconfig.yaml
2023-03-25 19:48:56,813 : ConfigProcessor : Loading config from file C:\pinball\SAW\config\config.
2023-03-25 19:48:56,831 : ConfigProcessor : Loading config: C:\pinball\SAW\config\config
2023-03-25 19:48:56,862 : ConfigProcessor : Loading config: C:\pinball\SAW\config\hardware.yaml
2023-03-25 19:48:56,868 : ConfigProcessor : Loading config: C:\pinball\SAW\config\keyboard.yaml
2023-03-25 19:48:56,872 : ConfigProcessor : Loading config: C:\pinball\SAW\config\shots.yaml
2023-03-25 19:48:56,874 : ConfigProcessor : Loading config: C:\pinball\SAW\config\videos.yaml
2023-03-25 19:48:56,876 : ConfigProcessor : Config file cache created: C:\Users\steel\AppData\Local\Temp\785655ce0a6ad62be8f20f2598aadce2.mpf_cache
2023-03-25 19:48:56,876 : ConfigProcessor : Loading config from cache: C:\Users\steel\AppData\Local\Temp\0c159a05f39617a30cc1b279562f144f.mpf_cache
2023-03-25 19:48:56,877 : ConfigProcessor : Loading config from cache: C:\Users\steel\AppData\Local\Temp\a4144dd661fe0832b800e50000db3090.mpf_cache
2023-03-25 19:48:56,877 : ConfigProcessor : Loading config from cache: C:\Users\steel\AppData\Local\Temp\0c159a05f39617a30cc1b279562f144f.mpf_cache
2023-03-25 19:48:56,878 : ConfigProcessor : Loading config from cache: C:\Users\steel\AppData\Local\Temp\c84db42795c08bfb8e4272b3be41e3f4.mpf_cache
2023-03-25 19:48:56,879 : ConfigProcessor : Loading config from cache: C:\Users\steel\AppData\Local\Temp\256e7fa83e47770b240852b302497ae5.mpf_cache
2023-03-25 19:48:56,879 : ConfigProcessor : Loading config from cache: C:\Users\steel\AppData\Local\Temp\a22ef28f8a7f551263a3132499374206.mpf_cache
2023-03-25 19:48:56,880 : ConfigProcessor : Loading config from cache: C:\Users\steel\AppData\Local\Temp\7fe6b706c5c6f5eb2454caa567a579fa.mpf_cache
2023-03-25 19:48:56,880 : ConfigProcessor : Loading config from cache: C:\Users\steel\AppData\Local\Temp\48a474ae7f498cc1dbcdf6e4a97cba2f.mpf_cache
2023-03-25 19:48:56,881 : ConfigProcessor : Loading config from cache: C:\Users\steel\AppData\Local\Temp\a9267858f889f9ead43c7ffecde0b8cb.mpf_cache
2023-03-25 19:48:56,886 : ConfigProcessor : Loading config from cache: C:\Users\steel\AppData\Local\Temp\a21b3499fc9a8e09105ae8ac8032381c.mpf_cache
2023-03-25 19:48:56,887 : ConfigProcessor : Loading config from cache: C:\Users\steel\AppData\Local\Temp\bce7736320a2f16a44a8e687cf697899.mpf_cache
2023-03-25 19:48:56,887 : ConfigProcessor : Loading config from cache: C:\Users\steel\AppData\Local\Temp\55bcd1ccd7b507cbb2987e57152e2ed6.mpf_cache
2023-03-25 19:48:56,888 : ConfigProcessor : Loading config from cache: C:\Users\steel\AppData\Local\Temp\6af63f80f13f2d3f9a6afe04029ceb5d.mpf_cache
2023-03-25 19:48:56,888 : mpfmc : Mission Pinball Framework Media Controller v0.56.0-dev33
2023-03-25 19:48:56,888 : mpfmc : Mission Pinball Framework Game Engine v0.56.0-dev33
2023-03-25 19:48:56,888 : mpfmc : Machine path: C:\pinball\SAW
2023-03-25 19:48:56,888 : mpfmc : Starting clock at 60.0Hz
2023-03-25 19:48:56,901 : kivy : Text: Provider: sdl2
2023-03-25 19:48:56,939 : kivy : Window: Provider: sdl2
2023-03-25 19:48:57,244 : kivy : GL: Using the "OpenGL" graphics system
2023-03-25 19:48:57,245 : kivy : GL: GLEW initialization succeeded
2023-03-25 19:48:57,246 : kivy : GL: Backend used <glew>
2023-03-25 19:48:57,246 : kivy : GL: OpenGL version <b'4.6.0 - Build 31.0.101.2111'>
2023-03-25 19:48:57,246 : kivy : GL: OpenGL vendor <b'Intel'>
2023-03-25 19:48:57,246 : kivy : GL: OpenGL renderer <b'Intel(R) UHD Graphics 630'>
2023-03-25 19:48:57,246 : kivy : GL: OpenGL parsed version: 4, 6
2023-03-25 19:48:57,246 : kivy : GL: Shading version <b'4.60 - Build 31.0.101.2111'>
2023-03-25 19:48:57,246 : kivy : GL: Texture max size <16384>
2023-03-25 19:48:57,246 : kivy : GL: Texture max units <32>
2023-03-25 19:48:57,274 : kivy : Window: auto add sdl2 input provider
2023-03-25 19:48:57,275 : kivy : Window: virtual keyboard not allowed, single mode, not docked
2023-03-25 19:48:57,586 : AudioInterface : Initialized
2023-03-25 19:48:57,586 : AudioInterface : Loaded SDL 2.0.20
2023-03-25 19:48:57,586 : AudioInterface : Loaded SDL_Mixer 2.0.4
2023-03-25 19:48:57,586 : AudioInterface : Loaded GStreamer 1.18.5.0
2023-03-25 19:48:57,586 : AudioInterface : Loaded GLib 2.62.6
2023-03-25 19:48:57,586 : AudioInterface : Settings requested - rate: 44100, channels: 1, buffer: 2048 samples
2023-03-25 19:48:57,586 : AudioInterface : Settings in use - rate: 44100, channels: 1, buffer: 2048 samples (4096 bytes @ 2 bytes per sample)
2023-03-25 19:48:57,586 : SoundSystem : Setting master volume to 0.0
2023-03-25 19:48:57,586 : SoundSystem : master_volume in sound_system is deprecated and will be removed in the future.
2023-03-25 19:48:57,586 : AudioInterface : Enabling audio playback
2023-03-25 19:48:57,588 : kivy : Base: Start application main loop
2023-03-25 19:48:57,588 : EventManager : Event: ======'display_lcd_initialized'====== Args={}
2023-03-25 19:48:57,599 : mpfmc : Display: Setting 'lcd' as default display
2023-03-25 19:48:57,605 : EventManager : Event: ======'displays_initialized'====== Args={}
2023-03-25 19:48:57,605 : EventManager : Event: ======'slide_lcd_blank_created'====== Args={}
2023-03-25 19:48:57,605 : EventManager : Event: ======'display_lcd_ready'====== Args={}
2023-03-25 19:48:57,615 : EventManager : Event: ======'init_phase_1'====== Args={}
2023-03-25 19:48:57,619 : EventManager : Event: ======'mc_ready'====== Args={}
2023-03-25 19:48:57,619 : EventManager : Event: ======'init_phase_2'====== Args={}
2023-03-25 19:48:57,627 : EventManager : Event: ======'init_phase_3'====== Args={}
2023-03-25 19:48:57,632 : EventManager : Event: ======'init_phase_4'====== Args={}
2023-03-25 19:48:57,632 : EventManager : Event: ======'init_phase_5'====== Args={}
2023-03-25 19:48:57,662 : kivy : GL: NPOT texture support is available
2023-03-25 19:48:57,685 : EventManager : Event: ======'loading_assets'====== Args={'total': 54, 'loaded': 1, 'remaining': 53, 'percent': 2}
2023-03-25 19:48:57,685 : AssetManager : Loading assets: 1/54 (2%)
2023-03-25 19:48:58,284 : EventManager : Event: ======'loading_assets'====== Args={'total': 54, 'loaded': 31, 'remaining': 23, 'percent': 57}
2023-03-25 19:48:58,284 : AssetManager : Loading assets: 31/54 (57%)
2023-03-25 19:48:58,324 : kivy : GL: Unpack subimage support is available
2023-03-25 19:48:58,645 : EventManager : Event: ======'loading_assets'====== Args={'total': 54, 'loaded': 54, 'remaining': 0, 'percent': 100}
2023-03-25 19:48:58,645 : AssetManager : Asset loading took: 1.0576930046081543
2023-03-25 19:48:58,645 : EventManager : Event: ======'asset_loading_complete'====== Args={}
2023-03-25 19:48:58,645 : AssetManager : Loading assets: 54/54 (100%)
2023-03-25 19:48:58,645 : EventManager : Event: ======'init_done'====== Args={}
2023-03-25 19:48:58,645 : MPF-MC BCP Server : Starting up on localhost port 5050
2023-03-25 19:48:58,649 : MPF-MC BCP Server : Waiting for a connection...
2023-03-25 19:48:58,649 : EventManager : Event: ======'client_disconnected'====== Args={'host': '127.0.0.1', 'port': 5050}
2023-03-25 19:48:59,130 : MPF-MC BCP Server : Received connection from: 127.0.0.1:64241
2023-03-25 19:48:59,140 : EventManager : Event: ======'client_connected'====== Args={'host': '127.0.0.1', 'port': 64241}
2023-03-25 19:48:59,203 : EventManager : Event: ======'machine_var_credits_string'====== Args={'value': 'FREE PLAY', 'prev_value': None, 'change': True}
2023-03-25 19:48:59,203 : EventManager : Event: ======'machine_var_master_volume'====== Args={'value': 0.5, 'prev_value': None, 'change': True}
2023-03-25 19:48:59,203 : EventManager : Event: ======'machine_var_mpf_version'====== Args={'value': 'MPF v0.56.0-dev33', 'prev_value': None, 'change': True}
2023-03-25 19:48:59,203 : EventManager : Event: ======'machine_var_mpf_extended_version'====== Args={'value': 'MPF v0.56.0-dev33, Config version:5, Show version: 5, BCP version:1.1', 'prev_value': None, 'change': True}
2023-03-25 19:48:59,203 : EventManager : Event: ======'machine_var_python_version'====== Args={'value': '3.9.13', 'prev_value': None, 'change': True}
2023-03-25 19:48:59,203 : EventManager : Event: ======'machine_var_platform'====== Args={'value': 'Windows-10-10.0.19044-SP0', 'prev_value': None, 'change': True}
2023-03-25 19:48:59,203 : EventManager : Event: ======'machine_var_platform_system'====== Args={'value': 'Windows', 'prev_value': None, 'change': True}
2023-03-25 19:48:59,203 : EventManager : Event: ======'machine_var_platform_release'====== Args={'value': '10', 'prev_value': None, 'change': True}
2023-03-25 19:48:59,203 : EventManager : Event: ======'machine_var_platform_version'====== Args={'value': '10.0.19044', 'prev_value': None, 'change': True}
2023-03-25 19:48:59,203 : EventManager : Event: ======'machine_var_platform_machine'====== Args={'value': 'AMD64', 'prev_value': None, 'change': True}
2023-03-25 19:48:59,203 : EventManager : Event: ======'machine_var_mc_version'====== Args={'value': 'MPF-MC v0.56.0-dev33', 'prev_value': None, 'change': True}
2023-03-25 19:48:59,203 : EventManager : Event: ======'machine_var_mc_extended_version'====== Args={'value': 'MPF-MC v0.56.0-dev33 (config_version=5, BCP v1.1, Requires MPF v0.56.0-dev33)', 'prev_value': None, 'change': True}
2023-03-25 19:48:59,203 : SoundSystem : Setting master volume to 0.5
2023-03-25 19:48:59,216 : EventManager : Event: ======'machine_var_audits_events_game_ended'====== Args={'value': 0, 'prev_value': None, 'change': True}
2023-03-25 19:48:59,229 : EventManager : Event: ======'machine_var_audits_events_game_started'====== Args={'value': 632, 'prev_value': None, 'change': True}
2023-03-25 19:48:59,229 : EventManager : Event: ======'machine_var_audits_player_score'====== Args={'value': {'average': 0, 'top': [], 'total': 0}, 'prev_value': None, 'change': True}
2023-03-25 19:48:59,229 : EventManager : Event: ======'machine_var_audits_shots_bottom_l_pop'====== Args={'value': 38, 'prev_value': None, 'change': True}
2023-03-25 19:48:59,229 : EventManager : Event: ======'machine_var_audits_shots_bottom_r_pop'====== Args={'value': 11, 'prev_value': None, 'change': True}
2023-03-25 19:48:59,229 : EventManager : Event: ======'machine_var_audits_shots_bottom_t_pop'====== Args={'value': 11, 'prev_value': None, 'change': True}
2023-03-25 19:48:59,229 : EventManager : Event: ======'machine_var_audits_shots_cellar'====== Args={'value': 187, 'prev_value': None, 'change': True}
2023-03-25 19:48:59,229 : EventManager : Event: ======'machine_var_audits_shots_dt_drop2'====== Args={'value': 709, 'prev_value': None, 'change': True}
2023-03-25 19:48:59,229 : EventManager : Event: ======'machine_var_audits_shots_dt_drop3'====== Args={'value': 298, 'prev_value': None, 'change': True}
2023-03-25 19:48:59,229 : EventManager : Event: ======'machine_var_audits_shots_dt_drop4'====== Args={'value': 170, 'prev_value': None, 'change': True}
2023-03-25 19:48:59,230 : EventManager : Event: ======'machine_var_audits_shots_my_first_shot'====== Args={'value': 160, 'prev_value': None, 'change': True}
2023-03-25 19:48:59,230 : EventManager : Event: ======'machine_var_audits_shots_spinner'====== Args={'value': 97, 'prev_value': None, 'change': True}
2023-03-25 19:48:59,230 : EventManager : Event: ======'machine_var_audits_shots_upper_b_pop'====== Args={'value': 14, 'prev_value': None, 'change': True}
2023-03-25 19:48:59,230 : EventManager : Event: ======'machine_var_audits_shots_upper_l_pop'====== Args={'value': 13, 'prev_value': None, 'change': True}
2023-03-25 19:48:59,230 : EventManager : Event: ======'machine_var_audits_shots_upper_r_pop'====== Args={'value': 12, 'prev_value': None, 'change': True}
2023-03-25 19:48:59,230 : EventManager : Event: ======'machine_var_audits_switches_s_ball_shooter_lane'====== Args={'value': 0, 'prev_value': None, 'change': True}
2023-03-25 19:48:59,230 : EventManager : Event: ======'machine_var_audits_switches_s_eject'====== Args={'value': 0, 'prev_value': None, 'change': True}
2023-03-25 19:48:59,230 : EventManager : Event: ======'machine_var_audits_switches_s_elevator_hold'====== Args={'value': 0, 'prev_value': None, 'change': True}
2023-03-25 19:48:59,230 : EventManager : Event: ======'machine_var_audits_switches_s_enter_left_ramp'====== Args={'value': 650, 'prev_value': None, 'change': True}
2023-03-25 19:48:59,230 : EventManager : Event: ======'machine_var_audits_switches_s_inner_loop'====== Args={'value': 0, 'prev_value': None, 'change': True}
2023-03-25 19:48:59,230 : EventManager : Event: ======'machine_var_audits_switches_s_left_bottom_jet_bumper'====== Args={'value': 44, 'prev_value': None, 'change': True}
2023-03-25 19:48:59,230 : EventManager : Event: ======'machine_var_audits_switches_s_left_cellar'====== Args={'value': 0, 'prev_value': None, 'change': True}
2023-03-25 19:48:59,230 : EventManager : Event: ======'machine_var_audits_switches_s_left_flipper'====== Args={'value': 314, 'prev_value': None, 'change': True}
2023-03-25 19:48:59,230 : EventManager : Event: ======'machine_var_audits_switches_s_left_inlane'====== Args={'value': 293, 'prev_value': None, 'change': True}
2023-03-25 19:48:59,230 : EventManager : Event: ======'machine_var_audits_switches_s_left_lock_1'====== Args={'value': 0, 'prev_value': None, 'change': True}
2023-03-25 19:48:59,230 : EventManager : Event: ======'machine_var_audits_switches_s_left_lock_2'====== Args={'value': 0, 'prev_value': None, 'change': True}
2023-03-25 19:48:59,230 : EventManager : Event: ======'machine_var_audits_switches_s_left_lock_3'====== Args={'value': 0, 'prev_value': None, 'change': True}
2023-03-25 19:48:59,231 : EventManager : Event: ======'machine_var_audits_switches_s_left_loop_bottom'====== Args={'value': 0, 'prev_value': None, 'change': True}
2023-03-25 19:48:59,231 : EventManager : Event: ======'machine_var_audits_switches_s_left_loop_top'====== Args={'value': 0, 'prev_value': None, 'change': True}
2023-03-25 19:48:59,231 : EventManager : Event: ======'machine_var_audits_switches_s_left_outlane'====== Args={'value': 0, 'prev_value': None, 'change': True}
2023-03-25 19:48:59,231 : EventManager : Event: ======'machine_var_audits_switches_s_left_ramp_score_bottom'====== Args={'value': 634, 'prev_value': None, 'change': True}
2023-03-25 19:48:59,231 : EventManager : Event: ======'machine_var_audits_switches_s_left_ramp_score_top'====== Args={'value': 663, 'prev_value': None, 'change': True}
2023-03-25 19:48:59,231 : EventManager : Event: ======'machine_var_audits_switches_s_left_slingshot'====== Args={'value': 0, 'prev_value': None, 'change': True}
2023-03-25 19:48:59,231 : EventManager : Event: ======'machine_var_audits_switches_s_left_standup'====== Args={'value': 0, 'prev_value': None, 'change': True}
2023-03-25 19:48:59,231 : EventManager : Event: ======'machine_var_audits_switches_s_left_standup_right_ramp'====== Args={'value': 0, 'prev_value': None, 'change': True}
2023-03-25 19:48:59,231 : EventManager : Event: ======'machine_var_audits_switches_s_left_top_jet_bumper'====== Args={'value': 397, 'prev_value': None, 'change': True}
2023-03-25 19:48:59,231 : EventManager : Event: ======'machine_var_audits_switches_s_lower_bank_drop_target_opto_lower'====== Args={'value': 291, 'prev_value': None, 'change': True}
2023-03-25 19:48:59,231 : EventManager : Event: ======'machine_var_audits_switches_s_lower_bank_drop_target_opto_middle'====== Args={'value': 496, 'prev_value': None, 'change': True}
2023-03-25 19:48:59,231 : EventManager : Event: ======'machine_var_audits_switches_s_lower_bank_drop_target_opto_upper'====== Args={'value': 918, 'prev_value': None, 'change': True}
2023-03-25 19:48:59,231 : EventManager : Event: ======'machine_var_audits_switches_s_lower_top_jet_bumper'====== Args={'value': 20, 'prev_value': None, 'change': True}
2023-03-25 19:48:59,231 : EventManager : Event: ======'machine_var_audits_switches_s_middle_standup'====== Args={'value': 0, 'prev_value': None, 'change': True}
2023-03-25 19:48:59,231 : EventManager : Event: ======'machine_var_audits_switches_s_outhole'====== Args={'value': 0, 'prev_value': None, 'change': True}
2023-03-25 19:48:59,231 : EventManager : Event: ======'machine_var_audits_switches_s_plumb_bob_tilt'====== Args={'value': 0, 'prev_value': None, 'change': True}
2023-03-25 19:48:59,231 : EventManager : Event: ======'machine_var_audits_switches_s_plunger'====== Args={'value': 7, 'prev_value': None, 'change': True}
2023-03-25 19:48:59,232 : EventManager : Event: ======'machine_var_audits_switches_s_right_bottom_jet_bumper'====== Args={'value': 17, 'prev_value': None, 'change': True}
2023-03-25 19:48:59,232 : EventManager : Event: ======'machine_var_audits_switches_s_right_cellar'====== Args={'value': 1845, 'prev_value': None, 'change': True}
2023-03-25 19:48:59,232 : EventManager : Event: ======'machine_var_audits_switches_s_right_flipper'====== Args={'value': 276, 'prev_value': None, 'change': True}
2023-03-25 19:48:59,232 : EventManager : Event: ======'machine_var_audits_switches_s_right_inlane'====== Args={'value': 0, 'prev_value': None, 'change': True}
2023-03-25 19:48:59,232 : EventManager : Event: ======'machine_var_audits_switches_s_right_loop_bottom'====== Args={'value': 0, 'prev_value': None, 'change': True}
2023-03-25 19:48:59,232 : EventManager : Event: ======'machine_var_audits_switches_s_right_loop_top'====== Args={'value': 0, 'prev_value': None, 'change': True}
2023-03-25 19:48:59,232 : EventManager : Event: ======'machine_var_audits_switches_s_right_outlane'====== Args={'value': 0, 'prev_value': None, 'change': True}
2023-03-25 19:48:59,232 : EventManager : Event: ======'machine_var_audits_switches_s_right_ramp_down'====== Args={'value': 26, 'prev_value': None, 'change': True}
2023-03-25 19:48:59,232 : EventManager : Event: ======'machine_var_audits_switches_s_right_ramp_score_bottom'====== Args={'value': 24, 'prev_value': None, 'change': True}
2023-03-25 19:48:59,232 : EventManager : Event: ======'machine_var_audits_switches_s_right_ramp_score_top'====== Args={'value': 26, 'prev_value': None, 'change': True}
2023-03-25 19:48:59,232 : EventManager : Event: ======'machine_var_audits_switches_s_right_slingshot'====== Args={'value': 0, 'prev_value': None, 'change': True}
2023-03-25 19:48:59,232 : EventManager : Event: ======'machine_var_audits_switches_s_right_standup'====== Args={'value': 0, 'prev_value': None, 'change': True}
2023-03-25 19:48:59,232 : EventManager : Event: ======'machine_var_audits_switches_s_right_standup_right_ramp'====== Args={'value': 0, 'prev_value': None, 'change': True}
2023-03-25 19:48:59,232 : EventManager : Event: ======'machine_var_audits_switches_s_right_top_jet_bumper'====== Args={'value': 12, 'prev_value': None, 'change': True}
2023-03-25 19:48:59,232 : EventManager : Event: ======'machine_var_audits_switches_s_spinner'====== Args={'value': 4765, 'prev_value': None, 'change': True}
2023-03-25 19:48:59,232 : EventManager : Event: ======'machine_var_audits_switches_s_start'====== Args={'value': 258, 'prev_value': None, 'change': True}
2023-03-25 19:48:59,232 : EventManager : Event: ======'machine_var_audits_switches_s_top_right_reject'====== Args={'value': 0, 'prev_value': None, 'change': True}
2023-03-25 19:48:59,233 : EventManager : Event: ======'machine_var_audits_switches_s_trough1'====== Args={'value': 7, 'prev_value': None, 'change': True}
2023-03-25 19:48:59,233 : EventManager : Event: ======'machine_var_audits_switches_s_trough2'====== Args={'value': 5, 'prev_value': None, 'change': True}
2023-03-25 19:48:59,233 : EventManager : Event: ======'machine_var_audits_switches_s_trough3'====== Args={'value': 5, 'prev_value': None, 'change': True}
2023-03-25 19:48:59,233 : EventManager : Event: ======'machine_var_audits_switches_s_trough_jam'====== Args={'value': 0, 'prev_value': None, 'change': True}
2023-03-25 19:48:59,233 : EventManager : Event: ======'machine_var_audits_switches_s_upper_bank_drop_target_opto'====== Args={'value': 56, 'prev_value': None, 'change': True}
2023-03-25 19:48:59,233 : EventManager : Event: ======'machine_var_audits_switches_s_upper_bottom_jet_bumper'====== Args={'value': 17, 'prev_value': None, 'change': True}
2023-03-25 19:48:59,233 : EventManager : Event: ======'machine_var_audits_switches_s_upper_right_flipper'====== Args={'value': 0, 'prev_value': None, 'change': True}
2023-03-25 19:48:59,241 : EventManager : Event: ======'mc_reset_phase_1'====== Args={}
2023-03-25 19:48:59,241 : EventManager : Event: ======'mc_reset_phase_2'====== Args={}
2023-03-25 19:48:59,241 : EventManager : Event: ======'mc_reset_phase_3'====== Args={}
2023-03-25 19:48:59,241 : EventManager : Event: ======'mc_reset_complete'====== Args={}
2023-03-25 19:48:59,253 : EventManager : Event: ======'slides_play'====== Args={'settings': {'slide1': {'widgets': [{'type': 'image', 'image': 'twisted_pictures', '_default_settings': ['type', 'image'], 'x': None, 'y': None, 'anchor_x': 'center', 'anchor_y': 'center', 'round_anchor_x': None, 'round_anchor_y': None, 'opacity': 1.0, 'z': 0, 'reset_animations_events': {}, 'color': [1.0, 1.0, 1.0, 1.0], 'style': [], 'adjust_top': 0, 'adjust_bottom': 0, 'adjust_left': 0, 'adjust_right': 0, 'expire': None, 'key': None, 'widget': None, 'events_when_added': [], 'events_when_removed': [], 'fps': 10, 'loops': -1, 'auto_play': True, 'start_frame': 0, 'rotation': 0, 'scale': 1.0, 'animations': None}], 'transition': {'type': 'fade', 'duration': 0.1}, 'target': None, 'background_color': [0.0, 0.0, 0.0, 1.0], 'priority': None, 'show': True, 'force': False, 'expire': None, 'slide': None, 'tokens': {}, 'action': 'play'}}, 'context': 'show_1', 'calling_context': 0, 'priority': 10, 'show_tokens': {}, 'start_time': 416281.406}
2023-03-25 19:48:59,253 : EventManager : Event: ======'sounds_play'====== Args={'settings': {'themesong': {'action': 'play', 'loops': -1, 'priority': None, 'block': False, 'delay': None, 'track': None, 'volume': None, 'pan': None, 'start_at': None, 'fade_in': None, 'fade_out': None, 'about_to_finish_time': -1.0, 'max_queue_time': -1.0, 'events_when_played': ['use_sound_setting'], 'events_when_stopped': ['use_sound_setting'], 'events_when_looping': ['use_sound_setting'], 'events_when_about_to_finish': ['use_sound_setting'], 'mode_end_action': 'use_sound_setting', 'key': 'use_sound_setting'}}, 'context': '_global', 'calling_context': 'mode_attract_started', 'priority': 0}
2023-03-25 19:48:59,254 : mpfmc : SlidePlayer: Play called with settings={'slide1': {'widgets': [{'type': 'image', 'image': 'twisted_pictures', '_default_settings': ['type', 'image'], 'x': None, 'y': None, 'anchor_x': 'center', 'anchor_y': 'center', 'round_anchor_x': None, 'round_anchor_y': None, 'opacity': 1.0, 'z': 0, 'reset_animations_events': {}, 'color': [1.0, 1.0, 1.0, 1.0], 'style': [], 'adjust_top': 0, 'adjust_bottom': 0, 'adjust_left': 0, 'adjust_right': 0, 'expire': None, 'key': None, 'widget': None, 'events_when_added': [], 'events_when_removed': [], 'fps': 10, 'loops': -1, 'auto_play': True, 'start_frame': 0, 'rotation': 0, 'scale': 1.0, 'animations': None}], 'transition': {'type': 'fade', 'duration': 0.1}, 'target': None, 'background_color': [0.0, 0.0, 0.0, 1.0], 'priority': None, 'show': True, 'force': False, 'expire': None, 'slide': None, 'tokens': {}, 'action': 'play'}}
2023-03-25 19:48:59,256 : EventManager : Event: ======'slide_slide1_created'====== Args={}
2023-03-25 19:48:59,317 : EventManager : Event: ======'slide_slide1_active'====== Args={}
2023-03-25 19:49:00,513 : EventManager : Event: ======'game_started'====== Args={}
2023-03-25 19:49:00,513 : EventManager : Event: ======'slides_clear'====== Args={'context': 'show_1'}
2023-03-25 19:49:00,513 : EventManager : Event: ======'sounds_play'====== Args={'settings': {'themesong': {'action': 'stop', 'priority': None, 'block': False, 'delay': None, 'track': None, 'volume': None, 'pan': None, 'loops': None, 'start_at': None, 'fade_in': None, 'fade_out': None, 'about_to_finish_time': -1.0, 'max_queue_time': -1.0, 'events_when_played': ['use_sound_setting'], 'events_when_stopped': ['use_sound_setting'], 'events_when_looping': ['use_sound_setting'], 'events_when_about_to_finish': ['use_sound_setting'], 'mode_end_action': 'use_sound_setting', 'key': 'use_sound_setting'}}, 'context': '_global', 'calling_context': 'mode_attract_stopped', 'priority': 0}
2023-03-25 19:49:00,513 : EventManager : Event: ======'player_added'====== Args={'player': <Player 1>, 'num': 1}
2023-03-25 19:49:00,513 : EventManager : Event: ======'player_index'====== Args={'value': 0, 'prev_value': 0, 'change': 0, 'player_num': 1}
2023-03-25 19:49:00,513 : EventManager : Event: ======'player_number'====== Args={'value': 1, 'prev_value': 1, 'change': 0, 'player_num': 1}
2023-03-25 19:49:00,513 : EventManager : Event: ======'player_score'====== Args={'value': 0, 'prev_value': 0, 'change': 0, 'player_num': 1}
2023-03-25 19:49:00,513 : EventManager : Event: ======'slide_slide1_removed'====== Args={}
2023-03-25 19:49:00,514 : EventManager : Event: ======'slide_lcd_blank_active'====== Args={}
2023-03-25 19:49:00,525 : EventManager : Event: ======'player_ball'====== Args={'value': 1, 'prev_value': 0, 'change': 1, 'player_num': 1}
2023-03-25 19:49:00,538 : EventManager : Event: ======'player_turn_start'====== Args={'number': 1, 'player': <Player 1>}
2023-03-25 19:49:00,538 : EventManager : Event: ======'player_skillshot_mode_timer_tick'====== Args={'value': 3, 'prev_value': 0, 'change': 3, 'player_num': 1}
2023-03-25 19:49:00,538 : EventManager : Event: ======'player_skillshot_target_rotator_tick'====== Args={'value': 0, 'prev_value': 0, 'change': 0, 'player_num': 1}
2023-03-25 19:49:00,538 : EventManager : Event: ======'player_shot_dt_drop2_enabled'====== Args={'value': True, 'prev_value': 0, 'change': 1, 'player_num': 1}
2023-03-25 19:49:00,538 : EventManager : Event: ======'player_shot_dt_drop3_enabled'====== Args={'value': True, 'prev_value': 0, 'change': 1, 'player_num': 1}
2023-03-25 19:49:00,538 : EventManager : Event: ======'player_shot_dt_drop4_enabled'====== Args={'value': True, 'prev_value': 0, 'change': 1, 'player_num': 1}
2023-03-25 19:49:00,538 : EventManager : Event: ======'sounds_play'====== Args={'settings': {'playagame': {'priority': None, 'block': False, 'action': 'play', 'delay': None, 'track': None, 'volume': None, 'pan': None, 'loops': None, 'start_at': None, 'fade_in': None, 'fade_out': None, 'about_to_finish_time': -1.0, 'max_queue_time': -1.0, 'events_when_played': ['use_sound_setting'], 'events_when_stopped': ['use_sound_setting'], 'events_when_looping': ['use_sound_setting'], 'events_when_about_to_finish': ['use_sound_setting'], 'mode_end_action': 'use_sound_setting', 'key': 'use_sound_setting'}}, 'context': '_global', 'calling_context': 'ball_starting', 'priority': 0, 'queue': '<QueuedEvent>', 'player': 1, 'ball': 1, 'balls_remaining': 2, 'is_extra_ball': False}
2023-03-25 19:49:00,538 : EventManager : Event: ======'slides_play'====== Args={'settings': {'wanttoplayagame': {'target': 'lcd', 'widgets': [{'type': 'video', 'video': 'wanttoplayagame', '_default_settings': ['type', 'video'], 'x': None, 'y': None, 'anchor_x': 'center', 'anchor_y': 'center', 'round_anchor_x': None, 'round_anchor_y': None, 'opacity': 1.0, 'z': 0, 'reset_animations_events': {}, 'color': [1.0, 1.0, 1.0, 1.0], 'style': [], 'adjust_top': 0, 'adjust_bottom': 0, 'adjust_left': 0, 'adjust_right': 0, 'expire': None, 'key': None, 'widget': None, 'events_when_added': [], 'events_when_removed': [], 'height': 0, 'width': 0, 'volume': 1.0, 'auto_play': True, 'end_behavior': 'stop', 'control_events': [], 'animations': None}], 'background_color': [0.0, 0.0, 0.0, 1.0], 'priority': None, 'show': True, 'force': False, 'expire': None, 'slide': None, 'tokens': {}, 'action': 'play'}}, 'context': 'show_6', 'calling_context': 0, 'priority': 1000, 'show_tokens': {}, 'start_time': 416282.687}
2023-03-25 19:49:00,539 : EventManager : Event: ======'mode_skillshot_started'====== Args={'queue': '<QueuedEvent>', 'player': 1, 'ball': 1, 'balls_remaining': 2, 'is_extra_ball': False}
2023-03-25 19:49:00,539 : EventManager : Event: ======'slides_play'====== Args={'settings': {'widgets': {'widgets': [{'type': 'image', 'image': 'spiral', 'opacity': 0.7, 'y': 'top-20', 'x': 'right-165', '_default_settings': ['type', 'image', 'opacity', 'y', 'x'], 'anchor_x': 'center', 'anchor_y': 'center', 'round_anchor_x': None, 'round_anchor_y': None, 'z': 0, 'reset_animations_events': {}, 'color': [1.0, 1.0, 1.0, 1.0], 'style': [], 'adjust_top': 0, 'adjust_bottom': 0, 'adjust_left': 0, 'adjust_right': 0, 'expire': None, 'key': None, 'widget': None, 'events_when_added': [], 'events_when_removed': [], 'fps': 10, 'loops': -1, 'auto_play': True, 'start_frame': 0, 'rotation': 0, 'scale': 1.0, 'animations': None}, {'type': 'text', 'font_name': 'TrajanProRegular', 'text': 'PLAYER (number)', 'y': 'top-25', 'x': 'left+105', 'font_size': 38, 'color': [0.7607843137254902, 0.8901960784313725, 0.8784313725490196, 1], '_default_settings': ['type', 'font_name', 'text', 'y', 'x', 'font_size', 'color'], 'anchor_x': 'center', 'anchor_y': 'center', 'round_anchor_x': None, 'round_anchor_y': None, 'opacity': 1.0, 'z': 0, 'reset_animations_events': {}, 'style': [], 'adjust_top': 0, 'adjust_bottom': 0, 'adjust_left': 0, 'adjust_right': 0, 'expire': None, 'key': None, 'widget': None, 'events_when_added': [], 'events_when_removed': [], 'bitmap_font': False, 'font_kerning': True, 'bold': False, 'italic': False, 'number_grouping': False, 'min_digits': 0, 'halign': 'center', 'valign': 'middle', 'rotation': 0, 'scale': 1.0, 'casing': None, 'animations': None}, {'type': 'image', 'image': 'rustpipe2', 'y': 'top-44', 'x': 'left+95', 'opacity': 0.5, '_default_settings': ['type', 'image', 'y', 'x', 'opacity'], 'anchor_x': 'center', 'anchor_y': 'center', 'round_anchor_x': None, 'round_anchor_y': None, 'z': 0, 'reset_animations_events': {}, 'color': [1.0, 1.0, 1.0, 1.0], 'style': [], 'adjust_top': 0, 'adjust_bottom': 0, 'adjust_left': 0, 'adjust_right': 0, 'expire': None, 'key': None, 'widget': None, 'events_when_added': [], 'events_when_removed': [], 'fps': 10, 'loops': -1, 'auto_play': True, 'start_frame': 0, 'rotation': 0, 'scale': 1.0, 'animations': None}, {'type': 'text', 'text': 'BALL (ball)', 'font_name': 'TrajanProRegular', 'y': 'top-25', 'x': 'right-70', 'color': [0.7607843137254902, 0.8901960784313725, 0.8784313725490196, 1], 'font_size': 38, '_default_settings': ['type', 'text', 'font_name', 'y', 'x', 'color', 'font_size'], 'anchor_x': 'center', 'anchor_y': 'center', 'round_anchor_x': None, 'round_anchor_y': None, 'opacity': 1.0, 'z': 0, 'reset_animations_events': {}, 'style': [], 'adjust_top': 0, 'adjust_bottom': 0, 'adjust_left': 0, 'adjust_right': 0, 'expire': None, 'key': None, 'widget': None, 'events_when_added': [], 'events_when_removed': [], 'bitmap_font': False, 'font_kerning': True, 'bold': False, 'italic': False, 'number_grouping': False, 'min_digits': 0, 'halign': 'center', 'valign': 'middle', 'rotation': 0, 'scale': 1.0, 'casing': None, 'animations': None}, {'type': 'image', 'image': 'rustpipe2', 'y': 'top-44', 'x': 'right-90', 'opacity': 0.5, '_default_settings': ['type', 'image', 'y', 'x', 'opacity'], 'anchor_x': 'center', 'anchor_y': 'center', 'round_anchor_x': None, 'round_anchor_y': None, 'z': 0, 'reset_animations_events': {}, 'color': [1.0, 1.0, 1.0, 1.0], 'style': [], 'adjust_top': 0, 'adjust_bottom': 0, 'adjust_left': 0, 'adjust_right': 0, 'expire': None, 'key': None, 'widget': None, 'events_when_added': [], 'events_when_removed': [], 'fps': 10, 'loops': -1, 'auto_play': True, 'start_frame': 0, 'rotation': 0, 'scale': 1.0, 'animations': None}, {'type': 'text', 'text': '(score)', 'number_grouping': True, 'y': '16', 'x': '25', 'font_size': 36, 'anchor_x': 'left', 'anchor_y': 'bottom', 'font_name': 'TrajanProRegular', 'color': [0.7607843137254902, 0.8901960784313725, 0.8784313725490196, 1], '_default_settings': ['type', 'text', 'number_grouping', 'y', 'x', 'font_size', 'anchor_x', 'anchor_y', 'font_name', 'color'], 'round_anchor_x': None, 'round_anchor_y': None, 'opacity': 1.0, 'z': 0, 'reset_animations_events': {}, 'style': [], 'adjust_top': 0, 'adjust_bottom': 0, 'adjust_left': 0, 'adjust_right': 0, 'expire': None, 'key': None, 'widget': None, 'events_when_added': [], 'events_when_removed': [], 'bitmap_font': False, 'font_kerning': True, 'bold': False, 'italic': False, 'min_digits': 0, 'halign': 'center', 'valign': 'middle', 'rotation': 0, 'scale': 1.0, 'casing': None, 'animations': None}, {'type': 'image', 'image': 'hacksawUI', 'opacity': 0.9, 'y': '1', 'x': '1', 'anchor_x': 'left', 'anchor_y': 'bottom', '_default_settings': ['type', 'image', 'opacity', 'y', 'x', 'anchor_x', 'anchor_y'], 'round_anchor_x': None, 'round_anchor_y': None, 'z': 0, 'reset_animations_events': {}, 'color': [1.0, 1.0, 1.0, 1.0], 'style': [], 'adjust_top': 0, 'adjust_bottom': 0, 'adjust_left': 0, 'adjust_right': 0, 'expire': None, 'key': None, 'widget': None, 'events_when_added': [], 'events_when_removed': [], 'fps': 10, 'loops': -1, 'auto_play': True, 'start_frame': 0, 'rotation': 0, 'scale': 1.0, 'animations': None}, {'type': 'Text', 'text': 'PRESS START', 'font_name': 'TrajanProRegular', 'font_size': 28, 'y': '35', 'x': 'left+490', 'color': [1.0, 0.0, 0.0, 1], 'animations': {'pre_show_slide': [{'property': ['opacity'], 'value': ['0'], 'duration': 1.5, 'relative': False, 'timing': 'after_previous', 'repeat': False, 'easing': 'linear'}, {'property': ['opacity'], 'value': ['1'], 'duration': 1.5, 'repeat': True, 'relative': False, 'timing': 'after_previous', 'easing': 'linear'}]}, '_default_settings': ['type', 'text', 'font_name', 'font_size', 'y', 'x', 'color', 'animations'], 'anchor_x': 'center', 'anchor_y': 'center', 'round_anchor_x': None, 'round_anchor_y': None, 'opacity': 1.0, 'z': 0, 'reset_animations_events': {}, 'style': [], 'adjust_top': 0, 'adjust_bottom': 0, 'adjust_left': 0, 'adjust_right': 0, 'expire': None, 'key': None, 'widget': None, 'events_when_added': [], 'events_when_removed': [], 'bitmap_font': False, 'font_kerning': True, 'bold': False, 'italic': False, 'number_grouping': False, 'min_digits': 0, 'halign': 'center', 'valign': 'middle', 'rotation': 0, 'scale': 1.0, 'casing': None}, {'type': 'image', 'image': 'hacksawUI', 'opacity': 0.9, 'y': '1', 'x': 'left+520', 'anchor_y': 'bottom', '_default_settings': ['type', 'image', 'opacity', 'y', 'x', 'anchor_y'], 'anchor_x': 'center', 'round_anchor_x': None, 'round_anchor_y': None, 'z': 0, 'reset_animations_events': {}, 'color': [1.0, 1.0, 1.0, 1.0], 'style': [], 'adjust_top': 0, 'adjust_bottom': 0, 'adjust_left': 0, 'adjust_right': 0, 'expire': None, 'key': None, 'widget': None, 'events_when_added': [], 'events_when_removed': [], 'fps': 10, 'loops': -1, 'auto_play': True, 'start_frame': 0, 'rotation': 0, 'scale': 1.0, 'animations': None}, {'type': 'Text', 'text': 'PRESS START', 'font_name': 'TrajanProRegular', 'font_size': 28, 'y': '35', 'x': 'left+840', 'color': [1.0, 0.0, 0.0, 1], 'animations': {'pre_show_slide': [{'property': ['opacity'], 'value': ['0'], 'duration': 1.5, 'relative': False, 'timing': 'after_previous', 'repeat': False, 'easing': 'linear'}, {'property': ['opacity'], 'value': ['1'], 'duration': 1.5, 'repeat': True, 'relative': False, 'timing': 'after_previous', 'easing': 'linear'}]}, '_default_settings': ['type', 'text', 'font_name', 'font_size', 'y', 'x', 'color', 'animations'], 'anchor_x': 'center', 'anchor_y': 'center', 'round_anchor_x': None, 'round_anchor_y': None, 'opacity': 1.0, 'z': 0, 'reset_animations_events': {}, 'style': [], 'adjust_top': 0, 'adjust_bottom': 0, 'adjust_left': 0, 'adjust_right': 0, 'expire': None, 'key': None, 'widget': None, 'events_when_added': [], 'events_when_removed': [], 'bitmap_font': False, 'font_kerning': True, 'bold': False, 'italic': False, 'number_grouping': False, 'min_digits': 0, 'halign': 'center', 'valign': 'middle', 'rotation': 0, 'scale': 1.0, 'casing': None}, {'type': 'image', 'image': 'hacksawUI', 'opacity': 0.9, 'y': '1', 'x': 'left+870', 'anchor_y': 'bottom', '_default_settings': ['type', 'image', 'opacity', 'y', 'x', 'anchor_y'], 'anchor_x': 'center', 'round_anchor_x': None, 'round_anchor_y': None, 'z': 0, 'reset_animations_events': {}, 'color': [1.0, 1.0, 1.0, 1.0], 'style': [], 'adjust_top': 0, 'adjust_bottom': 0, 'adjust_left': 0, 'adjust_right': 0, 'expire': None, 'key': None, 'widget': None, 'events_when_added': [], 'events_when_removed': [], 'fps': 10, 'loops': -1, 'auto_play': True, 'start_frame': 0, 'rotation': 0, 'scale': 1.0, 'animations': None}, {'type': 'Text', 'text': 'PRESS START', 'font_name': 'TrajanProRegular', 'font_size': 28, 'y': '35', 'x': 'left+1180', 'color': [1.0, 0.0, 0.0, 1], 'animations': {'pre_show_slide': [{'property': ['opacity'], 'value': ['0'], 'duration': 1.5, 'relative': False, 'timing': 'after_previous', 'repeat': False, 'easing': 'linear'}, {'property': ['opacity'], 'value': ['1'], 'duration': 1.5, 'repeat': True, 'relative': False, 'timing': 'after_previous', 'easing': 'linear'}]}, '_default_settings': ['type', 'text', 'font_name', 'font_size', 'y', 'x', 'color', 'animations'], 'anchor_x': 'center', 'anchor_y': 'center', 'round_anchor_x': None, 'round_anchor_y': None, 'opacity': 1.0, 'z': 0, 'reset_animations_events': {}, 'style': [], 'adjust_top': 0, 'adjust_bottom': 0, 'adjust_left': 0, 'adjust_right': 0, 'expire': None, 'key': None, 'widget': None, 'events_when_added': [], 'events_when_removed': [], 'bitmap_font': False, 'font_kerning': True, 'bold': False, 'italic': False, 'number_grouping': False, 'min_digits': 0, 'halign': 'center', 'valign': 'middle', 'rotation': 0, 'scale': 1.0, 'casing': None}, {'type': 'image', 'image': 'hacksawUI', 'opacity': 0.9, 'y': '1', 'x': 'left+1210', 'anchor_y': 'bottom', '_default_settings': ['type', 'image', 'opacity', 'y', 'x', 'anchor_y'], 'anchor_x': 'center', 'round_anchor_x': None, 'round_anchor_y': None, 'z': 0, 'reset_animations_events': {}, 'color': [1.0, 1.0, 1.0, 1.0], 'style': [], 'adjust_top': 0, 'adjust_bottom': 0, 'adjust_left': 0, 'adjust_right': 0, 'expire': None, 'key': None, 'widget': None, 'events_when_added': [], 'events_when_removed': [], 'fps': 10, 'loops': -1, 'auto_play': True, 'start_frame': 0, 'rotation': 0, 'scale': 1.0, 'animations': None}, {'type': 'video', 'video': 'gordonsaw', 'width': 1366, 'height': 768, 'end_behavior': 'loop', '_default_settings': ['type', 'video', 'width', 'height', 'end_behavior'], 'x': None, 'y': None, 'anchor_x': 'center', 'anchor_y': 'center', 'round_anchor_x': None, 'round_anchor_y': None, 'opacity': 1.0, 'z': 0, 'reset_animations_events': {}, 'color': [1.0, 1.0, 1.0, 1.0], 'style': [], 'adjust_top': 0, 'adjust_bottom': 0, 'adjust_left': 0, 'adjust_right': 0, 'expire': None, 'key': None, 'widget': None, 'events_when_added': [], 'events_when_removed': [], 'volume': 1.0, 'auto_play': True, 'control_events': [], 'animations': None}], 'target': None, 'background_color': [0.0, 0.0, 0.0, 1.0], 'priority': None, 'show': True, 'force': False, 'expire': None, 'slide': None, 'tokens': {}, 'action': 'play'}}, 'context': 'base', 'calling_context': 'mode_base_started', 'priority': 100, 'queue': '<QueuedEvent>', 'player': 1, 'ball': 1, 'balls_remaining': 2, 'is_extra_ball': False}
2023-03-25 19:49:00,539 : mpfmc : SlidePlayer: Play called with settings={'wanttoplayagame': {'target': 'lcd', 'widgets': [{'type': 'video', 'video': 'wanttoplayagame', '_default_settings': ['type', 'video'], 'x': None, 'y': None, 'anchor_x': 'center', 'anchor_y': 'center', 'round_anchor_x': None, 'round_anchor_y': None, 'opacity': 1.0, 'z': 0, 'reset_animations_events': {}, 'color': [1.0, 1.0, 1.0, 1.0], 'style': [], 'adjust_top': 0, 'adjust_bottom': 0, 'adjust_left': 0, 'adjust_right': 0, 'expire': None, 'key': None, 'widget': None, 'events_when_added': [], 'events_when_removed': [], 'height': 0, 'width': 0, 'volume': 1.0, 'auto_play': True, 'end_behavior': 'stop', 'control_events': [], 'animations': None}], 'background_color': [0.0, 0.0, 0.0, 1.0], 'priority': None, 'show': True, 'force': False, 'expire': None, 'slide': None, 'tokens': {}, 'action': 'play'}}
2023-03-25 19:49:00,543 : EventManager : Event: ======'slide_wanttoplayagame_created'====== Args={}
2023-03-25 19:49:00,544 : mpfmc : SlidePlayer: Play called with settings={'widgets': {'widgets': [{'type': 'image', 'image': 'spiral', 'opacity': 0.7, 'y': 'top-20', 'x': 'right-165', '_default_settings': ['type', 'image', 'opacity', 'y', 'x'], 'anchor_x': 'center', 'anchor_y': 'center', 'round_anchor_x': None, 'round_anchor_y': None, 'z': 0, 'reset_animations_events': {}, 'color': [1.0, 1.0, 1.0, 1.0], 'style': [], 'adjust_top': 0, 'adjust_bottom': 0, 'adjust_left': 0, 'adjust_right': 0, 'expire': None, 'key': None, 'widget': None, 'events_when_added': [], 'events_when_removed': [], 'fps': 10, 'loops': -1, 'auto_play': True, 'start_frame': 0, 'rotation': 0, 'scale': 1.0, 'animations': None}, {'type': 'text', 'font_name': 'TrajanProRegular', 'text': 'PLAYER (number)', 'y': 'top-25', 'x': 'left+105', 'font_size': 38, 'color': [0.7607843137254902, 0.8901960784313725, 0.8784313725490196, 1], '_default_settings': ['type', 'font_name', 'text', 'y', 'x', 'font_size', 'color'], 'anchor_x': 'center', 'anchor_y': 'center', 'round_anchor_x': None, 'round_anchor_y': None, 'opacity': 1.0, 'z': 0, 'reset_animations_events': {}, 'style': [], 'adjust_top': 0, 'adjust_bottom': 0, 'adjust_left': 0, 'adjust_right': 0, 'expire': None, 'key': None, 'widget': None, 'events_when_added': [], 'events_when_removed': [], 'bitmap_font': False, 'font_kerning': True, 'bold': False, 'italic': False, 'number_grouping': False, 'min_digits': 0, 'halign': 'center', 'valign': 'middle', 'rotation': 0, 'scale': 1.0, 'casing': None, 'animations': None}, {'type': 'image', 'image': 'rustpipe2', 'y': 'top-44', 'x': 'left+95', 'opacity': 0.5, '_default_settings': ['type', 'image', 'y', 'x', 'opacity'], 'anchor_x': 'center', 'anchor_y': 'center', 'round_anchor_x': None, 'round_anchor_y': None, 'z': 0, 'reset_animations_events': {}, 'color': [1.0, 1.0, 1.0, 1.0], 'style': [], 'adjust_top': 0, 'adjust_bottom': 0, 'adjust_left': 0, 'adjust_right': 0, 'expire': None, 'key': None, 'widget': None, 'events_when_added': [], 'events_when_removed': [], 'fps': 10, 'loops': -1, 'auto_play': True, 'start_frame': 0, 'rotation': 0, 'scale': 1.0, 'animations': None}, {'type': 'text', 'text': 'BALL (ball)', 'font_name': 'TrajanProRegular', 'y': 'top-25', 'x': 'right-70', 'color': [0.7607843137254902, 0.8901960784313725, 0.8784313725490196, 1], 'font_size': 38, '_default_settings': ['type', 'text', 'font_name', 'y', 'x', 'color', 'font_size'], 'anchor_x': 'center', 'anchor_y': 'center', 'round_anchor_x': None, 'round_anchor_y': None, 'opacity': 1.0, 'z': 0, 'reset_animations_events': {}, 'style': [], 'adjust_top': 0, 'adjust_bottom': 0, 'adjust_left': 0, 'adjust_right': 0, 'expire': None, 'key': None, 'widget': None, 'events_when_added': [], 'events_when_removed': [], 'bitmap_font': False, 'font_kerning': True, 'bold': False, 'italic': False, 'number_grouping': False, 'min_digits': 0, 'halign': 'center', 'valign': 'middle', 'rotation': 0, 'scale': 1.0, 'casing': None, 'animations': None}, {'type': 'image', 'image': 'rustpipe2', 'y': 'top-44', 'x': 'right-90', 'opacity': 0.5, '_default_settings': ['type', 'image', 'y', 'x', 'opacity'], 'anchor_x': 'center', 'anchor_y': 'center', 'round_anchor_x': None, 'round_anchor_y': None, 'z': 0, 'reset_animations_events': {}, 'color': [1.0, 1.0, 1.0, 1.0], 'style': [], 'adjust_top': 0, 'adjust_bottom': 0, 'adjust_left': 0, 'adjust_right': 0, 'expire': None, 'key': None, 'widget': None, 'events_when_added': [], 'events_when_removed': [], 'fps': 10, 'loops': -1, 'auto_play': True, 'start_frame': 0, 'rotation': 0, 'scale': 1.0, 'animations': None}, {'type': 'text', 'text': '(score)', 'number_grouping': True, 'y': '16', 'x': '25', 'font_size': 36, 'anchor_x': 'left', 'anchor_y': 'bottom', 'font_name': 'TrajanProRegular', 'color': [0.7607843137254902, 0.8901960784313725, 0.8784313725490196, 1], '_default_settings': ['type', 'text', 'number_grouping', 'y', 'x', 'font_size', 'anchor_x', 'anchor_y', 'font_name', 'color'], 'round_anchor_x': None, 'round_anchor_y': None, 'opacity': 1.0, 'z': 0, 'reset_animations_events': {}, 'style': [], 'adjust_top': 0, 'adjust_bottom': 0, 'adjust_left': 0, 'adjust_right': 0, 'expire': None, 'key': None, 'widget': None, 'events_when_added': [], 'events_when_removed': [], 'bitmap_font': False, 'font_kerning': True, 'bold': False, 'italic': False, 'min_digits': 0, 'halign': 'center', 'valign': 'middle', 'rotation': 0, 'scale': 1.0, 'casing': None, 'animations': None}, {'type': 'image', 'image': 'hacksawUI', 'opacity': 0.9, 'y': '1', 'x': '1', 'anchor_x': 'left', 'anchor_y': 'bottom', '_default_settings': ['type', 'image', 'opacity', 'y', 'x', 'anchor_x', 'anchor_y'], 'round_anchor_x': None, 'round_anchor_y': None, 'z': 0, 'reset_animations_events': {}, 'color': [1.0, 1.0, 1.0, 1.0], 'style': [], 'adjust_top': 0, 'adjust_bottom': 0, 'adjust_left': 0, 'adjust_right': 0, 'expire': None, 'key': None, 'widget': None, 'events_when_added': [], 'events_when_removed': [], 'fps': 10, 'loops': -1, 'auto_play': True, 'start_frame': 0, 'rotation': 0, 'scale': 1.0, 'animations': None}, {'type': 'Text', 'text': 'PRESS START', 'font_name': 'TrajanProRegular', 'font_size': 28, 'y': '35', 'x': 'left+490', 'color': [1.0, 0.0, 0.0, 1], 'animations': {'pre_show_slide': [{'property': ['opacity'], 'value': ['0'], 'duration': 1.5, 'relative': False, 'timing': 'after_previous', 'repeat': False, 'easing': 'linear'}, {'property': ['opacity'], 'value': ['1'], 'duration': 1.5, 'repeat': True, 'relative': False, 'timing': 'after_previous', 'easing': 'linear'}]}, '_default_settings': ['type', 'text', 'font_name', 'font_size', 'y', 'x', 'color', 'animations'], 'anchor_x': 'center', 'anchor_y': 'center', 'round_anchor_x': None, 'round_anchor_y': None, 'opacity': 1.0, 'z': 0, 'reset_animations_events': {}, 'style': [], 'adjust_top': 0, 'adjust_bottom': 0, 'adjust_left': 0, 'adjust_right': 0, 'expire': None, 'key': None, 'widget': None, 'events_when_added': [], 'events_when_removed': [], 'bitmap_font': False, 'font_kerning': True, 'bold': False, 'italic': False, 'number_grouping': False, 'min_digits': 0, 'halign': 'center', 'valign': 'middle', 'rotation': 0, 'scale': 1.0, 'casing': None}, {'type': 'image', 'image': 'hacksawUI', 'opacity': 0.9, 'y': '1', 'x': 'left+520', 'anchor_y': 'bottom', '_default_settings': ['type', 'image', 'opacity', 'y', 'x', 'anchor_y'], 'anchor_x': 'center', 'round_anchor_x': None, 'round_anchor_y': None, 'z': 0, 'reset_animations_events': {}, 'color': [1.0, 1.0, 1.0, 1.0], 'style': [], 'adjust_top': 0, 'adjust_bottom': 0, 'adjust_left': 0, 'adjust_right': 0, 'expire': None, 'key': None, 'widget': None, 'events_when_added': [], 'events_when_removed': [], 'fps': 10, 'loops': -1, 'auto_play': True, 'start_frame': 0, 'rotation': 0, 'scale': 1.0, 'animations': None}, {'type': 'Text', 'text': 'PRESS START', 'font_name': 'TrajanProRegular', 'font_size': 28, 'y': '35', 'x': 'left+840', 'color': [1.0, 0.0, 0.0, 1], 'animations': {'pre_show_slide': [{'property': ['opacity'], 'value': ['0'], 'duration': 1.5, 'relative': False, 'timing': 'after_previous', 'repeat': False, 'easing': 'linear'}, {'property': ['opacity'], 'value': ['1'], 'duration': 1.5, 'repeat': True, 'relative': False, 'timing': 'after_previous', 'easing': 'linear'}]}, '_default_settings': ['type', 'text', 'font_name', 'font_size', 'y', 'x', 'color', 'animations'], 'anchor_x': 'center', 'anchor_y': 'center', 'round_anchor_x': None, 'round_anchor_y': None, 'opacity': 1.0, 'z': 0, 'reset_animations_events': {}, 'style': [], 'adjust_top': 0, 'adjust_bottom': 0, 'adjust_left': 0, 'adjust_right': 0, 'expire': None, 'key': None, 'widget': None, 'events_when_added': [], 'events_when_removed': [], 'bitmap_font': False, 'font_kerning': True, 'bold': False, 'italic': False, 'number_grouping': False, 'min_digits': 0, 'halign': 'center', 'valign': 'middle', 'rotation': 0, 'scale': 1.0, 'casing': None}, {'type': 'image', 'image': 'hacksawUI', 'opacity': 0.9, 'y': '1', 'x': 'left+870', 'anchor_y': 'bottom', '_default_settings': ['type', 'image', 'opacity', 'y', 'x', 'anchor_y'], 'anchor_x': 'center', 'round_anchor_x': None, 'round_anchor_y': None, 'z': 0, 'reset_animations_events': {}, 'color': [1.0, 1.0, 1.0, 1.0], 'style': [], 'adjust_top': 0, 'adjust_bottom': 0, 'adjust_left': 0, 'adjust_right': 0, 'expire': None, 'key': None, 'widget': None, 'events_when_added': [], 'events_when_removed': [], 'fps': 10, 'loops': -1, 'auto_play': True, 'start_frame': 0, 'rotation': 0, 'scale': 1.0, 'animations': None}, {'type': 'Text', 'text': 'PRESS START', 'font_name': 'TrajanProRegular', 'font_size': 28, 'y': '35', 'x': 'left+1180', 'color': [1.0, 0.0, 0.0, 1], 'animations': {'pre_show_slide': [{'property': ['opacity'], 'value': ['0'], 'duration': 1.5, 'relative': False, 'timing': 'after_previous', 'repeat': False, 'easing': 'linear'}, {'property': ['opacity'], 'value': ['1'], 'duration': 1.5, 'repeat': True, 'relative': False, 'timing': 'after_previous', 'easing': 'linear'}]}, '_default_settings': ['type', 'text', 'font_name', 'font_size', 'y', 'x', 'color', 'animations'], 'anchor_x': 'center', 'anchor_y': 'center', 'round_anchor_x': None, 'round_anchor_y': None, 'opacity': 1.0, 'z': 0, 'reset_animations_events': {}, 'style': [], 'adjust_top': 0, 'adjust_bottom': 0, 'adjust_left': 0, 'adjust_right': 0, 'expire': None, 'key': None, 'widget': None, 'events_when_added': [], 'events_when_removed': [], 'bitmap_font': False, 'font_kerning': True, 'bold': False, 'italic': False, 'number_grouping': False, 'min_digits': 0, 'halign': 'center', 'valign': 'middle', 'rotation': 0, 'scale': 1.0, 'casing': None}, {'type': 'image', 'image': 'hacksawUI', 'opacity': 0.9, 'y': '1', 'x': 'left+1210', 'anchor_y': 'bottom', '_default_settings': ['type', 'image', 'opacity', 'y', 'x', 'anchor_y'], 'anchor_x': 'center', 'round_anchor_x': None, 'round_anchor_y': None, 'z': 0, 'reset_animations_events': {}, 'color': [1.0, 1.0, 1.0, 1.0], 'style': [], 'adjust_top': 0, 'adjust_bottom': 0, 'adjust_left': 0, 'adjust_right': 0, 'expire': None, 'key': None, 'widget': None, 'events_when_added': [], 'events_when_removed': [], 'fps': 10, 'loops': -1, 'auto_play': True, 'start_frame': 0, 'rotation': 0, 'scale': 1.0, 'animations': None}, {'type': 'video', 'video': 'gordonsaw', 'width': 1366, 'height': 768, 'end_behavior': 'loop', '_default_settings': ['type', 'video', 'width', 'height', 'end_behavior'], 'x': None, 'y': None, 'anchor_x': 'center', 'anchor_y': 'center', 'round_anchor_x': None, 'round_anchor_y': None, 'opacity': 1.0, 'z': 0, 'reset_animations_events': {}, 'color': [1.0, 1.0, 1.0, 1.0], 'style': [], 'adjust_top': 0, 'adjust_bottom': 0, 'adjust_left': 0, 'adjust_right': 0, 'expire': None, 'key': None, 'widget': None, 'events_when_added': [], 'events_when_removed': [], 'volume': 1.0, 'auto_play': True, 'control_events': [], 'animations': None}], 'target': None, 'background_color': [0.0, 0.0, 0.0, 1.0], 'priority': None, 'show': True, 'force': False, 'expire': None, 'slide': None, 'tokens': {}, 'action': 'play'}}
2023-03-25 19:49:00,567 : EventManager : Event: ======'slide_base.slide_player-mode_base_started_created'====== Args={}
2023-03-25 19:49:00,571 : EventManager : Event: ======'slide_wanttoplayagame_active'====== Args={}
2023-03-25 19:49:01,540 : EventManager : Event: ======'player_skillshot_target_rotator_tick'====== Args={'value': 1, 'prev_value': 0, 'change': 1, 'player_num': 1}
2023-03-25 19:49:01,858 : EventManager : Event: ======'machine_var_audits_switches_s_start'====== Args={'value': 259, 'prev_value': 258, 'change': 1}
2023-03-25 19:49:01,858 : EventManager : Event: ======'player_added'====== Args={'player': <Player 2>, 'num': 2}
2023-03-25 19:49:01,858 : EventManager : Event: ======'player_index'====== Args={'value': 1, 'prev_value': 1, 'change': 0, 'player_num': 2}
2023-03-25 19:49:01,858 : EventManager : Event: ======'player_number'====== Args={'value': 2, 'prev_value': 2, 'change': 0, 'player_num': 2}
2023-03-25 19:49:01,858 : EventManager : Event: ======'player_score'====== Args={'value': 0, 'prev_value': 0, 'change': 0, 'player_num': 2}
2023-03-25 19:49:02,547 : EventManager : Event: ======'player_skillshot_target_rotator_tick'====== Args={'value': 2, 'prev_value': 1, 'change': 1, 'player_num': 1}
2023-03-25 19:49:03,547 : EventManager : Event: ======'player_skillshot_target_rotator_tick'====== Args={'value': 3, 'prev_value': 2, 'change': 1, 'player_num': 1}
2023-03-25 19:49:04,547 : EventManager : Event: ======'player_skillshot_target_rotator_tick'====== Args={'value': 4, 'prev_value': 3, 'change': 1, 'player_num': 1}
2023-03-25 19:49:05,053 : EventManager : Event: ======'slides_clear'====== Args={'context': 'show_6'}
2023-03-25 19:49:05,166 : EventManager : Event: ======'slide_wanttoplayagame_removed'====== Args={}
2023-03-25 19:49:05,225 : EventManager : Event: ======'slide_base.slide_player-mode_base_started_active'====== Args={}
2023-03-25 19:49:05,460 : EventManager : Event: ======'machine_var_audits_switches_s_lower_bank_drop_target_opto_middle'====== Args={'value': 497, 'prev_value': 496, 'change': 1}
2023-03-25 19:49:05,460 : EventManager : Event: ======'player_shot_dt_drop3'====== Args={'value': 1, 'prev_value': 0, 'change': 1, 'player_num': 1}
2023-03-25 19:49:05,460 : EventManager : Event: ======'machine_var_audits_shots_dt_drop3'====== Args={'value': 299, 'prev_value': 298, 'change': 1}
2023-03-25 19:49:05,460 : EventManager : Event: ======'slides_play'====== Args={'settings': {'skillshotvideo': {'action': 'play', 'priority': 400, 'expire': 8.0, 'target': None, 'background_color': [0.0, 0.0, 0.0, 1.0], 'show': True, 'force': False, 'slide': None, 'tokens': {}}}, 'context': '_global', 'calling_context': 'mode_skillshot_complete', 'priority': 0}
2023-03-25 19:49:05,460 : EventManager : Event: ======'player_score'====== Args={'value': 250000, 'prev_value': 0, 'change': 250000, 'player_num': 1}
2023-03-25 19:49:05,460 : mpfmc : SlidePlayer: Play called with settings={'skillshotvideo': {'action': 'play', 'priority': 400, 'expire': 8.0, 'target': None, 'background_color': [0.0, 0.0, 0.0, 1.0], 'show': True, 'force': False, 'slide': None, 'tokens': {}}}
2023-03-25 19:49:05,470 : EventManager : Event: ======'slide_skillshotvideo_created'====== Args={}
2023-03-25 19:49:05,472 : EventManager : Event: ======'slide_skillshotvideo_active'====== Args={}
2023-03-25 19:49:05,535 : EventManager : Event: ======'player_skillshot_target_rotator_tick'====== Args={'value': 5, 'prev_value': 4, 'change': 1, 'player_num': 1}
2023-03-25 19:49:05,535 : EventManager : Event: ======'player_shot_dt_drop3'====== Args={'value': 0, 'prev_value': 1, 'change': -1, 'player_num': 1}
2023-03-25 19:49:05,535 : EventManager : Event: ======'player_shot_dt_drop4'====== Args={'value': 1, 'prev_value': 0, 'change': 1, 'player_num': 1}
2023-03-25 19:49:06,553 : EventManager : Event: ======'player_skillshot_target_rotator_tick'====== Args={'value': 6, 'prev_value': 5, 'change': 1, 'player_num': 1}
2023-03-25 19:49:06,553 : EventManager : Event: ======'player_shot_dt_drop2'====== Args={'value': 1, 'prev_value': 0, 'change': 1, 'player_num': 1}
2023-03-25 19:49:06,553 : EventManager : Event: ======'player_shot_dt_drop4'====== Args={'value': 0, 'prev_value': 1, 'change': -1, 'player_num': 1}
2023-03-25 19:49:13,586 : EventManager : Event: ======'slide_skillshotvideo_removed'====== Args={}
2023-03-25 19:49:13,587 : EventManager : Event: ======'slide_base.slide_player-mode_base_started_active'====== Args={}
2023-03-25 19:49:14,668 : EventManager : Event: ======'machine_var_audits_switches_s_right_cellar'====== Args={'value': 1846, 'prev_value': 1845, 'change': 1}
2023-03-25 19:49:14,668 : EventManager : Event: ======'player_score'====== Args={'value': 350000, 'prev_value': 250000, 'change': 100000, 'player_num': 1}
2023-03-25 19:49:15,069 : EventManager : Event: ======'machine_var_audits_switches_s_right_cellar'====== Args={'value': 1847, 'prev_value': 1846, 'change': 1}
2023-03-25 19:49:15,081 : EventManager : Event: ======'player_score'====== Args={'value': 450000, 'prev_value': 350000, 'change': 100000, 'player_num': 1}
2023-03-25 19:49:15,081 : EventManager : Event: ======'player_score'====== Args={'value': 750000, 'prev_value': 450000, 'change': 300000, 'player_num': 1}
2023-03-25 19:49:15,081 : EventManager : Event: ======'slides_play'====== Args={'settings': {'razorwire': {'priority': 400, 'target': None, 'background_color': [0.0, 0.0, 0.0, 1.0], 'show': True, 'force': False, 'expire': None, 'slide': None, 'tokens': {}, 'action': 'play'}}, 'context': 'selection_mode', 'calling_context': 'selection_mode_razorwire_highlighted', 'priority': 100, 'direction': None}
2023-03-25 19:49:15,082 : mpfmc : SlidePlayer: Play called with settings={'razorwire': {'priority': 400, 'target': None, 'background_color': [0.0, 0.0, 0.0, 1.0], 'show': True, 'force': False, 'expire': None, 'slide': None, 'tokens': {}, 'action': 'play'}}
2023-03-25 19:49:15,084 : EventManager : Event: ======'slide_razorwire_created'====== Args={}
2023-03-25 19:49:15,087 : EventManager : Event: ======'slide_razorwire_active'====== Args={}
2023-03-25 19:49:16,632 : EventManager : Event: ======'machine_var_audits_switches_s_start'====== Args={'value': 260, 'prev_value': 259, 'change': 1}
2023-03-25 19:49:16,632 : EventManager : Event: ======'player_razorwire_60s_timer_tick'====== Args={'value': 69, 'prev_value': 0, 'change': 69, 'player_num': 1}
2023-03-25 19:49:16,632 : EventManager : Event: ======'player_shot_upper_l_pop_enabled'====== Args={'value': True, 'prev_value': 0, 'change': 1, 'player_num': 1}
2023-03-25 19:49:16,632 : EventManager : Event: ======'player_shot_upper_r_pop_enabled'====== Args={'value': True, 'prev_value': 0, 'change': 1, 'player_num': 1}
2023-03-25 19:49:16,632 : EventManager : Event: ======'player_shot_upper_b_pop_enabled'====== Args={'value': True, 'prev_value': 0, 'change': 1, 'player_num': 1}
2023-03-25 19:49:16,632 : EventManager : Event: ======'player_added'====== Args={'player': <Player 3>, 'num': 3}
2023-03-25 19:49:16,632 : EventManager : Event: ======'player_index'====== Args={'value': 2, 'prev_value': 2, 'change': 0, 'player_num': 3}
2023-03-25 19:49:16,632 : EventManager : Event: ======'player_number'====== Args={'value': 3, 'prev_value': 3, 'change': 0, 'player_num': 3}
2023-03-25 19:49:16,632 : EventManager : Event: ======'player_score'====== Args={'value': 0, 'prev_value': 0, 'change': 0, 'player_num': 3}
2023-03-25 19:49:16,644 : EventManager : Event: ======'slides_play'====== Args={'settings': {'razorwirevideo': {'priority': 500, 'expire': 8.7, 'target': None, 'background_color': [0.0, 0.0, 0.0, 1.0], 'show': True, 'force': False, 'slide': None, 'tokens': {}, 'action': 'play'}}, 'context': 'razorwire', 'calling_context': 'mode_razorwire_started', 'priority': 100}
2023-03-25 19:49:16,644 : EventManager : Event: ======'sounds_play'====== Args={'settings': {'razorwire': {'action': 'play', 'priority': None, 'block': False, 'delay': None, 'track': None, 'volume': None, 'pan': None, 'loops': None, 'start_at': None, 'fade_in': None, 'fade_out': None, 'about_to_finish_time': -1.0, 'max_queue_time': -1.0, 'events_when_played': ['use_sound_setting'], 'events_when_stopped': ['use_sound_setting'], 'events_when_looping': ['use_sound_setting'], 'events_when_about_to_finish': ['use_sound_setting'], 'mode_end_action': 'use_sound_setting', 'key': 'use_sound_setting'}}, 'context': '_global', 'calling_context': 'mode_razorwire_started', 'priority': 0}
2023-03-25 19:49:16,644 : mpfmc : SlidePlayer: Play called with settings={'razorwirevideo': {'priority': 500, 'expire': 8.7, 'target': None, 'background_color': [0.0, 0.0, 0.0, 1.0], 'show': True, 'force': False, 'slide': None, 'tokens': {}, 'action': 'play'}}
2023-03-25 19:49:16,647 : EventManager : Event: ======'slide_razorwirevideo_created'====== Args={}
2023-03-25 19:49:16,651 : EventManager : Event: ======'slide_razorwirevideo_active'====== Args={}
2023-03-25 19:49:17,642 : EventManager : Event: ======'player_razorwire_60s_timer_tick'====== Args={'value': 68, 'prev_value': 69, 'change': -1, 'player_num': 1}
2023-03-25 19:49:18,649 : EventManager : Event: ======'player_razorwire_60s_timer_tick'====== Args={'value': 67, 'prev_value': 68, 'change': -1, 'player_num': 1}
2023-03-25 19:49:19,644 : EventManager : Event: ======'player_razorwire_60s_timer_tick'====== Args={'value': 66, 'prev_value': 67, 'change': -1, 'player_num': 1}
2023-03-25 19:49:20,648 : EventManager : Event: ======'player_razorwire_60s_timer_tick'====== Args={'value': 65, 'prev_value': 66, 'change': -1, 'player_num': 1}
2023-03-25 19:49:21,659 : EventManager : Event: ======'player_razorwire_60s_timer_tick'====== Args={'value': 64, 'prev_value': 65, 'change': -1, 'player_num': 1}
2023-03-25 19:49:22,659 : EventManager : Event: ======'player_razorwire_60s_timer_tick'====== Args={'value': 63, 'prev_value': 64, 'change': -1, 'player_num': 1}
2023-03-25 19:49:23,660 : EventManager : Event: ======'player_razorwire_60s_timer_tick'====== Args={'value': 62, 'prev_value': 63, 'change': -1, 'player_num': 1}
2023-03-25 19:49:24,672 : EventManager : Event: ======'player_razorwire_60s_timer_tick'====== Args={'value': 61, 'prev_value': 62, 'change': -1, 'player_num': 1}
2023-03-25 19:49:25,352 : EventManager : Event: ======'slide_razorwirevideo_removed'====== Args={}
2023-03-25 19:49:25,353 : EventManager : Event: ======'slide_razorwire_active'====== Args={}
2023-03-25 19:49:25,365 : mpfmc : SlidePlayer: Play called with settings={'slides': {razorwire_pops-None-None: {'priority': 400, 'expire': 66.5, 'target': None, 'background_color': [0.0, 0.0, 0.0, 1.0], 'show': True, 'force': False, 'slide': None, 'tokens': {}, 'action': 'play', 'transition': None, 'transition_out': None}}}
2023-03-25 19:49:25,388 : EventManager : Event: ======'slide_razorwire_pops_created'====== Args={}
2023-03-25 19:49:25,446 : EventManager : Event: ======'slide_razorwire_pops_active'====== Args={}
2023-03-25 19:49:25,666 : EventManager : Event: ======'player_razorwire_60s_timer_tick'====== Args={'value': 60, 'prev_value': 61, 'change': -1, 'player_num': 1}
2023-03-25 19:49:26,074 : EventManager : Event: ======'machine_var_audits_switches_s_left_top_jet_bumper'====== Args={'value': 398, 'prev_value': 397, 'change': 1}
2023-03-25 19:49:26,074 : EventManager : Event: ======'player_shot_upper_l_pop'====== Args={'value': 1, 'prev_value': 0, 'change': 1, 'player_num': 1}
2023-03-25 19:49:26,074 : EventManager : Event: ======'machine_var_audits_shots_upper_l_pop'====== Args={'value': 14, 'prev_value': 13, 'change': 1}
2023-03-25 19:49:26,074 : EventManager : Event: ======'player_score'====== Args={'value': 752150, 'prev_value': 750000, 'change': 2150, 'player_num': 1}
2023-03-25 19:49:26,074 : EventManager : Event: ======'player_razorwire_pops_counter'====== Args={'value': 27, 'prev_value': 0, 'change': 27, 'player_num': 1}
2023-03-25 19:49:26,075 : EventManager : Event: ======'player_razorwire_visual_pops_counter'====== Args={'value': 1, 'prev_value': 0, 'change': 1, 'player_num': 1}
2023-03-25 19:49:26,075 : EventManager : Event: ======'player_razorwire_pops_counter'====== Args={'value': 27, 'prev_value': 0, 'change': 27, 'player_num': 1, 'source': 'razorwire'}
2023-03-25 19:49:26,660 : EventManager : Event: ======'player_razorwire_60s_timer_tick'====== Args={'value': 59, 'prev_value': 60, 'change': -1, 'player_num': 1}
2023-03-25 19:49:26,684 : EventManager : Event: ======'machine_var_audits_switches_s_right_top_jet_bumper'====== Args={'value': 13, 'prev_value': 12, 'change': 1}
2023-03-25 19:49:26,696 : EventManager : Event: ======'player_shot_upper_r_pop'====== Args={'value': 1, 'prev_value': 0, 'change': 1, 'player_num': 1}
2023-03-25 19:49:26,696 : EventManager : Event: ======'machine_var_audits_shots_upper_r_pop'====== Args={'value': 13, 'prev_value': 12, 'change': 1}
2023-03-25 19:49:26,696 : EventManager : Event: ======'player_score'====== Args={'value': 754300, 'prev_value': 752150, 'change': 2150, 'player_num': 1}
2023-03-25 19:49:26,696 : EventManager : Event: ======'player_razorwire_pops_counter'====== Args={'value': 55, 'prev_value': 27, 'change': 28, 'player_num': 1}
2023-03-25 19:49:26,697 : EventManager : Event: ======'player_razorwire_visual_pops_counter'====== Args={'value': 2, 'prev_value': 1, 'change': 1, 'player_num': 1}
2023-03-25 19:49:26,697 : EventManager : Event: ======'player_razorwire_pops_counter'====== Args={'value': 55, 'prev_value': 27, 'change': 28, 'player_num': 1, 'source': 'razorwire'}
2023-03-25 19:49:27,115 : EventManager : Event: ======'machine_var_audits_switches_s_lower_top_jet_bumper'====== Args={'value': 21, 'prev_value': 20, 'change': 1}
2023-03-25 19:49:27,115 : EventManager : Event: ======'player_shot_upper_b_pop'====== Args={'value': 1, 'prev_value': 0, 'change': 1, 'player_num': 1}
2023-03-25 19:49:27,115 : EventManager : Event: ======'machine_var_audits_shots_upper_b_pop'====== Args={'value': 15, 'prev_value': 14, 'change': 1}
2023-03-25 19:49:27,115 : EventManager : Event: ======'player_score'====== Args={'value': 756450, 'prev_value': 754300, 'change': 2150, 'player_num': 1}
2023-03-25 19:49:27,115 : EventManager : Event: ======'player_razorwire_pops_counter'====== Args={'value': 82, 'prev_value': 55, 'change': 27, 'player_num': 1}
2023-03-25 19:49:27,116 : EventManager : Event: ======'player_razorwire_visual_pops_counter'====== Args={'value': 3, 'prev_value': 2, 'change': 1, 'player_num': 1}
2023-03-25 19:49:27,116 : EventManager : Event: ======'player_razorwire_pops_counter'====== Args={'value': 82, 'prev_value': 55, 'change': 27, 'player_num': 1, 'source': 'razorwire'}
2023-03-25 19:49:27,664 : EventManager : Event: ======'player_razorwire_60s_timer_tick'====== Args={'value': 58, 'prev_value': 59, 'change': -1, 'player_num': 1}
2023-03-25 19:49:27,714 : EventManager : Event: ======'machine_var_audits_switches_s_left_top_jet_bumper'====== Args={'value': 399, 'prev_value': 398, 'change': 1}
2023-03-25 19:49:27,714 : EventManager : Event: ======'machine_var_audits_shots_upper_l_pop'====== Args={'value': 15, 'prev_value': 14, 'change': 1}
2023-03-25 19:49:27,714 : EventManager : Event: ======'player_score'====== Args={'value': 758600, 'prev_value': 756450, 'change': 2150, 'player_num': 1}
2023-03-25 19:49:27,714 : EventManager : Event: ======'player_razorwire_pops_counter'====== Args={'value': 110, 'prev_value': 82, 'change': 28, 'player_num': 1}
2023-03-25 19:49:27,714 : EventManager : Event: ======'player_razorwire_visual_pops_counter'====== Args={'value': 4, 'prev_value': 3, 'change': 1, 'player_num': 1}
2023-03-25 19:49:27,714 : EventManager : Event: ======'player_razorwire_pops_counter'====== Args={'value': 110, 'prev_value': 82, 'change': 28, 'player_num': 1, 'source': 'razorwire'}
2023-03-25 19:49:27,988 : EventManager : Event: ======'machine_var_audits_switches_s_right_top_jet_bumper'====== Args={'value': 14, 'prev_value': 13, 'change': 1}
2023-03-25 19:49:28,000 : EventManager : Event: ======'machine_var_audits_shots_upper_r_pop'====== Args={'value': 14, 'prev_value': 13, 'change': 1}
2023-03-25 19:49:28,001 : EventManager : Event: ======'player_score'====== Args={'value': 760750, 'prev_value': 758600, 'change': 2150, 'player_num': 1}
2023-03-25 19:49:28,001 : EventManager : Event: ======'player_razorwire_pops_counter'====== Args={'value': 137, 'prev_value': 110, 'change': 27, 'player_num': 1}
2023-03-25 19:49:28,001 : EventManager : Event: ======'player_razorwire_visual_pops_counter'====== Args={'value': 5, 'prev_value': 4, 'change': 1, 'player_num': 1}
2023-03-25 19:49:28,001 : EventManager : Event: ======'player_razorwire_pops_counter'====== Args={'value': 137, 'prev_value': 110, 'change': 27, 'player_num': 1, 'source': 'razorwire'}
2023-03-25 19:49:28,171 : EventManager : Event: ======'machine_var_audits_switches_s_lower_top_jet_bumper'====== Args={'value': 22, 'prev_value': 21, 'change': 1}
2023-03-25 19:49:28,171 : EventManager : Event: ======'machine_var_audits_shots_upper_b_pop'====== Args={'value': 16, 'prev_value': 15, 'change': 1}
2023-03-25 19:49:28,171 : EventManager : Event: ======'player_score'====== Args={'value': 762900, 'prev_value': 760750, 'change': 2150, 'player_num': 1}
2023-03-25 19:49:28,171 : EventManager : Event: ======'player_razorwire_pops_counter'====== Args={'value': 165, 'prev_value': 137, 'change': 28, 'player_num': 1}
2023-03-25 19:49:28,171 : EventManager : Event: ======'player_razorwire_visual_pops_counter'====== Args={'value': 6, 'prev_value': 5, 'change': 1, 'player_num': 1}
2023-03-25 19:49:28,171 : EventManager : Event: ======'player_razorwire_pops_counter'====== Args={'value': 165, 'prev_value': 137, 'change': 28, 'player_num': 1, 'source': 'razorwire'}
2023-03-25 19:49:28,556 : EventManager : Event: ======'machine_var_audits_switches_s_left_top_jet_bumper'====== Args={'value': 400, 'prev_value': 399, 'change': 1}
2023-03-25 19:49:28,556 : EventManager : Event: ======'machine_var_audits_shots_upper_l_pop'====== Args={'value': 16, 'prev_value': 15, 'change': 1}
2023-03-25 19:49:28,556 : EventManager : Event: ======'player_score'====== Args={'value': 765050, 'prev_value': 762900, 'change': 2150, 'player_num': 1}
2023-03-25 19:49:28,556 : EventManager : Event: ======'player_razorwire_pops_counter'====== Args={'value': 192, 'prev_value': 165, 'change': 27, 'player_num': 1}
2023-03-25 19:49:28,557 : EventManager : Event: ======'player_razorwire_visual_pops_counter'====== Args={'value': 7, 'prev_value': 6, 'change': 1, 'player_num': 1}
2023-03-25 19:49:28,557 : EventManager : Event: ======'player_razorwire_pops_counter'====== Args={'value': 192, 'prev_value': 165, 'change': 27, 'player_num': 1, 'source': 'razorwire'}
2023-03-25 19:49:28,648 : EventManager : Event: ======'player_razorwire_60s_timer_tick'====== Args={'value': 57, 'prev_value': 58, 'change': -1, 'player_num': 1}
2023-03-25 19:49:28,818 : EventManager : Event: ======'machine_var_audits_switches_s_right_top_jet_bumper'====== Args={'value': 15, 'prev_value': 14, 'change': 1}
2023-03-25 19:49:28,818 : EventManager : Event: ======'machine_var_audits_shots_upper_r_pop'====== Args={'value': 15, 'prev_value': 14, 'change': 1}
2023-03-25 19:49:28,818 : EventManager : Event: ======'player_score'====== Args={'value': 767200, 'prev_value': 765050, 'change': 2150, 'player_num': 1}
2023-03-25 19:49:28,818 : EventManager : Event: ======'player_razorwire_pops_counter'====== Args={'value': 220, 'prev_value': 192, 'change': 28, 'player_num': 1}
2023-03-25 19:49:28,818 : EventManager : Event: ======'player_razorwire_visual_pops_counter'====== Args={'value': 8, 'prev_value': 7, 'change': 1, 'player_num': 1}
2023-03-25 19:49:28,818 : EventManager : Event: ======'player_razorwire_pops_counter'====== Args={'value': 220, 'prev_value': 192, 'change': 28, 'player_num': 1, 'source': 'razorwire'}
2023-03-25 19:49:29,094 : EventManager : Event: ======'machine_var_audits_switches_s_lower_top_jet_bumper'====== Args={'value': 23, 'prev_value': 22, 'change': 1}
2023-03-25 19:49:29,094 : EventManager : Event: ======'machine_var_audits_shots_upper_b_pop'====== Args={'value': 17, 'prev_value': 16, 'change': 1}
2023-03-25 19:49:29,094 : EventManager : Event: ======'player_score'====== Args={'value': 769350, 'prev_value': 767200, 'change': 2150, 'player_num': 1}
2023-03-25 19:49:29,094 : EventManager : Event: ======'player_razorwire_pops_counter'====== Args={'value': 247, 'prev_value': 220, 'change': 27, 'player_num': 1}
2023-03-25 19:49:29,094 : EventManager : Event: ======'player_razorwire_visual_pops_counter'====== Args={'value': 9, 'prev_value': 8, 'change': 1, 'player_num': 1}
2023-03-25 19:49:29,094 : EventManager : Event: ======'player_razorwire_pops_counter'====== Args={'value': 247, 'prev_value': 220, 'change': 27, 'player_num': 1, 'source': 'razorwire'}
2023-03-25 19:49:29,492 : EventManager : Event: ======'machine_var_audits_switches_s_left_top_jet_bumper'====== Args={'value': 401, 'prev_value': 400, 'change': 1}
2023-03-25 19:49:29,492 : EventManager : Event: ======'machine_var_audits_shots_upper_l_pop'====== Args={'value': 17, 'prev_value': 16, 'change': 1}
2023-03-25 19:49:29,492 : EventManager : Event: ======'player_score'====== Args={'value': 771500, 'prev_value': 769350, 'change': 2150, 'player_num': 1}
2023-03-25 19:49:29,492 : EventManager : Event: ======'player_razorwire_pops_counter'====== Args={'value': 275, 'prev_value': 247, 'change': 28, 'player_num': 1}
2023-03-25 19:49:29,492 : EventManager : Event: ======'player_razorwire_visual_pops_counter'====== Args={'value': 10, 'prev_value': 9, 'change': 1, 'player_num': 1}
2023-03-25 19:49:29,492 : EventManager : Event: ======'player_razorwire_pops_counter'====== Args={'value': 275, 'prev_value': 247, 'change': 28, 'player_num': 1, 'source': 'razorwire'}
2023-03-25 19:49:29,653 : EventManager : Event: ======'player_razorwire_60s_timer_tick'====== Args={'value': 56, 'prev_value': 57, 'change': -1, 'player_num': 1}
2023-03-25 19:49:29,704 : EventManager : Event: ======'machine_var_audits_switches_s_right_top_jet_bumper'====== Args={'value': 16, 'prev_value': 15, 'change': 1}
2023-03-25 19:49:29,704 : EventManager : Event: ======'machine_var_audits_shots_upper_r_pop'====== Args={'value': 16, 'prev_value': 15, 'change': 1}
2023-03-25 19:49:29,704 : EventManager : Event: ======'player_score'====== Args={'value': 773650, 'prev_value': 771500, 'change': 2150, 'player_num': 1}
2023-03-25 19:49:29,704 : EventManager : Event: ======'player_razorwire_pops_counter'====== Args={'value': 302, 'prev_value': 275, 'change': 27, 'player_num': 1}
2023-03-25 19:49:29,704 : EventManager : Event: ======'player_razorwire_visual_pops_counter'====== Args={'value': 11, 'prev_value': 10, 'change': 1, 'player_num': 1}
2023-03-25 19:49:29,705 : EventManager : Event: ======'player_razorwire_pops_counter'====== Args={'value': 302, 'prev_value': 275, 'change': 27, 'player_num': 1, 'source': 'razorwire'}
2023-03-25 19:49:29,921 : EventManager : Event: ======'machine_var_audits_switches_s_lower_top_jet_bumper'====== Args={'value': 24, 'prev_value': 23, 'change': 1}
2023-03-25 19:49:29,921 : EventManager : Event: ======'machine_var_audits_shots_upper_b_pop'====== Args={'value': 18, 'prev_value': 17, 'change': 1}
2023-03-25 19:49:29,921 : EventManager : Event: ======'player_score'====== Args={'value': 775800, 'prev_value': 773650, 'change': 2150, 'player_num': 1}
2023-03-25 19:49:29,921 : EventManager : Event: ======'player_razorwire_pops_counter'====== Args={'value': 330, 'prev_value': 302, 'change': 28, 'player_num': 1}
2023-03-25 19:49:29,921 : EventManager : Event: ======'player_razorwire_visual_pops_counter'====== Args={'value': 12, 'prev_value': 11, 'change': 1, 'player_num': 1}
2023-03-25 19:49:29,922 : EventManager : Event: ======'player_razorwire_pops_counter'====== Args={'value': 330, 'prev_value': 302, 'change': 28, 'player_num': 1, 'source': 'razorwire'}
2023-03-25 19:49:30,333 : EventManager : Event: ======'machine_var_audits_switches_s_left_top_jet_bumper'====== Args={'value': 402, 'prev_value': 401, 'change': 1}
2023-03-25 19:49:30,333 : EventManager : Event: ======'machine_var_audits_shots_upper_l_pop'====== Args={'value': 18, 'prev_value': 17, 'change': 1}
2023-03-25 19:49:30,333 : EventManager : Event: ======'player_score'====== Args={'value': 777950, 'prev_value': 775800, 'change': 2150, 'player_num': 1}
2023-03-25 19:49:30,333 : EventManager : Event: ======'player_razorwire_pops_counter'====== Args={'value': 357, 'prev_value': 330, 'change': 27, 'player_num': 1}
2023-03-25 19:49:30,333 : EventManager : Event: ======'player_razorwire_visual_pops_counter'====== Args={'value': 13, 'prev_value': 12, 'change': 1, 'player_num': 1}
2023-03-25 19:49:30,333 : EventManager : Event: ======'player_razorwire_pops_counter'====== Args={'value': 357, 'prev_value': 330, 'change': 27, 'player_num': 1, 'source': 'razorwire'}
2023-03-25 19:49:30,569 : EventManager : Event: ======'machine_var_audits_switches_s_right_top_jet_bumper'====== Args={'value': 17, 'prev_value': 16, 'change': 1}
2023-03-25 19:49:30,569 : EventManager : Event: ======'machine_var_audits_shots_upper_r_pop'====== Args={'value': 17, 'prev_value': 16, 'change': 1}
2023-03-25 19:49:30,569 : EventManager : Event: ======'player_score'====== Args={'value': 780100, 'prev_value': 777950, 'change': 2150, 'player_num': 1}
2023-03-25 19:49:30,569 : EventManager : Event: ======'player_razorwire_pops_counter'====== Args={'value': 385, 'prev_value': 357, 'change': 28, 'player_num': 1}
2023-03-25 19:49:30,569 : EventManager : Event: ======'player_razorwire_visual_pops_counter'====== Args={'value': 14, 'prev_value': 13, 'change': 1, 'player_num': 1}
2023-03-25 19:49:30,569 : EventManager : Event: ======'player_razorwire_pops_counter'====== Args={'value': 385, 'prev_value': 357, 'change': 28, 'player_num': 1, 'source': 'razorwire'}
2023-03-25 19:49:30,655 : EventManager : Event: ======'player_razorwire_60s_timer_tick'====== Args={'value': 55, 'prev_value': 56, 'change': -1, 'player_num': 1}
2023-03-25 19:49:30,816 : EventManager : Event: ======'machine_var_audits_switches_s_lower_top_jet_bumper'====== Args={'value': 25, 'prev_value': 24, 'change': 1}
2023-03-25 19:49:30,816 : EventManager : Event: ======'machine_var_audits_shots_upper_b_pop'====== Args={'value': 19, 'prev_value': 18, 'change': 1}
2023-03-25 19:49:30,816 : EventManager : Event: ======'player_score'====== Args={'value': 782250, 'prev_value': 780100, 'change': 2150, 'player_num': 1}
2023-03-25 19:49:30,816 : EventManager : Event: ======'player_razorwire_pops_counter'====== Args={'value': 412, 'prev_value': 385, 'change': 27, 'player_num': 1}
2023-03-25 19:49:30,816 : EventManager : Event: ======'player_razorwire_visual_pops_counter'====== Args={'value': 15, 'prev_value': 14, 'change': 1, 'player_num': 1}
2023-03-25 19:49:30,816 : EventManager : Event: ======'player_razorwire_pops_counter'====== Args={'value': 412, 'prev_value': 385, 'change': 27, 'player_num': 1, 'source': 'razorwire'}
2023-03-25 19:49:31,198 : EventManager : Event: ======'machine_var_audits_switches_s_left_top_jet_bumper'====== Args={'value': 403, 'prev_value': 402, 'change': 1}
2023-03-25 19:49:31,198 : EventManager : Event: ======'machine_var_audits_shots_upper_l_pop'====== Args={'value': 19, 'prev_value': 18, 'change': 1}
2023-03-25 19:49:31,198 : EventManager : Event: ======'player_score'====== Args={'value': 784400, 'prev_value': 782250, 'change': 2150, 'player_num': 1}
2023-03-25 19:49:31,198 : EventManager : Event: ======'player_razorwire_pops_counter'====== Args={'value': 440, 'prev_value': 412, 'change': 28, 'player_num': 1}
2023-03-25 19:49:31,198 : EventManager : Event: ======'player_razorwire_visual_pops_counter'====== Args={'value': 16, 'prev_value': 15, 'change': 1, 'player_num': 1}
2023-03-25 19:49:31,198 : EventManager : Event: ======'player_razorwire_pops_counter'====== Args={'value': 440, 'prev_value': 412, 'change': 28, 'player_num': 1, 'source': 'razorwire'}
2023-03-25 19:49:31,448 : EventManager : Event: ======'machine_var_audits_switches_s_right_top_jet_bumper'====== Args={'value': 18, 'prev_value': 17, 'change': 1}
2023-03-25 19:49:31,448 : EventManager : Event: ======'machine_var_audits_shots_upper_r_pop'====== Args={'value': 18, 'prev_value': 17, 'change': 1}
2023-03-25 19:49:31,448 : EventManager : Event: ======'player_score'====== Args={'value': 786550, 'prev_value': 784400, 'change': 2150, 'player_num': 1}
2023-03-25 19:49:31,448 : EventManager : Event: ======'player_razorwire_pops_counter'====== Args={'value': 467, 'prev_value': 440, 'change': 27, 'player_num': 1}
2023-03-25 19:49:31,448 : EventManager : Event: ======'player_razorwire_visual_pops_counter'====== Args={'value': 17, 'prev_value': 16, 'change': 1, 'player_num': 1}
2023-03-25 19:49:31,448 : EventManager : Event: ======'player_razorwire_pops_counter'====== Args={'value': 467, 'prev_value': 440, 'change': 27, 'player_num': 1, 'source': 'razorwire'}
2023-03-25 19:49:31,617 : EventManager : Event: ======'machine_var_audits_switches_s_lower_top_jet_bumper'====== Args={'value': 26, 'prev_value': 25, 'change': 1}
2023-03-25 19:49:31,629 : EventManager : Event: ======'machine_var_audits_shots_upper_b_pop'====== Args={'value': 20, 'prev_value': 19, 'change': 1}
2023-03-25 19:49:31,629 : EventManager : Event: ======'player_score'====== Args={'value': 788700, 'prev_value': 786550, 'change': 2150, 'player_num': 1}
2023-03-25 19:49:31,629 : EventManager : Event: ======'player_razorwire_pops_counter'====== Args={'value': 495, 'prev_value': 467, 'change': 28, 'player_num': 1}
2023-03-25 19:49:31,629 : EventManager : Event: ======'player_razorwire_visual_pops_counter'====== Args={'value': 18, 'prev_value': 17, 'change': 1, 'player_num': 1}
2023-03-25 19:49:31,630 : EventManager : Event: ======'player_razorwire_pops_counter'====== Args={'value': 495, 'prev_value': 467, 'change': 28, 'player_num': 1, 'source': 'razorwire'}
2023-03-25 19:49:31,639 : EventManager : Event: ======'player_razorwire_60s_timer_tick'====== Args={'value': 54, 'prev_value': 55, 'change': -1, 'player_num': 1}
2023-03-25 19:49:32,035 : EventManager : Event: ======'machine_var_audits_switches_s_left_top_jet_bumper'====== Args={'value': 404, 'prev_value': 403, 'change': 1}
2023-03-25 19:49:32,035 : EventManager : Event: ======'machine_var_audits_shots_upper_l_pop'====== Args={'value': 20, 'prev_value': 19, 'change': 1}
2023-03-25 19:49:32,035 : EventManager : Event: ======'player_score'====== Args={'value': 790850, 'prev_value': 788700, 'change': 2150, 'player_num': 1}
2023-03-25 19:49:32,035 : EventManager : Event: ======'player_razorwire_pops_counter'====== Args={'value': 522, 'prev_value': 495, 'change': 27, 'player_num': 1}
2023-03-25 19:49:32,036 : EventManager : Event: ======'player_razorwire_visual_pops_counter'====== Args={'value': 19, 'prev_value': 18, 'change': 1, 'player_num': 1}
2023-03-25 19:49:32,036 : EventManager : Event: ======'player_razorwire_pops_counter'====== Args={'value': 522, 'prev_value': 495, 'change': 27, 'player_num': 1, 'source': 'razorwire'}
2023-03-25 19:49:32,230 : EventManager : Event: ======'machine_var_audits_switches_s_right_top_jet_bumper'====== Args={'value': 19, 'prev_value': 18, 'change': 1}
2023-03-25 19:49:32,230 : EventManager : Event: ======'machine_var_audits_shots_upper_r_pop'====== Args={'value': 19, 'prev_value': 18, 'change': 1}
2023-03-25 19:49:32,230 : EventManager : Event: ======'player_score'====== Args={'value': 793000, 'prev_value': 790850, 'change': 2150, 'player_num': 1}
2023-03-25 19:49:32,230 : EventManager : Event: ======'player_razorwire_pops_counter'====== Args={'value': 550, 'prev_value': 522, 'change': 28, 'player_num': 1}
2023-03-25 19:49:32,231 : EventManager : Event: ======'player_razorwire_visual_pops_counter'====== Args={'value': 20, 'prev_value': 19, 'change': 1, 'player_num': 1}
2023-03-25 19:49:32,231 : EventManager : Event: ======'player_razorwire_pops_counter'====== Args={'value': 550, 'prev_value': 522, 'change': 28, 'player_num': 1, 'source': 'razorwire'}
2023-03-25 19:49:32,406 : EventManager : Event: ======'machine_var_audits_switches_s_lower_top_jet_bumper'====== Args={'value': 27, 'prev_value': 26, 'change': 1}
2023-03-25 19:49:32,406 : EventManager : Event: ======'machine_var_audits_shots_upper_b_pop'====== Args={'value': 21, 'prev_value': 20, 'change': 1}
2023-03-25 19:49:32,406 : EventManager : Event: ======'player_score'====== Args={'value': 795150, 'prev_value': 793000, 'change': 2150, 'player_num': 1}
2023-03-25 19:49:32,407 : EventManager : Event: ======'player_razorwire_pops_counter'====== Args={'value': 577, 'prev_value': 550, 'change': 27, 'player_num': 1}
2023-03-25 19:49:32,407 : EventManager : Event: ======'player_razorwire_visual_pops_counter'====== Args={'value': 21, 'prev_value': 20, 'change': 1, 'player_num': 1}
2023-03-25 19:49:32,407 : EventManager : Event: ======'player_razorwire_pops_counter'====== Args={'value': 577, 'prev_value': 550, 'change': 27, 'player_num': 1, 'source': 'razorwire'}
2023-03-25 19:49:32,628 : EventManager : Event: ======'player_razorwire_60s_timer_tick'====== Args={'value': 53, 'prev_value': 54, 'change': -1, 'player_num': 1}
2023-03-25 19:49:32,628 : EventManager : Event: ======'machine_var_audits_switches_s_left_top_jet_bumper'====== Args={'value': 405, 'prev_value': 404, 'change': 1}
2023-03-25 19:49:32,628 : EventManager : Event: ======'machine_var_audits_shots_upper_l_pop'====== Args={'value': 21, 'prev_value': 20, 'change': 1}
2023-03-25 19:49:32,628 : EventManager : Event: ======'player_score'====== Args={'value': 797300, 'prev_value': 795150, 'change': 2150, 'player_num': 1}
2023-03-25 19:49:32,628 : EventManager : Event: ======'player_razorwire_pops_counter'====== Args={'value': 605, 'prev_value': 577, 'change': 28, 'player_num': 1}
2023-03-25 19:49:32,628 : EventManager : Event: ======'player_razorwire_visual_pops_counter'====== Args={'value': 22, 'prev_value': 21, 'change': 1, 'player_num': 1}
2023-03-25 19:49:32,628 : EventManager : Event: ======'player_razorwire_pops_counter'====== Args={'value': 605, 'prev_value': 577, 'change': 28, 'player_num': 1, 'source': 'razorwire'}
2023-03-25 19:49:32,786 : EventManager : Event: ======'machine_var_audits_switches_s_right_top_jet_bumper'====== Args={'value': 20, 'prev_value': 19, 'change': 1}
2023-03-25 19:49:32,786 : EventManager : Event: ======'machine_var_audits_shots_upper_r_pop'====== Args={'value': 20, 'prev_value': 19, 'change': 1}
2023-03-25 19:49:32,786 : EventManager : Event: ======'player_score'====== Args={'value': 799450, 'prev_value': 797300, 'change': 2150, 'player_num': 1}
2023-03-25 19:49:32,786 : EventManager : Event: ======'player_razorwire_pops_counter'====== Args={'value': 632, 'prev_value': 605, 'change': 27, 'player_num': 1}
2023-03-25 19:49:32,786 : EventManager : Event: ======'player_razorwire_visual_pops_counter'====== Args={'value': 23, 'prev_value': 22, 'change': 1, 'player_num': 1}
2023-03-25 19:49:32,786 : EventManager : Event: ======'player_razorwire_pops_counter'====== Args={'value': 632, 'prev_value': 605, 'change': 27, 'player_num': 1, 'source': 'razorwire'}
2023-03-25 19:49:33,000 : EventManager : Event: ======'machine_var_audits_switches_s_lower_top_jet_bumper'====== Args={'value': 28, 'prev_value': 27, 'change': 1}
2023-03-25 19:49:33,000 : EventManager : Event: ======'machine_var_audits_shots_upper_b_pop'====== Args={'value': 22, 'prev_value': 21, 'change': 1}
2023-03-25 19:49:33,001 : EventManager : Event: ======'player_score'====== Args={'value': 801600, 'prev_value': 799450, 'change': 2150, 'player_num': 1}
2023-03-25 19:49:33,001 : EventManager : Event: ======'player_razorwire_pops_counter'====== Args={'value': 660, 'prev_value': 632, 'change': 28, 'player_num': 1}
2023-03-25 19:49:33,001 : EventManager : Event: ======'player_razorwire_visual_pops_counter'====== Args={'value': 24, 'prev_value': 23, 'change': 1, 'player_num': 1}
2023-03-25 19:49:33,001 : EventManager : Event: ======'player_razorwire_pops_counter'====== Args={'value': 660, 'prev_value': 632, 'change': 28, 'player_num': 1, 'source': 'razorwire'}
2023-03-25 19:49:33,675 : EventManager : Event: ======'player_razorwire_60s_timer_tick'====== Args={'value': 52, 'prev_value': 53, 'change': -1, 'player_num': 1}
2023-03-25 19:49:34,624 : EventManager : Event: ======'player_razorwire_60s_timer_tick'====== Args={'value': 51, 'prev_value': 52, 'change': -1, 'player_num': 1}
2023-03-25 19:49:35,456 : EventManager : Event: ======'machine_var_audits_switches_s_left_top_jet_bumper'====== Args={'value': 406, 'prev_value': 405, 'change': 1}
2023-03-25 19:49:35,456 : EventManager : Event: ======'machine_var_audits_shots_upper_l_pop'====== Args={'value': 22, 'prev_value': 21, 'change': 1}
2023-03-25 19:49:35,456 : EventManager : Event: ======'player_score'====== Args={'value': 803750, 'prev_value': 801600, 'change': 2150, 'player_num': 1}
2023-03-25 19:49:35,456 : EventManager : Event: ======'player_razorwire_pops_counter'====== Args={'value': 687, 'prev_value': 660, 'change': 27, 'player_num': 1}
2023-03-25 19:49:35,456 : EventManager : Event: ======'player_razorwire_visual_pops_counter'====== Args={'value': 25, 'prev_value': 24, 'change': 1, 'player_num': 1}
2023-03-25 19:49:35,456 : EventManager : Event: ======'player_razorwire_pops_counter'====== Args={'value': 687, 'prev_value': 660, 'change': 27, 'player_num': 1, 'source': 'razorwire'}
2023-03-25 19:49:35,456 : EventManager : Event: ======'slides_play'====== Args={'settings': {'trapcomplete': {'priority': 400, 'expire': 8.0, 'target': None, 'background_color': [0.0, 0.0, 0.0, 1.0], 'show': True, 'force': False, 'slide': None, 'tokens': {}, 'action': 'play'}}, 'context': '_global', 'calling_context': 'mode_razorwire_complete', 'priority': 0}
2023-03-25 19:49:35,456 : EventManager : Event: ======'sounds_play'====== Args={'settings': {'trapcomplete': {'action': 'play', 'priority': None, 'block': False, 'delay': None, 'track': None, 'volume': None, 'pan': None, 'loops': None, 'start_at': None, 'fade_in': None, 'fade_out': None, 'about_to_finish_time': -1.0, 'max_queue_time': -1.0, 'events_when_played': ['use_sound_setting'], 'events_when_stopped': ['use_sound_setting'], 'events_when_looping': ['use_sound_setting'], 'events_when_about_to_finish': ['use_sound_setting'], 'mode_end_action': 'use_sound_setting', 'key': 'use_sound_setting'}}, 'context': '_global', 'calling_context': 'mode_razorwire_complete', 'priority': 0}
2023-03-25 19:49:35,456 : EventManager : Event: ======'slides_clear'====== Args={'context': 'razorwire'}
2023-03-25 19:49:35,457 : EventManager : Event: ======'slide_razorwirevideo_removed'====== Args={}
2023-03-25 19:49:35,457 : EventManager : Event: ======'slide_razorwire_pops_removed'====== Args={}
2023-03-25 19:49:35,458 : mpfmc : SlidePlayer: Play called with settings={'trapcomplete': {'priority': 400, 'expire': 8.0, 'target': None, 'background_color': [0.0, 0.0, 0.0, 1.0], 'show': True, 'force': False, 'slide': None, 'tokens': {}, 'action': 'play'}}
2023-03-25 19:49:35,463 : EventManager : Event: ======'slide_trapcomplete_created'====== Args={}
2023-03-25 19:49:35,464 : EventManager : Event: ======'slide_razorwire_active'====== Args={}
2023-03-25 19:49:35,491 : EventManager : Event: ======'slides_clear'====== Args={'context': 'selection_mode'}
2023-03-25 19:49:35,491 : EventManager : Event: ======'slide_razorwire_removed'====== Args={}
2023-03-25 19:49:35,492 : EventManager : Event: ======'slide_trapcomplete_active'====== Args={}
2023-03-25 19:49:37,746 : kivy : Base: Leaving application in progress...
2023-03-25 19:49:37,746 : mpfmc : Stopping...
2023-03-25 19:49:37,747 : EventManager : Event: ======'shutdown'====== Args={}
2023-03-25 19:49:37,747 : AudioInterface : Disabling audio playback
2023-03-25 19:49:37,889 : mpfmc : Loop rate 77.1 Hz
2023-03-25 19:49:37,889 : kivy : MC run loop ended.
2023-03-25 19:49:37,889 : kivy : Stopping child threads... (3 remaining)
2023-03-25 19:49:38,350 : mpfmc : Stopping...
2023-03-25 19:49:38,350 : EventManager : Event: ======'shutdown'====== Args={}
2023-03-25 19:49:38,350 : mpfmc : Loop rate 76.22 Hz
2023-03-25 19:49:38,352 : MPF-MC BCP Server : Stopping BCP sending thread
2023-03-25 19:49:38,391 : kivy : All child threads stopped.
