2023-02-05 08:43:04,784 : INFO : root : Loading config.
2023-02-05 08:43:04,784 : INFO : YamlMultifileConfigLoader : Machine config file #1: config.yaml
2023-02-05 08:43:04,784 : INFO : ConfigProcessor : Loading config from cache: C:\Users\steel\AppData\Local\Temp\9014108be8bb19792bb5e6c9e9603b65.mpf_cache
2023-02-05 08:43:04,862 : INFO : ConfigProcessor : Loading config from cache: C:\Users\steel\AppData\Local\Temp\0c159a05f39617a30cc1b279562f144f.mpf_cache
2023-02-05 08:43:04,862 : INFO : ConfigProcessor : Loading config from cache: C:\Users\steel\AppData\Local\Temp\a4144dd661fe0832b800e50000db3090.mpf_cache
2023-02-05 08:43:04,863 : INFO : ConfigProcessor : Loading config from cache: C:\Users\steel\AppData\Local\Temp\0c159a05f39617a30cc1b279562f144f.mpf_cache
2023-02-05 08:43:04,864 : WARNING : ConfigProcessor : Config file in cache changed: C:\pinball\SAW\modes\base\config\base.yaml
2023-02-05 08:43:04,864 : INFO : ConfigProcessor : Loading config from file C:\pinball\SAW\modes\base\config\base.yaml.
2023-02-05 08:43:04,864 : INFO : ConfigProcessor : Loading config: C:\pinball\SAW\modes\base\config\base.yaml
2023-02-05 08:43:04,864 : INFO : ConfigProcessor : Config file cache created: C:\Users\steel\AppData\Local\Temp\c84db42795c08bfb8e4272b3be41e3f4.mpf_cache
2023-02-05 08:43:04,864 : INFO : ConfigProcessor : Loading config from cache: C:\Users\steel\AppData\Local\Temp\17aa0c884dad87b4b4047bafdeb78206.mpf_cache
2023-02-05 08:43:04,864 : INFO : ConfigProcessor : Loading config from cache: C:\Users\steel\AppData\Local\Temp\6026628a89ebb09da8c65e4a804bb30f.mpf_cache
2023-02-05 08:43:04,864 : INFO : Machine : Mission Pinball Framework Core Engine v0.56.0-dev33
2023-02-05 08:43:04,864 : INFO : Machine : Command line arguments: {'no_load_cache': False, 'create_config_cache': True, 'bcp': True, 'configfile': ['config.yaml'], 'force_assets_load': False, 'jsonlogging': False, 'logfile': 'logs\\2023-02-05-08-43-04-mpf-MSI.log', 'pause': False, 'production': False, 'text_ui': True, 'loglevel': 15, 'consoleloglevel': 20, 'force_platform': 'virtual', 'syslog_address': None, 'mc_file_name': None, 'no_sound': False}
2023-02-05 08:43:04,864 : INFO : Machine : MPF path: C:\Users\steel\AppData\Local\Programs\Python\Python39\lib\site-packages\mpf
2023-02-05 08:43:04,864 : INFO : Machine : Machine path: C:\pinball\SAW
2023-02-05 08:43:04,864 : INFO : Machine : Platform: win32
2023-02-05 08:43:04,864 : INFO : Machine : Python executable location: C:\Users\steel\AppData\Local\Programs\Python\Python39\python.exe
2023-02-05 08:43:04,864 : INFO : Machine : Python version: 3.9.13 (64-bit)
2023-02-05 08:43:04,864 : INFO : Machine : Initialise MPF.
2023-02-05 08:43:05,120 : INFO : EventManager : Event: ======'machine_var_credits_string'====== Args={'value': 'FREE PLAY', 'prev_value': None, 'change': True}
2023-02-05 08:43:05,169 : INFO : EventManager : Event: ======'machine_var_master_volume'====== Args={'value': 0.5, 'prev_value': None, 'change': True}
2023-02-05 08:43:05,169 : INFO : EventManager : Event: ======'machine_var_mpf_version'====== Args={'value': 'MPF v0.56.0-dev33', 'prev_value': None, 'change': True}
2023-02-05 08:43:05,169 : INFO : EventManager : Event: ======'machine_var_mpf_extended_version'====== Args={'value': 'MPF v0.56.0-dev33, Config version:5, Show version: 5, BCP version:1.1', 'prev_value': None, 'change': True}
2023-02-05 08:43:05,169 : INFO : EventManager : Event: ======'machine_var_python_version'====== Args={'value': '3.9.13', 'prev_value': None, 'change': True}
2023-02-05 08:43:05,180 : INFO : EventManager : Event: ======'machine_var_platform'====== Args={'value': 'Windows-10-10.0.19044-SP0', 'prev_value': None, 'change': True}
2023-02-05 08:43:05,180 : INFO : EventManager : Event: ======'machine_var_platform_system'====== Args={'value': 'Windows', 'prev_value': None, 'change': True}
2023-02-05 08:43:05,180 : INFO : EventManager : Event: ======'machine_var_platform_release'====== Args={'value': '10', 'prev_value': None, 'change': True}
2023-02-05 08:43:05,181 : INFO : EventManager : Event: ======'machine_var_platform_version'====== Args={'value': '10.0.19044', 'prev_value': None, 'change': True}
2023-02-05 08:43:05,181 : INFO : EventManager : Event: ======'machine_var_platform_machine'====== Args={'value': 'AMD64', 'prev_value': None, 'change': True}
2023-02-05 08:43:05,181 : INFO : EventManager : Event: ======'init_phase_1'====== Args={}
2023-02-05 08:43:05,198 : INFO : EventManager : Event: ======'init_phase_2'====== Args={}
2023-02-05 08:43:05,198 : INFO : SwitchController : Found active switch: (1002, <Platform.Virtual>) <switch.s_left_flipper>
2023-02-05 08:43:05,198 : INFO : SwitchController : Found active switch: (1003, <Platform.Virtual>) <switch.s_right_flipper>
2023-02-05 08:43:05,198 : INFO : SwitchController : Found active switch: (1000, <Platform.Virtual>) <switch.s_trough1>
2023-02-05 08:43:05,198 : INFO : SwitchController : Found active switch: (1005, <Platform.Virtual>) <switch.s_trough2>
2023-02-05 08:43:05,198 : INFO : SwitchController : Found active switch: (1006, <Platform.Virtual>) <switch.s_trough3>
2023-02-05 08:43:05,201 : INFO : EventManager : Event: ======'bcp_connection_attempt'====== Args={'name': 'local_display', 'host': 'localhost', 'port': 5050}
2023-02-05 08:43:05,202 : INFO : BCPClientSocket : Connecting BCP to 'local_display' at localhost:5050...
2023-02-05 08:43:07,224 : INFO : BCPClientSocket : Connected BCP to 'local_display' localhost:5050
2023-02-05 08:43:07,226 : INFO : EventManager : Event: ======'bcp_clients_connected'====== Args={}
2023-02-05 08:43:07,259 : INFO : ball_device.bd_trough : BCH: Initial count: 3
2023-02-05 08:43:07,261 : INFO : EventManager : Event: ======'machine_var_mc_version'====== Args={'value': 'MPF-MC v0.56.0-dev33', 'prev_value': None, 'change': True}
2023-02-05 08:43:07,261 : INFO : EventManager : Event: ======'machine_var_mc_extended_version'====== Args={'value': 'MPF-MC v0.56.0-dev33 (config_version=5, BCP v1.1, Requires MPF v0.56.0-dev33)', 'prev_value': None, 'change': True}
2023-02-05 08:43:07,264 : INFO : ball_device.bd_trough : State: idle
2023-02-05 08:43:07,302 : INFO : ball_device.bd_plunger : BCH: Initial count: 0
2023-02-05 08:43:07,303 : INFO : ball_device.bd_plunger : State: idle
2023-02-05 08:43:07,303 : INFO : ball_device.bd_retina_hole : BCH: Initial count: 0
2023-02-05 08:43:07,303 : INFO : ball_device.bd_retina_hole : State: idle
2023-02-05 08:43:07,304 : INFO : ball_device.bd_elevator : BCH: Initial count: 0
2023-02-05 08:43:07,304 : INFO : ball_device.bd_elevator : State: idle
2023-02-05 08:43:07,357 : INFO : EventManager : Event: ======'init_phase_3'====== Args={}
2023-02-05 08:43:07,360 : INFO : EventManager : Event: ======'init_phase_4'====== Args={}
2023-02-05 08:43:07,361 : INFO : BallController : Initial balls found: 3
2023-02-05 08:43:07,361 : INFO : EventManager : Event: ======'machine_var_audits_events_game_ended'====== Args={'value': 0, 'prev_value': None, 'change': True}
2023-02-05 08:43:07,362 : INFO : EventManager : Event: ======'machine_var_audits_events_game_started'====== Args={'value': 2, 'prev_value': None, 'change': True}
2023-02-05 08:43:07,362 : INFO : EventManager : Event: ======'machine_var_audits_player_score'====== Args={'value': {'average': 0, 'top': [], 'total': 0}, 'prev_value': None, 'change': True}
2023-02-05 08:43:07,362 : INFO : EventManager : Event: ======'machine_var_audits_switches_s_ball_shooter_lane'====== Args={'value': 0, 'prev_value': None, 'change': True}
2023-02-05 08:43:07,362 : INFO : EventManager : Event: ======'machine_var_audits_switches_s_eject'====== Args={'value': 0, 'prev_value': None, 'change': True}
2023-02-05 08:43:07,362 : INFO : EventManager : Event: ======'machine_var_audits_switches_s_elevator_hold'====== Args={'value': 0, 'prev_value': None, 'change': True}
2023-02-05 08:43:07,362 : INFO : EventManager : Event: ======'machine_var_audits_switches_s_enter_left_ramp'====== Args={'value': 0, 'prev_value': None, 'change': True}
2023-02-05 08:43:07,362 : INFO : EventManager : Event: ======'machine_var_audits_switches_s_inner_loop'====== Args={'value': 0, 'prev_value': None, 'change': True}
2023-02-05 08:43:07,363 : INFO : EventManager : Event: ======'machine_var_audits_switches_s_left_bottom_jet_bumper'====== Args={'value': 0, 'prev_value': None, 'change': True}
2023-02-05 08:43:07,363 : INFO : EventManager : Event: ======'machine_var_audits_switches_s_left_cellar'====== Args={'value': 0, 'prev_value': None, 'change': True}
2023-02-05 08:43:07,363 : INFO : EventManager : Event: ======'machine_var_audits_switches_s_left_flipper'====== Args={'value': 11, 'prev_value': None, 'change': True}
2023-02-05 08:43:07,363 : INFO : EventManager : Event: ======'machine_var_audits_switches_s_left_inlane'====== Args={'value': 0, 'prev_value': None, 'change': True}
2023-02-05 08:43:07,363 : INFO : EventManager : Event: ======'machine_var_audits_switches_s_left_lock_1'====== Args={'value': 0, 'prev_value': None, 'change': True}
2023-02-05 08:43:07,363 : INFO : EventManager : Event: ======'machine_var_audits_switches_s_left_lock_2'====== Args={'value': 0, 'prev_value': None, 'change': True}
2023-02-05 08:43:07,363 : INFO : EventManager : Event: ======'machine_var_audits_switches_s_left_lock_3'====== Args={'value': 0, 'prev_value': None, 'change': True}
2023-02-05 08:43:07,363 : INFO : EventManager : Event: ======'machine_var_audits_switches_s_left_loop_bottom'====== Args={'value': 0, 'prev_value': None, 'change': True}
2023-02-05 08:43:07,364 : INFO : EventManager : Event: ======'machine_var_audits_switches_s_left_loop_top'====== Args={'value': 0, 'prev_value': None, 'change': True}
2023-02-05 08:43:07,364 : INFO : EventManager : Event: ======'machine_var_audits_switches_s_left_outlane'====== Args={'value': 0, 'prev_value': None, 'change': True}
2023-02-05 08:43:07,364 : INFO : EventManager : Event: ======'machine_var_audits_switches_s_left_ramp_score_bottom'====== Args={'value': 0, 'prev_value': None, 'change': True}
2023-02-05 08:43:07,364 : INFO : EventManager : Event: ======'machine_var_audits_switches_s_left_ramp_score_top'====== Args={'value': 0, 'prev_value': None, 'change': True}
2023-02-05 08:43:07,364 : INFO : EventManager : Event: ======'machine_var_audits_switches_s_left_slingshot'====== Args={'value': 0, 'prev_value': None, 'change': True}
2023-02-05 08:43:07,364 : INFO : EventManager : Event: ======'machine_var_audits_switches_s_left_standup'====== Args={'value': 0, 'prev_value': None, 'change': True}
2023-02-05 08:43:07,364 : INFO : EventManager : Event: ======'machine_var_audits_switches_s_left_standup_right_ramp'====== Args={'value': 0, 'prev_value': None, 'change': True}
2023-02-05 08:43:07,364 : INFO : EventManager : Event: ======'machine_var_audits_switches_s_left_top_jet_bumper'====== Args={'value': 0, 'prev_value': None, 'change': True}
2023-02-05 08:43:07,365 : INFO : EventManager : Event: ======'machine_var_audits_switches_s_lower_bank_drop_target_opto_lower'====== Args={'value': 0, 'prev_value': None, 'change': True}
2023-02-05 08:43:07,365 : INFO : EventManager : Event: ======'machine_var_audits_switches_s_lower_bank_drop_target_opto_middle'====== Args={'value': 0, 'prev_value': None, 'change': True}
2023-02-05 08:43:07,365 : INFO : EventManager : Event: ======'machine_var_audits_switches_s_lower_bank_drop_target_opto_upper'====== Args={'value': 0, 'prev_value': None, 'change': True}
2023-02-05 08:43:07,365 : INFO : EventManager : Event: ======'machine_var_audits_switches_s_lower_top_jet_bumper'====== Args={'value': 0, 'prev_value': None, 'change': True}
2023-02-05 08:43:07,365 : INFO : EventManager : Event: ======'machine_var_audits_switches_s_middle_standup'====== Args={'value': 0, 'prev_value': None, 'change': True}
2023-02-05 08:43:07,365 : INFO : EventManager : Event: ======'machine_var_audits_switches_s_outhole'====== Args={'value': 0, 'prev_value': None, 'change': True}
2023-02-05 08:43:07,365 : INFO : EventManager : Event: ======'machine_var_audits_switches_s_plumb_bob_tilt'====== Args={'value': 0, 'prev_value': None, 'change': True}
2023-02-05 08:43:07,366 : INFO : EventManager : Event: ======'machine_var_audits_switches_s_plunger'====== Args={'value': 0, 'prev_value': None, 'change': True}
2023-02-05 08:43:07,366 : INFO : EventManager : Event: ======'machine_var_audits_switches_s_right_bottom_jet_bumper'====== Args={'value': 0, 'prev_value': None, 'change': True}
2023-02-05 08:43:07,366 : INFO : EventManager : Event: ======'machine_var_audits_switches_s_right_cellar'====== Args={'value': 0, 'prev_value': None, 'change': True}
2023-02-05 08:43:07,366 : INFO : EventManager : Event: ======'machine_var_audits_switches_s_right_flipper'====== Args={'value': 0, 'prev_value': None, 'change': True}
2023-02-05 08:43:07,366 : INFO : EventManager : Event: ======'machine_var_audits_switches_s_right_inlane'====== Args={'value': 0, 'prev_value': None, 'change': True}
2023-02-05 08:43:07,366 : INFO : EventManager : Event: ======'machine_var_audits_switches_s_right_loop_bottom'====== Args={'value': 0, 'prev_value': None, 'change': True}
2023-02-05 08:43:07,367 : INFO : EventManager : Event: ======'machine_var_audits_switches_s_right_loop_top'====== Args={'value': 0, 'prev_value': None, 'change': True}
2023-02-05 08:43:07,367 : INFO : EventManager : Event: ======'machine_var_audits_switches_s_right_outlane'====== Args={'value': 0, 'prev_value': None, 'change': True}
2023-02-05 08:43:07,367 : INFO : EventManager : Event: ======'machine_var_audits_switches_s_right_ramp_down'====== Args={'value': 0, 'prev_value': None, 'change': True}
2023-02-05 08:43:07,367 : INFO : EventManager : Event: ======'machine_var_audits_switches_s_right_ramp_score_bottom'====== Args={'value': 0, 'prev_value': None, 'change': True}
2023-02-05 08:43:07,367 : INFO : EventManager : Event: ======'machine_var_audits_switches_s_right_ramp_score_top'====== Args={'value': 0, 'prev_value': None, 'change': True}
2023-02-05 08:43:07,367 : INFO : EventManager : Event: ======'machine_var_audits_switches_s_right_slingshot'====== Args={'value': 0, 'prev_value': None, 'change': True}
2023-02-05 08:43:07,367 : INFO : EventManager : Event: ======'machine_var_audits_switches_s_right_standup'====== Args={'value': 0, 'prev_value': None, 'change': True}
2023-02-05 08:43:07,368 : INFO : EventManager : Event: ======'machine_var_audits_switches_s_right_standup_right_ramp'====== Args={'value': 0, 'prev_value': None, 'change': True}
2023-02-05 08:43:07,368 : INFO : EventManager : Event: ======'machine_var_audits_switches_s_right_top_jet_bumper'====== Args={'value': 0, 'prev_value': None, 'change': True}
2023-02-05 08:43:07,368 : INFO : EventManager : Event: ======'machine_var_audits_switches_s_spinner'====== Args={'value': 0, 'prev_value': None, 'change': True}
2023-02-05 08:43:07,368 : INFO : EventManager : Event: ======'machine_var_audits_switches_s_start'====== Args={'value': 5, 'prev_value': None, 'change': True}
2023-02-05 08:43:07,368 : INFO : EventManager : Event: ======'machine_var_audits_switches_s_top_right_reject'====== Args={'value': 0, 'prev_value': None, 'change': True}
2023-02-05 08:43:07,368 : INFO : EventManager : Event: ======'machine_var_audits_switches_s_trough1'====== Args={'value': 5, 'prev_value': None, 'change': True}
2023-02-05 08:43:07,369 : INFO : EventManager : Event: ======'machine_var_audits_switches_s_trough2'====== Args={'value': 2, 'prev_value': None, 'change': True}
2023-02-05 08:43:07,369 : INFO : EventManager : Event: ======'machine_var_audits_switches_s_trough3'====== Args={'value': 2, 'prev_value': None, 'change': True}
2023-02-05 08:43:07,369 : INFO : EventManager : Event: ======'machine_var_audits_switches_s_trough_jam'====== Args={'value': 0, 'prev_value': None, 'change': True}
2023-02-05 08:43:07,369 : INFO : EventManager : Event: ======'machine_var_audits_switches_s_upper_bank_drop_target_opto'====== Args={'value': 0, 'prev_value': None, 'change': True}
2023-02-05 08:43:07,369 : INFO : EventManager : Event: ======'machine_var_audits_switches_s_upper_bottom_jet_bumper'====== Args={'value': 0, 'prev_value': None, 'change': True}
2023-02-05 08:43:07,370 : INFO : EventManager : Event: ======'machine_var_audits_switches_s_upper_right_flipper'====== Args={'value': 0, 'prev_value': None, 'change': True}
2023-02-05 08:43:07,370 : INFO : EventManager : Event: ======'init_phase_5'====== Args={}
2023-02-05 08:43:07,387 : INFO : EventManager : Event: ======'init_done'====== Args={}
2023-02-05 08:43:07,387 : INFO : EventManager : Event: ======'machine_reset_phase_1'====== Args={}
2023-02-05 08:43:07,388 : INFO : EventManager : Event: ======'machine_reset_phase_2'====== Args={}
2023-02-05 08:43:07,388 : INFO : EventManager : Event: ======'machine_reset_phase_3'====== Args={}
2023-02-05 08:43:07,388 : INFO : EventManager : Event: ======'reset_complete'====== Args={}
2023-02-05 08:43:07,388 : INFO : EventManager : Event: ======'mode_attract_will_start'====== Args={}
2023-02-05 08:43:07,389 : INFO : EventManager : Event: ======'mode_attract_starting'====== Args={}
2023-02-05 08:43:07,389 : INFO : Mode.attract : Started. Priority: 10
2023-02-05 08:43:07,389 : INFO : EventManager : Event: ======'modes_active_modes_changed'====== Args={}
2023-02-05 08:43:07,389 : INFO : EventManager : Event: ======'mode_attract_started'====== Args={}
2023-02-05 08:43:07,389 : INFO : EventManager : Event: ======'collecting_balls_complete'====== Args={}
2023-02-05 08:43:07,427 : INFO : EventManager : Event: ======'slide_slide1_created'====== Args={'_from_bcp': True}
2023-02-05 08:43:07,427 : INFO : EventManager : Event: ======'slide_slide1_active'====== Args={'_from_bcp': True}
2023-02-05 08:43:07,428 : INFO : Machine : Starting the main run loop.
2023-02-05 08:43:12,922 : INFO : EventManager : Event: ======'slide_slide2_created'====== Args={'_from_bcp': True}
2023-02-05 08:43:12,929 : INFO : EventManager : Event: ======'slide_slide4_created'====== Args={'_from_bcp': True}
2023-02-05 08:43:12,931 : INFO : EventManager : Event: ======'slide_slide4_active'====== Args={'_from_bcp': True}
2023-02-05 08:43:24,499 : INFO : EventManager : Event: ======'slide_slide5_created'====== Args={'_from_bcp': True}
2023-02-05 08:43:24,504 : INFO : EventManager : Event: ======'slide_slide5_active'====== Args={'_from_bcp': True}
2023-02-05 08:43:27,509 : INFO : EventManager : Event: ======'slide_slide1_removed'====== Args={'_from_bcp': True}
2023-02-05 08:43:27,514 : INFO : EventManager : Event: ======'slide_slide1_created'====== Args={'_from_bcp': True}
2023-02-05 08:43:27,516 : INFO : EventManager : Event: ======'slide_slide1_active'====== Args={'_from_bcp': True}
2023-02-05 08:43:30,102 : INFO : EventManager : Event: ======'slide_slide2_removed'====== Args={'_from_bcp': True}
2023-02-05 08:43:30,107 : INFO : EventManager : Event: ======'slide_slide2_created'====== Args={'_from_bcp': True}
2023-02-05 08:43:30,109 : INFO : EventManager : Event: ======'slide_slide2_active'====== Args={'_from_bcp': True}
2023-02-05 08:43:32,608 : INFO : EventManager : Event: ======'slide_slide4_removed'====== Args={'_from_bcp': True}
2023-02-05 08:43:32,629 : INFO : EventManager : Event: ======'slide_slide4_created'====== Args={'_from_bcp': True}
2023-02-05 08:43:32,641 : INFO : EventManager : Event: ======'slide_slide4_active'====== Args={'_from_bcp': True}
2023-02-05 08:43:34,259 : INFO : SwitchController : <<<<<<< 's_start' active >>>>>>>
2023-02-05 08:43:34,328 : INFO : SwitchController : <<<<<<< 's_start' inactive >>>>>>>
2023-02-05 08:43:34,329 : INFO : EventManager : Event: ======'request_to_start_game'====== Args={}
2023-02-05 08:43:34,329 : INFO : EventManager : Event: ======'game_start'====== Args={'buttons': [], 'hold_time': 0.07799999999406282}
2023-02-05 08:43:34,330 : INFO : EventManager : Event: ======'mode_game_will_start'====== Args={'buttons': [], 'hold_time': 0.07799999999406282}
2023-02-05 08:43:34,332 : INFO : EventManager : Event: ======'mode_game_starting'====== Args={'buttons': [], 'hold_time': 0.07799999999406282}
2023-02-05 08:43:34,332 : INFO : EventManager : Event: ======'mode_attract_will_stop'====== Args={}
2023-02-05 08:43:34,332 : INFO : EventManager : Event: ======'mode_attract_stopping'====== Args={}
2023-02-05 08:43:34,332 : INFO : Mode.attract : Stopped.
2023-02-05 08:43:34,333 : INFO : EventManager : Event: ======'modes_active_modes_changed'====== Args={}
2023-02-05 08:43:34,333 : INFO : EventManager : Event: ======'mode_attract_stopped'====== Args={}
2023-02-05 08:43:34,334 : INFO : EventManager : Event: ======'clear'====== Args={'key': 'attract'}
2023-02-05 08:43:34,334 : INFO : Mode.game : Started. Priority: 20
2023-02-05 08:43:34,334 : INFO : EventManager : Event: ======'modes_active_modes_changed'====== Args={}
2023-02-05 08:43:34,335 : INFO : EventManager : Event: ======'mode_game_started'====== Args={'buttons': [], 'hold_time': 0.07799999999406282}
2023-02-05 08:43:34,356 : INFO : EventManager : Event: ======'game_will_start'====== Args={}
2023-02-05 08:43:34,356 : INFO : EventManager : Event: ======'game_starting'====== Args={'game': <Mode.game>}
2023-02-05 08:43:34,357 : INFO : EventManager : Event: ======'player_add_request'====== Args={}
2023-02-05 08:43:34,357 : INFO : EventManager : Event: ======'player_will_add'====== Args={'number': 1}
2023-02-05 08:43:34,357 : INFO : EventManager : Event: ======'player_adding'====== Args={'player': <Player 1>, 'number': 1}
2023-02-05 08:43:34,358 : INFO : EventManager : Event: ======'player_added'====== Args={'player': <Player 1>, 'num': 1}
2023-02-05 08:43:34,358 : INFO : Mode.game : Player added successfully. Total players: 1
2023-02-05 08:43:34,358 : INFO : EventManager : Event: ======'player_index'====== Args={'value': 0, 'prev_value': 0, 'change': 0, 'player_num': 1}
2023-02-05 08:43:34,359 : INFO : EventManager : Event: ======'player_number'====== Args={'value': 1, 'prev_value': 1, 'change': 0, 'player_num': 1}
2023-02-05 08:43:34,359 : INFO : EventManager : Event: ======'player_score'====== Args={'value': 0, 'prev_value': 0, 'change': 0, 'player_num': 1}
2023-02-05 08:43:34,360 : INFO : EventManager : Event: ======'game_started'====== Args={}
2023-02-05 08:43:34,390 : INFO : EventManager : Event: ======'player_turn_will_start'====== Args={'player': <Player 1>, 'number': 1}
2023-02-05 08:43:34,391 : INFO : EventManager : Event: ======'slide_slide5_removed'====== Args={'_from_bcp': True}
2023-02-05 08:43:34,391 : INFO : EventManager : Event: ======'slide_slide1_removed'====== Args={'_from_bcp': True}
2023-02-05 08:43:34,392 : INFO : EventManager : Event: ======'slide_slide2_removed'====== Args={'_from_bcp': True}
2023-02-05 08:43:34,392 : INFO : EventManager : Event: ======'slide_slide4_removed'====== Args={'_from_bcp': True}
2023-02-05 08:43:34,392 : INFO : EventManager : Event: ======'slide_lcd_blank_active'====== Args={'_from_bcp': True}
2023-02-05 08:43:34,392 : INFO : EventManager : Event: ======'player_turn_starting'====== Args={'player': <Player 1>, 'number': 1}
2023-02-05 08:43:34,392 : INFO : EventManager : Event: ======'player_ball'====== Args={'value': 1, 'prev_value': 0, 'change': 1, 'player_num': 1}
2023-02-05 08:43:34,393 : INFO : EventManager : Event: ======'player_turn_started'====== Args={'player': <Player 1>, 'number': 1}
2023-02-05 08:43:34,394 : INFO : EventManager : Event: ======'ball_will_start'====== Args={'player': 1, 'ball': 1, 'balls_remaining': 2, 'is_extra_ball': False}
2023-02-05 08:43:34,401 : INFO : EventManager : Event: ======'ball_starting'====== Args={'player': 1, 'ball': 1, 'balls_remaining': 2, 'is_extra_ball': False}
2023-02-05 08:43:34,402 : INFO : EventManager : Event: ======'balls_in_play'====== Args={'balls': 1}
2023-02-05 08:43:34,402 : INFO : EventManager : Event: ======'ball_started'====== Args={'player': 1, 'ball': 1, 'balls_remaining': 2, 'is_extra_ball': False}
2023-02-05 08:43:34,402 : INFO : EventManager : Event: ======'mode_base_will_start'====== Args={'player': 1, 'ball': 1, 'balls_remaining': 2, 'is_extra_ball': False}
2023-02-05 08:43:34,402 : INFO : EventManager : Event: ======'player_shot_my_first_shot_enabled'====== Args={'value': True, 'prev_value': 0, 'change': 1, 'player_num': 1}
2023-02-05 08:43:34,404 : INFO : EventManager : Event: ======'mode_base_starting'====== Args={'player': 1, 'ball': 1, 'balls_remaining': 2, 'is_extra_ball': False}
2023-02-05 08:43:34,405 : INFO : Mode.base : Started. Priority: 100
2023-02-05 08:43:34,405 : INFO : EventManager : Event: ======'modes_active_modes_changed'====== Args={}
2023-02-05 08:43:34,405 : INFO : EventManager : Event: ======'mode_base_started'====== Args={'player': 1, 'ball': 1, 'balls_remaining': 2, 'is_extra_ball': False}
2023-02-05 08:43:34,406 : INFO : EventManager : Event: ======'single_player_ball_started'====== Args={}
2023-02-05 08:43:34,452 : INFO : EventManager : Event: ======'ball_start_target'====== Args={'target': 'playfield'}
2023-02-05 08:43:34,453 : INFO : EventManager : Event: ======'slide_base.slide_player-mode_base_started_created'====== Args={'_from_bcp': True}
2023-02-05 08:43:34,453 : INFO : EventManager : Event: ======'slide_base.slide_player-mode_base_started_active'====== Args={'_from_bcp': True}
2023-02-05 08:43:34,453 : INFO : ball_device.bd_plunger : Setting up player-controlled eject. Balls: 1, Target: <playfield.playfield>, player_controlled_eject_event: None
2023-02-05 08:43:34,453 : INFO : EventManager : Event: ======'balldevice_balls_available'====== Args={}
2023-02-05 08:43:34,453 : INFO : ball_device.bd_trough : State: waiting_for_target_ready
2023-02-05 08:43:34,453 : INFO : EventManager : Event: ======'balldevice_bd_trough_ball_eject_attempt'====== Args={'balls': 1, 'target': <ball_device.bd_plunger>, 'source': <ball_device.bd_trough>, 'mechanical_eject': True, 'num_attempts': 0}
2023-02-05 08:43:34,454 : INFO : ball_device.bd_plunger : State: waiting_for_ball
2023-02-05 08:43:34,454 : INFO : ball_device.bd_trough : State: ejecting
2023-02-05 08:43:34,454 : INFO : ball_device.bd_trough : Ejecting ball to <ball_device.bd_plunger>
2023-02-05 08:43:34,454 : INFO : EventManager : Event: ======'balldevice_bd_trough_ejecting_ball'====== Args={'balls': 1, 'target': <ball_device.bd_plunger>, 'source': <ball_device.bd_trough>, 'mechanical_eject': True, 'num_attempts': 0}
2023-02-05 08:43:34,454 : INFO : ball_device.bd_trough : Wait for ball to leave device
2023-02-05 08:43:34,454 : INFO : coil.c_trough_eject : Pulsing Driver for 10ms (1.0 pulse_power)
2023-02-05 08:43:35,574 : INFO : SwitchController : <<<<<<< 's_left_inlane' active >>>>>>>
2023-02-05 08:43:35,575 : INFO : EventManager : Event: ======'playfield_active'====== Args={}
2023-02-05 08:43:35,575 : INFO : EventManager : Event: ======'unexpected_ball_on_playfield'====== Args={}
2023-02-05 08:43:35,575 : INFO : EventManager : Event: ======'s_left_inlane_active'====== Args={}
2023-02-05 08:43:35,575 : INFO : EventManager : Event: ======'machine_var_audits_switches_s_left_inlane'====== Args={'value': 1, 'prev_value': 0, 'change': 1}
2023-02-05 08:43:35,578 : INFO : EventManager : Event: ======'player_shot_my_first_shot'====== Args={'value': 1, 'prev_value': 0, 'change': 1, 'player_num': 1}
2023-02-05 08:43:35,579 : INFO : EventManager : Event: ======'machine_var_audits_shots_my_first_shot'====== Args={'value': 1, 'prev_value': None, 'change': True}
2023-02-05 08:43:35,580 : INFO : EventManager : Event: ======'my_first_shot_hit'====== Args={'profile': 'my_first_profile', 'state': 'unlit', 'advancing': True}
2023-02-05 08:43:35,580 : INFO : EventManager : Event: ======'my_first_shot_my_first_profile_hit'====== Args={'profile': 'my_first_profile', 'state': 'unlit', 'advancing': True}
2023-02-05 08:43:35,581 : INFO : EventManager : Event: ======'my_first_shot_my_first_profile_unlit_hit'====== Args={'profile': 'my_first_profile', 'state': 'unlit', 'advancing': True}
2023-02-05 08:43:35,581 : INFO : EventManager : Event: ======'my_first_shot_unlit_hit'====== Args={'profile': 'my_first_profile', 'state': 'unlit', 'advancing': True}
2023-02-05 08:43:35,581 : INFO : EventManager : Event: ======'player_score'====== Args={'value': 100, 'prev_value': 0, 'change': 100, 'player_num': 1, 'source': 'base'}
2023-02-05 08:43:35,654 : INFO : SwitchController : <<<<<<< 's_left_inlane' inactive >>>>>>>
2023-02-05 08:43:36,399 : INFO : SwitchController : <<<<<<< 's_left_inlane' active >>>>>>>
2023-02-05 08:43:36,399 : INFO : EventManager : Event: ======'playfield_active'====== Args={}
2023-02-05 08:43:36,399 : INFO : EventManager : Event: ======'unexpected_ball_on_playfield'====== Args={}
2023-02-05 08:43:36,399 : INFO : EventManager : Event: ======'s_left_inlane_active'====== Args={}
2023-02-05 08:43:36,400 : INFO : EventManager : Event: ======'machine_var_audits_switches_s_left_inlane'====== Args={'value': 2, 'prev_value': 1, 'change': 1}
2023-02-05 08:43:36,401 : INFO : EventManager : Event: ======'player_shot_my_first_shot'====== Args={'value': 2, 'prev_value': 1, 'change': 1, 'player_num': 1}
2023-02-05 08:43:36,402 : INFO : EventManager : Event: ======'machine_var_audits_shots_my_first_shot'====== Args={'value': 2, 'prev_value': 1, 'change': 1}
2023-02-05 08:43:36,402 : INFO : EventManager : Event: ======'my_first_shot_hit'====== Args={'profile': 'my_first_profile', 'state': 'flashing', 'advancing': True}
2023-02-05 08:43:36,403 : INFO : EventManager : Event: ======'my_first_shot_my_first_profile_hit'====== Args={'profile': 'my_first_profile', 'state': 'flashing', 'advancing': True}
2023-02-05 08:43:36,403 : INFO : EventManager : Event: ======'my_first_shot_my_first_profile_flashing_hit'====== Args={'profile': 'my_first_profile', 'state': 'flashing', 'advancing': True}
2023-02-05 08:43:36,403 : INFO : EventManager : Event: ======'my_first_shot_flashing_hit'====== Args={'profile': 'my_first_profile', 'state': 'flashing', 'advancing': True}
2023-02-05 08:43:36,404 : INFO : EventManager : Event: ======'player_score'====== Args={'value': 1100, 'prev_value': 100, 'change': 1000, 'player_num': 1, 'source': 'base'}
2023-02-05 08:43:36,472 : INFO : SwitchController : <<<<<<< 's_left_inlane' inactive >>>>>>>
2023-02-05 08:43:37,815 : INFO : SwitchController : <<<<<<< 's_left_inlane' active >>>>>>>
2023-02-05 08:43:37,816 : INFO : EventManager : Event: ======'playfield_active'====== Args={}
2023-02-05 08:43:37,816 : INFO : EventManager : Event: ======'unexpected_ball_on_playfield'====== Args={}
2023-02-05 08:43:37,816 : INFO : EventManager : Event: ======'s_left_inlane_active'====== Args={}
2023-02-05 08:43:37,816 : INFO : EventManager : Event: ======'machine_var_audits_switches_s_left_inlane'====== Args={'value': 3, 'prev_value': 2, 'change': 1}
2023-02-05 08:43:37,836 : INFO : EventManager : Event: ======'player_shot_my_first_shot'====== Args={'value': 0, 'prev_value': 2, 'change': -2, 'player_num': 1}
2023-02-05 08:43:37,837 : INFO : EventManager : Event: ======'machine_var_audits_shots_my_first_shot'====== Args={'value': 3, 'prev_value': 2, 'change': 1}
2023-02-05 08:43:37,838 : INFO : EventManager : Event: ======'my_first_shot_hit'====== Args={'profile': 'my_first_profile', 'state': 'lit', 'advancing': True}
2023-02-05 08:43:37,839 : INFO : EventManager : Event: ======'my_first_shot_my_first_profile_hit'====== Args={'profile': 'my_first_profile', 'state': 'lit', 'advancing': True}
2023-02-05 08:43:37,839 : INFO : EventManager : Event: ======'my_first_shot_my_first_profile_lit_hit'====== Args={'profile': 'my_first_profile', 'state': 'lit', 'advancing': True}
2023-02-05 08:43:37,839 : INFO : EventManager : Event: ======'my_first_shot_lit_hit'====== Args={'profile': 'my_first_profile', 'state': 'lit', 'advancing': True}
2023-02-05 08:43:37,877 : INFO : SwitchController : <<<<<<< 's_left_inlane' inactive >>>>>>>
2023-02-05 08:43:38,240 : INFO : SwitchController : <<<<<<< 's_left_inlane' active >>>>>>>
2023-02-05 08:43:38,241 : INFO : EventManager : Event: ======'playfield_active'====== Args={}
2023-02-05 08:43:38,241 : INFO : EventManager : Event: ======'unexpected_ball_on_playfield'====== Args={}
2023-02-05 08:43:38,241 : INFO : EventManager : Event: ======'s_left_inlane_active'====== Args={}
2023-02-05 08:43:38,241 : INFO : EventManager : Event: ======'machine_var_audits_switches_s_left_inlane'====== Args={'value': 4, 'prev_value': 3, 'change': 1}
2023-02-05 08:43:38,243 : INFO : EventManager : Event: ======'player_shot_my_first_shot'====== Args={'value': 1, 'prev_value': 0, 'change': 1, 'player_num': 1}
2023-02-05 08:43:38,244 : INFO : EventManager : Event: ======'machine_var_audits_shots_my_first_shot'====== Args={'value': 4, 'prev_value': 3, 'change': 1}
2023-02-05 08:43:38,246 : INFO : EventManager : Event: ======'my_first_shot_hit'====== Args={'profile': 'my_first_profile', 'state': 'unlit', 'advancing': True}
2023-02-05 08:43:38,246 : INFO : EventManager : Event: ======'my_first_shot_my_first_profile_hit'====== Args={'profile': 'my_first_profile', 'state': 'unlit', 'advancing': True}
2023-02-05 08:43:38,246 : INFO : EventManager : Event: ======'my_first_shot_my_first_profile_unlit_hit'====== Args={'profile': 'my_first_profile', 'state': 'unlit', 'advancing': True}
2023-02-05 08:43:38,246 : INFO : EventManager : Event: ======'my_first_shot_unlit_hit'====== Args={'profile': 'my_first_profile', 'state': 'unlit', 'advancing': True}
2023-02-05 08:43:38,248 : INFO : EventManager : Event: ======'player_score'====== Args={'value': 1200, 'prev_value': 1100, 'change': 100, 'player_num': 1, 'source': 'base'}
2023-02-05 08:43:38,302 : INFO : SwitchController : <<<<<<< 's_left_inlane' inactive >>>>>>>
2023-02-05 08:43:38,647 : INFO : SwitchController : <<<<<<< 's_left_inlane' active >>>>>>>
2023-02-05 08:43:38,648 : INFO : EventManager : Event: ======'playfield_active'====== Args={}
2023-02-05 08:43:38,648 : INFO : EventManager : Event: ======'unexpected_ball_on_playfield'====== Args={}
2023-02-05 08:43:38,648 : INFO : EventManager : Event: ======'s_left_inlane_active'====== Args={}
2023-02-05 08:43:38,648 : INFO : EventManager : Event: ======'machine_var_audits_switches_s_left_inlane'====== Args={'value': 5, 'prev_value': 4, 'change': 1}
2023-02-05 08:43:38,651 : INFO : EventManager : Event: ======'player_shot_my_first_shot'====== Args={'value': 2, 'prev_value': 1, 'change': 1, 'player_num': 1}
2023-02-05 08:43:38,652 : INFO : EventManager : Event: ======'machine_var_audits_shots_my_first_shot'====== Args={'value': 5, 'prev_value': 4, 'change': 1}
2023-02-05 08:43:38,653 : INFO : EventManager : Event: ======'my_first_shot_hit'====== Args={'profile': 'my_first_profile', 'state': 'flashing', 'advancing': True}
2023-02-05 08:43:38,653 : INFO : EventManager : Event: ======'my_first_shot_my_first_profile_hit'====== Args={'profile': 'my_first_profile', 'state': 'flashing', 'advancing': True}
2023-02-05 08:43:38,653 : INFO : EventManager : Event: ======'my_first_shot_my_first_profile_flashing_hit'====== Args={'profile': 'my_first_profile', 'state': 'flashing', 'advancing': True}
2023-02-05 08:43:38,653 : INFO : EventManager : Event: ======'my_first_shot_flashing_hit'====== Args={'profile': 'my_first_profile', 'state': 'flashing', 'advancing': True}
2023-02-05 08:43:38,655 : INFO : EventManager : Event: ======'player_score'====== Args={'value': 2200, 'prev_value': 1200, 'change': 1000, 'player_num': 1, 'source': 'base'}
2023-02-05 08:43:38,725 : INFO : SwitchController : <<<<<<< 's_left_inlane' inactive >>>>>>>
2023-02-05 08:43:39,167 : INFO : SwitchController : <<<<<<< 's_left_inlane' active >>>>>>>
2023-02-05 08:43:39,167 : INFO : EventManager : Event: ======'playfield_active'====== Args={}
2023-02-05 08:43:39,168 : INFO : EventManager : Event: ======'unexpected_ball_on_playfield'====== Args={}
2023-02-05 08:43:39,168 : INFO : EventManager : Event: ======'s_left_inlane_active'====== Args={}
2023-02-05 08:43:39,168 : INFO : EventManager : Event: ======'machine_var_audits_switches_s_left_inlane'====== Args={'value': 6, 'prev_value': 5, 'change': 1}
2023-02-05 08:43:39,170 : INFO : EventManager : Event: ======'player_shot_my_first_shot'====== Args={'value': 0, 'prev_value': 2, 'change': -2, 'player_num': 1}
2023-02-05 08:43:39,171 : INFO : EventManager : Event: ======'machine_var_audits_shots_my_first_shot'====== Args={'value': 6, 'prev_value': 5, 'change': 1}
2023-02-05 08:43:39,172 : INFO : EventManager : Event: ======'my_first_shot_hit'====== Args={'profile': 'my_first_profile', 'state': 'lit', 'advancing': True}
2023-02-05 08:43:39,173 : INFO : EventManager : Event: ======'my_first_shot_my_first_profile_hit'====== Args={'profile': 'my_first_profile', 'state': 'lit', 'advancing': True}
2023-02-05 08:43:39,173 : INFO : EventManager : Event: ======'my_first_shot_my_first_profile_lit_hit'====== Args={'profile': 'my_first_profile', 'state': 'lit', 'advancing': True}
2023-02-05 08:43:39,173 : INFO : EventManager : Event: ======'my_first_shot_lit_hit'====== Args={'profile': 'my_first_profile', 'state': 'lit', 'advancing': True}
2023-02-05 08:43:39,267 : INFO : SwitchController : <<<<<<< 's_left_inlane' inactive >>>>>>>
2023-02-05 08:43:39,602 : INFO : SwitchController : <<<<<<< 's_left_inlane' active >>>>>>>
2023-02-05 08:43:39,603 : INFO : EventManager : Event: ======'playfield_active'====== Args={}
2023-02-05 08:43:39,603 : INFO : EventManager : Event: ======'unexpected_ball_on_playfield'====== Args={}
2023-02-05 08:43:39,603 : INFO : EventManager : Event: ======'s_left_inlane_active'====== Args={}
2023-02-05 08:43:39,603 : INFO : EventManager : Event: ======'machine_var_audits_switches_s_left_inlane'====== Args={'value': 7, 'prev_value': 6, 'change': 1}
2023-02-05 08:43:39,605 : INFO : EventManager : Event: ======'player_shot_my_first_shot'====== Args={'value': 1, 'prev_value': 0, 'change': 1, 'player_num': 1}
2023-02-05 08:43:39,607 : INFO : EventManager : Event: ======'machine_var_audits_shots_my_first_shot'====== Args={'value': 7, 'prev_value': 6, 'change': 1}
2023-02-05 08:43:39,608 : INFO : EventManager : Event: ======'my_first_shot_hit'====== Args={'profile': 'my_first_profile', 'state': 'unlit', 'advancing': True}
2023-02-05 08:43:39,608 : INFO : EventManager : Event: ======'my_first_shot_my_first_profile_hit'====== Args={'profile': 'my_first_profile', 'state': 'unlit', 'advancing': True}
2023-02-05 08:43:39,608 : INFO : EventManager : Event: ======'my_first_shot_my_first_profile_unlit_hit'====== Args={'profile': 'my_first_profile', 'state': 'unlit', 'advancing': True}
2023-02-05 08:43:39,609 : INFO : EventManager : Event: ======'my_first_shot_unlit_hit'====== Args={'profile': 'my_first_profile', 'state': 'unlit', 'advancing': True}
2023-02-05 08:43:39,610 : INFO : EventManager : Event: ======'player_score'====== Args={'value': 2300, 'prev_value': 2200, 'change': 100, 'player_num': 1, 'source': 'base'}
2023-02-05 08:43:39,663 : INFO : SwitchController : <<<<<<< 's_left_inlane' inactive >>>>>>>
2023-02-05 08:43:44,181 : INFO : SwitchController : <<<<<<< 's_left_inlane' active >>>>>>>
2023-02-05 08:43:44,181 : INFO : EventManager : Event: ======'playfield_active'====== Args={}
2023-02-05 08:43:44,182 : INFO : EventManager : Event: ======'unexpected_ball_on_playfield'====== Args={}
2023-02-05 08:43:44,182 : INFO : EventManager : Event: ======'s_left_inlane_active'====== Args={}
2023-02-05 08:43:44,182 : INFO : EventManager : Event: ======'machine_var_audits_switches_s_left_inlane'====== Args={'value': 8, 'prev_value': 7, 'change': 1}
2023-02-05 08:43:44,184 : INFO : EventManager : Event: ======'player_shot_my_first_shot'====== Args={'value': 2, 'prev_value': 1, 'change': 1, 'player_num': 1}
2023-02-05 08:43:44,185 : INFO : EventManager : Event: ======'machine_var_audits_shots_my_first_shot'====== Args={'value': 8, 'prev_value': 7, 'change': 1}
2023-02-05 08:43:44,186 : INFO : EventManager : Event: ======'my_first_shot_hit'====== Args={'profile': 'my_first_profile', 'state': 'flashing', 'advancing': True}
2023-02-05 08:43:44,187 : INFO : EventManager : Event: ======'my_first_shot_my_first_profile_hit'====== Args={'profile': 'my_first_profile', 'state': 'flashing', 'advancing': True}
2023-02-05 08:43:44,187 : INFO : EventManager : Event: ======'my_first_shot_my_first_profile_flashing_hit'====== Args={'profile': 'my_first_profile', 'state': 'flashing', 'advancing': True}
2023-02-05 08:43:44,187 : INFO : EventManager : Event: ======'my_first_shot_flashing_hit'====== Args={'profile': 'my_first_profile', 'state': 'flashing', 'advancing': True}
2023-02-05 08:43:44,188 : INFO : EventManager : Event: ======'player_score'====== Args={'value': 3300, 'prev_value': 2300, 'change': 1000, 'player_num': 1, 'source': 'base'}
2023-02-05 08:43:44,304 : INFO : SwitchController : <<<<<<< 's_left_inlane' inactive >>>>>>>
2023-02-05 08:43:44,463 : INFO : EventManager : Event: ======'balldevice_bd_trough_ball_eject_failed'====== Args={'target': <ball_device.bd_plunger>, 'balls': 1, 'retry': True, 'num_attempts': 1}
2023-02-05 08:43:44,465 : INFO : ball_device.bd_trough : State: waiting_for_target_ready
2023-02-05 08:43:44,465 : INFO : EventManager : Event: ======'balldevice_bd_trough_ball_eject_attempt'====== Args={'balls': 1, 'target': <ball_device.bd_plunger>, 'source': <ball_device.bd_trough>, 'mechanical_eject': True, 'num_attempts': 1}
2023-02-05 08:43:44,466 : INFO : ball_device.bd_trough : State: ejecting
2023-02-05 08:43:44,466 : INFO : ball_device.bd_trough : Ejecting ball to <ball_device.bd_plunger>
2023-02-05 08:43:44,466 : INFO : EventManager : Event: ======'balldevice_bd_trough_ejecting_ball'====== Args={'balls': 1, 'target': <ball_device.bd_plunger>, 'source': <ball_device.bd_trough>, 'mechanical_eject': True, 'num_attempts': 1}
2023-02-05 08:43:44,467 : INFO : ball_device.bd_trough : Wait for ball to leave device
2023-02-05 08:43:44,468 : INFO : coil.c_trough_eject : Pulsing Driver for 10ms (1.0 pulse_power)
2023-02-05 08:43:45,558 : INFO : SwitchController : <<<<<<< 's_left_inlane' active >>>>>>>
2023-02-05 08:43:45,559 : INFO : EventManager : Event: ======'playfield_active'====== Args={}
2023-02-05 08:43:45,559 : INFO : EventManager : Event: ======'unexpected_ball_on_playfield'====== Args={}
2023-02-05 08:43:45,559 : INFO : EventManager : Event: ======'s_left_inlane_active'====== Args={}
2023-02-05 08:43:45,559 : INFO : EventManager : Event: ======'machine_var_audits_switches_s_left_inlane'====== Args={'value': 9, 'prev_value': 8, 'change': 1}
2023-02-05 08:43:45,577 : INFO : EventManager : Event: ======'player_shot_my_first_shot'====== Args={'value': 0, 'prev_value': 2, 'change': -2, 'player_num': 1}
2023-02-05 08:43:45,578 : INFO : EventManager : Event: ======'machine_var_audits_shots_my_first_shot'====== Args={'value': 9, 'prev_value': 8, 'change': 1}
2023-02-05 08:43:45,580 : INFO : EventManager : Event: ======'my_first_shot_hit'====== Args={'profile': 'my_first_profile', 'state': 'lit', 'advancing': True}
2023-02-05 08:43:45,580 : INFO : EventManager : Event: ======'my_first_shot_my_first_profile_hit'====== Args={'profile': 'my_first_profile', 'state': 'lit', 'advancing': True}
2023-02-05 08:43:45,580 : INFO : EventManager : Event: ======'my_first_shot_my_first_profile_lit_hit'====== Args={'profile': 'my_first_profile', 'state': 'lit', 'advancing': True}
2023-02-05 08:43:45,580 : INFO : EventManager : Event: ======'my_first_shot_lit_hit'====== Args={'profile': 'my_first_profile', 'state': 'lit', 'advancing': True}
2023-02-05 08:43:45,939 : INFO : SwitchController : <<<<<<< 's_left_inlane' inactive >>>>>>>
2023-02-05 08:43:46,096 : INFO : SwitchController : <<<<<<< 's_left_inlane' active >>>>>>>
2023-02-05 08:43:46,097 : INFO : EventManager : Event: ======'playfield_active'====== Args={}
2023-02-05 08:43:46,097 : INFO : EventManager : Event: ======'unexpected_ball_on_playfield'====== Args={}
2023-02-05 08:43:46,097 : INFO : EventManager : Event: ======'s_left_inlane_active'====== Args={}
2023-02-05 08:43:46,097 : INFO : EventManager : Event: ======'machine_var_audits_switches_s_left_inlane'====== Args={'value': 10, 'prev_value': 9, 'change': 1}
2023-02-05 08:43:46,100 : INFO : EventManager : Event: ======'player_shot_my_first_shot'====== Args={'value': 1, 'prev_value': 0, 'change': 1, 'player_num': 1}
2023-02-05 08:43:46,101 : INFO : EventManager : Event: ======'machine_var_audits_shots_my_first_shot'====== Args={'value': 10, 'prev_value': 9, 'change': 1}
2023-02-05 08:43:46,102 : INFO : EventManager : Event: ======'my_first_shot_hit'====== Args={'profile': 'my_first_profile', 'state': 'unlit', 'advancing': True}
2023-02-05 08:43:46,102 : INFO : EventManager : Event: ======'my_first_shot_my_first_profile_hit'====== Args={'profile': 'my_first_profile', 'state': 'unlit', 'advancing': True}
2023-02-05 08:43:46,102 : INFO : EventManager : Event: ======'my_first_shot_my_first_profile_unlit_hit'====== Args={'profile': 'my_first_profile', 'state': 'unlit', 'advancing': True}
2023-02-05 08:43:46,102 : INFO : EventManager : Event: ======'my_first_shot_unlit_hit'====== Args={'profile': 'my_first_profile', 'state': 'unlit', 'advancing': True}
2023-02-05 08:43:46,104 : INFO : EventManager : Event: ======'player_score'====== Args={'value': 3400, 'prev_value': 3300, 'change': 100, 'player_num': 1, 'source': 'base'}
2023-02-05 08:43:46,181 : INFO : SwitchController : <<<<<<< 's_left_inlane' inactive >>>>>>>
2023-02-05 08:43:46,307 : INFO : SwitchController : <<<<<<< 's_left_inlane' active >>>>>>>
2023-02-05 08:43:46,308 : INFO : EventManager : Event: ======'playfield_active'====== Args={}
2023-02-05 08:43:46,308 : INFO : EventManager : Event: ======'unexpected_ball_on_playfield'====== Args={}
2023-02-05 08:43:46,308 : INFO : EventManager : Event: ======'s_left_inlane_active'====== Args={}
2023-02-05 08:43:46,308 : INFO : EventManager : Event: ======'machine_var_audits_switches_s_left_inlane'====== Args={'value': 11, 'prev_value': 10, 'change': 1}
2023-02-05 08:43:46,311 : INFO : EventManager : Event: ======'player_shot_my_first_shot'====== Args={'value': 2, 'prev_value': 1, 'change': 1, 'player_num': 1}
2023-02-05 08:43:46,312 : INFO : EventManager : Event: ======'machine_var_audits_shots_my_first_shot'====== Args={'value': 11, 'prev_value': 10, 'change': 1}
2023-02-05 08:43:46,313 : INFO : EventManager : Event: ======'my_first_shot_hit'====== Args={'profile': 'my_first_profile', 'state': 'flashing', 'advancing': True}
2023-02-05 08:43:46,313 : INFO : EventManager : Event: ======'my_first_shot_my_first_profile_hit'====== Args={'profile': 'my_first_profile', 'state': 'flashing', 'advancing': True}
2023-02-05 08:43:46,313 : INFO : EventManager : Event: ======'my_first_shot_my_first_profile_flashing_hit'====== Args={'profile': 'my_first_profile', 'state': 'flashing', 'advancing': True}
2023-02-05 08:43:46,314 : INFO : EventManager : Event: ======'my_first_shot_flashing_hit'====== Args={'profile': 'my_first_profile', 'state': 'flashing', 'advancing': True}
2023-02-05 08:43:46,315 : INFO : EventManager : Event: ======'player_score'====== Args={'value': 4400, 'prev_value': 3400, 'change': 1000, 'player_num': 1, 'source': 'base'}
2023-02-05 08:43:46,391 : INFO : SwitchController : <<<<<<< 's_left_inlane' inactive >>>>>>>
2023-02-05 08:43:46,487 : INFO : SwitchController : <<<<<<< 's_left_inlane' active >>>>>>>
2023-02-05 08:43:46,488 : INFO : EventManager : Event: ======'playfield_active'====== Args={}
2023-02-05 08:43:46,488 : INFO : EventManager : Event: ======'unexpected_ball_on_playfield'====== Args={}
2023-02-05 08:43:46,488 : INFO : EventManager : Event: ======'s_left_inlane_active'====== Args={}
2023-02-05 08:43:46,488 : INFO : EventManager : Event: ======'machine_var_audits_switches_s_left_inlane'====== Args={'value': 12, 'prev_value': 11, 'change': 1}
2023-02-05 08:43:46,490 : INFO : EventManager : Event: ======'player_shot_my_first_shot'====== Args={'value': 0, 'prev_value': 2, 'change': -2, 'player_num': 1}
2023-02-05 08:43:46,491 : INFO : EventManager : Event: ======'machine_var_audits_shots_my_first_shot'====== Args={'value': 12, 'prev_value': 11, 'change': 1}
2023-02-05 08:43:46,493 : INFO : EventManager : Event: ======'my_first_shot_hit'====== Args={'profile': 'my_first_profile', 'state': 'lit', 'advancing': True}
2023-02-05 08:43:46,493 : INFO : EventManager : Event: ======'my_first_shot_my_first_profile_hit'====== Args={'profile': 'my_first_profile', 'state': 'lit', 'advancing': True}
2023-02-05 08:43:46,493 : INFO : EventManager : Event: ======'my_first_shot_my_first_profile_lit_hit'====== Args={'profile': 'my_first_profile', 'state': 'lit', 'advancing': True}
2023-02-05 08:43:46,493 : INFO : EventManager : Event: ======'my_first_shot_lit_hit'====== Args={'profile': 'my_first_profile', 'state': 'lit', 'advancing': True}
2023-02-05 08:43:46,561 : INFO : SwitchController : <<<<<<< 's_left_inlane' inactive >>>>>>>
2023-02-05 08:43:46,671 : INFO : SwitchController : <<<<<<< 's_left_inlane' active >>>>>>>
2023-02-05 08:43:46,671 : INFO : EventManager : Event: ======'playfield_active'====== Args={}
2023-02-05 08:43:46,672 : INFO : EventManager : Event: ======'unexpected_ball_on_playfield'====== Args={}
2023-02-05 08:43:46,672 : INFO : EventManager : Event: ======'s_left_inlane_active'====== Args={}
2023-02-05 08:43:46,672 : INFO : EventManager : Event: ======'machine_var_audits_switches_s_left_inlane'====== Args={'value': 13, 'prev_value': 12, 'change': 1}
2023-02-05 08:43:46,674 : INFO : EventManager : Event: ======'player_shot_my_first_shot'====== Args={'value': 1, 'prev_value': 0, 'change': 1, 'player_num': 1}
2023-02-05 08:43:46,675 : INFO : EventManager : Event: ======'machine_var_audits_shots_my_first_shot'====== Args={'value': 13, 'prev_value': 12, 'change': 1}
2023-02-05 08:43:46,677 : INFO : EventManager : Event: ======'my_first_shot_hit'====== Args={'profile': 'my_first_profile', 'state': 'unlit', 'advancing': True}
2023-02-05 08:43:46,677 : INFO : EventManager : Event: ======'my_first_shot_my_first_profile_hit'====== Args={'profile': 'my_first_profile', 'state': 'unlit', 'advancing': True}
2023-02-05 08:43:46,677 : INFO : EventManager : Event: ======'my_first_shot_my_first_profile_unlit_hit'====== Args={'profile': 'my_first_profile', 'state': 'unlit', 'advancing': True}
2023-02-05 08:43:46,677 : INFO : EventManager : Event: ======'my_first_shot_unlit_hit'====== Args={'profile': 'my_first_profile', 'state': 'unlit', 'advancing': True}
2023-02-05 08:43:46,679 : INFO : EventManager : Event: ======'player_score'====== Args={'value': 4500, 'prev_value': 4400, 'change': 100, 'player_num': 1, 'source': 'base'}
2023-02-05 08:43:46,761 : INFO : SwitchController : <<<<<<< 's_left_inlane' inactive >>>>>>>
2023-02-05 08:43:46,809 : INFO : SwitchController : <<<<<<< 's_left_inlane' active >>>>>>>
2023-02-05 08:43:46,809 : INFO : EventManager : Event: ======'playfield_active'====== Args={}
2023-02-05 08:43:46,809 : INFO : EventManager : Event: ======'unexpected_ball_on_playfield'====== Args={}
2023-02-05 08:43:46,810 : INFO : EventManager : Event: ======'s_left_inlane_active'====== Args={}
2023-02-05 08:43:46,810 : INFO : EventManager : Event: ======'machine_var_audits_switches_s_left_inlane'====== Args={'value': 14, 'prev_value': 13, 'change': 1}
2023-02-05 08:43:46,812 : INFO : EventManager : Event: ======'player_shot_my_first_shot'====== Args={'value': 2, 'prev_value': 1, 'change': 1, 'player_num': 1}
2023-02-05 08:43:46,813 : INFO : EventManager : Event: ======'machine_var_audits_shots_my_first_shot'====== Args={'value': 14, 'prev_value': 13, 'change': 1}
2023-02-05 08:43:46,814 : INFO : EventManager : Event: ======'my_first_shot_hit'====== Args={'profile': 'my_first_profile', 'state': 'flashing', 'advancing': True}
2023-02-05 08:43:46,815 : INFO : EventManager : Event: ======'my_first_shot_my_first_profile_hit'====== Args={'profile': 'my_first_profile', 'state': 'flashing', 'advancing': True}
2023-02-05 08:43:46,815 : INFO : EventManager : Event: ======'my_first_shot_my_first_profile_flashing_hit'====== Args={'profile': 'my_first_profile', 'state': 'flashing', 'advancing': True}
2023-02-05 08:43:46,815 : INFO : EventManager : Event: ======'my_first_shot_flashing_hit'====== Args={'profile': 'my_first_profile', 'state': 'flashing', 'advancing': True}
2023-02-05 08:43:46,816 : INFO : EventManager : Event: ======'player_score'====== Args={'value': 5500, 'prev_value': 4500, 'change': 1000, 'player_num': 1, 'source': 'base'}
2023-02-05 08:43:46,910 : INFO : SwitchController : <<<<<<< 's_left_inlane' inactive >>>>>>>
2023-02-05 08:43:47,024 : INFO : SwitchController : <<<<<<< 's_left_inlane' active >>>>>>>
2023-02-05 08:43:47,025 : INFO : EventManager : Event: ======'playfield_active'====== Args={}
2023-02-05 08:43:47,025 : INFO : EventManager : Event: ======'unexpected_ball_on_playfield'====== Args={}
2023-02-05 08:43:47,025 : INFO : EventManager : Event: ======'s_left_inlane_active'====== Args={}
2023-02-05 08:43:47,025 : INFO : EventManager : Event: ======'machine_var_audits_switches_s_left_inlane'====== Args={'value': 15, 'prev_value': 14, 'change': 1}
2023-02-05 08:43:47,027 : INFO : EventManager : Event: ======'player_shot_my_first_shot'====== Args={'value': 0, 'prev_value': 2, 'change': -2, 'player_num': 1}
2023-02-05 08:43:47,028 : INFO : EventManager : Event: ======'machine_var_audits_shots_my_first_shot'====== Args={'value': 15, 'prev_value': 14, 'change': 1}
2023-02-05 08:43:47,030 : INFO : EventManager : Event: ======'my_first_shot_hit'====== Args={'profile': 'my_first_profile', 'state': 'lit', 'advancing': True}
2023-02-05 08:43:47,030 : INFO : EventManager : Event: ======'my_first_shot_my_first_profile_hit'====== Args={'profile': 'my_first_profile', 'state': 'lit', 'advancing': True}
2023-02-05 08:43:47,030 : INFO : EventManager : Event: ======'my_first_shot_my_first_profile_lit_hit'====== Args={'profile': 'my_first_profile', 'state': 'lit', 'advancing': True}
2023-02-05 08:43:47,030 : INFO : EventManager : Event: ======'my_first_shot_lit_hit'====== Args={'profile': 'my_first_profile', 'state': 'lit', 'advancing': True}
2023-02-05 08:43:47,111 : INFO : SwitchController : <<<<<<< 's_left_inlane' inactive >>>>>>>
2023-02-05 08:43:47,209 : INFO : SwitchController : <<<<<<< 's_left_inlane' active >>>>>>>
2023-02-05 08:43:47,210 : INFO : EventManager : Event: ======'playfield_active'====== Args={}
2023-02-05 08:43:47,210 : INFO : EventManager : Event: ======'unexpected_ball_on_playfield'====== Args={}
2023-02-05 08:43:47,210 : INFO : EventManager : Event: ======'s_left_inlane_active'====== Args={}
2023-02-05 08:43:47,210 : INFO : EventManager : Event: ======'machine_var_audits_switches_s_left_inlane'====== Args={'value': 16, 'prev_value': 15, 'change': 1}
2023-02-05 08:43:47,212 : INFO : EventManager : Event: ======'player_shot_my_first_shot'====== Args={'value': 1, 'prev_value': 0, 'change': 1, 'player_num': 1}
2023-02-05 08:43:47,214 : INFO : EventManager : Event: ======'machine_var_audits_shots_my_first_shot'====== Args={'value': 16, 'prev_value': 15, 'change': 1}
2023-02-05 08:43:47,215 : INFO : EventManager : Event: ======'my_first_shot_hit'====== Args={'profile': 'my_first_profile', 'state': 'unlit', 'advancing': True}
2023-02-05 08:43:47,215 : INFO : EventManager : Event: ======'my_first_shot_my_first_profile_hit'====== Args={'profile': 'my_first_profile', 'state': 'unlit', 'advancing': True}
2023-02-05 08:43:47,215 : INFO : EventManager : Event: ======'my_first_shot_my_first_profile_unlit_hit'====== Args={'profile': 'my_first_profile', 'state': 'unlit', 'advancing': True}
2023-02-05 08:43:47,215 : INFO : EventManager : Event: ======'my_first_shot_unlit_hit'====== Args={'profile': 'my_first_profile', 'state': 'unlit', 'advancing': True}
2023-02-05 08:43:47,217 : INFO : EventManager : Event: ======'player_score'====== Args={'value': 5600, 'prev_value': 5500, 'change': 100, 'player_num': 1, 'source': 'base'}
2023-02-05 08:43:47,293 : INFO : SwitchController : <<<<<<< 's_left_inlane' inactive >>>>>>>
2023-02-05 08:43:47,409 : INFO : SwitchController : <<<<<<< 's_left_inlane' active >>>>>>>
2023-02-05 08:43:47,409 : INFO : EventManager : Event: ======'playfield_active'====== Args={}
2023-02-05 08:43:47,410 : INFO : EventManager : Event: ======'unexpected_ball_on_playfield'====== Args={}
2023-02-05 08:43:47,410 : INFO : EventManager : Event: ======'s_left_inlane_active'====== Args={}
2023-02-05 08:43:47,410 : INFO : EventManager : Event: ======'machine_var_audits_switches_s_left_inlane'====== Args={'value': 17, 'prev_value': 16, 'change': 1}
2023-02-05 08:43:47,412 : INFO : EventManager : Event: ======'player_shot_my_first_shot'====== Args={'value': 2, 'prev_value': 1, 'change': 1, 'player_num': 1}
2023-02-05 08:43:47,413 : INFO : EventManager : Event: ======'machine_var_audits_shots_my_first_shot'====== Args={'value': 17, 'prev_value': 16, 'change': 1}
2023-02-05 08:43:47,414 : INFO : EventManager : Event: ======'my_first_shot_hit'====== Args={'profile': 'my_first_profile', 'state': 'flashing', 'advancing': True}
2023-02-05 08:43:47,414 : INFO : EventManager : Event: ======'my_first_shot_my_first_profile_hit'====== Args={'profile': 'my_first_profile', 'state': 'flashing', 'advancing': True}
2023-02-05 08:43:47,415 : INFO : EventManager : Event: ======'my_first_shot_my_first_profile_flashing_hit'====== Args={'profile': 'my_first_profile', 'state': 'flashing', 'advancing': True}
2023-02-05 08:43:47,415 : INFO : EventManager : Event: ======'my_first_shot_flashing_hit'====== Args={'profile': 'my_first_profile', 'state': 'flashing', 'advancing': True}
2023-02-05 08:43:47,416 : INFO : EventManager : Event: ======'player_score'====== Args={'value': 6600, 'prev_value': 5600, 'change': 1000, 'player_num': 1, 'source': 'base'}
2023-02-05 08:43:47,494 : INFO : SwitchController : <<<<<<< 's_left_inlane' inactive >>>>>>>
2023-02-05 08:43:47,556 : INFO : SwitchController : <<<<<<< 's_left_inlane' active >>>>>>>
2023-02-05 08:43:47,556 : INFO : EventManager : Event: ======'playfield_active'====== Args={}
2023-02-05 08:43:47,556 : INFO : EventManager : Event: ======'unexpected_ball_on_playfield'====== Args={}
2023-02-05 08:43:47,556 : INFO : EventManager : Event: ======'s_left_inlane_active'====== Args={}
2023-02-05 08:43:47,557 : INFO : EventManager : Event: ======'machine_var_audits_switches_s_left_inlane'====== Args={'value': 18, 'prev_value': 17, 'change': 1}
2023-02-05 08:43:47,559 : INFO : EventManager : Event: ======'player_shot_my_first_shot'====== Args={'value': 0, 'prev_value': 2, 'change': -2, 'player_num': 1}
2023-02-05 08:43:47,560 : INFO : EventManager : Event: ======'machine_var_audits_shots_my_first_shot'====== Args={'value': 18, 'prev_value': 17, 'change': 1}
2023-02-05 08:43:47,561 : INFO : EventManager : Event: ======'my_first_shot_hit'====== Args={'profile': 'my_first_profile', 'state': 'lit', 'advancing': True}
2023-02-05 08:43:47,562 : INFO : EventManager : Event: ======'my_first_shot_my_first_profile_hit'====== Args={'profile': 'my_first_profile', 'state': 'lit', 'advancing': True}
2023-02-05 08:43:47,562 : INFO : EventManager : Event: ======'my_first_shot_my_first_profile_lit_hit'====== Args={'profile': 'my_first_profile', 'state': 'lit', 'advancing': True}
2023-02-05 08:43:47,562 : INFO : EventManager : Event: ======'my_first_shot_lit_hit'====== Args={'profile': 'my_first_profile', 'state': 'lit', 'advancing': True}
2023-02-05 08:43:47,878 : INFO : SwitchController : <<<<<<< 's_left_inlane' inactive >>>>>>>
2023-02-05 08:43:48,013 : INFO : SwitchController : <<<<<<< 's_left_inlane' active >>>>>>>
2023-02-05 08:43:48,014 : INFO : EventManager : Event: ======'playfield_active'====== Args={}
2023-02-05 08:43:48,014 : INFO : EventManager : Event: ======'unexpected_ball_on_playfield'====== Args={}
2023-02-05 08:43:48,014 : INFO : EventManager : Event: ======'s_left_inlane_active'====== Args={}
2023-02-05 08:43:48,014 : INFO : EventManager : Event: ======'machine_var_audits_switches_s_left_inlane'====== Args={'value': 19, 'prev_value': 18, 'change': 1}
2023-02-05 08:43:48,016 : INFO : EventManager : Event: ======'player_shot_my_first_shot'====== Args={'value': 1, 'prev_value': 0, 'change': 1, 'player_num': 1}
2023-02-05 08:43:48,016 : INFO : EventManager : Event: ======'machine_var_audits_shots_my_first_shot'====== Args={'value': 19, 'prev_value': 18, 'change': 1}
2023-02-05 08:43:48,017 : INFO : EventManager : Event: ======'my_first_shot_hit'====== Args={'profile': 'my_first_profile', 'state': 'unlit', 'advancing': True}
2023-02-05 08:43:48,017 : INFO : EventManager : Event: ======'my_first_shot_my_first_profile_hit'====== Args={'profile': 'my_first_profile', 'state': 'unlit', 'advancing': True}
2023-02-05 08:43:48,017 : INFO : EventManager : Event: ======'my_first_shot_my_first_profile_unlit_hit'====== Args={'profile': 'my_first_profile', 'state': 'unlit', 'advancing': True}
2023-02-05 08:43:48,018 : INFO : EventManager : Event: ======'my_first_shot_unlit_hit'====== Args={'profile': 'my_first_profile', 'state': 'unlit', 'advancing': True}
2023-02-05 08:43:48,018 : INFO : EventManager : Event: ======'player_score'====== Args={'value': 6700, 'prev_value': 6600, 'change': 100, 'player_num': 1, 'source': 'base'}
2023-02-05 08:43:48,083 : INFO : SwitchController : <<<<<<< 's_left_inlane' inactive >>>>>>>
2023-02-05 08:43:48,236 : INFO : SwitchController : <<<<<<< 's_left_inlane' active >>>>>>>
2023-02-05 08:43:48,237 : INFO : EventManager : Event: ======'playfield_active'====== Args={}
2023-02-05 08:43:48,237 : INFO : EventManager : Event: ======'unexpected_ball_on_playfield'====== Args={}
2023-02-05 08:43:48,237 : INFO : EventManager : Event: ======'s_left_inlane_active'====== Args={}
2023-02-05 08:43:48,237 : INFO : EventManager : Event: ======'machine_var_audits_switches_s_left_inlane'====== Args={'value': 20, 'prev_value': 19, 'change': 1}
2023-02-05 08:43:48,239 : INFO : EventManager : Event: ======'player_shot_my_first_shot'====== Args={'value': 2, 'prev_value': 1, 'change': 1, 'player_num': 1}
2023-02-05 08:43:48,239 : INFO : EventManager : Event: ======'machine_var_audits_shots_my_first_shot'====== Args={'value': 20, 'prev_value': 19, 'change': 1}
2023-02-05 08:43:48,240 : INFO : EventManager : Event: ======'my_first_shot_hit'====== Args={'profile': 'my_first_profile', 'state': 'flashing', 'advancing': True}
2023-02-05 08:43:48,240 : INFO : EventManager : Event: ======'my_first_shot_my_first_profile_hit'====== Args={'profile': 'my_first_profile', 'state': 'flashing', 'advancing': True}
2023-02-05 08:43:48,240 : INFO : EventManager : Event: ======'my_first_shot_my_first_profile_flashing_hit'====== Args={'profile': 'my_first_profile', 'state': 'flashing', 'advancing': True}
2023-02-05 08:43:48,241 : INFO : EventManager : Event: ======'my_first_shot_flashing_hit'====== Args={'profile': 'my_first_profile', 'state': 'flashing', 'advancing': True}
2023-02-05 08:43:48,241 : INFO : EventManager : Event: ======'player_score'====== Args={'value': 7700, 'prev_value': 6700, 'change': 1000, 'player_num': 1, 'source': 'base'}
2023-02-05 08:43:48,318 : INFO : SwitchController : <<<<<<< 's_left_inlane' inactive >>>>>>>
2023-02-05 08:43:48,473 : INFO : SwitchController : <<<<<<< 's_left_inlane' active >>>>>>>
2023-02-05 08:43:48,474 : INFO : EventManager : Event: ======'playfield_active'====== Args={}
2023-02-05 08:43:48,474 : INFO : EventManager : Event: ======'unexpected_ball_on_playfield'====== Args={}
2023-02-05 08:43:48,474 : INFO : EventManager : Event: ======'s_left_inlane_active'====== Args={}
2023-02-05 08:43:48,474 : INFO : EventManager : Event: ======'machine_var_audits_switches_s_left_inlane'====== Args={'value': 21, 'prev_value': 20, 'change': 1}
2023-02-05 08:43:48,476 : INFO : EventManager : Event: ======'player_shot_my_first_shot'====== Args={'value': 0, 'prev_value': 2, 'change': -2, 'player_num': 1}
2023-02-05 08:43:48,478 : INFO : EventManager : Event: ======'machine_var_audits_shots_my_first_shot'====== Args={'value': 21, 'prev_value': 20, 'change': 1}
2023-02-05 08:43:48,479 : INFO : EventManager : Event: ======'my_first_shot_hit'====== Args={'profile': 'my_first_profile', 'state': 'lit', 'advancing': True}
2023-02-05 08:43:48,479 : INFO : EventManager : Event: ======'my_first_shot_my_first_profile_hit'====== Args={'profile': 'my_first_profile', 'state': 'lit', 'advancing': True}
2023-02-05 08:43:48,479 : INFO : EventManager : Event: ======'my_first_shot_my_first_profile_lit_hit'====== Args={'profile': 'my_first_profile', 'state': 'lit', 'advancing': True}
2023-02-05 08:43:48,479 : INFO : EventManager : Event: ======'my_first_shot_lit_hit'====== Args={'profile': 'my_first_profile', 'state': 'lit', 'advancing': True}
2023-02-05 08:43:48,581 : INFO : SwitchController : <<<<<<< 's_left_inlane' inactive >>>>>>>
2023-02-05 08:43:48,781 : INFO : SwitchController : <<<<<<< 's_left_inlane' active >>>>>>>
2023-02-05 08:43:48,782 : INFO : EventManager : Event: ======'playfield_active'====== Args={}
2023-02-05 08:43:48,782 : INFO : EventManager : Event: ======'unexpected_ball_on_playfield'====== Args={}
2023-02-05 08:43:48,782 : INFO : EventManager : Event: ======'s_left_inlane_active'====== Args={}
2023-02-05 08:43:48,782 : INFO : EventManager : Event: ======'machine_var_audits_switches_s_left_inlane'====== Args={'value': 22, 'prev_value': 21, 'change': 1}
2023-02-05 08:43:48,784 : INFO : EventManager : Event: ======'player_shot_my_first_shot'====== Args={'value': 1, 'prev_value': 0, 'change': 1, 'player_num': 1}
2023-02-05 08:43:48,784 : INFO : EventManager : Event: ======'machine_var_audits_shots_my_first_shot'====== Args={'value': 22, 'prev_value': 21, 'change': 1}
2023-02-05 08:43:48,785 : INFO : EventManager : Event: ======'my_first_shot_hit'====== Args={'profile': 'my_first_profile', 'state': 'unlit', 'advancing': True}
2023-02-05 08:43:48,785 : INFO : EventManager : Event: ======'my_first_shot_my_first_profile_hit'====== Args={'profile': 'my_first_profile', 'state': 'unlit', 'advancing': True}
2023-02-05 08:43:48,785 : INFO : EventManager : Event: ======'my_first_shot_my_first_profile_unlit_hit'====== Args={'profile': 'my_first_profile', 'state': 'unlit', 'advancing': True}
2023-02-05 08:43:48,786 : INFO : EventManager : Event: ======'my_first_shot_unlit_hit'====== Args={'profile': 'my_first_profile', 'state': 'unlit', 'advancing': True}
2023-02-05 08:43:48,786 : INFO : EventManager : Event: ======'player_score'====== Args={'value': 7800, 'prev_value': 7700, 'change': 100, 'player_num': 1, 'source': 'base'}
2023-02-05 08:43:48,852 : INFO : SwitchController : <<<<<<< 's_left_inlane' inactive >>>>>>>
2023-02-05 08:43:49,072 : INFO : SwitchController : <<<<<<< 's_left_inlane' active >>>>>>>
2023-02-05 08:43:49,072 : INFO : EventManager : Event: ======'playfield_active'====== Args={}
2023-02-05 08:43:49,073 : INFO : EventManager : Event: ======'unexpected_ball_on_playfield'====== Args={}
2023-02-05 08:43:49,073 : INFO : EventManager : Event: ======'s_left_inlane_active'====== Args={}
2023-02-05 08:43:49,073 : INFO : EventManager : Event: ======'machine_var_audits_switches_s_left_inlane'====== Args={'value': 23, 'prev_value': 22, 'change': 1}
2023-02-05 08:43:49,075 : INFO : EventManager : Event: ======'player_shot_my_first_shot'====== Args={'value': 2, 'prev_value': 1, 'change': 1, 'player_num': 1}
2023-02-05 08:43:49,076 : INFO : EventManager : Event: ======'machine_var_audits_shots_my_first_shot'====== Args={'value': 23, 'prev_value': 22, 'change': 1}
2023-02-05 08:43:49,077 : INFO : EventManager : Event: ======'my_first_shot_hit'====== Args={'profile': 'my_first_profile', 'state': 'flashing', 'advancing': True}
2023-02-05 08:43:49,078 : INFO : EventManager : Event: ======'my_first_shot_my_first_profile_hit'====== Args={'profile': 'my_first_profile', 'state': 'flashing', 'advancing': True}
2023-02-05 08:43:49,078 : INFO : EventManager : Event: ======'my_first_shot_my_first_profile_flashing_hit'====== Args={'profile': 'my_first_profile', 'state': 'flashing', 'advancing': True}
2023-02-05 08:43:49,078 : INFO : EventManager : Event: ======'my_first_shot_flashing_hit'====== Args={'profile': 'my_first_profile', 'state': 'flashing', 'advancing': True}
2023-02-05 08:43:49,079 : INFO : EventManager : Event: ======'player_score'====== Args={'value': 8800, 'prev_value': 7800, 'change': 1000, 'player_num': 1, 'source': 'base'}
2023-02-05 08:43:49,166 : INFO : SwitchController : <<<<<<< 's_left_inlane' inactive >>>>>>>
2023-02-05 08:43:49,314 : INFO : SwitchController : <<<<<<< 's_left_inlane' active >>>>>>>
2023-02-05 08:43:49,315 : INFO : EventManager : Event: ======'playfield_active'====== Args={}
2023-02-05 08:43:49,315 : INFO : EventManager : Event: ======'unexpected_ball_on_playfield'====== Args={}
2023-02-05 08:43:49,315 : INFO : EventManager : Event: ======'s_left_inlane_active'====== Args={}
2023-02-05 08:43:49,317 : INFO : EventManager : Event: ======'machine_var_audits_switches_s_left_inlane'====== Args={'value': 24, 'prev_value': 23, 'change': 1}
2023-02-05 08:43:49,319 : INFO : EventManager : Event: ======'player_shot_my_first_shot'====== Args={'value': 0, 'prev_value': 2, 'change': -2, 'player_num': 1}
2023-02-05 08:43:49,320 : INFO : EventManager : Event: ======'machine_var_audits_shots_my_first_shot'====== Args={'value': 24, 'prev_value': 23, 'change': 1}
2023-02-05 08:43:49,320 : INFO : EventManager : Event: ======'my_first_shot_hit'====== Args={'profile': 'my_first_profile', 'state': 'lit', 'advancing': True}
2023-02-05 08:43:49,320 : INFO : EventManager : Event: ======'my_first_shot_my_first_profile_hit'====== Args={'profile': 'my_first_profile', 'state': 'lit', 'advancing': True}
2023-02-05 08:43:49,320 : INFO : EventManager : Event: ======'my_first_shot_my_first_profile_lit_hit'====== Args={'profile': 'my_first_profile', 'state': 'lit', 'advancing': True}
2023-02-05 08:43:49,322 : INFO : EventManager : Event: ======'my_first_shot_lit_hit'====== Args={'profile': 'my_first_profile', 'state': 'lit', 'advancing': True}
2023-02-05 08:43:49,400 : INFO : SwitchController : <<<<<<< 's_left_inlane' inactive >>>>>>>
2023-02-05 08:43:49,528 : INFO : SwitchController : <<<<<<< 's_left_inlane' active >>>>>>>
2023-02-05 08:43:49,529 : INFO : EventManager : Event: ======'playfield_active'====== Args={}
2023-02-05 08:43:49,529 : INFO : EventManager : Event: ======'unexpected_ball_on_playfield'====== Args={}
2023-02-05 08:43:49,529 : INFO : EventManager : Event: ======'s_left_inlane_active'====== Args={}
2023-02-05 08:43:49,529 : INFO : EventManager : Event: ======'machine_var_audits_switches_s_left_inlane'====== Args={'value': 25, 'prev_value': 24, 'change': 1}
2023-02-05 08:43:49,531 : INFO : EventManager : Event: ======'player_shot_my_first_shot'====== Args={'value': 1, 'prev_value': 0, 'change': 1, 'player_num': 1}
2023-02-05 08:43:49,531 : INFO : EventManager : Event: ======'machine_var_audits_shots_my_first_shot'====== Args={'value': 25, 'prev_value': 24, 'change': 1}
2023-02-05 08:43:49,532 : INFO : EventManager : Event: ======'my_first_shot_hit'====== Args={'profile': 'my_first_profile', 'state': 'unlit', 'advancing': True}
2023-02-05 08:43:49,532 : INFO : EventManager : Event: ======'my_first_shot_my_first_profile_hit'====== Args={'profile': 'my_first_profile', 'state': 'unlit', 'advancing': True}
2023-02-05 08:43:49,532 : INFO : EventManager : Event: ======'my_first_shot_my_first_profile_unlit_hit'====== Args={'profile': 'my_first_profile', 'state': 'unlit', 'advancing': True}
2023-02-05 08:43:49,533 : INFO : EventManager : Event: ======'my_first_shot_unlit_hit'====== Args={'profile': 'my_first_profile', 'state': 'unlit', 'advancing': True}
2023-02-05 08:43:49,533 : INFO : EventManager : Event: ======'player_score'====== Args={'value': 8900, 'prev_value': 8800, 'change': 100, 'player_num': 1, 'source': 'base'}
2023-02-05 08:43:49,613 : INFO : SwitchController : <<<<<<< 's_left_inlane' inactive >>>>>>>
2023-02-05 08:43:49,776 : INFO : SwitchController : <<<<<<< 's_left_inlane' active >>>>>>>
2023-02-05 08:43:49,776 : INFO : EventManager : Event: ======'playfield_active'====== Args={}
2023-02-05 08:43:49,777 : INFO : EventManager : Event: ======'unexpected_ball_on_playfield'====== Args={}
2023-02-05 08:43:49,777 : INFO : EventManager : Event: ======'s_left_inlane_active'====== Args={}
2023-02-05 08:43:49,777 : INFO : EventManager : Event: ======'machine_var_audits_switches_s_left_inlane'====== Args={'value': 26, 'prev_value': 25, 'change': 1}
2023-02-05 08:43:49,780 : INFO : EventManager : Event: ======'player_shot_my_first_shot'====== Args={'value': 2, 'prev_value': 1, 'change': 1, 'player_num': 1}
2023-02-05 08:43:49,781 : INFO : EventManager : Event: ======'machine_var_audits_shots_my_first_shot'====== Args={'value': 26, 'prev_value': 25, 'change': 1}
2023-02-05 08:43:49,782 : INFO : EventManager : Event: ======'my_first_shot_hit'====== Args={'profile': 'my_first_profile', 'state': 'flashing', 'advancing': True}
2023-02-05 08:43:49,782 : INFO : EventManager : Event: ======'my_first_shot_my_first_profile_hit'====== Args={'profile': 'my_first_profile', 'state': 'flashing', 'advancing': True}
2023-02-05 08:43:49,782 : INFO : EventManager : Event: ======'my_first_shot_my_first_profile_flashing_hit'====== Args={'profile': 'my_first_profile', 'state': 'flashing', 'advancing': True}
2023-02-05 08:43:49,783 : INFO : EventManager : Event: ======'my_first_shot_flashing_hit'====== Args={'profile': 'my_first_profile', 'state': 'flashing', 'advancing': True}
2023-02-05 08:43:49,784 : INFO : EventManager : Event: ======'player_score'====== Args={'value': 9900, 'prev_value': 8900, 'change': 1000, 'player_num': 1, 'source': 'base'}
2023-02-05 08:43:49,855 : INFO : SwitchController : <<<<<<< 's_left_inlane' inactive >>>>>>>
2023-02-05 08:43:49,994 : INFO : SwitchController : <<<<<<< 's_left_inlane' active >>>>>>>
2023-02-05 08:43:49,995 : INFO : EventManager : Event: ======'playfield_active'====== Args={}
2023-02-05 08:43:49,995 : INFO : EventManager : Event: ======'unexpected_ball_on_playfield'====== Args={}
2023-02-05 08:43:49,995 : INFO : EventManager : Event: ======'s_left_inlane_active'====== Args={}
2023-02-05 08:43:49,995 : INFO : EventManager : Event: ======'machine_var_audits_switches_s_left_inlane'====== Args={'value': 27, 'prev_value': 26, 'change': 1}
2023-02-05 08:43:49,996 : INFO : EventManager : Event: ======'player_shot_my_first_shot'====== Args={'value': 0, 'prev_value': 2, 'change': -2, 'player_num': 1}
2023-02-05 08:43:49,997 : INFO : EventManager : Event: ======'machine_var_audits_shots_my_first_shot'====== Args={'value': 27, 'prev_value': 26, 'change': 1}
2023-02-05 08:43:49,997 : INFO : EventManager : Event: ======'my_first_shot_hit'====== Args={'profile': 'my_first_profile', 'state': 'lit', 'advancing': True}
2023-02-05 08:43:49,998 : INFO : EventManager : Event: ======'my_first_shot_my_first_profile_hit'====== Args={'profile': 'my_first_profile', 'state': 'lit', 'advancing': True}
2023-02-05 08:43:49,998 : INFO : EventManager : Event: ======'my_first_shot_my_first_profile_lit_hit'====== Args={'profile': 'my_first_profile', 'state': 'lit', 'advancing': True}
2023-02-05 08:43:49,998 : INFO : EventManager : Event: ======'my_first_shot_lit_hit'====== Args={'profile': 'my_first_profile', 'state': 'lit', 'advancing': True}
2023-02-05 08:43:50,071 : INFO : SwitchController : <<<<<<< 's_left_inlane' inactive >>>>>>>
2023-02-05 08:43:50,222 : INFO : SwitchController : <<<<<<< 's_left_inlane' active >>>>>>>
2023-02-05 08:43:50,223 : INFO : EventManager : Event: ======'playfield_active'====== Args={}
2023-02-05 08:43:50,223 : INFO : EventManager : Event: ======'unexpected_ball_on_playfield'====== Args={}
2023-02-05 08:43:50,223 : INFO : EventManager : Event: ======'s_left_inlane_active'====== Args={}
2023-02-05 08:43:50,223 : INFO : EventManager : Event: ======'machine_var_audits_switches_s_left_inlane'====== Args={'value': 28, 'prev_value': 27, 'change': 1}
2023-02-05 08:43:50,225 : INFO : EventManager : Event: ======'player_shot_my_first_shot'====== Args={'value': 1, 'prev_value': 0, 'change': 1, 'player_num': 1}
2023-02-05 08:43:50,226 : INFO : EventManager : Event: ======'machine_var_audits_shots_my_first_shot'====== Args={'value': 28, 'prev_value': 27, 'change': 1}
2023-02-05 08:43:50,228 : INFO : EventManager : Event: ======'my_first_shot_hit'====== Args={'profile': 'my_first_profile', 'state': 'unlit', 'advancing': True}
2023-02-05 08:43:50,228 : INFO : EventManager : Event: ======'my_first_shot_my_first_profile_hit'====== Args={'profile': 'my_first_profile', 'state': 'unlit', 'advancing': True}
2023-02-05 08:43:50,228 : INFO : EventManager : Event: ======'my_first_shot_my_first_profile_unlit_hit'====== Args={'profile': 'my_first_profile', 'state': 'unlit', 'advancing': True}
2023-02-05 08:43:50,228 : INFO : EventManager : Event: ======'my_first_shot_unlit_hit'====== Args={'profile': 'my_first_profile', 'state': 'unlit', 'advancing': True}
2023-02-05 08:43:50,229 : INFO : EventManager : Event: ======'player_score'====== Args={'value': 10000, 'prev_value': 9900, 'change': 100, 'player_num': 1, 'source': 'base'}
2023-02-05 08:43:50,328 : INFO : SwitchController : <<<<<<< 's_left_inlane' inactive >>>>>>>
2023-02-05 08:43:50,475 : INFO : SwitchController : <<<<<<< 's_left_inlane' active >>>>>>>
2023-02-05 08:43:50,476 : INFO : EventManager : Event: ======'playfield_active'====== Args={}
2023-02-05 08:43:50,476 : INFO : EventManager : Event: ======'unexpected_ball_on_playfield'====== Args={}
2023-02-05 08:43:50,476 : INFO : EventManager : Event: ======'s_left_inlane_active'====== Args={}
2023-02-05 08:43:50,476 : INFO : EventManager : Event: ======'machine_var_audits_switches_s_left_inlane'====== Args={'value': 29, 'prev_value': 28, 'change': 1}
2023-02-05 08:43:50,478 : INFO : EventManager : Event: ======'player_shot_my_first_shot'====== Args={'value': 2, 'prev_value': 1, 'change': 1, 'player_num': 1}
2023-02-05 08:43:50,479 : INFO : EventManager : Event: ======'machine_var_audits_shots_my_first_shot'====== Args={'value': 29, 'prev_value': 28, 'change': 1}
2023-02-05 08:43:50,481 : INFO : EventManager : Event: ======'my_first_shot_hit'====== Args={'profile': 'my_first_profile', 'state': 'flashing', 'advancing': True}
2023-02-05 08:43:50,481 : INFO : EventManager : Event: ======'my_first_shot_my_first_profile_hit'====== Args={'profile': 'my_first_profile', 'state': 'flashing', 'advancing': True}
2023-02-05 08:43:50,481 : INFO : EventManager : Event: ======'my_first_shot_my_first_profile_flashing_hit'====== Args={'profile': 'my_first_profile', 'state': 'flashing', 'advancing': True}
2023-02-05 08:43:50,481 : INFO : EventManager : Event: ======'my_first_shot_flashing_hit'====== Args={'profile': 'my_first_profile', 'state': 'flashing', 'advancing': True}
2023-02-05 08:43:50,483 : INFO : EventManager : Event: ======'player_score'====== Args={'value': 11000, 'prev_value': 10000, 'change': 1000, 'player_num': 1, 'source': 'base'}
2023-02-05 08:43:50,595 : INFO : SwitchController : <<<<<<< 's_left_inlane' inactive >>>>>>>
2023-02-05 08:43:50,733 : INFO : SwitchController : <<<<<<< 's_left_inlane' active >>>>>>>
2023-02-05 08:43:50,734 : INFO : EventManager : Event: ======'playfield_active'====== Args={}
2023-02-05 08:43:50,734 : INFO : EventManager : Event: ======'unexpected_ball_on_playfield'====== Args={}
2023-02-05 08:43:50,734 : INFO : EventManager : Event: ======'s_left_inlane_active'====== Args={}
2023-02-05 08:43:50,735 : INFO : EventManager : Event: ======'machine_var_audits_switches_s_left_inlane'====== Args={'value': 30, 'prev_value': 29, 'change': 1}
2023-02-05 08:43:50,737 : INFO : EventManager : Event: ======'player_shot_my_first_shot'====== Args={'value': 0, 'prev_value': 2, 'change': -2, 'player_num': 1}
2023-02-05 08:43:50,738 : INFO : EventManager : Event: ======'machine_var_audits_shots_my_first_shot'====== Args={'value': 30, 'prev_value': 29, 'change': 1}
2023-02-05 08:43:50,739 : INFO : EventManager : Event: ======'my_first_shot_hit'====== Args={'profile': 'my_first_profile', 'state': 'lit', 'advancing': True}
2023-02-05 08:43:50,739 : INFO : EventManager : Event: ======'my_first_shot_my_first_profile_hit'====== Args={'profile': 'my_first_profile', 'state': 'lit', 'advancing': True}
2023-02-05 08:43:50,740 : INFO : EventManager : Event: ======'my_first_shot_my_first_profile_lit_hit'====== Args={'profile': 'my_first_profile', 'state': 'lit', 'advancing': True}
2023-02-05 08:43:50,740 : INFO : EventManager : Event: ======'my_first_shot_lit_hit'====== Args={'profile': 'my_first_profile', 'state': 'lit', 'advancing': True}
2023-02-05 08:43:50,818 : INFO : SwitchController : <<<<<<< 's_left_inlane' inactive >>>>>>>
2023-02-05 08:43:50,964 : INFO : SwitchController : <<<<<<< 's_left_inlane' active >>>>>>>
2023-02-05 08:43:50,965 : INFO : EventManager : Event: ======'playfield_active'====== Args={}
2023-02-05 08:43:50,965 : INFO : EventManager : Event: ======'unexpected_ball_on_playfield'====== Args={}
2023-02-05 08:43:50,965 : INFO : EventManager : Event: ======'s_left_inlane_active'====== Args={}
2023-02-05 08:43:50,965 : INFO : EventManager : Event: ======'machine_var_audits_switches_s_left_inlane'====== Args={'value': 31, 'prev_value': 30, 'change': 1}
2023-02-05 08:43:50,967 : INFO : EventManager : Event: ======'player_shot_my_first_shot'====== Args={'value': 1, 'prev_value': 0, 'change': 1, 'player_num': 1}
2023-02-05 08:43:50,968 : INFO : EventManager : Event: ======'machine_var_audits_shots_my_first_shot'====== Args={'value': 31, 'prev_value': 30, 'change': 1}
2023-02-05 08:43:50,970 : INFO : EventManager : Event: ======'my_first_shot_hit'====== Args={'profile': 'my_first_profile', 'state': 'unlit', 'advancing': True}
2023-02-05 08:43:50,970 : INFO : EventManager : Event: ======'my_first_shot_my_first_profile_hit'====== Args={'profile': 'my_first_profile', 'state': 'unlit', 'advancing': True}
2023-02-05 08:43:50,970 : INFO : EventManager : Event: ======'my_first_shot_my_first_profile_unlit_hit'====== Args={'profile': 'my_first_profile', 'state': 'unlit', 'advancing': True}
2023-02-05 08:43:50,970 : INFO : EventManager : Event: ======'my_first_shot_unlit_hit'====== Args={'profile': 'my_first_profile', 'state': 'unlit', 'advancing': True}
2023-02-05 08:43:50,972 : INFO : EventManager : Event: ======'player_score'====== Args={'value': 11100, 'prev_value': 11000, 'change': 100, 'player_num': 1, 'source': 'base'}
2023-02-05 08:43:51,047 : INFO : SwitchController : <<<<<<< 's_left_inlane' inactive >>>>>>>
2023-02-05 08:43:54,461 : INFO : EventManager : Event: ======'balldevice_bd_trough_ball_eject_failed'====== Args={'target': <ball_device.bd_plunger>, 'balls': 1, 'retry': True, 'num_attempts': 2}
2023-02-05 08:43:54,463 : INFO : ball_device.bd_trough : State: waiting_for_target_ready
2023-02-05 08:43:54,464 : INFO : EventManager : Event: ======'balldevice_bd_trough_ball_eject_attempt'====== Args={'balls': 1, 'target': <ball_device.bd_plunger>, 'source': <ball_device.bd_trough>, 'mechanical_eject': True, 'num_attempts': 2}
2023-02-05 08:43:54,464 : INFO : ball_device.bd_trough : State: ejecting
2023-02-05 08:43:54,465 : INFO : ball_device.bd_trough : Ejecting ball to <ball_device.bd_plunger>
2023-02-05 08:43:54,465 : INFO : EventManager : Event: ======'balldevice_bd_trough_ejecting_ball'====== Args={'balls': 1, 'target': <ball_device.bd_plunger>, 'source': <ball_device.bd_trough>, 'mechanical_eject': True, 'num_attempts': 2}
2023-02-05 08:43:54,466 : INFO : ball_device.bd_trough : Wait for ball to leave device
2023-02-05 08:43:54,466 : INFO : coil.c_trough_eject : Pulsing Driver for 10ms (1.0 pulse_power)
2023-02-05 08:44:03,927 : INFO : Machine : Shutting down...
2023-02-05 08:44:03,927 : INFO : EventManager : Event: ======'shutdown'====== Args={}
2023-02-05 08:44:03,928 : INFO : EventManager : Event: ======'mode_game_will_stop'====== Args={}
2023-02-05 08:44:03,928 : INFO : EventManager : Event: ======'mode_game_stopping'====== Args={}
2023-02-05 08:44:03,929 : INFO : EventManager : Event: ======'mode_base_will_stop'====== Args={}
2023-02-05 08:44:03,929 : INFO : EventManager : Event: ======'mode_base_stopping'====== Args={}
2023-02-05 08:44:03,929 : INFO : Mode.base : Stopped.
2023-02-05 08:44:03,929 : INFO : EventManager : Event: ======'modes_active_modes_changed'====== Args={}
2023-02-05 08:44:03,929 : INFO : EventManager : Event: ======'mode_base_stopped'====== Args={}
2023-02-05 08:44:03,929 : INFO : EventManager : Event: ======'clear'====== Args={'key': 'base'}
2023-02-05 08:44:03,930 : INFO : Mode.game : Stopped.
2023-02-05 08:44:03,930 : INFO : EventManager : Event: ======'modes_active_modes_changed'====== Args={}
2023-02-05 08:44:03,930 : INFO : EventManager : Event: ======'mode_game_stopped'====== Args={}
2023-02-05 08:44:03,930 : INFO : EventManager : Event: ======'clear'====== Args={'key': 'game'}
2023-02-05 08:44:03,932 : INFO : root : MPF run loop ended.
