2023-02-05 10:02:29,408 : kivy : Factory: 189 symbols loaded
2023-02-05 10:02:29,551 : kivy : ImageLoaderFFPy: Using ffpyplayer 4.3.5
2023-02-05 10:02:29,552 : kivy : Image: Providers: img_tex, img_dds, img_sdl2, img_pil, img_ffpyplayer 
2023-02-05 10:02:29,601 : kivy : VideoGstplayer: Using Gstreamer 1.18.5.0
2023-02-05 10:02:29,601 : kivy : Video: Provider: gstplayer
2023-02-05 10:02:29,974 : kivy : Loading MPF-MC controller
2023-02-05 10:02:29,979 : YamlMultifileConfigLoader : Machine config file #1: config
2023-02-05 10:02:29,980 : ConfigProcessor : Config file in cache changed: C:\pinball\SAW\config\config
2023-02-05 10:02:29,982 : ConfigProcessor : Loading config from file C:\Users\steel\AppData\Local\Programs\Python\Python39\lib\site-packages\mpfmc\mcconfig.yaml.
2023-02-05 10:02:30,052 : ConfigProcessor : Loading config: C:\Users\steel\AppData\Local\Programs\Python\Python39\lib\site-packages\mpfmc\mcconfig.yaml
2023-02-05 10:02:30,053 : ConfigProcessor : Loading config from file C:\pinball\SAW\config\config.
2023-02-05 10:02:30,126 : ConfigProcessor : Loading config: C:\pinball\SAW\config\config
2023-02-05 10:02:30,129 : ConfigProcessor : Config file cache created: C:\Users\steel\AppData\Local\Temp\785655ce0a6ad62be8f20f2598aadce2.mpf_cache
2023-02-05 10:02:30,130 : ConfigProcessor : Loading config from cache: C:\Users\steel\AppData\Local\Temp\0c159a05f39617a30cc1b279562f144f.mpf_cache
2023-02-05 10:02:30,132 : ConfigProcessor : Loading config from cache: C:\Users\steel\AppData\Local\Temp\a4144dd661fe0832b800e50000db3090.mpf_cache
2023-02-05 10:02:30,133 : ConfigProcessor : Loading config from cache: C:\Users\steel\AppData\Local\Temp\0c159a05f39617a30cc1b279562f144f.mpf_cache
2023-02-05 10:02:30,135 : ConfigProcessor : Loading config from cache: C:\Users\steel\AppData\Local\Temp\c84db42795c08bfb8e4272b3be41e3f4.mpf_cache
2023-02-05 10:02:30,144 : mpfmc : Mission Pinball Framework Media Controller v0.56.0-dev33
2023-02-05 10:02:30,144 : mpfmc : Mission Pinball Framework Game Engine v0.56.0-dev33
2023-02-05 10:02:30,145 : mpfmc : Machine path: C:\pinball\SAW
2023-02-05 10:02:30,145 : mpfmc : Starting clock at 60.0Hz
2023-02-05 10:02:30,170 : kivy : Text: Provider: sdl2
2023-02-05 10:02:30,254 : kivy : Window: Provider: sdl2
2023-02-05 10:02:30,710 : kivy : GL: Using the "OpenGL" graphics system
2023-02-05 10:02:30,712 : kivy : GL: GLEW initialization succeeded
2023-02-05 10:02:30,712 : kivy : GL: Backend used <glew>
2023-02-05 10:02:30,713 : kivy : GL: OpenGL version <b'4.6.0 - Build 31.0.101.2111'>
2023-02-05 10:02:30,713 : kivy : GL: OpenGL vendor <b'Intel'>
2023-02-05 10:02:30,713 : kivy : GL: OpenGL renderer <b'Intel(R) UHD Graphics 630'>
2023-02-05 10:02:30,713 : kivy : GL: OpenGL parsed version: 4, 6
2023-02-05 10:02:30,713 : kivy : GL: Shading version <b'4.60 - Build 31.0.101.2111'>
2023-02-05 10:02:30,713 : kivy : GL: Texture max size <16384>
2023-02-05 10:02:30,713 : kivy : GL: Texture max units <32>
2023-02-05 10:02:30,756 : kivy : Window: auto add sdl2 input provider
2023-02-05 10:02:30,757 : kivy : Window: virtual keyboard not allowed, single mode, not docked
2023-02-05 10:02:30,770 : SoundSystem : SoundSystem: Using default 'sound_system' settings
2023-02-05 10:02:31,225 : AudioInterface : Initialized
2023-02-05 10:02:31,225 : AudioInterface : Loaded SDL 2.0.20
2023-02-05 10:02:31,225 : AudioInterface : Loaded SDL_Mixer 2.0.4
2023-02-05 10:02:31,225 : AudioInterface : Loaded GStreamer 1.18.5.0
2023-02-05 10:02:31,225 : AudioInterface : Loaded GLib 2.62.6
2023-02-05 10:02:31,225 : AudioInterface : Settings requested - rate: 44100, channels: 1, buffer: 2048 samples
2023-02-05 10:02:31,225 : AudioInterface : Settings in use - rate: 44100, channels: 1, buffer: 2048 samples (4096 bytes @ 2 bytes per sample)
2023-02-05 10:02:31,225 : SoundSystem : No audio tracks are specified in your machine config file. a track named 'default' has been created.
2023-02-05 10:02:31,225 : SoundSystem : Setting master volume to 0.0
2023-02-05 10:02:31,226 : SoundSystem : master_volume in sound_system is deprecated and will be removed in the future.
2023-02-05 10:02:31,226 : AudioInterface : Enabling audio playback
2023-02-05 10:02:31,228 : kivy : Base: Start application main loop
2023-02-05 10:02:31,228 : EventManager : Event: ======'display_lcd_initialized'====== Args={}
2023-02-05 10:02:31,241 : mpfmc : Display: Setting 'lcd' as default display
2023-02-05 10:02:31,255 : EventManager : Event: ======'displays_initialized'====== Args={}
2023-02-05 10:02:31,257 : EventManager : Event: ======'slide_lcd_blank_created'====== Args={}
2023-02-05 10:02:31,259 : EventManager : Event: ======'display_lcd_ready'====== Args={}
2023-02-05 10:02:31,294 : EventManager : Event: ======'init_phase_1'====== Args={}
2023-02-05 10:02:31,301 : EventManager : Event: ======'mc_ready'====== Args={}
2023-02-05 10:02:31,302 : EventManager : Event: ======'init_phase_2'====== Args={}
2023-02-05 10:02:31,309 : EventManager : Event: ======'init_phase_3'====== Args={}
2023-02-05 10:02:31,314 : EventManager : Event: ======'init_phase_4'====== Args={}
2023-02-05 10:02:31,314 : EventManager : Event: ======'init_phase_5'====== Args={}
2023-02-05 10:02:31,709 : kivy : GL: NPOT texture support is available
2023-02-05 10:02:31,897 : EventManager : Event: ======'loading_assets'====== Args={'total': 6, 'loaded': 1, 'remaining': 5, 'percent': 17}
2023-02-05 10:02:31,897 : AssetManager : Loading assets: 1/6 (17%)
2023-02-05 10:02:31,902 : kivy : GL: Unpack subimage support is available
2023-02-05 10:02:31,979 : EventManager : Event: ======'loading_assets'====== Args={'total': 6, 'loaded': 6, 'remaining': 0, 'percent': 100}
2023-02-05 10:02:31,980 : AssetManager : Asset loading took: 0.7540130615234375
2023-02-05 10:02:31,980 : EventManager : Event: ======'asset_loading_complete'====== Args={}
2023-02-05 10:02:31,980 : AssetManager : Loading assets: 6/6 (100%)
2023-02-05 10:02:31,980 : EventManager : Event: ======'init_done'====== Args={}
2023-02-05 10:02:31,980 : MPF-MC BCP Server : Starting up on localhost port 5050
2023-02-05 10:02:31,984 : MPF-MC BCP Server : Waiting for a connection...
2023-02-05 10:02:31,997 : EventManager : Event: ======'client_disconnected'====== Args={'host': '127.0.0.1', 'port': 5050}
2023-02-05 10:02:32,219 : MPF-MC BCP Server : Received connection from: 127.0.0.1:56200
2023-02-05 10:02:32,222 : EventManager : Event: ======'client_connected'====== Args={'host': '127.0.0.1', 'port': 56200}
2023-02-05 10:02:32,271 : EventManager : Event: ======'machine_var_credits_string'====== Args={'value': 'FREE PLAY', 'prev_value': None, 'change': True}
2023-02-05 10:02:32,271 : EventManager : Event: ======'machine_var_master_volume'====== Args={'value': 0.5, 'prev_value': None, 'change': True}
2023-02-05 10:02:32,272 : EventManager : Event: ======'machine_var_mpf_version'====== Args={'value': 'MPF v0.56.0-dev33', 'prev_value': None, 'change': True}
2023-02-05 10:02:32,272 : EventManager : Event: ======'machine_var_mpf_extended_version'====== Args={'value': 'MPF v0.56.0-dev33, Config version:5, Show version: 5, BCP version:1.1', 'prev_value': None, 'change': True}
2023-02-05 10:02:32,272 : EventManager : Event: ======'machine_var_python_version'====== Args={'value': '3.9.13', 'prev_value': None, 'change': True}
2023-02-05 10:02:32,273 : EventManager : Event: ======'machine_var_platform'====== Args={'value': 'Windows-10-10.0.19044-SP0', 'prev_value': None, 'change': True}
2023-02-05 10:02:32,273 : EventManager : Event: ======'machine_var_platform_system'====== Args={'value': 'Windows', 'prev_value': None, 'change': True}
2023-02-05 10:02:32,273 : EventManager : Event: ======'machine_var_platform_release'====== Args={'value': '10', 'prev_value': None, 'change': True}
2023-02-05 10:02:32,274 : EventManager : Event: ======'machine_var_platform_version'====== Args={'value': '10.0.19044', 'prev_value': None, 'change': True}
2023-02-05 10:02:32,274 : EventManager : Event: ======'machine_var_platform_machine'====== Args={'value': 'AMD64', 'prev_value': None, 'change': True}
2023-02-05 10:02:32,274 : EventManager : Event: ======'machine_var_mc_version'====== Args={'value': 'MPF-MC v0.56.0-dev33', 'prev_value': None, 'change': True}
2023-02-05 10:02:32,275 : EventManager : Event: ======'machine_var_mc_extended_version'====== Args={'value': 'MPF-MC v0.56.0-dev33 (config_version=5, BCP v1.1, Requires MPF v0.56.0-dev33)', 'prev_value': None, 'change': True}
2023-02-05 10:02:32,275 : SoundSystem : Setting master volume to 0.5
2023-02-05 10:02:32,558 : EventManager : Event: ======'machine_var_audits_events_game_ended'====== Args={'value': 0, 'prev_value': None, 'change': True}
2023-02-05 10:02:32,597 : EventManager : Event: ======'machine_var_audits_events_game_started'====== Args={'value': 5, 'prev_value': None, 'change': True}
2023-02-05 10:02:32,597 : EventManager : Event: ======'machine_var_audits_player_score'====== Args={'value': {'average': 0, 'top': [], 'total': 0}, 'prev_value': None, 'change': True}
2023-02-05 10:02:32,598 : EventManager : Event: ======'machine_var_audits_shots_my_first_shot'====== Args={'value': 48, 'prev_value': None, 'change': True}
2023-02-05 10:02:32,598 : EventManager : Event: ======'machine_var_audits_switches_s_ball_shooter_lane'====== Args={'value': 0, 'prev_value': None, 'change': True}
2023-02-05 10:02:32,598 : EventManager : Event: ======'machine_var_audits_switches_s_eject'====== Args={'value': 0, 'prev_value': None, 'change': True}
2023-02-05 10:02:32,599 : EventManager : Event: ======'machine_var_audits_switches_s_elevator_hold'====== Args={'value': 0, 'prev_value': None, 'change': True}
2023-02-05 10:02:32,599 : EventManager : Event: ======'machine_var_audits_switches_s_enter_left_ramp'====== Args={'value': 0, 'prev_value': None, 'change': True}
2023-02-05 10:02:32,599 : EventManager : Event: ======'machine_var_audits_switches_s_inner_loop'====== Args={'value': 0, 'prev_value': None, 'change': True}
2023-02-05 10:02:32,599 : EventManager : Event: ======'machine_var_audits_switches_s_left_bottom_jet_bumper'====== Args={'value': 0, 'prev_value': None, 'change': True}
2023-02-05 10:02:32,600 : EventManager : Event: ======'machine_var_audits_switches_s_left_cellar'====== Args={'value': 0, 'prev_value': None, 'change': True}
2023-02-05 10:02:32,600 : EventManager : Event: ======'machine_var_audits_switches_s_left_flipper'====== Args={'value': 11, 'prev_value': None, 'change': True}
2023-02-05 10:02:32,600 : EventManager : Event: ======'machine_var_audits_switches_s_left_inlane'====== Args={'value': 48, 'prev_value': None, 'change': True}
2023-02-05 10:02:32,600 : EventManager : Event: ======'machine_var_audits_switches_s_left_lock_1'====== Args={'value': 0, 'prev_value': None, 'change': True}
2023-02-05 10:02:32,601 : EventManager : Event: ======'machine_var_audits_switches_s_left_lock_2'====== Args={'value': 0, 'prev_value': None, 'change': True}
2023-02-05 10:02:32,601 : EventManager : Event: ======'machine_var_audits_switches_s_left_lock_3'====== Args={'value': 0, 'prev_value': None, 'change': True}
2023-02-05 10:02:32,601 : EventManager : Event: ======'machine_var_audits_switches_s_left_loop_bottom'====== Args={'value': 0, 'prev_value': None, 'change': True}
2023-02-05 10:02:32,601 : EventManager : Event: ======'machine_var_audits_switches_s_left_loop_top'====== Args={'value': 0, 'prev_value': None, 'change': True}
2023-02-05 10:02:32,602 : EventManager : Event: ======'machine_var_audits_switches_s_left_outlane'====== Args={'value': 0, 'prev_value': None, 'change': True}
2023-02-05 10:02:32,602 : EventManager : Event: ======'machine_var_audits_switches_s_left_ramp_score_bottom'====== Args={'value': 0, 'prev_value': None, 'change': True}
2023-02-05 10:02:32,602 : EventManager : Event: ======'machine_var_audits_switches_s_left_ramp_score_top'====== Args={'value': 0, 'prev_value': None, 'change': True}
2023-02-05 10:02:32,602 : EventManager : Event: ======'machine_var_audits_switches_s_left_slingshot'====== Args={'value': 0, 'prev_value': None, 'change': True}
2023-02-05 10:02:32,603 : EventManager : Event: ======'machine_var_audits_switches_s_left_standup'====== Args={'value': 0, 'prev_value': None, 'change': True}
2023-02-05 10:02:32,603 : EventManager : Event: ======'machine_var_audits_switches_s_left_standup_right_ramp'====== Args={'value': 0, 'prev_value': None, 'change': True}
2023-02-05 10:02:32,603 : EventManager : Event: ======'machine_var_audits_switches_s_left_top_jet_bumper'====== Args={'value': 0, 'prev_value': None, 'change': True}
2023-02-05 10:02:32,603 : EventManager : Event: ======'machine_var_audits_switches_s_lower_bank_drop_target_opto_lower'====== Args={'value': 0, 'prev_value': None, 'change': True}
2023-02-05 10:02:32,604 : EventManager : Event: ======'machine_var_audits_switches_s_lower_bank_drop_target_opto_middle'====== Args={'value': 0, 'prev_value': None, 'change': True}
2023-02-05 10:02:32,604 : EventManager : Event: ======'machine_var_audits_switches_s_lower_bank_drop_target_opto_upper'====== Args={'value': 0, 'prev_value': None, 'change': True}
2023-02-05 10:02:32,604 : EventManager : Event: ======'machine_var_audits_switches_s_lower_top_jet_bumper'====== Args={'value': 0, 'prev_value': None, 'change': True}
2023-02-05 10:02:32,605 : EventManager : Event: ======'machine_var_audits_switches_s_middle_standup'====== Args={'value': 0, 'prev_value': None, 'change': True}
2023-02-05 10:02:32,605 : EventManager : Event: ======'machine_var_audits_switches_s_outhole'====== Args={'value': 0, 'prev_value': None, 'change': True}
2023-02-05 10:02:32,605 : EventManager : Event: ======'machine_var_audits_switches_s_plumb_bob_tilt'====== Args={'value': 0, 'prev_value': None, 'change': True}
2023-02-05 10:02:32,605 : EventManager : Event: ======'machine_var_audits_switches_s_plunger'====== Args={'value': 0, 'prev_value': None, 'change': True}
2023-02-05 10:02:32,606 : EventManager : Event: ======'machine_var_audits_switches_s_right_bottom_jet_bumper'====== Args={'value': 0, 'prev_value': None, 'change': True}
2023-02-05 10:02:32,606 : EventManager : Event: ======'machine_var_audits_switches_s_right_cellar'====== Args={'value': 0, 'prev_value': None, 'change': True}
2023-02-05 10:02:32,606 : EventManager : Event: ======'machine_var_audits_switches_s_right_flipper'====== Args={'value': 0, 'prev_value': None, 'change': True}
2023-02-05 10:02:32,606 : EventManager : Event: ======'machine_var_audits_switches_s_right_inlane'====== Args={'value': 0, 'prev_value': None, 'change': True}
2023-02-05 10:02:32,607 : EventManager : Event: ======'machine_var_audits_switches_s_right_loop_bottom'====== Args={'value': 0, 'prev_value': None, 'change': True}
2023-02-05 10:02:32,607 : EventManager : Event: ======'machine_var_audits_switches_s_right_loop_top'====== Args={'value': 0, 'prev_value': None, 'change': True}
2023-02-05 10:02:32,607 : EventManager : Event: ======'machine_var_audits_switches_s_right_outlane'====== Args={'value': 0, 'prev_value': None, 'change': True}
2023-02-05 10:02:32,607 : EventManager : Event: ======'machine_var_audits_switches_s_right_ramp_down'====== Args={'value': 0, 'prev_value': None, 'change': True}
2023-02-05 10:02:32,608 : EventManager : Event: ======'machine_var_audits_switches_s_right_ramp_score_bottom'====== Args={'value': 0, 'prev_value': None, 'change': True}
2023-02-05 10:02:32,608 : EventManager : Event: ======'machine_var_audits_switches_s_right_ramp_score_top'====== Args={'value': 0, 'prev_value': None, 'change': True}
2023-02-05 10:02:32,608 : EventManager : Event: ======'machine_var_audits_switches_s_right_slingshot'====== Args={'value': 0, 'prev_value': None, 'change': True}
2023-02-05 10:02:32,608 : EventManager : Event: ======'machine_var_audits_switches_s_right_standup'====== Args={'value': 0, 'prev_value': None, 'change': True}
2023-02-05 10:02:32,608 : EventManager : Event: ======'machine_var_audits_switches_s_right_standup_right_ramp'====== Args={'value': 0, 'prev_value': None, 'change': True}
2023-02-05 10:02:32,609 : EventManager : Event: ======'machine_var_audits_switches_s_right_top_jet_bumper'====== Args={'value': 0, 'prev_value': None, 'change': True}
2023-02-05 10:02:32,609 : EventManager : Event: ======'machine_var_audits_switches_s_spinner'====== Args={'value': 0, 'prev_value': None, 'change': True}
2023-02-05 10:02:32,610 : EventManager : Event: ======'machine_var_audits_switches_s_start'====== Args={'value': 6, 'prev_value': None, 'change': True}
2023-02-05 10:02:32,610 : EventManager : Event: ======'machine_var_audits_switches_s_top_right_reject'====== Args={'value': 0, 'prev_value': None, 'change': True}
2023-02-05 10:02:32,610 : EventManager : Event: ======'machine_var_audits_switches_s_trough1'====== Args={'value': 5, 'prev_value': None, 'change': True}
2023-02-05 10:02:32,611 : EventManager : Event: ======'machine_var_audits_switches_s_trough2'====== Args={'value': 2, 'prev_value': None, 'change': True}
2023-02-05 10:02:32,611 : EventManager : Event: ======'machine_var_audits_switches_s_trough3'====== Args={'value': 2, 'prev_value': None, 'change': True}
2023-02-05 10:02:32,611 : EventManager : Event: ======'machine_var_audits_switches_s_trough_jam'====== Args={'value': 0, 'prev_value': None, 'change': True}
2023-02-05 10:02:32,611 : EventManager : Event: ======'machine_var_audits_switches_s_upper_bank_drop_target_opto'====== Args={'value': 0, 'prev_value': None, 'change': True}
2023-02-05 10:02:32,612 : EventManager : Event: ======'machine_var_audits_switches_s_upper_bottom_jet_bumper'====== Args={'value': 0, 'prev_value': None, 'change': True}
2023-02-05 10:02:32,612 : EventManager : Event: ======'machine_var_audits_switches_s_upper_right_flipper'====== Args={'value': 0, 'prev_value': None, 'change': True}
2023-02-05 10:02:32,688 : EventManager : Event: ======'mc_reset_phase_1'====== Args={}
2023-02-05 10:02:32,688 : EventManager : Event: ======'mc_reset_phase_2'====== Args={}
2023-02-05 10:02:32,688 : EventManager : Event: ======'mc_reset_phase_3'====== Args={}
2023-02-05 10:02:32,689 : EventManager : Event: ======'mc_reset_complete'====== Args={}
2023-02-05 10:02:32,700 : EventManager : Event: ======'slides_play'====== Args={'settings': {'slide1': {'widgets': [{'type': 'image', 'image': 'twisted_pictures', 'expire': 2.6, '_default_settings': ['type', 'image', 'expire'], 'x': None, 'y': None, 'anchor_x': 'center', 'anchor_y': 'center', 'round_anchor_x': None, 'round_anchor_y': None, 'opacity': 1.0, 'z': 0, 'reset_animations_events': {}, 'color': [1.0, 1.0, 1.0, 1.0], 'style': [], 'adjust_top': 0, 'adjust_bottom': 0, 'adjust_left': 0, 'adjust_right': 0, 'key': None, 'widget': None, 'events_when_added': [], 'events_when_removed': [], 'fps': 10, 'loops': -1, 'auto_play': True, 'start_frame': 0, 'rotation': 0, 'scale': 1.0, 'animations': None}], 'target': None, 'background_color': [0.0, 0.0, 0.0, 1.0], 'priority': None, 'show': True, 'force': False, 'expire': None, 'slide': None, 'tokens': {}, 'action': 'play'}}, 'context': 'show_1', 'calling_context': 0, 'priority': 10, 'show_tokens': {}, 'start_time': 112676.468}
2023-02-05 10:02:32,701 : mpfmc : SlidePlayer: Play called with settings={'slide1': {'widgets': [{'type': 'image', 'image': 'twisted_pictures', 'expire': 2.6, '_default_settings': ['type', 'image', 'expire'], 'x': None, 'y': None, 'anchor_x': 'center', 'anchor_y': 'center', 'round_anchor_x': None, 'round_anchor_y': None, 'opacity': 1.0, 'z': 0, 'reset_animations_events': {}, 'color': [1.0, 1.0, 1.0, 1.0], 'style': [], 'adjust_top': 0, 'adjust_bottom': 0, 'adjust_left': 0, 'adjust_right': 0, 'key': None, 'widget': None, 'events_when_added': [], 'events_when_removed': [], 'fps': 10, 'loops': -1, 'auto_play': True, 'start_frame': 0, 'rotation': 0, 'scale': 1.0, 'animations': None}], 'target': None, 'background_color': [0.0, 0.0, 0.0, 1.0], 'priority': None, 'show': True, 'force': False, 'expire': None, 'slide': None, 'tokens': {}, 'action': 'play'}}
2023-02-05 10:02:32,706 : EventManager : Event: ======'slide_slide1_created'====== Args={}
2023-02-05 10:02:32,707 : EventManager : Event: ======'slide_slide1_active'====== Args={}
2023-02-05 10:02:33,347 : EventManager : Event: ======'game_started'====== Args={}
2023-02-05 10:02:33,347 : EventManager : Event: ======'slides_clear'====== Args={'context': 'show_1'}
2023-02-05 10:02:33,347 : EventManager : Event: ======'slide_slide1_removed'====== Args={}
2023-02-05 10:02:33,349 : EventManager : Event: ======'slide_lcd_blank_active'====== Args={}
2023-02-05 10:02:33,372 : EventManager : Event: ======'player_added'====== Args={'player': <Player 1>, 'num': 1}
2023-02-05 10:02:33,372 : EventManager : Event: ======'player_index'====== Args={'value': 0, 'prev_value': 0, 'change': 0, 'player_num': 1}
2023-02-05 10:02:33,372 : EventManager : Event: ======'player_number'====== Args={'value': 1, 'prev_value': 1, 'change': 0, 'player_num': 1}
2023-02-05 10:02:33,372 : EventManager : Event: ======'player_score'====== Args={'value': 0, 'prev_value': 0, 'change': 0, 'player_num': 1}
2023-02-05 10:02:33,410 : EventManager : Event: ======'player_ball'====== Args={'value': 1, 'prev_value': 0, 'change': 1, 'player_num': 1}
2023-02-05 10:02:33,410 : EventManager : Event: ======'player_turn_start'====== Args={'number': 1, 'player': <Player 1>}
2023-02-05 10:02:33,423 : EventManager : Event: ======'player_shot_my_first_shot_enabled'====== Args={'value': True, 'prev_value': 0, 'change': 1, 'player_num': 1}
2023-02-05 10:02:33,446 : EventManager : Event: ======'slides_play'====== Args={'settings': {'widgets': {'widgets': [{'type': 'text', 'text': '(score)', 'number_grouping': True, 'min_digits': 2, 'font_size': 100, '_default_settings': ['type', 'text', 'number_grouping', 'min_digits', 'font_size'], 'x': None, 'y': None, 'anchor_x': 'center', 'anchor_y': 'center', 'round_anchor_x': None, 'round_anchor_y': None, 'opacity': 1.0, 'z': 0, 'reset_animations_events': {}, 'color': [1.0, 1.0, 1.0, 1.0], 'style': [], 'adjust_top': 0, 'adjust_bottom': 0, 'adjust_left': 0, 'adjust_right': 0, 'expire': None, 'key': None, 'widget': None, 'events_when_added': [], 'events_when_removed': [], 'bitmap_font': False, 'font_kerning': True, 'bold': False, 'italic': False, 'halign': 'center', 'valign': 'middle', 'rotation': 0, 'scale': 1.0, 'casing': None, 'animations': None}, {'type': 'text', 'font_name': 'TrajanProRegular', 'text': 'PLAYER (number)', 'y': '10', 'x': '10', 'font_size': 50, 'anchor_x': 'left', 'anchor_y': 'bottom', '_default_settings': ['type', 'font_name', 'text', 'y', 'x', 'font_size', 'anchor_x', 'anchor_y'], 'round_anchor_x': None, 'round_anchor_y': None, 'opacity': 1.0, 'z': 0, 'reset_animations_events': {}, 'color': [1.0, 1.0, 1.0, 1.0], 'style': [], 'adjust_top': 0, 'adjust_bottom': 0, 'adjust_left': 0, 'adjust_right': 0, 'expire': None, 'key': None, 'widget': None, 'events_when_added': [], 'events_when_removed': [], 'bitmap_font': False, 'font_kerning': True, 'bold': False, 'italic': False, 'number_grouping': False, 'min_digits': 0, 'halign': 'center', 'valign': 'middle', 'rotation': 0, 'scale': 1.0, 'casing': None, 'animations': None}, {'type': 'text', 'text': 'BALL (ball)', 'font_name': 'TrajanProRegular', 'y': '10', 'x': 'right-10', 'anchor_x': 'right', 'anchor_y': 'bottom', 'font_size': 50, '_default_settings': ['type', 'text', 'font_name', 'y', 'x', 'anchor_x', 'anchor_y', 'font_size'], 'round_anchor_x': None, 'round_anchor_y': None, 'opacity': 1.0, 'z': 0, 'reset_animations_events': {}, 'color': [1.0, 1.0, 1.0, 1.0], 'style': [], 'adjust_top': 0, 'adjust_bottom': 0, 'adjust_left': 0, 'adjust_right': 0, 'expire': None, 'key': None, 'widget': None, 'events_when_added': [], 'events_when_removed': [], 'bitmap_font': False, 'font_kerning': True, 'bold': False, 'italic': False, 'number_grouping': False, 'min_digits': 0, 'halign': 'center', 'valign': 'middle', 'rotation': 0, 'scale': 1.0, 'casing': None, 'animations': None}, {'type': 'text', 'font_name': 'TrajanProRegular', 'text': 'Current Score:', 'font_size': 70, 'y': '40%', '_default_settings': ['type', 'font_name', 'text', 'font_size', 'y'], 'x': None, 'anchor_x': 'center', 'anchor_y': 'center', 'round_anchor_x': None, 'round_anchor_y': None, 'opacity': 1.0, 'z': 0, 'reset_animations_events': {}, 'color': [1.0, 1.0, 1.0, 1.0], 'style': [], 'adjust_top': 0, 'adjust_bottom': 0, 'adjust_left': 0, 'adjust_right': 0, 'expire': None, 'key': None, 'widget': None, 'events_when_added': [], 'events_when_removed': [], 'bitmap_font': False, 'font_kerning': True, 'bold': False, 'italic': False, 'number_grouping': False, 'min_digits': 0, 'halign': 'center', 'valign': 'middle', 'rotation': 0, 'scale': 1.0, 'casing': None, 'animations': None}], 'target': None, 'background_color': [0.0, 0.0, 0.0, 1.0], 'priority': None, 'show': True, 'force': False, 'expire': None, 'slide': None, 'tokens': {}, 'action': 'play'}}, 'context': 'base', 'calling_context': 'mode_base_started', 'priority': 100, 'queue': '<QueuedEvent>', 'player': 1, 'ball': 1, 'balls_remaining': 2, 'is_extra_ball': False}
2023-02-05 10:02:33,447 : mpfmc : SlidePlayer: Play called with settings={'widgets': {'widgets': [{'type': 'text', 'text': '(score)', 'number_grouping': True, 'min_digits': 2, 'font_size': 100, '_default_settings': ['type', 'text', 'number_grouping', 'min_digits', 'font_size'], 'x': None, 'y': None, 'anchor_x': 'center', 'anchor_y': 'center', 'round_anchor_x': None, 'round_anchor_y': None, 'opacity': 1.0, 'z': 0, 'reset_animations_events': {}, 'color': [1.0, 1.0, 1.0, 1.0], 'style': [], 'adjust_top': 0, 'adjust_bottom': 0, 'adjust_left': 0, 'adjust_right': 0, 'expire': None, 'key': None, 'widget': None, 'events_when_added': [], 'events_when_removed': [], 'bitmap_font': False, 'font_kerning': True, 'bold': False, 'italic': False, 'halign': 'center', 'valign': 'middle', 'rotation': 0, 'scale': 1.0, 'casing': None, 'animations': None}, {'type': 'text', 'font_name': 'TrajanProRegular', 'text': 'PLAYER (number)', 'y': '10', 'x': '10', 'font_size': 50, 'anchor_x': 'left', 'anchor_y': 'bottom', '_default_settings': ['type', 'font_name', 'text', 'y', 'x', 'font_size', 'anchor_x', 'anchor_y'], 'round_anchor_x': None, 'round_anchor_y': None, 'opacity': 1.0, 'z': 0, 'reset_animations_events': {}, 'color': [1.0, 1.0, 1.0, 1.0], 'style': [], 'adjust_top': 0, 'adjust_bottom': 0, 'adjust_left': 0, 'adjust_right': 0, 'expire': None, 'key': None, 'widget': None, 'events_when_added': [], 'events_when_removed': [], 'bitmap_font': False, 'font_kerning': True, 'bold': False, 'italic': False, 'number_grouping': False, 'min_digits': 0, 'halign': 'center', 'valign': 'middle', 'rotation': 0, 'scale': 1.0, 'casing': None, 'animations': None}, {'type': 'text', 'text': 'BALL (ball)', 'font_name': 'TrajanProRegular', 'y': '10', 'x': 'right-10', 'anchor_x': 'right', 'anchor_y': 'bottom', 'font_size': 50, '_default_settings': ['type', 'text', 'font_name', 'y', 'x', 'anchor_x', 'anchor_y', 'font_size'], 'round_anchor_x': None, 'round_anchor_y': None, 'opacity': 1.0, 'z': 0, 'reset_animations_events': {}, 'color': [1.0, 1.0, 1.0, 1.0], 'style': [], 'adjust_top': 0, 'adjust_bottom': 0, 'adjust_left': 0, 'adjust_right': 0, 'expire': None, 'key': None, 'widget': None, 'events_when_added': [], 'events_when_removed': [], 'bitmap_font': False, 'font_kerning': True, 'bold': False, 'italic': False, 'number_grouping': False, 'min_digits': 0, 'halign': 'center', 'valign': 'middle', 'rotation': 0, 'scale': 1.0, 'casing': None, 'animations': None}, {'type': 'text', 'font_name': 'TrajanProRegular', 'text': 'Current Score:', 'font_size': 70, 'y': '40%', '_default_settings': ['type', 'font_name', 'text', 'font_size', 'y'], 'x': None, 'anchor_x': 'center', 'anchor_y': 'center', 'round_anchor_x': None, 'round_anchor_y': None, 'opacity': 1.0, 'z': 0, 'reset_animations_events': {}, 'color': [1.0, 1.0, 1.0, 1.0], 'style': [], 'adjust_top': 0, 'adjust_bottom': 0, 'adjust_left': 0, 'adjust_right': 0, 'expire': None, 'key': None, 'widget': None, 'events_when_added': [], 'events_when_removed': [], 'bitmap_font': False, 'font_kerning': True, 'bold': False, 'italic': False, 'number_grouping': False, 'min_digits': 0, 'halign': 'center', 'valign': 'middle', 'rotation': 0, 'scale': 1.0, 'casing': None, 'animations': None}], 'target': None, 'background_color': [0.0, 0.0, 0.0, 1.0], 'priority': None, 'show': True, 'force': False, 'expire': None, 'slide': None, 'tokens': {}, 'action': 'play'}}
2023-02-05 10:02:33,489 : EventManager : Event: ======'slide_base.slide_player-mode_base_started_created'====== Args={}
2023-02-05 10:02:33,504 : EventManager : Event: ======'slide_base.slide_player-mode_base_started_active'====== Args={}
2023-02-05 10:02:34,298 : EventManager : Event: ======'machine_var_audits_switches_s_left_inlane'====== Args={'value': 49, 'prev_value': 48, 'change': 1}
2023-02-05 10:02:34,298 : EventManager : Event: ======'player_shot_my_first_shot'====== Args={'value': 1, 'prev_value': 0, 'change': 1, 'player_num': 1}
2023-02-05 10:02:34,299 : EventManager : Event: ======'machine_var_audits_shots_my_first_shot'====== Args={'value': 49, 'prev_value': 48, 'change': 1}
2023-02-05 10:02:35,046 : EventManager : Event: ======'machine_var_audits_switches_s_left_inlane'====== Args={'value': 50, 'prev_value': 49, 'change': 1}
2023-02-05 10:02:35,046 : EventManager : Event: ======'machine_var_audits_shots_my_first_shot'====== Args={'value': 50, 'prev_value': 49, 'change': 1}
2023-02-05 10:02:35,694 : EventManager : Event: ======'machine_var_audits_switches_s_left_inlane'====== Args={'value': 51, 'prev_value': 50, 'change': 1}
2023-02-05 10:02:35,694 : EventManager : Event: ======'machine_var_audits_shots_my_first_shot'====== Args={'value': 51, 'prev_value': 50, 'change': 1}
2023-02-05 10:02:36,349 : EventManager : Event: ======'machine_var_audits_switches_s_left_inlane'====== Args={'value': 52, 'prev_value': 51, 'change': 1}
2023-02-05 10:02:36,349 : EventManager : Event: ======'machine_var_audits_shots_my_first_shot'====== Args={'value': 52, 'prev_value': 51, 'change': 1}
2023-02-05 10:02:36,982 : EventManager : Event: ======'machine_var_audits_switches_s_left_inlane'====== Args={'value': 53, 'prev_value': 52, 'change': 1}
2023-02-05 10:02:36,982 : EventManager : Event: ======'machine_var_audits_shots_my_first_shot'====== Args={'value': 53, 'prev_value': 52, 'change': 1}
2023-02-05 10:02:37,542 : EventManager : Event: ======'machine_var_audits_switches_s_left_inlane'====== Args={'value': 54, 'prev_value': 53, 'change': 1}
2023-02-05 10:02:37,542 : EventManager : Event: ======'machine_var_audits_shots_my_first_shot'====== Args={'value': 54, 'prev_value': 53, 'change': 1}
2023-02-05 10:02:39,957 : EventManager : Event: ======'machine_var_audits_switches_s_left_inlane'====== Args={'value': 55, 'prev_value': 54, 'change': 1}
2023-02-05 10:02:39,957 : EventManager : Event: ======'machine_var_audits_shots_my_first_shot'====== Args={'value': 55, 'prev_value': 54, 'change': 1}
2023-02-05 10:02:40,401 : EventManager : Event: ======'machine_var_audits_switches_s_left_inlane'====== Args={'value': 56, 'prev_value': 55, 'change': 1}
2023-02-05 10:02:40,401 : EventManager : Event: ======'machine_var_audits_shots_my_first_shot'====== Args={'value': 56, 'prev_value': 55, 'change': 1}
2023-02-05 10:02:41,255 : EventManager : Event: ======'machine_var_audits_switches_s_left_inlane'====== Args={'value': 57, 'prev_value': 56, 'change': 1}
2023-02-05 10:02:41,255 : EventManager : Event: ======'machine_var_audits_shots_my_first_shot'====== Args={'value': 57, 'prev_value': 56, 'change': 1}
2023-02-05 10:02:45,117 : kivy : Base: Leaving application in progress...
2023-02-05 10:02:45,117 : mpfmc : Stopping...
2023-02-05 10:02:45,117 : EventManager : Event: ======'shutdown'====== Args={}
2023-02-05 10:02:45,117 : AudioInterface : Disabling audio playback
2023-02-05 10:02:45,241 : mpfmc : Loop rate 70.07 Hz
2023-02-05 10:02:45,241 : kivy : MC run loop ended.
2023-02-05 10:02:45,241 : kivy : Stopping child threads... (3 remaining)
2023-02-05 10:02:45,303 : mpfmc : Stopping...
2023-02-05 10:02:45,303 : EventManager : Event: ======'shutdown'====== Args={}
2023-02-05 10:02:45,304 : mpfmc : Loop rate 69.76 Hz
2023-02-05 10:02:45,315 : MPF-MC BCP Server : Stopping BCP sending thread
2023-02-05 10:02:45,943 : kivy : All child threads stopped.
