2023-02-05 08:43:05,005 : kivy : Factory: 189 symbols loaded
2023-02-05 08:43:05,137 : kivy : ImageLoaderFFPy: Using ffpyplayer 4.3.5
2023-02-05 08:43:05,137 : kivy : Image: Providers: img_tex, img_dds, img_sdl2, img_pil, img_ffpyplayer 
2023-02-05 08:43:05,173 : kivy : VideoGstplayer: Using Gstreamer 1.18.5.0
2023-02-05 08:43:05,173 : kivy : Video: Provider: gstplayer
2023-02-05 08:43:05,367 : kivy : Loading MPF-MC controller
2023-02-05 08:43:05,369 : YamlMultifileConfigLoader : Machine config file #1: config
2023-02-05 08:43:05,369 : ConfigProcessor : Config file in cache changed: C:\pinball\SAW\config\config
2023-02-05 08:43:05,371 : ConfigProcessor : Loading config from file C:\Users\steel\AppData\Local\Programs\Python\Python39\lib\site-packages\mpfmc\mcconfig.yaml.
2023-02-05 08:43:05,395 : ConfigProcessor : Loading config: C:\Users\steel\AppData\Local\Programs\Python\Python39\lib\site-packages\mpfmc\mcconfig.yaml
2023-02-05 08:43:05,396 : ConfigProcessor : Loading config from file C:\pinball\SAW\config\config.
2023-02-05 08:43:05,420 : ConfigProcessor : Loading config: C:\pinball\SAW\config\config
2023-02-05 08:43:05,421 : ConfigProcessor : Config file cache created: C:\Users\steel\AppData\Local\Temp\785655ce0a6ad62be8f20f2598aadce2.mpf_cache
2023-02-05 08:43:05,421 : ConfigProcessor : Loading config from cache: C:\Users\steel\AppData\Local\Temp\0c159a05f39617a30cc1b279562f144f.mpf_cache
2023-02-05 08:43:05,422 : ConfigProcessor : Loading config from cache: C:\Users\steel\AppData\Local\Temp\a4144dd661fe0832b800e50000db3090.mpf_cache
2023-02-05 08:43:05,423 : ConfigProcessor : Loading config from cache: C:\Users\steel\AppData\Local\Temp\0c159a05f39617a30cc1b279562f144f.mpf_cache
2023-02-05 08:43:05,423 : ConfigProcessor : Loading config from cache: C:\Users\steel\AppData\Local\Temp\c84db42795c08bfb8e4272b3be41e3f4.mpf_cache
2023-02-05 08:43:05,427 : mpfmc : Mission Pinball Framework Media Controller v0.56.0-dev33
2023-02-05 08:43:05,427 : mpfmc : Mission Pinball Framework Game Engine v0.56.0-dev33
2023-02-05 08:43:05,427 : mpfmc : Machine path: C:\pinball\SAW
2023-02-05 08:43:05,427 : mpfmc : Starting clock at 60.0Hz
2023-02-05 08:43:05,440 : kivy : Text: Provider: sdl2
2023-02-05 08:43:05,477 : kivy : Window: Provider: sdl2
2023-02-05 08:43:05,719 : kivy : GL: Using the "OpenGL" graphics system
2023-02-05 08:43:05,720 : kivy : GL: GLEW initialization succeeded
2023-02-05 08:43:05,720 : kivy : GL: Backend used <glew>
2023-02-05 08:43:05,720 : kivy : GL: OpenGL version <b'4.6.0 - Build 31.0.101.2111'>
2023-02-05 08:43:05,720 : kivy : GL: OpenGL vendor <b'Intel'>
2023-02-05 08:43:05,720 : kivy : GL: OpenGL renderer <b'Intel(R) UHD Graphics 630'>
2023-02-05 08:43:05,720 : kivy : GL: OpenGL parsed version: 4, 6
2023-02-05 08:43:05,720 : kivy : GL: Shading version <b'4.60 - Build 31.0.101.2111'>
2023-02-05 08:43:05,720 : kivy : GL: Texture max size <16384>
2023-02-05 08:43:05,720 : kivy : GL: Texture max units <32>
2023-02-05 08:43:05,748 : kivy : Window: auto add sdl2 input provider
2023-02-05 08:43:05,748 : kivy : Window: virtual keyboard not allowed, single mode, not docked
2023-02-05 08:43:05,756 : SoundSystem : SoundSystem: Using default 'sound_system' settings
2023-02-05 08:43:06,051 : AudioInterface : Initialized
2023-02-05 08:43:06,051 : AudioInterface : Loaded SDL 2.0.20
2023-02-05 08:43:06,051 : AudioInterface : Loaded SDL_Mixer 2.0.4
2023-02-05 08:43:06,052 : AudioInterface : Loaded GStreamer 1.18.5.0
2023-02-05 08:43:06,052 : AudioInterface : Loaded GLib 2.62.6
2023-02-05 08:43:06,052 : AudioInterface : Settings requested - rate: 44100, channels: 1, buffer: 2048 samples
2023-02-05 08:43:06,052 : AudioInterface : Settings in use - rate: 44100, channels: 1, buffer: 2048 samples (4096 bytes @ 2 bytes per sample)
2023-02-05 08:43:06,052 : SoundSystem : No audio tracks are specified in your machine config file. a track named 'default' has been created.
2023-02-05 08:43:06,052 : SoundSystem : Setting master volume to 0.0
2023-02-05 08:43:06,052 : SoundSystem : master_volume in sound_system is deprecated and will be removed in the future.
2023-02-05 08:43:06,052 : AudioInterface : Enabling audio playback
2023-02-05 08:43:06,054 : kivy : Base: Start application main loop
2023-02-05 08:43:06,054 : EventManager : Event: ======'display_lcd_initialized'====== Args={}
2023-02-05 08:43:06,065 : mpfmc : Display: Setting 'lcd' as default display
2023-02-05 08:43:06,070 : EventManager : Event: ======'displays_initialized'====== Args={}
2023-02-05 08:43:06,070 : EventManager : Event: ======'slide_lcd_blank_created'====== Args={}
2023-02-05 08:43:06,070 : EventManager : Event: ======'display_lcd_ready'====== Args={}
2023-02-05 08:43:06,080 : EventManager : Event: ======'init_phase_1'====== Args={}
2023-02-05 08:43:06,081 : EventManager : Event: ======'mc_ready'====== Args={}
2023-02-05 08:43:06,081 : EventManager : Event: ======'init_phase_2'====== Args={}
2023-02-05 08:43:06,083 : EventManager : Event: ======'init_phase_3'====== Args={}
2023-02-05 08:43:06,085 : EventManager : Event: ======'init_phase_4'====== Args={}
2023-02-05 08:43:06,085 : EventManager : Event: ======'init_phase_5'====== Args={}
2023-02-05 08:43:06,254 : kivy : GL: NPOT texture support is available
2023-02-05 08:43:06,384 : EventManager : Event: ======'loading_assets'====== Args={'total': 6, 'loaded': 1, 'remaining': 5, 'percent': 17}
2023-02-05 08:43:06,384 : AssetManager : Loading assets: 1/6 (17%)
2023-02-05 08:43:06,389 : kivy : GL: Unpack subimage support is available
2023-02-05 08:43:06,480 : EventManager : Event: ======'loading_assets'====== Args={'total': 6, 'loaded': 6, 'remaining': 0, 'percent': 100}
2023-02-05 08:43:06,480 : AssetManager : Asset loading took: 0.4279775619506836
2023-02-05 08:43:06,480 : EventManager : Event: ======'asset_loading_complete'====== Args={}
2023-02-05 08:43:06,480 : AssetManager : Loading assets: 6/6 (100%)
2023-02-05 08:43:06,480 : EventManager : Event: ======'init_done'====== Args={}
2023-02-05 08:43:06,480 : MPF-MC BCP Server : Starting up on localhost port 5050
2023-02-05 08:43:06,483 : MPF-MC BCP Server : Waiting for a connection...
2023-02-05 08:43:06,484 : EventManager : Event: ======'client_disconnected'====== Args={'host': '127.0.0.1', 'port': 5050}
2023-02-05 08:43:07,224 : MPF-MC BCP Server : Received connection from: 127.0.0.1:54689
2023-02-05 08:43:07,234 : EventManager : Event: ======'client_connected'====== Args={'host': '127.0.0.1', 'port': 54689}
2023-02-05 08:43:07,271 : EventManager : Event: ======'machine_var_credits_string'====== Args={'value': 'FREE PLAY', 'prev_value': None, 'change': True}
2023-02-05 08:43:07,271 : EventManager : Event: ======'machine_var_master_volume'====== Args={'value': 0.5, 'prev_value': None, 'change': True}
2023-02-05 08:43:07,271 : EventManager : Event: ======'machine_var_mpf_version'====== Args={'value': 'MPF v0.56.0-dev33', 'prev_value': None, 'change': True}
2023-02-05 08:43:07,271 : EventManager : Event: ======'machine_var_mpf_extended_version'====== Args={'value': 'MPF v0.56.0-dev33, Config version:5, Show version: 5, BCP version:1.1', 'prev_value': None, 'change': True}
2023-02-05 08:43:07,272 : EventManager : Event: ======'machine_var_python_version'====== Args={'value': '3.9.13', 'prev_value': None, 'change': True}
2023-02-05 08:43:07,272 : EventManager : Event: ======'machine_var_platform'====== Args={'value': 'Windows-10-10.0.19044-SP0', 'prev_value': None, 'change': True}
2023-02-05 08:43:07,272 : EventManager : Event: ======'machine_var_platform_system'====== Args={'value': 'Windows', 'prev_value': None, 'change': True}
2023-02-05 08:43:07,272 : EventManager : Event: ======'machine_var_platform_release'====== Args={'value': '10', 'prev_value': None, 'change': True}
2023-02-05 08:43:07,272 : EventManager : Event: ======'machine_var_platform_version'====== Args={'value': '10.0.19044', 'prev_value': None, 'change': True}
2023-02-05 08:43:07,273 : EventManager : Event: ======'machine_var_platform_machine'====== Args={'value': 'AMD64', 'prev_value': None, 'change': True}
2023-02-05 08:43:07,273 : EventManager : Event: ======'machine_var_mc_version'====== Args={'value': 'MPF-MC v0.56.0-dev33', 'prev_value': None, 'change': True}
2023-02-05 08:43:07,273 : EventManager : Event: ======'machine_var_mc_extended_version'====== Args={'value': 'MPF-MC v0.56.0-dev33 (config_version=5, BCP v1.1, Requires MPF v0.56.0-dev33)', 'prev_value': None, 'change': True}
2023-02-05 08:43:07,273 : SoundSystem : Setting master volume to 0.5
2023-02-05 08:43:07,375 : EventManager : Event: ======'machine_var_audits_events_game_ended'====== Args={'value': 0, 'prev_value': None, 'change': True}
2023-02-05 08:43:07,375 : EventManager : Event: ======'machine_var_audits_events_game_started'====== Args={'value': 2, 'prev_value': None, 'change': True}
2023-02-05 08:43:07,375 : EventManager : Event: ======'machine_var_audits_player_score'====== Args={'value': {'average': 0, 'top': [], 'total': 0}, 'prev_value': None, 'change': True}
2023-02-05 08:43:07,375 : EventManager : Event: ======'machine_var_audits_switches_s_ball_shooter_lane'====== Args={'value': 0, 'prev_value': None, 'change': True}
2023-02-05 08:43:07,375 : EventManager : Event: ======'machine_var_audits_switches_s_eject'====== Args={'value': 0, 'prev_value': None, 'change': True}
2023-02-05 08:43:07,375 : EventManager : Event: ======'machine_var_audits_switches_s_elevator_hold'====== Args={'value': 0, 'prev_value': None, 'change': True}
2023-02-05 08:43:07,375 : EventManager : Event: ======'machine_var_audits_switches_s_enter_left_ramp'====== Args={'value': 0, 'prev_value': None, 'change': True}
2023-02-05 08:43:07,375 : EventManager : Event: ======'machine_var_audits_switches_s_inner_loop'====== Args={'value': 0, 'prev_value': None, 'change': True}
2023-02-05 08:43:07,375 : EventManager : Event: ======'machine_var_audits_switches_s_left_bottom_jet_bumper'====== Args={'value': 0, 'prev_value': None, 'change': True}
2023-02-05 08:43:07,375 : EventManager : Event: ======'machine_var_audits_switches_s_left_cellar'====== Args={'value': 0, 'prev_value': None, 'change': True}
2023-02-05 08:43:07,375 : EventManager : Event: ======'machine_var_audits_switches_s_left_flipper'====== Args={'value': 11, 'prev_value': None, 'change': True}
2023-02-05 08:43:07,375 : EventManager : Event: ======'machine_var_audits_switches_s_left_inlane'====== Args={'value': 0, 'prev_value': None, 'change': True}
2023-02-05 08:43:07,375 : EventManager : Event: ======'machine_var_audits_switches_s_left_lock_1'====== Args={'value': 0, 'prev_value': None, 'change': True}
2023-02-05 08:43:07,376 : EventManager : Event: ======'machine_var_audits_switches_s_left_lock_2'====== Args={'value': 0, 'prev_value': None, 'change': True}
2023-02-05 08:43:07,376 : EventManager : Event: ======'machine_var_audits_switches_s_left_lock_3'====== Args={'value': 0, 'prev_value': None, 'change': True}
2023-02-05 08:43:07,376 : EventManager : Event: ======'machine_var_audits_switches_s_left_loop_bottom'====== Args={'value': 0, 'prev_value': None, 'change': True}
2023-02-05 08:43:07,376 : EventManager : Event: ======'machine_var_audits_switches_s_left_loop_top'====== Args={'value': 0, 'prev_value': None, 'change': True}
2023-02-05 08:43:07,376 : EventManager : Event: ======'machine_var_audits_switches_s_left_outlane'====== Args={'value': 0, 'prev_value': None, 'change': True}
2023-02-05 08:43:07,376 : EventManager : Event: ======'machine_var_audits_switches_s_left_ramp_score_bottom'====== Args={'value': 0, 'prev_value': None, 'change': True}
2023-02-05 08:43:07,376 : EventManager : Event: ======'machine_var_audits_switches_s_left_ramp_score_top'====== Args={'value': 0, 'prev_value': None, 'change': True}
2023-02-05 08:43:07,376 : EventManager : Event: ======'machine_var_audits_switches_s_left_slingshot'====== Args={'value': 0, 'prev_value': None, 'change': True}
2023-02-05 08:43:07,376 : EventManager : Event: ======'machine_var_audits_switches_s_left_standup'====== Args={'value': 0, 'prev_value': None, 'change': True}
2023-02-05 08:43:07,376 : EventManager : Event: ======'machine_var_audits_switches_s_left_standup_right_ramp'====== Args={'value': 0, 'prev_value': None, 'change': True}
2023-02-05 08:43:07,376 : EventManager : Event: ======'machine_var_audits_switches_s_left_top_jet_bumper'====== Args={'value': 0, 'prev_value': None, 'change': True}
2023-02-05 08:43:07,376 : EventManager : Event: ======'machine_var_audits_switches_s_lower_bank_drop_target_opto_lower'====== Args={'value': 0, 'prev_value': None, 'change': True}
2023-02-05 08:43:07,376 : EventManager : Event: ======'machine_var_audits_switches_s_lower_bank_drop_target_opto_middle'====== Args={'value': 0, 'prev_value': None, 'change': True}
2023-02-05 08:43:07,377 : EventManager : Event: ======'machine_var_audits_switches_s_lower_bank_drop_target_opto_upper'====== Args={'value': 0, 'prev_value': None, 'change': True}
2023-02-05 08:43:07,377 : EventManager : Event: ======'machine_var_audits_switches_s_lower_top_jet_bumper'====== Args={'value': 0, 'prev_value': None, 'change': True}
2023-02-05 08:43:07,377 : EventManager : Event: ======'machine_var_audits_switches_s_middle_standup'====== Args={'value': 0, 'prev_value': None, 'change': True}
2023-02-05 08:43:07,377 : EventManager : Event: ======'machine_var_audits_switches_s_outhole'====== Args={'value': 0, 'prev_value': None, 'change': True}
2023-02-05 08:43:07,377 : EventManager : Event: ======'machine_var_audits_switches_s_plumb_bob_tilt'====== Args={'value': 0, 'prev_value': None, 'change': True}
2023-02-05 08:43:07,377 : EventManager : Event: ======'machine_var_audits_switches_s_plunger'====== Args={'value': 0, 'prev_value': None, 'change': True}
2023-02-05 08:43:07,377 : EventManager : Event: ======'machine_var_audits_switches_s_right_bottom_jet_bumper'====== Args={'value': 0, 'prev_value': None, 'change': True}
2023-02-05 08:43:07,377 : EventManager : Event: ======'machine_var_audits_switches_s_right_cellar'====== Args={'value': 0, 'prev_value': None, 'change': True}
2023-02-05 08:43:07,377 : EventManager : Event: ======'machine_var_audits_switches_s_right_flipper'====== Args={'value': 0, 'prev_value': None, 'change': True}
2023-02-05 08:43:07,377 : EventManager : Event: ======'machine_var_audits_switches_s_right_inlane'====== Args={'value': 0, 'prev_value': None, 'change': True}
2023-02-05 08:43:07,377 : EventManager : Event: ======'machine_var_audits_switches_s_right_loop_bottom'====== Args={'value': 0, 'prev_value': None, 'change': True}
2023-02-05 08:43:07,377 : EventManager : Event: ======'machine_var_audits_switches_s_right_loop_top'====== Args={'value': 0, 'prev_value': None, 'change': True}
2023-02-05 08:43:07,377 : EventManager : Event: ======'machine_var_audits_switches_s_right_outlane'====== Args={'value': 0, 'prev_value': None, 'change': True}
2023-02-05 08:43:07,377 : EventManager : Event: ======'machine_var_audits_switches_s_right_ramp_down'====== Args={'value': 0, 'prev_value': None, 'change': True}
2023-02-05 08:43:07,377 : EventManager : Event: ======'machine_var_audits_switches_s_right_ramp_score_bottom'====== Args={'value': 0, 'prev_value': None, 'change': True}
2023-02-05 08:43:07,377 : EventManager : Event: ======'machine_var_audits_switches_s_right_ramp_score_top'====== Args={'value': 0, 'prev_value': None, 'change': True}
2023-02-05 08:43:07,378 : EventManager : Event: ======'machine_var_audits_switches_s_right_slingshot'====== Args={'value': 0, 'prev_value': None, 'change': True}
2023-02-05 08:43:07,378 : EventManager : Event: ======'machine_var_audits_switches_s_right_standup'====== Args={'value': 0, 'prev_value': None, 'change': True}
2023-02-05 08:43:07,378 : EventManager : Event: ======'machine_var_audits_switches_s_right_standup_right_ramp'====== Args={'value': 0, 'prev_value': None, 'change': True}
2023-02-05 08:43:07,378 : EventManager : Event: ======'machine_var_audits_switches_s_right_top_jet_bumper'====== Args={'value': 0, 'prev_value': None, 'change': True}
2023-02-05 08:43:07,378 : EventManager : Event: ======'machine_var_audits_switches_s_spinner'====== Args={'value': 0, 'prev_value': None, 'change': True}
2023-02-05 08:43:07,378 : EventManager : Event: ======'machine_var_audits_switches_s_start'====== Args={'value': 5, 'prev_value': None, 'change': True}
2023-02-05 08:43:07,378 : EventManager : Event: ======'machine_var_audits_switches_s_top_right_reject'====== Args={'value': 0, 'prev_value': None, 'change': True}
2023-02-05 08:43:07,378 : EventManager : Event: ======'machine_var_audits_switches_s_trough1'====== Args={'value': 5, 'prev_value': None, 'change': True}
2023-02-05 08:43:07,378 : EventManager : Event: ======'machine_var_audits_switches_s_trough2'====== Args={'value': 2, 'prev_value': None, 'change': True}
2023-02-05 08:43:07,378 : EventManager : Event: ======'machine_var_audits_switches_s_trough3'====== Args={'value': 2, 'prev_value': None, 'change': True}
2023-02-05 08:43:07,378 : EventManager : Event: ======'machine_var_audits_switches_s_trough_jam'====== Args={'value': 0, 'prev_value': None, 'change': True}
2023-02-05 08:43:07,378 : EventManager : Event: ======'machine_var_audits_switches_s_upper_bank_drop_target_opto'====== Args={'value': 0, 'prev_value': None, 'change': True}
2023-02-05 08:43:07,378 : EventManager : Event: ======'machine_var_audits_switches_s_upper_bottom_jet_bumper'====== Args={'value': 0, 'prev_value': None, 'change': True}
2023-02-05 08:43:07,378 : EventManager : Event: ======'machine_var_audits_switches_s_upper_right_flipper'====== Args={'value': 0, 'prev_value': None, 'change': True}
2023-02-05 08:43:07,388 : EventManager : Event: ======'mc_reset_phase_1'====== Args={}
2023-02-05 08:43:07,388 : EventManager : Event: ======'mc_reset_phase_2'====== Args={}
2023-02-05 08:43:07,388 : EventManager : Event: ======'mc_reset_phase_3'====== Args={}
2023-02-05 08:43:07,388 : EventManager : Event: ======'mc_reset_complete'====== Args={}
2023-02-05 08:43:07,400 : EventManager : Event: ======'slides_play'====== Args={'settings': {'slide1': {'widgets': [{'type': 'image', 'image': 'twisted_pictures', 'expire': 2.6, '_default_settings': ['type', 'image', 'expire'], 'x': None, 'y': None, 'anchor_x': 'center', 'anchor_y': 'center', 'round_anchor_x': None, 'round_anchor_y': None, 'opacity': 1.0, 'z': 0, 'reset_animations_events': {}, 'color': [1.0, 1.0, 1.0, 1.0], 'style': [], 'adjust_top': 0, 'adjust_bottom': 0, 'adjust_left': 0, 'adjust_right': 0, 'key': None, 'widget': None, 'events_when_added': [], 'events_when_removed': [], 'fps': 10, 'loops': -1, 'auto_play': True, 'start_frame': 0, 'rotation': 0, 'scale': 1.0, 'animations': None}], 'target': None, 'background_color': [0.0, 0.0, 0.0, 1.0], 'priority': None, 'show': True, 'force': False, 'expire': None, 'slide': None, 'tokens': {}, 'action': 'play'}}, 'context': 'show_1', 'calling_context': 0, 'priority': 10, 'show_tokens': {}, 'start_time': 107911.156}
2023-02-05 08:43:07,400 : mpfmc : SlidePlayer: Play called with settings={'slide1': {'widgets': [{'type': 'image', 'image': 'twisted_pictures', 'expire': 2.6, '_default_settings': ['type', 'image', 'expire'], 'x': None, 'y': None, 'anchor_x': 'center', 'anchor_y': 'center', 'round_anchor_x': None, 'round_anchor_y': None, 'opacity': 1.0, 'z': 0, 'reset_animations_events': {}, 'color': [1.0, 1.0, 1.0, 1.0], 'style': [], 'adjust_top': 0, 'adjust_bottom': 0, 'adjust_left': 0, 'adjust_right': 0, 'key': None, 'widget': None, 'events_when_added': [], 'events_when_removed': [], 'fps': 10, 'loops': -1, 'auto_play': True, 'start_frame': 0, 'rotation': 0, 'scale': 1.0, 'animations': None}], 'target': None, 'background_color': [0.0, 0.0, 0.0, 1.0], 'priority': None, 'show': True, 'force': False, 'expire': None, 'slide': None, 'tokens': {}, 'action': 'play'}}
2023-02-05 08:43:07,401 : EventManager : Event: ======'slide_slide1_created'====== Args={}
2023-02-05 08:43:07,401 : EventManager : Event: ======'slide_slide1_active'====== Args={}
2023-02-05 08:43:12,916 : EventManager : Event: ======'slides_play'====== Args={'settings': {'slide2': {'widgets': [{'type': 'image', 'image': 'logo_fullscreen', '_default_settings': ['type', 'image'], 'x': None, 'y': None, 'anchor_x': 'center', 'anchor_y': 'center', 'round_anchor_x': None, 'round_anchor_y': None, 'opacity': 1.0, 'z': 0, 'reset_animations_events': {}, 'color': [1.0, 1.0, 1.0, 1.0], 'style': [], 'adjust_top': 0, 'adjust_bottom': 0, 'adjust_left': 0, 'adjust_right': 0, 'expire': None, 'key': None, 'widget': None, 'events_when_added': [], 'events_when_removed': [], 'fps': 10, 'loops': -1, 'auto_play': True, 'start_frame': 0, 'rotation': 0, 'scale': 1.0, 'animations': None}], 'target': None, 'background_color': [0.0, 0.0, 0.0, 1.0], 'priority': None, 'show': True, 'force': False, 'expire': None, 'slide': None, 'tokens': {}, 'action': 'play'}}, 'context': 'show_1', 'calling_context': 1, 'priority': 10, 'show_tokens': {}, 'start_time': 107913.75600000001}
2023-02-05 08:43:12,916 : EventManager : Event: ======'slides_play'====== Args={'settings': {'slide4': {'widgets': [{'type': 'image', 'image': 'main_saw', 'adjust_bottom': 200, 'adjust_right': 100, 'opacity': 0.5, '_default_settings': ['type', 'image', 'adjust_bottom', 'adjust_right', 'opacity'], 'x': None, 'y': None, 'anchor_x': 'center', 'anchor_y': 'center', 'round_anchor_x': None, 'round_anchor_y': None, 'z': 0, 'reset_animations_events': {}, 'color': [1.0, 1.0, 1.0, 1.0], 'style': [], 'adjust_top': 0, 'adjust_left': 0, 'expire': None, 'key': None, 'widget': None, 'events_when_added': [], 'events_when_removed': [], 'fps': 10, 'loops': -1, 'auto_play': True, 'start_frame': 0, 'rotation': 0, 'scale': 1.0, 'animations': None}, {'type': 'Text', 'text': 'PRESS START', 'font_name': 'TrajanProRegular', 'font_size': 60, 'animations': {'pre_show_slide': [{'property': ['opacity'], 'value': ['0'], 'duration': 1.0, 'relative': False, 'timing': 'after_previous', 'repeat': False, 'easing': 'linear'}, {'property': ['opacity'], 'value': ['1'], 'duration': 1.0, 'repeat': True, 'relative': False, 'timing': 'after_previous', 'easing': 'linear'}]}, '_default_settings': ['type', 'text', 'font_name', 'font_size', 'animations'], 'x': None, 'y': None, 'anchor_x': 'center', 'anchor_y': 'center', 'round_anchor_x': None, 'round_anchor_y': None, 'opacity': 1.0, 'z': 0, 'reset_animations_events': {}, 'color': [1.0, 1.0, 1.0, 1.0], 'style': [], 'adjust_top': 0, 'adjust_bottom': 0, 'adjust_left': 0, 'adjust_right': 0, 'expire': None, 'key': None, 'widget': None, 'events_when_added': [], 'events_when_removed': [], 'bitmap_font': False, 'font_kerning': True, 'bold': False, 'italic': False, 'number_grouping': False, 'min_digits': 0, 'halign': 'center', 'valign': 'middle', 'rotation': 0, 'scale': 1.0, 'casing': None}, {'type': 'Text', 'text': 'DO YOU WANT TO PLAY A GAME?', 'font_name': 'TrajanProRegular', 'font_size': 20, 'y': '70', '_default_settings': ['type', 'text', 'font_name', 'font_size', 'y'], 'x': None, 'anchor_x': 'center', 'anchor_y': 'center', 'round_anchor_x': None, 'round_anchor_y': None, 'opacity': 1.0, 'z': 0, 'reset_animations_events': {}, 'color': [1.0, 1.0, 1.0, 1.0], 'style': [], 'adjust_top': 0, 'adjust_bottom': 0, 'adjust_left': 0, 'adjust_right': 0, 'expire': None, 'key': None, 'widget': None, 'events_when_added': [], 'events_when_removed': [], 'bitmap_font': False, 'font_kerning': True, 'bold': False, 'italic': False, 'number_grouping': False, 'min_digits': 0, 'halign': 'center', 'valign': 'middle', 'rotation': 0, 'scale': 1.0, 'casing': None, 'animations': None}, {'type': 'Text', 'text': 'FREE PLAY', 'color': [0.0, 0.5019607843137255, 0.0, 1], 'font_size': 30, 'y': '10', 'anchor_y': 'bottom', 'animations': {'pre_show_slide': [{'property': ['opacity'], 'value': ['0'], 'duration': 1.0, 'relative': False, 'timing': 'after_previous', 'repeat': False, 'easing': 'linear'}, {'property': ['opacity'], 'value': ['1'], 'duration': 1.0, 'repeat': True, 'relative': False, 'timing': 'after_previous', 'easing': 'linear'}]}, '_default_settings': ['type', 'text', 'color', 'font_size', 'y', 'anchor_y', 'animations'], 'x': None, 'anchor_x': 'center', 'round_anchor_x': None, 'round_anchor_y': None, 'opacity': 1.0, 'z': 0, 'reset_animations_events': {}, 'style': [], 'adjust_top': 0, 'adjust_bottom': 0, 'adjust_left': 0, 'adjust_right': 0, 'expire': None, 'key': None, 'widget': None, 'events_when_added': [], 'events_when_removed': [], 'bitmap_font': False, 'font_kerning': True, 'bold': False, 'italic': False, 'number_grouping': False, 'min_digits': 0, 'halign': 'center', 'valign': 'middle', 'rotation': 0, 'scale': 1.0, 'casing': None}], 'target': None, 'background_color': [0.0, 0.0, 0.0, 1.0], 'priority': None, 'show': True, 'force': False, 'expire': None, 'slide': None, 'tokens': {}, 'action': 'play'}}, 'context': 'show_1', 'calling_context': 2, 'priority': 10, 'show_tokens': {}, 'start_time': 107916.25600000001}
2023-02-05 08:43:12,917 : mpfmc : SlidePlayer: Play called with settings={'slide2': {'widgets': [{'type': 'image', 'image': 'logo_fullscreen', '_default_settings': ['type', 'image'], 'x': None, 'y': None, 'anchor_x': 'center', 'anchor_y': 'center', 'round_anchor_x': None, 'round_anchor_y': None, 'opacity': 1.0, 'z': 0, 'reset_animations_events': {}, 'color': [1.0, 1.0, 1.0, 1.0], 'style': [], 'adjust_top': 0, 'adjust_bottom': 0, 'adjust_left': 0, 'adjust_right': 0, 'expire': None, 'key': None, 'widget': None, 'events_when_added': [], 'events_when_removed': [], 'fps': 10, 'loops': -1, 'auto_play': True, 'start_frame': 0, 'rotation': 0, 'scale': 1.0, 'animations': None}], 'target': None, 'background_color': [0.0, 0.0, 0.0, 1.0], 'priority': None, 'show': True, 'force': False, 'expire': None, 'slide': None, 'tokens': {}, 'action': 'play'}}
2023-02-05 08:43:12,918 : EventManager : Event: ======'slide_slide2_created'====== Args={}
2023-02-05 08:43:12,919 : mpfmc : SlidePlayer: Play called with settings={'slide4': {'widgets': [{'type': 'image', 'image': 'main_saw', 'adjust_bottom': 200, 'adjust_right': 100, 'opacity': 0.5, '_default_settings': ['type', 'image', 'adjust_bottom', 'adjust_right', 'opacity'], 'x': None, 'y': None, 'anchor_x': 'center', 'anchor_y': 'center', 'round_anchor_x': None, 'round_anchor_y': None, 'z': 0, 'reset_animations_events': {}, 'color': [1.0, 1.0, 1.0, 1.0], 'style': [], 'adjust_top': 0, 'adjust_left': 0, 'expire': None, 'key': None, 'widget': None, 'events_when_added': [], 'events_when_removed': [], 'fps': 10, 'loops': -1, 'auto_play': True, 'start_frame': 0, 'rotation': 0, 'scale': 1.0, 'animations': None}, {'type': 'Text', 'text': 'PRESS START', 'font_name': 'TrajanProRegular', 'font_size': 60, 'animations': {'pre_show_slide': [{'property': ['opacity'], 'value': ['0'], 'duration': 1.0, 'relative': False, 'timing': 'after_previous', 'repeat': False, 'easing': 'linear'}, {'property': ['opacity'], 'value': ['1'], 'duration': 1.0, 'repeat': True, 'relative': False, 'timing': 'after_previous', 'easing': 'linear'}]}, '_default_settings': ['type', 'text', 'font_name', 'font_size', 'animations'], 'x': None, 'y': None, 'anchor_x': 'center', 'anchor_y': 'center', 'round_anchor_x': None, 'round_anchor_y': None, 'opacity': 1.0, 'z': 0, 'reset_animations_events': {}, 'color': [1.0, 1.0, 1.0, 1.0], 'style': [], 'adjust_top': 0, 'adjust_bottom': 0, 'adjust_left': 0, 'adjust_right': 0, 'expire': None, 'key': None, 'widget': None, 'events_when_added': [], 'events_when_removed': [], 'bitmap_font': False, 'font_kerning': True, 'bold': False, 'italic': False, 'number_grouping': False, 'min_digits': 0, 'halign': 'center', 'valign': 'middle', 'rotation': 0, 'scale': 1.0, 'casing': None}, {'type': 'Text', 'text': 'DO YOU WANT TO PLAY A GAME?', 'font_name': 'TrajanProRegular', 'font_size': 20, 'y': '70', '_default_settings': ['type', 'text', 'font_name', 'font_size', 'y'], 'x': None, 'anchor_x': 'center', 'anchor_y': 'center', 'round_anchor_x': None, 'round_anchor_y': None, 'opacity': 1.0, 'z': 0, 'reset_animations_events': {}, 'color': [1.0, 1.0, 1.0, 1.0], 'style': [], 'adjust_top': 0, 'adjust_bottom': 0, 'adjust_left': 0, 'adjust_right': 0, 'expire': None, 'key': None, 'widget': None, 'events_when_added': [], 'events_when_removed': [], 'bitmap_font': False, 'font_kerning': True, 'bold': False, 'italic': False, 'number_grouping': False, 'min_digits': 0, 'halign': 'center', 'valign': 'middle', 'rotation': 0, 'scale': 1.0, 'casing': None, 'animations': None}, {'type': 'Text', 'text': 'FREE PLAY', 'color': [0.0, 0.5019607843137255, 0.0, 1], 'font_size': 30, 'y': '10', 'anchor_y': 'bottom', 'animations': {'pre_show_slide': [{'property': ['opacity'], 'value': ['0'], 'duration': 1.0, 'relative': False, 'timing': 'after_previous', 'repeat': False, 'easing': 'linear'}, {'property': ['opacity'], 'value': ['1'], 'duration': 1.0, 'repeat': True, 'relative': False, 'timing': 'after_previous', 'easing': 'linear'}]}, '_default_settings': ['type', 'text', 'color', 'font_size', 'y', 'anchor_y', 'animations'], 'x': None, 'anchor_x': 'center', 'round_anchor_x': None, 'round_anchor_y': None, 'opacity': 1.0, 'z': 0, 'reset_animations_events': {}, 'style': [], 'adjust_top': 0, 'adjust_bottom': 0, 'adjust_left': 0, 'adjust_right': 0, 'expire': None, 'key': None, 'widget': None, 'events_when_added': [], 'events_when_removed': [], 'bitmap_font': False, 'font_kerning': True, 'bold': False, 'italic': False, 'number_grouping': False, 'min_digits': 0, 'halign': 'center', 'valign': 'middle', 'rotation': 0, 'scale': 1.0, 'casing': None}], 'target': None, 'background_color': [0.0, 0.0, 0.0, 1.0], 'priority': None, 'show': True, 'force': False, 'expire': None, 'slide': None, 'tokens': {}, 'action': 'play'}}
2023-02-05 08:43:12,929 : EventManager : Event: ======'slide_slide4_created'====== Args={}
2023-02-05 08:43:12,931 : EventManager : Event: ======'slide_slide4_active'====== Args={}
2023-02-05 08:43:24,488 : EventManager : Event: ======'slides_play'====== Args={'settings': {'slide5': {'widgets': [{'type': 'text', 'text': 'LAST GAME SCORES', 'font_name': 'TrajanProRegular', 'font_size': 50, 'y': '60%', '_default_settings': ['type', 'text', 'font_name', 'font_size', 'y'], 'x': None, 'anchor_x': 'center', 'anchor_y': 'center', 'round_anchor_x': None, 'round_anchor_y': None, 'opacity': 1.0, 'z': 0, 'reset_animations_events': {}, 'color': [1.0, 1.0, 1.0, 1.0], 'style': [], 'adjust_top': 0, 'adjust_bottom': 0, 'adjust_left': 0, 'adjust_right': 0, 'expire': None, 'key': None, 'widget': None, 'events_when_added': [], 'events_when_removed': [], 'bitmap_font': False, 'font_kerning': True, 'bold': False, 'italic': False, 'number_grouping': False, 'min_digits': 0, 'halign': 'center', 'valign': 'middle', 'rotation': 0, 'scale': 1.0, 'casing': None, 'animations': None}, {'type': 'text', 'text': '(machine|player1_score)', 'number_grouping': True, 'min_digits': 2, 'font_size': 50, 'y': '40%', '_default_settings': ['type', 'text', 'number_grouping', 'min_digits', 'font_size', 'y'], 'x': None, 'anchor_x': 'center', 'anchor_y': 'center', 'round_anchor_x': None, 'round_anchor_y': None, 'opacity': 1.0, 'z': 0, 'reset_animations_events': {}, 'color': [1.0, 1.0, 1.0, 1.0], 'style': [], 'adjust_top': 0, 'adjust_bottom': 0, 'adjust_left': 0, 'adjust_right': 0, 'expire': None, 'key': None, 'widget': None, 'events_when_added': [], 'events_when_removed': [], 'bitmap_font': False, 'font_kerning': True, 'bold': False, 'italic': False, 'halign': 'center', 'valign': 'middle', 'rotation': 0, 'scale': 1.0, 'casing': None, 'animations': None}, {'type': 'text', 'text': '(machine|player2_score)', 'number_grouping': True, 'min_digits': 2, 'font_size': 50, 'y': '20%', '_default_settings': ['type', 'text', 'number_grouping', 'min_digits', 'font_size', 'y'], 'x': None, 'anchor_x': 'center', 'anchor_y': 'center', 'round_anchor_x': None, 'round_anchor_y': None, 'opacity': 1.0, 'z': 0, 'reset_animations_events': {}, 'color': [1.0, 1.0, 1.0, 1.0], 'style': [], 'adjust_top': 0, 'adjust_bottom': 0, 'adjust_left': 0, 'adjust_right': 0, 'expire': None, 'key': None, 'widget': None, 'events_when_added': [], 'events_when_removed': [], 'bitmap_font': False, 'font_kerning': True, 'bold': False, 'italic': False, 'halign': 'center', 'valign': 'middle', 'rotation': 0, 'scale': 1.0, 'casing': None, 'animations': None}], 'target': None, 'background_color': [0.0, 0.0, 0.0, 1.0], 'priority': None, 'show': True, 'force': False, 'expire': None, 'slide': None, 'tokens': {}, 'action': 'play'}}, 'context': 'show_1', 'calling_context': 3, 'priority': 10, 'show_tokens': {}, 'start_time': 107928.25600000001}
2023-02-05 08:43:24,488 : mpfmc : SlidePlayer: Play called with settings={'slide5': {'widgets': [{'type': 'text', 'text': 'LAST GAME SCORES', 'font_name': 'TrajanProRegular', 'font_size': 50, 'y': '60%', '_default_settings': ['type', 'text', 'font_name', 'font_size', 'y'], 'x': None, 'anchor_x': 'center', 'anchor_y': 'center', 'round_anchor_x': None, 'round_anchor_y': None, 'opacity': 1.0, 'z': 0, 'reset_animations_events': {}, 'color': [1.0, 1.0, 1.0, 1.0], 'style': [], 'adjust_top': 0, 'adjust_bottom': 0, 'adjust_left': 0, 'adjust_right': 0, 'expire': None, 'key': None, 'widget': None, 'events_when_added': [], 'events_when_removed': [], 'bitmap_font': False, 'font_kerning': True, 'bold': False, 'italic': False, 'number_grouping': False, 'min_digits': 0, 'halign': 'center', 'valign': 'middle', 'rotation': 0, 'scale': 1.0, 'casing': None, 'animations': None}, {'type': 'text', 'text': '(machine|player1_score)', 'number_grouping': True, 'min_digits': 2, 'font_size': 50, 'y': '40%', '_default_settings': ['type', 'text', 'number_grouping', 'min_digits', 'font_size', 'y'], 'x': None, 'anchor_x': 'center', 'anchor_y': 'center', 'round_anchor_x': None, 'round_anchor_y': None, 'opacity': 1.0, 'z': 0, 'reset_animations_events': {}, 'color': [1.0, 1.0, 1.0, 1.0], 'style': [], 'adjust_top': 0, 'adjust_bottom': 0, 'adjust_left': 0, 'adjust_right': 0, 'expire': None, 'key': None, 'widget': None, 'events_when_added': [], 'events_when_removed': [], 'bitmap_font': False, 'font_kerning': True, 'bold': False, 'italic': False, 'halign': 'center', 'valign': 'middle', 'rotation': 0, 'scale': 1.0, 'casing': None, 'animations': None}, {'type': 'text', 'text': '(machine|player2_score)', 'number_grouping': True, 'min_digits': 2, 'font_size': 50, 'y': '20%', '_default_settings': ['type', 'text', 'number_grouping', 'min_digits', 'font_size', 'y'], 'x': None, 'anchor_x': 'center', 'anchor_y': 'center', 'round_anchor_x': None, 'round_anchor_y': None, 'opacity': 1.0, 'z': 0, 'reset_animations_events': {}, 'color': [1.0, 1.0, 1.0, 1.0], 'style': [], 'adjust_top': 0, 'adjust_bottom': 0, 'adjust_left': 0, 'adjust_right': 0, 'expire': None, 'key': None, 'widget': None, 'events_when_added': [], 'events_when_removed': [], 'bitmap_font': False, 'font_kerning': True, 'bold': False, 'italic': False, 'halign': 'center', 'valign': 'middle', 'rotation': 0, 'scale': 1.0, 'casing': None, 'animations': None}], 'target': None, 'background_color': [0.0, 0.0, 0.0, 1.0], 'priority': None, 'show': True, 'force': False, 'expire': None, 'slide': None, 'tokens': {}, 'action': 'play'}}
2023-02-05 08:43:24,498 : EventManager : Event: ======'slide_slide5_created'====== Args={}
2023-02-05 08:43:24,499 : EventManager : Unordered handler for class <Text Widget text=> on event machine_var_player2_score with priority 1. Handlers: [RegisteredHandler(callback=<bound method Text._machine_var_change of <Text Widget text=>>, priority=1, kwargs={}, key=UUID('239e15b0-cfdf-42ef-88f0-b3116e1c6745'), condition=None, blocking_facility=None), RegisteredHandler(callback=<bound method Text._machine_var_change of <Text Widget text=>>, priority=1, kwargs={}, key=UUID('cea382aa-81a9-4377-b1b2-e8db48683ccb'), condition=None, blocking_facility=None)]. The order of those handlers is not defined and they will be executed in random order. This might lead to race conditions and potential bugs.
2023-02-05 08:43:24,499 : EventManager : Unordered handler for class <Text Widget text=> on event machine_var_player1_score with priority 1. Handlers: [RegisteredHandler(callback=<bound method Text._machine_var_change of <Text Widget text=>>, priority=1, kwargs={}, key=UUID('ae00cd91-0754-495a-a974-305cf6b12c5d'), condition=None, blocking_facility=None), RegisteredHandler(callback=<bound method Text._machine_var_change of <Text Widget text=>>, priority=1, kwargs={}, key=UUID('5de83b57-1d8c-4558-a490-bee6956d322e'), condition=None, blocking_facility=None)]. The order of those handlers is not defined and they will be executed in random order. This might lead to race conditions and potential bugs.
2023-02-05 08:43:24,502 : EventManager : Event: ======'slide_slide5_active'====== Args={}
2023-02-05 08:43:27,506 : EventManager : Event: ======'slides_play'====== Args={'settings': {'slide1': {'widgets': [{'type': 'image', 'image': 'twisted_pictures', 'expire': 2.6, '_default_settings': ['type', 'image', 'expire'], 'x': None, 'y': None, 'anchor_x': 'center', 'anchor_y': 'center', 'round_anchor_x': None, 'round_anchor_y': None, 'opacity': 1.0, 'z': 0, 'reset_animations_events': {}, 'color': [1.0, 1.0, 1.0, 1.0], 'style': [], 'adjust_top': 0, 'adjust_bottom': 0, 'adjust_left': 0, 'adjust_right': 0, 'key': None, 'widget': None, 'events_when_added': [], 'events_when_removed': [], 'fps': 10, 'loops': -1, 'auto_play': True, 'start_frame': 0, 'rotation': 0, 'scale': 1.0, 'animations': None}], 'target': None, 'background_color': [0.0, 0.0, 0.0, 1.0], 'priority': None, 'show': True, 'force': False, 'expire': None, 'slide': None, 'tokens': {}, 'action': 'play'}}, 'context': 'show_1', 'calling_context': 0, 'priority': 10, 'show_tokens': {}, 'start_time': 107931.25600000001}
2023-02-05 08:43:27,507 : mpfmc : SlidePlayer: Play called with settings={'slide1': {'widgets': [{'type': 'image', 'image': 'twisted_pictures', 'expire': 2.6, '_default_settings': ['type', 'image', 'expire'], 'x': None, 'y': None, 'anchor_x': 'center', 'anchor_y': 'center', 'round_anchor_x': None, 'round_anchor_y': None, 'opacity': 1.0, 'z': 0, 'reset_animations_events': {}, 'color': [1.0, 1.0, 1.0, 1.0], 'style': [], 'adjust_top': 0, 'adjust_bottom': 0, 'adjust_left': 0, 'adjust_right': 0, 'key': None, 'widget': None, 'events_when_added': [], 'events_when_removed': [], 'fps': 10, 'loops': -1, 'auto_play': True, 'start_frame': 0, 'rotation': 0, 'scale': 1.0, 'animations': None}], 'target': None, 'background_color': [0.0, 0.0, 0.0, 1.0], 'priority': None, 'show': True, 'force': False, 'expire': None, 'slide': None, 'tokens': {}, 'action': 'play'}}
2023-02-05 08:43:27,508 : EventManager : Event: ======'slide_slide1_removed'====== Args={}
2023-02-05 08:43:27,513 : EventManager : Event: ======'slide_slide1_created'====== Args={}
2023-02-05 08:43:27,515 : EventManager : Event: ======'slide_slide1_active'====== Args={}
2023-02-05 08:43:30,099 : EventManager : Event: ======'slides_play'====== Args={'settings': {'slide2': {'widgets': [{'type': 'image', 'image': 'logo_fullscreen', '_default_settings': ['type', 'image'], 'x': None, 'y': None, 'anchor_x': 'center', 'anchor_y': 'center', 'round_anchor_x': None, 'round_anchor_y': None, 'opacity': 1.0, 'z': 0, 'reset_animations_events': {}, 'color': [1.0, 1.0, 1.0, 1.0], 'style': [], 'adjust_top': 0, 'adjust_bottom': 0, 'adjust_left': 0, 'adjust_right': 0, 'expire': None, 'key': None, 'widget': None, 'events_when_added': [], 'events_when_removed': [], 'fps': 10, 'loops': -1, 'auto_play': True, 'start_frame': 0, 'rotation': 0, 'scale': 1.0, 'animations': None}], 'target': None, 'background_color': [0.0, 0.0, 0.0, 1.0], 'priority': None, 'show': True, 'force': False, 'expire': None, 'slide': None, 'tokens': {}, 'action': 'play'}}, 'context': 'show_1', 'calling_context': 1, 'priority': 10, 'show_tokens': {}, 'start_time': 107933.85600000001}
2023-02-05 08:43:30,100 : mpfmc : SlidePlayer: Play called with settings={'slide2': {'widgets': [{'type': 'image', 'image': 'logo_fullscreen', '_default_settings': ['type', 'image'], 'x': None, 'y': None, 'anchor_x': 'center', 'anchor_y': 'center', 'round_anchor_x': None, 'round_anchor_y': None, 'opacity': 1.0, 'z': 0, 'reset_animations_events': {}, 'color': [1.0, 1.0, 1.0, 1.0], 'style': [], 'adjust_top': 0, 'adjust_bottom': 0, 'adjust_left': 0, 'adjust_right': 0, 'expire': None, 'key': None, 'widget': None, 'events_when_added': [], 'events_when_removed': [], 'fps': 10, 'loops': -1, 'auto_play': True, 'start_frame': 0, 'rotation': 0, 'scale': 1.0, 'animations': None}], 'target': None, 'background_color': [0.0, 0.0, 0.0, 1.0], 'priority': None, 'show': True, 'force': False, 'expire': None, 'slide': None, 'tokens': {}, 'action': 'play'}}
2023-02-05 08:43:30,101 : EventManager : Event: ======'slide_slide2_removed'====== Args={}
2023-02-05 08:43:30,106 : EventManager : Event: ======'slide_slide2_created'====== Args={}
2023-02-05 08:43:30,108 : EventManager : Event: ======'slide_slide2_active'====== Args={}
2023-02-05 08:43:32,605 : EventManager : Event: ======'slides_play'====== Args={'settings': {'slide4': {'widgets': [{'type': 'image', 'image': 'main_saw', 'adjust_bottom': 200, 'adjust_right': 100, 'opacity': 0.5, '_default_settings': ['type', 'image', 'adjust_bottom', 'adjust_right', 'opacity'], 'x': None, 'y': None, 'anchor_x': 'center', 'anchor_y': 'center', 'round_anchor_x': None, 'round_anchor_y': None, 'z': 0, 'reset_animations_events': {}, 'color': [1.0, 1.0, 1.0, 1.0], 'style': [], 'adjust_top': 0, 'adjust_left': 0, 'expire': None, 'key': None, 'widget': None, 'events_when_added': [], 'events_when_removed': [], 'fps': 10, 'loops': -1, 'auto_play': True, 'start_frame': 0, 'rotation': 0, 'scale': 1.0, 'animations': None}, {'type': 'Text', 'text': 'PRESS START', 'font_name': 'TrajanProRegular', 'font_size': 60, 'animations': {'pre_show_slide': [{'property': ['opacity'], 'value': ['0'], 'duration': 1.0, 'relative': False, 'timing': 'after_previous', 'repeat': False, 'easing': 'linear'}, {'property': ['opacity'], 'value': ['1'], 'duration': 1.0, 'repeat': True, 'relative': False, 'timing': 'after_previous', 'easing': 'linear'}]}, '_default_settings': ['type', 'text', 'font_name', 'font_size', 'animations'], 'x': None, 'y': None, 'anchor_x': 'center', 'anchor_y': 'center', 'round_anchor_x': None, 'round_anchor_y': None, 'opacity': 1.0, 'z': 0, 'reset_animations_events': {}, 'color': [1.0, 1.0, 1.0, 1.0], 'style': [], 'adjust_top': 0, 'adjust_bottom': 0, 'adjust_left': 0, 'adjust_right': 0, 'expire': None, 'key': None, 'widget': None, 'events_when_added': [], 'events_when_removed': [], 'bitmap_font': False, 'font_kerning': True, 'bold': False, 'italic': False, 'number_grouping': False, 'min_digits': 0, 'halign': 'center', 'valign': 'middle', 'rotation': 0, 'scale': 1.0, 'casing': None}, {'type': 'Text', 'text': 'DO YOU WANT TO PLAY A GAME?', 'font_name': 'TrajanProRegular', 'font_size': 20, 'y': '70', '_default_settings': ['type', 'text', 'font_name', 'font_size', 'y'], 'x': None, 'anchor_x': 'center', 'anchor_y': 'center', 'round_anchor_x': None, 'round_anchor_y': None, 'opacity': 1.0, 'z': 0, 'reset_animations_events': {}, 'color': [1.0, 1.0, 1.0, 1.0], 'style': [], 'adjust_top': 0, 'adjust_bottom': 0, 'adjust_left': 0, 'adjust_right': 0, 'expire': None, 'key': None, 'widget': None, 'events_when_added': [], 'events_when_removed': [], 'bitmap_font': False, 'font_kerning': True, 'bold': False, 'italic': False, 'number_grouping': False, 'min_digits': 0, 'halign': 'center', 'valign': 'middle', 'rotation': 0, 'scale': 1.0, 'casing': None, 'animations': None}, {'type': 'Text', 'text': 'FREE PLAY', 'color': [0.0, 0.5019607843137255, 0.0, 1], 'font_size': 30, 'y': '10', 'anchor_y': 'bottom', 'animations': {'pre_show_slide': [{'property': ['opacity'], 'value': ['0'], 'duration': 1.0, 'relative': False, 'timing': 'after_previous', 'repeat': False, 'easing': 'linear'}, {'property': ['opacity'], 'value': ['1'], 'duration': 1.0, 'repeat': True, 'relative': False, 'timing': 'after_previous', 'easing': 'linear'}]}, '_default_settings': ['type', 'text', 'color', 'font_size', 'y', 'anchor_y', 'animations'], 'x': None, 'anchor_x': 'center', 'round_anchor_x': None, 'round_anchor_y': None, 'opacity': 1.0, 'z': 0, 'reset_animations_events': {}, 'style': [], 'adjust_top': 0, 'adjust_bottom': 0, 'adjust_left': 0, 'adjust_right': 0, 'expire': None, 'key': None, 'widget': None, 'events_when_added': [], 'events_when_removed': [], 'bitmap_font': False, 'font_kerning': True, 'bold': False, 'italic': False, 'number_grouping': False, 'min_digits': 0, 'halign': 'center', 'valign': 'middle', 'rotation': 0, 'scale': 1.0, 'casing': None}], 'target': None, 'background_color': [0.0, 0.0, 0.0, 1.0], 'priority': None, 'show': True, 'force': False, 'expire': None, 'slide': None, 'tokens': {}, 'action': 'play'}}, 'context': 'show_1', 'calling_context': 2, 'priority': 10, 'show_tokens': {}, 'start_time': 107936.35600000001}
2023-02-05 08:43:32,605 : mpfmc : SlidePlayer: Play called with settings={'slide4': {'widgets': [{'type': 'image', 'image': 'main_saw', 'adjust_bottom': 200, 'adjust_right': 100, 'opacity': 0.5, '_default_settings': ['type', 'image', 'adjust_bottom', 'adjust_right', 'opacity'], 'x': None, 'y': None, 'anchor_x': 'center', 'anchor_y': 'center', 'round_anchor_x': None, 'round_anchor_y': None, 'z': 0, 'reset_animations_events': {}, 'color': [1.0, 1.0, 1.0, 1.0], 'style': [], 'adjust_top': 0, 'adjust_left': 0, 'expire': None, 'key': None, 'widget': None, 'events_when_added': [], 'events_when_removed': [], 'fps': 10, 'loops': -1, 'auto_play': True, 'start_frame': 0, 'rotation': 0, 'scale': 1.0, 'animations': None}, {'type': 'Text', 'text': 'PRESS START', 'font_name': 'TrajanProRegular', 'font_size': 60, 'animations': {'pre_show_slide': [{'property': ['opacity'], 'value': ['0'], 'duration': 1.0, 'relative': False, 'timing': 'after_previous', 'repeat': False, 'easing': 'linear'}, {'property': ['opacity'], 'value': ['1'], 'duration': 1.0, 'repeat': True, 'relative': False, 'timing': 'after_previous', 'easing': 'linear'}]}, '_default_settings': ['type', 'text', 'font_name', 'font_size', 'animations'], 'x': None, 'y': None, 'anchor_x': 'center', 'anchor_y': 'center', 'round_anchor_x': None, 'round_anchor_y': None, 'opacity': 1.0, 'z': 0, 'reset_animations_events': {}, 'color': [1.0, 1.0, 1.0, 1.0], 'style': [], 'adjust_top': 0, 'adjust_bottom': 0, 'adjust_left': 0, 'adjust_right': 0, 'expire': None, 'key': None, 'widget': None, 'events_when_added': [], 'events_when_removed': [], 'bitmap_font': False, 'font_kerning': True, 'bold': False, 'italic': False, 'number_grouping': False, 'min_digits': 0, 'halign': 'center', 'valign': 'middle', 'rotation': 0, 'scale': 1.0, 'casing': None}, {'type': 'Text', 'text': 'DO YOU WANT TO PLAY A GAME?', 'font_name': 'TrajanProRegular', 'font_size': 20, 'y': '70', '_default_settings': ['type', 'text', 'font_name', 'font_size', 'y'], 'x': None, 'anchor_x': 'center', 'anchor_y': 'center', 'round_anchor_x': None, 'round_anchor_y': None, 'opacity': 1.0, 'z': 0, 'reset_animations_events': {}, 'color': [1.0, 1.0, 1.0, 1.0], 'style': [], 'adjust_top': 0, 'adjust_bottom': 0, 'adjust_left': 0, 'adjust_right': 0, 'expire': None, 'key': None, 'widget': None, 'events_when_added': [], 'events_when_removed': [], 'bitmap_font': False, 'font_kerning': True, 'bold': False, 'italic': False, 'number_grouping': False, 'min_digits': 0, 'halign': 'center', 'valign': 'middle', 'rotation': 0, 'scale': 1.0, 'casing': None, 'animations': None}, {'type': 'Text', 'text': 'FREE PLAY', 'color': [0.0, 0.5019607843137255, 0.0, 1], 'font_size': 30, 'y': '10', 'anchor_y': 'bottom', 'animations': {'pre_show_slide': [{'property': ['opacity'], 'value': ['0'], 'duration': 1.0, 'relative': False, 'timing': 'after_previous', 'repeat': False, 'easing': 'linear'}, {'property': ['opacity'], 'value': ['1'], 'duration': 1.0, 'repeat': True, 'relative': False, 'timing': 'after_previous', 'easing': 'linear'}]}, '_default_settings': ['type', 'text', 'color', 'font_size', 'y', 'anchor_y', 'animations'], 'x': None, 'anchor_x': 'center', 'round_anchor_x': None, 'round_anchor_y': None, 'opacity': 1.0, 'z': 0, 'reset_animations_events': {}, 'style': [], 'adjust_top': 0, 'adjust_bottom': 0, 'adjust_left': 0, 'adjust_right': 0, 'expire': None, 'key': None, 'widget': None, 'events_when_added': [], 'events_when_removed': [], 'bitmap_font': False, 'font_kerning': True, 'bold': False, 'italic': False, 'number_grouping': False, 'min_digits': 0, 'halign': 'center', 'valign': 'middle', 'rotation': 0, 'scale': 1.0, 'casing': None}], 'target': None, 'background_color': [0.0, 0.0, 0.0, 1.0], 'priority': None, 'show': True, 'force': False, 'expire': None, 'slide': None, 'tokens': {}, 'action': 'play'}}
2023-02-05 08:43:32,607 : EventManager : Event: ======'slide_slide4_removed'====== Args={}
2023-02-05 08:43:32,628 : EventManager : Event: ======'slide_slide4_created'====== Args={}
2023-02-05 08:43:32,640 : EventManager : Event: ======'slide_slide4_active'====== Args={}
2023-02-05 08:43:34,337 : EventManager : Event: ======'game_started'====== Args={}
2023-02-05 08:43:34,362 : EventManager : Event: ======'slides_clear'====== Args={'context': 'show_1'}
2023-02-05 08:43:34,362 : EventManager : Event: ======'player_added'====== Args={'player': <Player 1>, 'num': 1}
2023-02-05 08:43:34,362 : EventManager : Event: ======'player_index'====== Args={'value': 0, 'prev_value': 0, 'change': 0, 'player_num': 1}
2023-02-05 08:43:34,362 : EventManager : Event: ======'player_number'====== Args={'value': 1, 'prev_value': 1, 'change': 0, 'player_num': 1}
2023-02-05 08:43:34,363 : EventManager : Event: ======'player_score'====== Args={'value': 0, 'prev_value': 0, 'change': 0, 'player_num': 1}
2023-02-05 08:43:34,363 : EventManager : Event: ======'slide_slide5_removed'====== Args={}
2023-02-05 08:43:34,363 : EventManager : Event: ======'slide_slide1_removed'====== Args={}
2023-02-05 08:43:34,364 : EventManager : Event: ======'slide_slide2_removed'====== Args={}
2023-02-05 08:43:34,364 : EventManager : Event: ======'slide_slide4_removed'====== Args={}
2023-02-05 08:43:34,365 : EventManager : Event: ======'slide_lcd_blank_active'====== Args={}
2023-02-05 08:43:34,400 : EventManager : Event: ======'player_ball'====== Args={'value': 1, 'prev_value': 0, 'change': 1, 'player_num': 1}
2023-02-05 08:43:34,400 : EventManager : Event: ======'player_turn_start'====== Args={'number': 1, 'player': <Player 1>}
2023-02-05 08:43:34,412 : EventManager : Event: ======'player_shot_my_first_shot_enabled'====== Args={'value': True, 'prev_value': 0, 'change': 1, 'player_num': 1}
2023-02-05 08:43:34,412 : EventManager : Event: ======'slides_play'====== Args={'settings': {'widgets': {'widgets': [{'type': 'text', 'text': '(score)', 'number_grouping': True, 'min_digits': 2, 'font_size': 100, '_default_settings': ['type', 'text', 'number_grouping', 'min_digits', 'font_size'], 'x': None, 'y': None, 'anchor_x': 'center', 'anchor_y': 'center', 'round_anchor_x': None, 'round_anchor_y': None, 'opacity': 1.0, 'z': 0, 'reset_animations_events': {}, 'color': [1.0, 1.0, 1.0, 1.0], 'style': [], 'adjust_top': 0, 'adjust_bottom': 0, 'adjust_left': 0, 'adjust_right': 0, 'expire': None, 'key': None, 'widget': None, 'events_when_added': [], 'events_when_removed': [], 'bitmap_font': False, 'font_kerning': True, 'bold': False, 'italic': False, 'halign': 'center', 'valign': 'middle', 'rotation': 0, 'scale': 1.0, 'casing': None, 'animations': None}, {'type': 'text', 'font_name': 'TrajanProRegular', 'text': 'PLAYER (number)', 'y': '10', 'x': '10', 'font_size': 50, 'anchor_x': 'left', 'anchor_y': 'bottom', '_default_settings': ['type', 'font_name', 'text', 'y', 'x', 'font_size', 'anchor_x', 'anchor_y'], 'round_anchor_x': None, 'round_anchor_y': None, 'opacity': 1.0, 'z': 0, 'reset_animations_events': {}, 'color': [1.0, 1.0, 1.0, 1.0], 'style': [], 'adjust_top': 0, 'adjust_bottom': 0, 'adjust_left': 0, 'adjust_right': 0, 'expire': None, 'key': None, 'widget': None, 'events_when_added': [], 'events_when_removed': [], 'bitmap_font': False, 'font_kerning': True, 'bold': False, 'italic': False, 'number_grouping': False, 'min_digits': 0, 'halign': 'center', 'valign': 'middle', 'rotation': 0, 'scale': 1.0, 'casing': None, 'animations': None}, {'type': 'text', 'text': 'BALL (ball)', 'font_name': 'TrajanProRegular', 'y': '10', 'x': 'right-10', 'anchor_x': 'right', 'anchor_y': 'bottom', 'font_size': 50, '_default_settings': ['type', 'text', 'font_name', 'y', 'x', 'anchor_x', 'anchor_y', 'font_size'], 'round_anchor_x': None, 'round_anchor_y': None, 'opacity': 1.0, 'z': 0, 'reset_animations_events': {}, 'color': [1.0, 1.0, 1.0, 1.0], 'style': [], 'adjust_top': 0, 'adjust_bottom': 0, 'adjust_left': 0, 'adjust_right': 0, 'expire': None, 'key': None, 'widget': None, 'events_when_added': [], 'events_when_removed': [], 'bitmap_font': False, 'font_kerning': True, 'bold': False, 'italic': False, 'number_grouping': False, 'min_digits': 0, 'halign': 'center', 'valign': 'middle', 'rotation': 0, 'scale': 1.0, 'casing': None, 'animations': None}, {'type': 'text', 'font_name': 'TrajanProRegular', 'text': 'Current Score: (score)', 'y': '40%', '_default_settings': ['type', 'font_name', 'text', 'y'], 'x': None, 'anchor_x': 'center', 'anchor_y': 'center', 'round_anchor_x': None, 'round_anchor_y': None, 'opacity': 1.0, 'z': 0, 'reset_animations_events': {}, 'color': [1.0, 1.0, 1.0, 1.0], 'style': [], 'adjust_top': 0, 'adjust_bottom': 0, 'adjust_left': 0, 'adjust_right': 0, 'expire': None, 'key': None, 'widget': None, 'events_when_added': [], 'events_when_removed': [], 'font_size': 15, 'bitmap_font': False, 'font_kerning': True, 'bold': False, 'italic': False, 'number_grouping': False, 'min_digits': 0, 'halign': 'center', 'valign': 'middle', 'rotation': 0, 'scale': 1.0, 'casing': None, 'animations': None}], 'target': None, 'background_color': [0.0, 0.0, 0.0, 1.0], 'priority': None, 'show': True, 'force': False, 'expire': None, 'slide': None, 'tokens': {}, 'action': 'play'}}, 'context': 'base', 'calling_context': 'mode_base_started', 'priority': 100, 'player': 1, 'ball': 1, 'balls_remaining': 2, 'is_extra_ball': False}
2023-02-05 08:43:34,413 : mpfmc : SlidePlayer: Play called with settings={'widgets': {'widgets': [{'type': 'text', 'text': '(score)', 'number_grouping': True, 'min_digits': 2, 'font_size': 100, '_default_settings': ['type', 'text', 'number_grouping', 'min_digits', 'font_size'], 'x': None, 'y': None, 'anchor_x': 'center', 'anchor_y': 'center', 'round_anchor_x': None, 'round_anchor_y': None, 'opacity': 1.0, 'z': 0, 'reset_animations_events': {}, 'color': [1.0, 1.0, 1.0, 1.0], 'style': [], 'adjust_top': 0, 'adjust_bottom': 0, 'adjust_left': 0, 'adjust_right': 0, 'expire': None, 'key': None, 'widget': None, 'events_when_added': [], 'events_when_removed': [], 'bitmap_font': False, 'font_kerning': True, 'bold': False, 'italic': False, 'halign': 'center', 'valign': 'middle', 'rotation': 0, 'scale': 1.0, 'casing': None, 'animations': None}, {'type': 'text', 'font_name': 'TrajanProRegular', 'text': 'PLAYER (number)', 'y': '10', 'x': '10', 'font_size': 50, 'anchor_x': 'left', 'anchor_y': 'bottom', '_default_settings': ['type', 'font_name', 'text', 'y', 'x', 'font_size', 'anchor_x', 'anchor_y'], 'round_anchor_x': None, 'round_anchor_y': None, 'opacity': 1.0, 'z': 0, 'reset_animations_events': {}, 'color': [1.0, 1.0, 1.0, 1.0], 'style': [], 'adjust_top': 0, 'adjust_bottom': 0, 'adjust_left': 0, 'adjust_right': 0, 'expire': None, 'key': None, 'widget': None, 'events_when_added': [], 'events_when_removed': [], 'bitmap_font': False, 'font_kerning': True, 'bold': False, 'italic': False, 'number_grouping': False, 'min_digits': 0, 'halign': 'center', 'valign': 'middle', 'rotation': 0, 'scale': 1.0, 'casing': None, 'animations': None}, {'type': 'text', 'text': 'BALL (ball)', 'font_name': 'TrajanProRegular', 'y': '10', 'x': 'right-10', 'anchor_x': 'right', 'anchor_y': 'bottom', 'font_size': 50, '_default_settings': ['type', 'text', 'font_name', 'y', 'x', 'anchor_x', 'anchor_y', 'font_size'], 'round_anchor_x': None, 'round_anchor_y': None, 'opacity': 1.0, 'z': 0, 'reset_animations_events': {}, 'color': [1.0, 1.0, 1.0, 1.0], 'style': [], 'adjust_top': 0, 'adjust_bottom': 0, 'adjust_left': 0, 'adjust_right': 0, 'expire': None, 'key': None, 'widget': None, 'events_when_added': [], 'events_when_removed': [], 'bitmap_font': False, 'font_kerning': True, 'bold': False, 'italic': False, 'number_grouping': False, 'min_digits': 0, 'halign': 'center', 'valign': 'middle', 'rotation': 0, 'scale': 1.0, 'casing': None, 'animations': None}, {'type': 'text', 'font_name': 'TrajanProRegular', 'text': 'Current Score: (score)', 'y': '40%', '_default_settings': ['type', 'font_name', 'text', 'y'], 'x': None, 'anchor_x': 'center', 'anchor_y': 'center', 'round_anchor_x': None, 'round_anchor_y': None, 'opacity': 1.0, 'z': 0, 'reset_animations_events': {}, 'color': [1.0, 1.0, 1.0, 1.0], 'style': [], 'adjust_top': 0, 'adjust_bottom': 0, 'adjust_left': 0, 'adjust_right': 0, 'expire': None, 'key': None, 'widget': None, 'events_when_added': [], 'events_when_removed': [], 'font_size': 15, 'bitmap_font': False, 'font_kerning': True, 'bold': False, 'italic': False, 'number_grouping': False, 'min_digits': 0, 'halign': 'center', 'valign': 'middle', 'rotation': 0, 'scale': 1.0, 'casing': None, 'animations': None}], 'target': None, 'background_color': [0.0, 0.0, 0.0, 1.0], 'priority': None, 'show': True, 'force': False, 'expire': None, 'slide': None, 'tokens': {}, 'action': 'play'}}
2023-02-05 08:43:34,431 : EventManager : Event: ======'slide_base.slide_player-mode_base_started_created'====== Args={}
2023-02-05 08:43:34,440 : EventManager : Event: ======'slide_base.slide_player-mode_base_started_active'====== Args={}
2023-02-05 08:43:35,584 : EventManager : Event: ======'machine_var_audits_switches_s_left_inlane'====== Args={'value': 1, 'prev_value': 0, 'change': 1}
2023-02-05 08:43:35,584 : EventManager : Event: ======'player_shot_my_first_shot'====== Args={'value': 1, 'prev_value': 0, 'change': 1, 'player_num': 1}
2023-02-05 08:43:35,585 : EventManager : Event: ======'machine_var_audits_shots_my_first_shot'====== Args={'value': 1, 'prev_value': None, 'change': True}
2023-02-05 08:43:35,585 : EventManager : Event: ======'player_score'====== Args={'value': 100, 'prev_value': 0, 'change': 100, 'player_num': 1}
2023-02-05 08:43:36,409 : EventManager : Event: ======'machine_var_audits_switches_s_left_inlane'====== Args={'value': 2, 'prev_value': 1, 'change': 1}
2023-02-05 08:43:36,409 : EventManager : Event: ======'player_shot_my_first_shot'====== Args={'value': 2, 'prev_value': 1, 'change': 1, 'player_num': 1}
2023-02-05 08:43:36,409 : EventManager : Event: ======'machine_var_audits_shots_my_first_shot'====== Args={'value': 2, 'prev_value': 1, 'change': 1}
2023-02-05 08:43:36,410 : EventManager : Event: ======'player_score'====== Args={'value': 1100, 'prev_value': 100, 'change': 1000, 'player_num': 1}
2023-02-05 08:43:37,825 : EventManager : Event: ======'machine_var_audits_switches_s_left_inlane'====== Args={'value': 3, 'prev_value': 2, 'change': 1}
2023-02-05 08:43:37,850 : EventManager : Event: ======'player_shot_my_first_shot'====== Args={'value': 0, 'prev_value': 2, 'change': -2, 'player_num': 1}
2023-02-05 08:43:37,850 : EventManager : Event: ======'machine_var_audits_shots_my_first_shot'====== Args={'value': 3, 'prev_value': 2, 'change': 1}
2023-02-05 08:43:38,251 : EventManager : Event: ======'machine_var_audits_switches_s_left_inlane'====== Args={'value': 4, 'prev_value': 3, 'change': 1}
2023-02-05 08:43:38,251 : EventManager : Event: ======'player_shot_my_first_shot'====== Args={'value': 1, 'prev_value': 0, 'change': 1, 'player_num': 1}
2023-02-05 08:43:38,252 : EventManager : Event: ======'machine_var_audits_shots_my_first_shot'====== Args={'value': 4, 'prev_value': 3, 'change': 1}
2023-02-05 08:43:38,252 : EventManager : Event: ======'player_score'====== Args={'value': 1200, 'prev_value': 1100, 'change': 100, 'player_num': 1}
2023-02-05 08:43:38,658 : EventManager : Event: ======'machine_var_audits_switches_s_left_inlane'====== Args={'value': 5, 'prev_value': 4, 'change': 1}
2023-02-05 08:43:38,658 : EventManager : Event: ======'player_shot_my_first_shot'====== Args={'value': 2, 'prev_value': 1, 'change': 1, 'player_num': 1}
2023-02-05 08:43:38,659 : EventManager : Event: ======'machine_var_audits_shots_my_first_shot'====== Args={'value': 5, 'prev_value': 4, 'change': 1}
2023-02-05 08:43:38,659 : EventManager : Event: ======'player_score'====== Args={'value': 2200, 'prev_value': 1200, 'change': 1000, 'player_num': 1}
2023-02-05 08:43:39,177 : EventManager : Event: ======'machine_var_audits_switches_s_left_inlane'====== Args={'value': 6, 'prev_value': 5, 'change': 1}
2023-02-05 08:43:39,177 : EventManager : Event: ======'player_shot_my_first_shot'====== Args={'value': 0, 'prev_value': 2, 'change': -2, 'player_num': 1}
2023-02-05 08:43:39,178 : EventManager : Event: ======'machine_var_audits_shots_my_first_shot'====== Args={'value': 6, 'prev_value': 5, 'change': 1}
2023-02-05 08:43:39,612 : EventManager : Event: ======'machine_var_audits_switches_s_left_inlane'====== Args={'value': 7, 'prev_value': 6, 'change': 1}
2023-02-05 08:43:39,613 : EventManager : Event: ======'player_shot_my_first_shot'====== Args={'value': 1, 'prev_value': 0, 'change': 1, 'player_num': 1}
2023-02-05 08:43:39,613 : EventManager : Event: ======'machine_var_audits_shots_my_first_shot'====== Args={'value': 7, 'prev_value': 6, 'change': 1}
2023-02-05 08:43:39,613 : EventManager : Event: ======'player_score'====== Args={'value': 2300, 'prev_value': 2200, 'change': 100, 'player_num': 1}
2023-02-05 08:43:44,192 : EventManager : Event: ======'machine_var_audits_switches_s_left_inlane'====== Args={'value': 8, 'prev_value': 7, 'change': 1}
2023-02-05 08:43:44,192 : EventManager : Event: ======'player_shot_my_first_shot'====== Args={'value': 2, 'prev_value': 1, 'change': 1, 'player_num': 1}
2023-02-05 08:43:44,193 : EventManager : Event: ======'machine_var_audits_shots_my_first_shot'====== Args={'value': 8, 'prev_value': 7, 'change': 1}
2023-02-05 08:43:44,193 : EventManager : Event: ======'player_score'====== Args={'value': 3300, 'prev_value': 2300, 'change': 1000, 'player_num': 1}
2023-02-05 08:43:45,568 : EventManager : Event: ======'machine_var_audits_switches_s_left_inlane'====== Args={'value': 9, 'prev_value': 8, 'change': 1}
2023-02-05 08:43:45,592 : EventManager : Event: ======'player_shot_my_first_shot'====== Args={'value': 0, 'prev_value': 2, 'change': -2, 'player_num': 1}
2023-02-05 08:43:45,592 : EventManager : Event: ======'machine_var_audits_shots_my_first_shot'====== Args={'value': 9, 'prev_value': 8, 'change': 1}
2023-02-05 08:43:46,107 : EventManager : Event: ======'machine_var_audits_switches_s_left_inlane'====== Args={'value': 10, 'prev_value': 9, 'change': 1}
2023-02-05 08:43:46,107 : EventManager : Event: ======'player_shot_my_first_shot'====== Args={'value': 1, 'prev_value': 0, 'change': 1, 'player_num': 1}
2023-02-05 08:43:46,108 : EventManager : Event: ======'machine_var_audits_shots_my_first_shot'====== Args={'value': 10, 'prev_value': 9, 'change': 1}
2023-02-05 08:43:46,108 : EventManager : Event: ======'player_score'====== Args={'value': 3400, 'prev_value': 3300, 'change': 100, 'player_num': 1}
2023-02-05 08:43:46,317 : EventManager : Event: ======'machine_var_audits_switches_s_left_inlane'====== Args={'value': 11, 'prev_value': 10, 'change': 1}
2023-02-05 08:43:46,318 : EventManager : Event: ======'player_shot_my_first_shot'====== Args={'value': 2, 'prev_value': 1, 'change': 1, 'player_num': 1}
2023-02-05 08:43:46,318 : EventManager : Event: ======'machine_var_audits_shots_my_first_shot'====== Args={'value': 11, 'prev_value': 10, 'change': 1}
2023-02-05 08:43:46,318 : EventManager : Event: ======'player_score'====== Args={'value': 4400, 'prev_value': 3400, 'change': 1000, 'player_num': 1}
2023-02-05 08:43:46,497 : EventManager : Event: ======'machine_var_audits_switches_s_left_inlane'====== Args={'value': 12, 'prev_value': 11, 'change': 1}
2023-02-05 08:43:46,497 : EventManager : Event: ======'player_shot_my_first_shot'====== Args={'value': 0, 'prev_value': 2, 'change': -2, 'player_num': 1}
2023-02-05 08:43:46,498 : EventManager : Event: ======'machine_var_audits_shots_my_first_shot'====== Args={'value': 12, 'prev_value': 11, 'change': 1}
2023-02-05 08:43:46,681 : EventManager : Event: ======'machine_var_audits_switches_s_left_inlane'====== Args={'value': 13, 'prev_value': 12, 'change': 1}
2023-02-05 08:43:46,681 : EventManager : Event: ======'player_shot_my_first_shot'====== Args={'value': 1, 'prev_value': 0, 'change': 1, 'player_num': 1}
2023-02-05 08:43:46,682 : EventManager : Event: ======'machine_var_audits_shots_my_first_shot'====== Args={'value': 13, 'prev_value': 12, 'change': 1}
2023-02-05 08:43:46,682 : EventManager : Event: ======'player_score'====== Args={'value': 4500, 'prev_value': 4400, 'change': 100, 'player_num': 1}
2023-02-05 08:43:46,820 : EventManager : Event: ======'machine_var_audits_switches_s_left_inlane'====== Args={'value': 14, 'prev_value': 13, 'change': 1}
2023-02-05 08:43:46,820 : EventManager : Event: ======'player_shot_my_first_shot'====== Args={'value': 2, 'prev_value': 1, 'change': 1, 'player_num': 1}
2023-02-05 08:43:46,821 : EventManager : Event: ======'machine_var_audits_shots_my_first_shot'====== Args={'value': 14, 'prev_value': 13, 'change': 1}
2023-02-05 08:43:46,821 : EventManager : Event: ======'player_score'====== Args={'value': 5500, 'prev_value': 4500, 'change': 1000, 'player_num': 1}
2023-02-05 08:43:47,034 : EventManager : Event: ======'machine_var_audits_switches_s_left_inlane'====== Args={'value': 15, 'prev_value': 14, 'change': 1}
2023-02-05 08:43:47,034 : EventManager : Event: ======'player_shot_my_first_shot'====== Args={'value': 0, 'prev_value': 2, 'change': -2, 'player_num': 1}
2023-02-05 08:43:47,035 : EventManager : Event: ======'machine_var_audits_shots_my_first_shot'====== Args={'value': 15, 'prev_value': 14, 'change': 1}
2023-02-05 08:43:47,219 : EventManager : Event: ======'machine_var_audits_switches_s_left_inlane'====== Args={'value': 16, 'prev_value': 15, 'change': 1}
2023-02-05 08:43:47,220 : EventManager : Event: ======'player_shot_my_first_shot'====== Args={'value': 1, 'prev_value': 0, 'change': 1, 'player_num': 1}
2023-02-05 08:43:47,220 : EventManager : Event: ======'machine_var_audits_shots_my_first_shot'====== Args={'value': 16, 'prev_value': 15, 'change': 1}
2023-02-05 08:43:47,220 : EventManager : Event: ======'player_score'====== Args={'value': 5600, 'prev_value': 5500, 'change': 100, 'player_num': 1}
2023-02-05 08:43:47,419 : EventManager : Event: ======'machine_var_audits_switches_s_left_inlane'====== Args={'value': 17, 'prev_value': 16, 'change': 1}
2023-02-05 08:43:47,419 : EventManager : Event: ======'player_shot_my_first_shot'====== Args={'value': 2, 'prev_value': 1, 'change': 1, 'player_num': 1}
2023-02-05 08:43:47,420 : EventManager : Event: ======'machine_var_audits_shots_my_first_shot'====== Args={'value': 17, 'prev_value': 16, 'change': 1}
2023-02-05 08:43:47,420 : EventManager : Event: ======'player_score'====== Args={'value': 6600, 'prev_value': 5600, 'change': 1000, 'player_num': 1}
2023-02-05 08:43:47,566 : EventManager : Event: ======'machine_var_audits_switches_s_left_inlane'====== Args={'value': 18, 'prev_value': 17, 'change': 1}
2023-02-05 08:43:47,566 : EventManager : Event: ======'player_shot_my_first_shot'====== Args={'value': 0, 'prev_value': 2, 'change': -2, 'player_num': 1}
2023-02-05 08:43:47,567 : EventManager : Event: ======'machine_var_audits_shots_my_first_shot'====== Args={'value': 18, 'prev_value': 17, 'change': 1}
2023-02-05 08:43:48,025 : EventManager : Event: ======'machine_var_audits_switches_s_left_inlane'====== Args={'value': 19, 'prev_value': 18, 'change': 1}
2023-02-05 08:43:48,025 : EventManager : Event: ======'player_shot_my_first_shot'====== Args={'value': 1, 'prev_value': 0, 'change': 1, 'player_num': 1}
2023-02-05 08:43:48,025 : EventManager : Event: ======'machine_var_audits_shots_my_first_shot'====== Args={'value': 19, 'prev_value': 18, 'change': 1}
2023-02-05 08:43:48,026 : EventManager : Event: ======'player_score'====== Args={'value': 6700, 'prev_value': 6600, 'change': 100, 'player_num': 1}
2023-02-05 08:43:48,248 : EventManager : Event: ======'machine_var_audits_switches_s_left_inlane'====== Args={'value': 20, 'prev_value': 19, 'change': 1}
2023-02-05 08:43:48,248 : EventManager : Event: ======'player_shot_my_first_shot'====== Args={'value': 2, 'prev_value': 1, 'change': 1, 'player_num': 1}
2023-02-05 08:43:48,248 : EventManager : Event: ======'machine_var_audits_shots_my_first_shot'====== Args={'value': 20, 'prev_value': 19, 'change': 1}
2023-02-05 08:43:48,249 : EventManager : Event: ======'player_score'====== Args={'value': 7700, 'prev_value': 6700, 'change': 1000, 'player_num': 1}
2023-02-05 08:43:48,483 : EventManager : Event: ======'machine_var_audits_switches_s_left_inlane'====== Args={'value': 21, 'prev_value': 20, 'change': 1}
2023-02-05 08:43:48,483 : EventManager : Event: ======'player_shot_my_first_shot'====== Args={'value': 0, 'prev_value': 2, 'change': -2, 'player_num': 1}
2023-02-05 08:43:48,484 : EventManager : Event: ======'machine_var_audits_shots_my_first_shot'====== Args={'value': 21, 'prev_value': 20, 'change': 1}
2023-02-05 08:43:48,793 : EventManager : Event: ======'machine_var_audits_switches_s_left_inlane'====== Args={'value': 22, 'prev_value': 21, 'change': 1}
2023-02-05 08:43:48,793 : EventManager : Event: ======'player_shot_my_first_shot'====== Args={'value': 1, 'prev_value': 0, 'change': 1, 'player_num': 1}
2023-02-05 08:43:48,793 : EventManager : Event: ======'machine_var_audits_shots_my_first_shot'====== Args={'value': 22, 'prev_value': 21, 'change': 1}
2023-02-05 08:43:48,794 : EventManager : Event: ======'player_score'====== Args={'value': 7800, 'prev_value': 7700, 'change': 100, 'player_num': 1}
2023-02-05 08:43:49,082 : EventManager : Event: ======'machine_var_audits_switches_s_left_inlane'====== Args={'value': 23, 'prev_value': 22, 'change': 1}
2023-02-05 08:43:49,082 : EventManager : Event: ======'player_shot_my_first_shot'====== Args={'value': 2, 'prev_value': 1, 'change': 1, 'player_num': 1}
2023-02-05 08:43:49,082 : EventManager : Event: ======'machine_var_audits_shots_my_first_shot'====== Args={'value': 23, 'prev_value': 22, 'change': 1}
2023-02-05 08:43:49,083 : EventManager : Event: ======'player_score'====== Args={'value': 8800, 'prev_value': 7800, 'change': 1000, 'player_num': 1}
2023-02-05 08:43:49,325 : EventManager : Event: ======'machine_var_audits_switches_s_left_inlane'====== Args={'value': 24, 'prev_value': 23, 'change': 1}
2023-02-05 08:43:49,325 : EventManager : Event: ======'player_shot_my_first_shot'====== Args={'value': 0, 'prev_value': 2, 'change': -2, 'player_num': 1}
2023-02-05 08:43:49,326 : EventManager : Event: ======'machine_var_audits_shots_my_first_shot'====== Args={'value': 24, 'prev_value': 23, 'change': 1}
2023-02-05 08:43:49,540 : EventManager : Event: ======'machine_var_audits_switches_s_left_inlane'====== Args={'value': 25, 'prev_value': 24, 'change': 1}
2023-02-05 08:43:49,540 : EventManager : Event: ======'player_shot_my_first_shot'====== Args={'value': 1, 'prev_value': 0, 'change': 1, 'player_num': 1}
2023-02-05 08:43:49,540 : EventManager : Event: ======'machine_var_audits_shots_my_first_shot'====== Args={'value': 25, 'prev_value': 24, 'change': 1}
2023-02-05 08:43:49,541 : EventManager : Event: ======'player_score'====== Args={'value': 8900, 'prev_value': 8800, 'change': 100, 'player_num': 1}
2023-02-05 08:43:49,786 : EventManager : Event: ======'machine_var_audits_switches_s_left_inlane'====== Args={'value': 26, 'prev_value': 25, 'change': 1}
2023-02-05 08:43:49,798 : EventManager : Event: ======'player_shot_my_first_shot'====== Args={'value': 2, 'prev_value': 1, 'change': 1, 'player_num': 1}
2023-02-05 08:43:49,798 : EventManager : Event: ======'machine_var_audits_shots_my_first_shot'====== Args={'value': 26, 'prev_value': 25, 'change': 1}
2023-02-05 08:43:49,799 : EventManager : Event: ======'player_score'====== Args={'value': 9900, 'prev_value': 8900, 'change': 1000, 'player_num': 1}
2023-02-05 08:43:50,005 : EventManager : Event: ======'machine_var_audits_switches_s_left_inlane'====== Args={'value': 27, 'prev_value': 26, 'change': 1}
2023-02-05 08:43:50,005 : EventManager : Event: ======'player_shot_my_first_shot'====== Args={'value': 0, 'prev_value': 2, 'change': -2, 'player_num': 1}
2023-02-05 08:43:50,005 : EventManager : Event: ======'machine_var_audits_shots_my_first_shot'====== Args={'value': 27, 'prev_value': 26, 'change': 1}
2023-02-05 08:43:50,233 : EventManager : Event: ======'machine_var_audits_switches_s_left_inlane'====== Args={'value': 28, 'prev_value': 27, 'change': 1}
2023-02-05 08:43:50,233 : EventManager : Event: ======'player_shot_my_first_shot'====== Args={'value': 1, 'prev_value': 0, 'change': 1, 'player_num': 1}
2023-02-05 08:43:50,234 : EventManager : Event: ======'machine_var_audits_shots_my_first_shot'====== Args={'value': 28, 'prev_value': 27, 'change': 1}
2023-02-05 08:43:50,234 : EventManager : Event: ======'player_score'====== Args={'value': 10000, 'prev_value': 9900, 'change': 100, 'player_num': 1}
2023-02-05 08:43:50,485 : EventManager : Event: ======'machine_var_audits_switches_s_left_inlane'====== Args={'value': 29, 'prev_value': 28, 'change': 1}
2023-02-05 08:43:50,485 : EventManager : Event: ======'player_shot_my_first_shot'====== Args={'value': 2, 'prev_value': 1, 'change': 1, 'player_num': 1}
2023-02-05 08:43:50,486 : EventManager : Event: ======'machine_var_audits_shots_my_first_shot'====== Args={'value': 29, 'prev_value': 28, 'change': 1}
2023-02-05 08:43:50,486 : EventManager : Event: ======'player_score'====== Args={'value': 11000, 'prev_value': 10000, 'change': 1000, 'player_num': 1}
2023-02-05 08:43:50,742 : EventManager : Event: ======'machine_var_audits_switches_s_left_inlane'====== Args={'value': 30, 'prev_value': 29, 'change': 1}
2023-02-05 08:43:50,742 : EventManager : Event: ======'player_shot_my_first_shot'====== Args={'value': 0, 'prev_value': 2, 'change': -2, 'player_num': 1}
2023-02-05 08:43:50,743 : EventManager : Event: ======'machine_var_audits_shots_my_first_shot'====== Args={'value': 30, 'prev_value': 29, 'change': 1}
2023-02-05 08:43:50,974 : EventManager : Event: ======'machine_var_audits_switches_s_left_inlane'====== Args={'value': 31, 'prev_value': 30, 'change': 1}
2023-02-05 08:43:50,975 : EventManager : Event: ======'player_shot_my_first_shot'====== Args={'value': 1, 'prev_value': 0, 'change': 1, 'player_num': 1}
2023-02-05 08:43:50,975 : EventManager : Event: ======'machine_var_audits_shots_my_first_shot'====== Args={'value': 31, 'prev_value': 30, 'change': 1}
2023-02-05 08:43:50,975 : EventManager : Event: ======'player_score'====== Args={'value': 11100, 'prev_value': 11000, 'change': 100, 'player_num': 1}
2023-02-05 08:44:03,701 : kivy : Base: Leaving application in progress...
2023-02-05 08:44:03,701 : mpfmc : Stopping...
2023-02-05 08:44:03,701 : EventManager : Event: ======'shutdown'====== Args={}
2023-02-05 08:44:03,701 : AudioInterface : Disabling audio playback
2023-02-05 08:44:03,853 : mpfmc : Loop rate 75.69 Hz
2023-02-05 08:44:03,853 : kivy : MC run loop ended.
2023-02-05 08:44:03,853 : kivy : Stopping child threads... (3 remaining)
2023-02-05 08:44:03,921 : mpfmc : Stopping...
2023-02-05 08:44:03,921 : EventManager : Event: ======'shutdown'====== Args={}
2023-02-05 08:44:03,921 : mpfmc : Loop rate 75.6 Hz
2023-02-05 08:44:03,924 : MPF-MC BCP Server : Stopping BCP sending thread
2023-02-05 08:44:04,455 : kivy : All child threads stopped.
