2023-02-05 08:42:17,154 : kivy : Factory: 189 symbols loaded
2023-02-05 08:42:17,286 : kivy : ImageLoaderFFPy: Using ffpyplayer 4.3.5
2023-02-05 08:42:17,286 : kivy : Image: Providers: img_tex, img_dds, img_sdl2, img_pil, img_ffpyplayer 
2023-02-05 08:42:17,324 : kivy : VideoGstplayer: Using Gstreamer 1.18.5.0
2023-02-05 08:42:17,325 : kivy : Video: Provider: gstplayer
2023-02-05 08:42:17,524 : kivy : Loading MPF-MC controller
2023-02-05 08:42:17,526 : YamlMultifileConfigLoader : Machine config file #1: config
2023-02-05 08:42:17,527 : ConfigProcessor : Config file in cache changed: C:\pinball\SAW\config\config
2023-02-05 08:42:17,527 : ConfigProcessor : Loading config from file C:\Users\steel\AppData\Local\Programs\Python\Python39\lib\site-packages\mpfmc\mcconfig.yaml.
2023-02-05 08:42:17,552 : ConfigProcessor : Loading config: C:\Users\steel\AppData\Local\Programs\Python\Python39\lib\site-packages\mpfmc\mcconfig.yaml
2023-02-05 08:42:17,553 : ConfigProcessor : Loading config from file C:\pinball\SAW\config\config.
2023-02-05 08:42:17,579 : ConfigProcessor : Loading config: C:\pinball\SAW\config\config
2023-02-05 08:42:17,580 : ConfigProcessor : Config file cache created: C:\Users\steel\AppData\Local\Temp\785655ce0a6ad62be8f20f2598aadce2.mpf_cache
2023-02-05 08:42:17,581 : ConfigProcessor : Loading config from cache: C:\Users\steel\AppData\Local\Temp\0c159a05f39617a30cc1b279562f144f.mpf_cache
2023-02-05 08:42:17,581 : ConfigProcessor : Loading config from cache: C:\Users\steel\AppData\Local\Temp\a4144dd661fe0832b800e50000db3090.mpf_cache
2023-02-05 08:42:17,582 : ConfigProcessor : Loading config from cache: C:\Users\steel\AppData\Local\Temp\0c159a05f39617a30cc1b279562f144f.mpf_cache
2023-02-05 08:42:17,582 : ConfigProcessor : Loading config from cache: C:\Users\steel\AppData\Local\Temp\c84db42795c08bfb8e4272b3be41e3f4.mpf_cache
2023-02-05 08:42:17,586 : mpfmc : Mission Pinball Framework Media Controller v0.56.0-dev33
2023-02-05 08:42:17,586 : mpfmc : Mission Pinball Framework Game Engine v0.56.0-dev33
2023-02-05 08:42:17,587 : mpfmc : Machine path: C:\pinball\SAW
2023-02-05 08:42:17,587 : mpfmc : Starting clock at 60.0Hz
2023-02-05 08:42:17,599 : kivy : Text: Provider: sdl2
2023-02-05 08:42:17,637 : kivy : Window: Provider: sdl2
2023-02-05 08:42:17,957 : kivy : GL: Using the "OpenGL" graphics system
2023-02-05 08:42:17,958 : kivy : GL: GLEW initialization succeeded
2023-02-05 08:42:17,958 : kivy : GL: Backend used <glew>
2023-02-05 08:42:17,958 : kivy : GL: OpenGL version <b'4.6.0 - Build 31.0.101.2111'>
2023-02-05 08:42:17,959 : kivy : GL: OpenGL vendor <b'Intel'>
2023-02-05 08:42:17,959 : kivy : GL: OpenGL renderer <b'Intel(R) UHD Graphics 630'>
2023-02-05 08:42:17,959 : kivy : GL: OpenGL parsed version: 4, 6
2023-02-05 08:42:17,959 : kivy : GL: Shading version <b'4.60 - Build 31.0.101.2111'>
2023-02-05 08:42:17,959 : kivy : GL: Texture max size <16384>
2023-02-05 08:42:17,959 : kivy : GL: Texture max units <32>
2023-02-05 08:42:17,987 : kivy : Window: auto add sdl2 input provider
2023-02-05 08:42:17,987 : kivy : Window: virtual keyboard not allowed, single mode, not docked
2023-02-05 08:42:17,994 : SoundSystem : SoundSystem: Using default 'sound_system' settings
2023-02-05 08:42:18,294 : AudioInterface : Initialized
2023-02-05 08:42:18,295 : AudioInterface : Loaded SDL 2.0.20
2023-02-05 08:42:18,295 : AudioInterface : Loaded SDL_Mixer 2.0.4
2023-02-05 08:42:18,295 : AudioInterface : Loaded GStreamer 1.18.5.0
2023-02-05 08:42:18,295 : AudioInterface : Loaded GLib 2.62.6
2023-02-05 08:42:18,295 : AudioInterface : Settings requested - rate: 44100, channels: 1, buffer: 2048 samples
2023-02-05 08:42:18,295 : AudioInterface : Settings in use - rate: 44100, channels: 1, buffer: 2048 samples (4096 bytes @ 2 bytes per sample)
2023-02-05 08:42:18,295 : SoundSystem : No audio tracks are specified in your machine config file. a track named 'default' has been created.
2023-02-05 08:42:18,295 : SoundSystem : Setting master volume to 0.0
2023-02-05 08:42:18,295 : SoundSystem : master_volume in sound_system is deprecated and will be removed in the future.
2023-02-05 08:42:18,295 : AudioInterface : Enabling audio playback
2023-02-05 08:42:18,297 : kivy : Base: Start application main loop
2023-02-05 08:42:18,297 : EventManager : Event: ======'display_lcd_initialized'====== Args={}
2023-02-05 08:42:18,308 : mpfmc : Display: Setting 'lcd' as default display
2023-02-05 08:42:18,313 : EventManager : Event: ======'displays_initialized'====== Args={}
2023-02-05 08:42:18,314 : EventManager : Event: ======'slide_lcd_blank_created'====== Args={}
2023-02-05 08:42:18,314 : EventManager : Event: ======'display_lcd_ready'====== Args={}
2023-02-05 08:42:18,323 : EventManager : Event: ======'init_phase_1'====== Args={}
2023-02-05 08:42:18,325 : EventManager : Event: ======'mc_ready'====== Args={}
2023-02-05 08:42:18,325 : EventManager : Event: ======'init_phase_2'====== Args={}
2023-02-05 08:42:18,327 : EventManager : Event: ======'init_phase_3'====== Args={}
2023-02-05 08:42:18,328 : EventManager : Event: ======'init_phase_4'====== Args={}
2023-02-05 08:42:18,328 : EventManager : Event: ======'init_phase_5'====== Args={}
2023-02-05 08:42:18,511 : kivy : GL: NPOT texture support is available
2023-02-05 08:42:18,633 : EventManager : Event: ======'loading_assets'====== Args={'total': 6, 'loaded': 1, 'remaining': 5, 'percent': 17}
2023-02-05 08:42:18,633 : AssetManager : Loading assets: 1/6 (17%)
2023-02-05 08:42:18,639 : kivy : GL: Unpack subimage support is available
2023-02-05 08:42:18,731 : EventManager : Event: ======'loading_assets'====== Args={'total': 6, 'loaded': 6, 'remaining': 0, 'percent': 100}
2023-02-05 08:42:18,732 : AssetManager : Asset loading took: 0.4355275630950928
2023-02-05 08:42:18,732 : EventManager : Event: ======'asset_loading_complete'====== Args={}
2023-02-05 08:42:18,732 : AssetManager : Loading assets: 6/6 (100%)
2023-02-05 08:42:18,732 : EventManager : Event: ======'init_done'====== Args={}
2023-02-05 08:42:18,732 : MPF-MC BCP Server : Starting up on localhost port 5050
2023-02-05 08:42:18,735 : MPF-MC BCP Server : Waiting for a connection...
2023-02-05 08:42:18,735 : EventManager : Event: ======'client_disconnected'====== Args={'host': '127.0.0.1', 'port': 5050}
2023-02-05 08:42:59,699 : kivy : Base: Leaving application in progress...
2023-02-05 08:42:59,699 : mpfmc : Stopping...
2023-02-05 08:42:59,699 : EventManager : Event: ======'shutdown'====== Args={}
2023-02-05 08:42:59,699 : AudioInterface : Disabling audio playback
2023-02-05 08:42:59,849 : MPF-MC BCP Server : Stopping BCP listener thread
2023-02-05 08:42:59,849 : MPF-MC BCP Server : Stopping BCP sending thread
2023-02-05 08:42:59,850 : mpfmc : Loop rate 78.72 Hz
2023-02-05 08:42:59,850 : kivy : MC run loop ended.
2023-02-05 08:42:59,850 : kivy : Stopping child threads... (2 remaining)
2023-02-05 08:43:00,653 : kivy : All child threads stopped.
