2023-02-25 22:51:56,806 : kivy : Factory: 189 symbols loaded
2023-02-25 22:51:56,929 : kivy : ImageLoaderFFPy: Using ffpyplayer 4.3.5
2023-02-25 22:51:56,930 : kivy : Image: Providers: img_tex, img_dds, img_sdl2, img_pil, img_ffpyplayer 
2023-02-25 22:51:56,968 : kivy : VideoGstplayer: Using Gstreamer 1.18.5.0
2023-02-25 22:51:56,968 : kivy : Video: Provider: gstplayer
2023-02-25 22:51:57,173 : kivy : Loading MPF-MC controller
2023-02-25 22:51:57,175 : YamlMultifileConfigLoader : Machine config file #1: config
2023-02-25 22:51:57,176 : ConfigProcessor : Config file in cache changed: C:\pinball\SAW\config\config
2023-02-25 22:51:57,178 : ConfigProcessor : Loading config from file C:\Users\steel\AppData\Local\Programs\Python\Python39\lib\site-packages\mpfmc\mcconfig.yaml.
2023-02-25 22:51:57,203 : ConfigProcessor : Loading config: C:\Users\steel\AppData\Local\Programs\Python\Python39\lib\site-packages\mpfmc\mcconfig.yaml
2023-02-25 22:51:57,203 : ConfigProcessor : Loading config from file C:\pinball\SAW\config\config.
2023-02-25 22:51:57,210 : ConfigProcessor : Loading config: C:\pinball\SAW\config\config
2023-02-25 22:51:57,241 : ConfigProcessor : Loading config: C:\pinball\SAW\config\hardware.yaml
2023-02-25 22:51:57,246 : ConfigProcessor : Loading config: C:\pinball\SAW\config\keyboard.yaml
2023-02-25 22:51:57,248 : ConfigProcessor : Loading config: C:\pinball\SAW\config\shots.yaml
2023-02-25 22:51:57,250 : ConfigProcessor : Loading config: C:\pinball\SAW\config\videos.yaml
2023-02-25 22:51:57,251 : ConfigProcessor : Config file cache created: C:\Users\steel\AppData\Local\Temp\785655ce0a6ad62be8f20f2598aadce2.mpf_cache
2023-02-25 22:51:57,252 : ConfigProcessor : Loading config from cache: C:\Users\steel\AppData\Local\Temp\0c159a05f39617a30cc1b279562f144f.mpf_cache
2023-02-25 22:51:57,252 : ConfigProcessor : Loading config from cache: C:\Users\steel\AppData\Local\Temp\a4144dd661fe0832b800e50000db3090.mpf_cache
2023-02-25 22:51:57,253 : ConfigProcessor : Loading config from cache: C:\Users\steel\AppData\Local\Temp\0c159a05f39617a30cc1b279562f144f.mpf_cache
2023-02-25 22:51:57,253 : ConfigProcessor : Loading config from cache: C:\Users\steel\AppData\Local\Temp\c84db42795c08bfb8e4272b3be41e3f4.mpf_cache
2023-02-25 22:51:57,254 : ConfigProcessor : Loading config from cache: C:\Users\steel\AppData\Local\Temp\efdde43586f00ba14cd8532a27cdd34b.mpf_cache
2023-02-25 22:51:57,255 : ConfigProcessor : Loading config from cache: C:\Users\steel\AppData\Local\Temp\a22ef28f8a7f551263a3132499374206.mpf_cache
2023-02-25 22:51:57,255 : ConfigProcessor : Loading config from cache: C:\Users\steel\AppData\Local\Temp\7fe6b706c5c6f5eb2454caa567a579fa.mpf_cache
2023-02-25 22:51:57,256 : ConfigProcessor : Loading config from cache: C:\Users\steel\AppData\Local\Temp\48a474ae7f498cc1dbcdf6e4a97cba2f.mpf_cache
2023-02-25 22:51:57,257 : ConfigProcessor : Loading config from cache: C:\Users\steel\AppData\Local\Temp\a9267858f889f9ead43c7ffecde0b8cb.mpf_cache
2023-02-25 22:51:57,261 : ConfigProcessor : Loading config from cache: C:\Users\steel\AppData\Local\Temp\bce7736320a2f16a44a8e687cf697899.mpf_cache
2023-02-25 22:51:57,262 : mpfmc : Mission Pinball Framework Media Controller v0.56.0-dev33
2023-02-25 22:51:57,262 : mpfmc : Mission Pinball Framework Game Engine v0.56.0-dev33
2023-02-25 22:51:57,262 : mpfmc : Machine path: C:\pinball\SAW
2023-02-25 22:51:57,262 : mpfmc : Starting clock at 60.0Hz
2023-02-25 22:51:57,274 : kivy : Text: Provider: sdl2
2023-02-25 22:51:57,314 : kivy : Window: Provider: sdl2
2023-02-25 22:51:57,598 : kivy : GL: Using the "OpenGL" graphics system
2023-02-25 22:51:57,599 : kivy : GL: GLEW initialization succeeded
2023-02-25 22:51:57,599 : kivy : GL: Backend used <glew>
2023-02-25 22:51:57,599 : kivy : GL: OpenGL version <b'4.6.0 - Build 31.0.101.2111'>
2023-02-25 22:51:57,599 : kivy : GL: OpenGL vendor <b'Intel'>
2023-02-25 22:51:57,599 : kivy : GL: OpenGL renderer <b'Intel(R) UHD Graphics 630'>
2023-02-25 22:51:57,599 : kivy : GL: OpenGL parsed version: 4, 6
2023-02-25 22:51:57,599 : kivy : GL: Shading version <b'4.60 - Build 31.0.101.2111'>
2023-02-25 22:51:57,599 : kivy : GL: Texture max size <16384>
2023-02-25 22:51:57,599 : kivy : GL: Texture max units <32>
2023-02-25 22:51:57,627 : kivy : Window: auto add sdl2 input provider
2023-02-25 22:51:57,627 : kivy : Window: virtual keyboard not allowed, single mode, not docked
2023-02-25 22:51:57,944 : AudioInterface : Initialized
2023-02-25 22:51:57,944 : AudioInterface : Loaded SDL 2.0.20
2023-02-25 22:51:57,944 : AudioInterface : Loaded SDL_Mixer 2.0.4
2023-02-25 22:51:57,944 : AudioInterface : Loaded GStreamer 1.18.5.0
2023-02-25 22:51:57,944 : AudioInterface : Loaded GLib 2.62.6
2023-02-25 22:51:57,944 : AudioInterface : Settings requested - rate: 44100, channels: 1, buffer: 2048 samples
2023-02-25 22:51:57,944 : AudioInterface : Settings in use - rate: 44100, channels: 1, buffer: 2048 samples (4096 bytes @ 2 bytes per sample)
2023-02-25 22:51:57,944 : SoundSystem : Setting master volume to 0.0
2023-02-25 22:51:57,944 : SoundSystem : master_volume in sound_system is deprecated and will be removed in the future.
2023-02-25 22:51:57,944 : AudioInterface : Enabling audio playback
2023-02-25 22:51:57,946 : kivy : Base: Start application main loop
2023-02-25 22:51:57,946 : EventManager : Event: ======'display_lcd_initialized'====== Args={}
2023-02-25 22:51:57,958 : mpfmc : Display: Setting 'lcd' as default display
2023-02-25 22:51:57,963 : EventManager : Event: ======'displays_initialized'====== Args={}
2023-02-25 22:51:57,964 : EventManager : Event: ======'slide_lcd_blank_created'====== Args={}
2023-02-25 22:51:57,964 : EventManager : Event: ======'display_lcd_ready'====== Args={}
2023-02-25 22:51:57,974 : EventManager : Event: ======'init_phase_1'====== Args={}
2023-02-25 22:51:57,976 : EventManager : Event: ======'mc_ready'====== Args={}
2023-02-25 22:51:57,976 : EventManager : Event: ======'init_phase_2'====== Args={}
2023-02-25 22:51:57,982 : EventManager : Event: ======'init_phase_3'====== Args={}
2023-02-25 22:51:57,986 : EventManager : Event: ======'init_phase_4'====== Args={}
2023-02-25 22:51:57,986 : EventManager : Event: ======'init_phase_5'====== Args={}
2023-02-25 22:51:58,047 : kivy : GL: NPOT texture support is available
2023-02-25 22:51:58,066 : EventManager : Event: ======'loading_assets'====== Args={'total': 30, 'loaded': 1, 'remaining': 29, 'percent': 3}
2023-02-25 22:51:58,066 : AssetManager : Loading assets: 1/30 (3%)
2023-02-25 22:51:58,523 : EventManager : Event: ======'loading_assets'====== Args={'total': 30, 'loaded': 17, 'remaining': 13, 'percent': 57}
2023-02-25 22:51:58,524 : AssetManager : Loading assets: 17/30 (57%)
2023-02-25 22:51:58,544 : kivy : GL: Unpack subimage support is available
2023-02-25 22:51:58,680 : EventManager : Event: ======'loading_assets'====== Args={'total': 30, 'loaded': 30, 'remaining': 0, 'percent': 100}
2023-02-25 22:51:58,680 : AssetManager : Asset loading took: 0.7341840267181396
2023-02-25 22:51:58,680 : EventManager : Event: ======'asset_loading_complete'====== Args={}
2023-02-25 22:51:58,680 : AssetManager : Loading assets: 30/30 (100%)
2023-02-25 22:51:58,680 : EventManager : Event: ======'init_done'====== Args={}
2023-02-25 22:51:58,681 : MPF-MC BCP Server : Starting up on localhost port 5050
2023-02-25 22:51:58,684 : MPF-MC BCP Server : Waiting for a connection...
2023-02-25 22:51:58,698 : EventManager : Event: ======'client_disconnected'====== Args={'host': '127.0.0.1', 'port': 5050}
2023-02-25 22:51:58,981 : MPF-MC BCP Server : Received connection from: 127.0.0.1:49871
2023-02-25 22:51:58,986 : EventManager : Event: ======'client_connected'====== Args={'host': '127.0.0.1', 'port': 49871}
2023-02-25 22:51:59,022 : EventManager : Event: ======'machine_var_credits_string'====== Args={'value': 'FREE PLAY', 'prev_value': None, 'change': True}
2023-02-25 22:51:59,022 : EventManager : Event: ======'machine_var_master_volume'====== Args={'value': 0.5, 'prev_value': None, 'change': True}
2023-02-25 22:51:59,023 : EventManager : Event: ======'machine_var_mpf_version'====== Args={'value': 'MPF v0.56.0-dev33', 'prev_value': None, 'change': True}
2023-02-25 22:51:59,023 : EventManager : Event: ======'machine_var_mpf_extended_version'====== Args={'value': 'MPF v0.56.0-dev33, Config version:5, Show version: 5, BCP version:1.1', 'prev_value': None, 'change': True}
2023-02-25 22:51:59,024 : EventManager : Event: ======'machine_var_python_version'====== Args={'value': '3.9.13', 'prev_value': None, 'change': True}
2023-02-25 22:51:59,024 : EventManager : Event: ======'machine_var_platform'====== Args={'value': 'Windows-10-10.0.19044-SP0', 'prev_value': None, 'change': True}
2023-02-25 22:51:59,024 : EventManager : Event: ======'machine_var_platform_system'====== Args={'value': 'Windows', 'prev_value': None, 'change': True}
2023-02-25 22:51:59,024 : EventManager : Event: ======'machine_var_platform_release'====== Args={'value': '10', 'prev_value': None, 'change': True}
2023-02-25 22:51:59,025 : EventManager : Event: ======'machine_var_platform_version'====== Args={'value': '10.0.19044', 'prev_value': None, 'change': True}
2023-02-25 22:51:59,025 : EventManager : Event: ======'machine_var_platform_machine'====== Args={'value': 'AMD64', 'prev_value': None, 'change': True}
2023-02-25 22:51:59,025 : EventManager : Event: ======'machine_var_mc_version'====== Args={'value': 'MPF-MC v0.56.0-dev33', 'prev_value': None, 'change': True}
2023-02-25 22:51:59,026 : EventManager : Event: ======'machine_var_mc_extended_version'====== Args={'value': 'MPF-MC v0.56.0-dev33 (config_version=5, BCP v1.1, Requires MPF v0.56.0-dev33)', 'prev_value': None, 'change': True}
2023-02-25 22:51:59,026 : SoundSystem : Setting master volume to 0.5
2023-02-25 22:51:59,125 : EventManager : Event: ======'machine_var_audits_events_game_ended'====== Args={'value': 0, 'prev_value': None, 'change': True}
2023-02-25 22:51:59,138 : EventManager : Event: ======'machine_var_audits_events_game_started'====== Args={'value': 409, 'prev_value': None, 'change': True}
2023-02-25 22:51:59,138 : EventManager : Event: ======'machine_var_audits_player_score'====== Args={'value': {'average': 0, 'top': [], 'total': 0}, 'prev_value': None, 'change': True}
2023-02-25 22:51:59,138 : EventManager : Event: ======'machine_var_audits_shots_cellar'====== Args={'value': 187, 'prev_value': None, 'change': True}
2023-02-25 22:51:59,138 : EventManager : Event: ======'machine_var_audits_shots_dt_drop2'====== Args={'value': 566, 'prev_value': None, 'change': True}
2023-02-25 22:51:59,138 : EventManager : Event: ======'machine_var_audits_shots_dt_drop3'====== Args={'value': 298, 'prev_value': None, 'change': True}
2023-02-25 22:51:59,138 : EventManager : Event: ======'machine_var_audits_shots_dt_drop4'====== Args={'value': 170, 'prev_value': None, 'change': True}
2023-02-25 22:51:59,138 : EventManager : Event: ======'machine_var_audits_shots_my_first_shot'====== Args={'value': 160, 'prev_value': None, 'change': True}
2023-02-25 22:51:59,138 : EventManager : Event: ======'machine_var_audits_shots_spinner'====== Args={'value': 97, 'prev_value': None, 'change': True}
2023-02-25 22:51:59,138 : EventManager : Event: ======'machine_var_audits_switches_s_ball_shooter_lane'====== Args={'value': 0, 'prev_value': None, 'change': True}
2023-02-25 22:51:59,138 : EventManager : Event: ======'machine_var_audits_switches_s_eject'====== Args={'value': 0, 'prev_value': None, 'change': True}
2023-02-25 22:51:59,138 : EventManager : Event: ======'machine_var_audits_switches_s_elevator_hold'====== Args={'value': 0, 'prev_value': None, 'change': True}
2023-02-25 22:51:59,138 : EventManager : Event: ======'machine_var_audits_switches_s_enter_left_ramp'====== Args={'value': 601, 'prev_value': None, 'change': True}
2023-02-25 22:51:59,139 : EventManager : Event: ======'machine_var_audits_switches_s_inner_loop'====== Args={'value': 0, 'prev_value': None, 'change': True}
2023-02-25 22:51:59,139 : EventManager : Event: ======'machine_var_audits_switches_s_left_bottom_jet_bumper'====== Args={'value': 0, 'prev_value': None, 'change': True}
2023-02-25 22:51:59,139 : EventManager : Event: ======'machine_var_audits_switches_s_left_cellar'====== Args={'value': 0, 'prev_value': None, 'change': True}
2023-02-25 22:51:59,139 : EventManager : Event: ======'machine_var_audits_switches_s_left_flipper'====== Args={'value': 130, 'prev_value': None, 'change': True}
2023-02-25 22:51:59,139 : EventManager : Event: ======'machine_var_audits_switches_s_left_inlane'====== Args={'value': 290, 'prev_value': None, 'change': True}
2023-02-25 22:51:59,139 : EventManager : Event: ======'machine_var_audits_switches_s_left_lock_1'====== Args={'value': 0, 'prev_value': None, 'change': True}
2023-02-25 22:51:59,139 : EventManager : Event: ======'machine_var_audits_switches_s_left_lock_2'====== Args={'value': 0, 'prev_value': None, 'change': True}
2023-02-25 22:51:59,139 : EventManager : Event: ======'machine_var_audits_switches_s_left_lock_3'====== Args={'value': 0, 'prev_value': None, 'change': True}
2023-02-25 22:51:59,139 : EventManager : Event: ======'machine_var_audits_switches_s_left_loop_bottom'====== Args={'value': 0, 'prev_value': None, 'change': True}
2023-02-25 22:51:59,139 : EventManager : Event: ======'machine_var_audits_switches_s_left_loop_top'====== Args={'value': 0, 'prev_value': None, 'change': True}
2023-02-25 22:51:59,139 : EventManager : Event: ======'machine_var_audits_switches_s_left_outlane'====== Args={'value': 0, 'prev_value': None, 'change': True}
2023-02-25 22:51:59,139 : EventManager : Event: ======'machine_var_audits_switches_s_left_ramp_score_bottom'====== Args={'value': 584, 'prev_value': None, 'change': True}
2023-02-25 22:51:59,139 : EventManager : Event: ======'machine_var_audits_switches_s_left_ramp_score_top'====== Args={'value': 614, 'prev_value': None, 'change': True}
2023-02-25 22:51:59,139 : EventManager : Event: ======'machine_var_audits_switches_s_left_slingshot'====== Args={'value': 0, 'prev_value': None, 'change': True}
2023-02-25 22:51:59,139 : EventManager : Event: ======'machine_var_audits_switches_s_left_standup'====== Args={'value': 0, 'prev_value': None, 'change': True}
2023-02-25 22:51:59,139 : EventManager : Event: ======'machine_var_audits_switches_s_left_standup_right_ramp'====== Args={'value': 0, 'prev_value': None, 'change': True}
2023-02-25 22:51:59,140 : EventManager : Event: ======'machine_var_audits_switches_s_left_top_jet_bumper'====== Args={'value': 278, 'prev_value': None, 'change': True}
2023-02-25 22:51:59,140 : EventManager : Event: ======'machine_var_audits_switches_s_lower_bank_drop_target_opto_lower'====== Args={'value': 291, 'prev_value': None, 'change': True}
2023-02-25 22:51:59,140 : EventManager : Event: ======'machine_var_audits_switches_s_lower_bank_drop_target_opto_middle'====== Args={'value': 492, 'prev_value': None, 'change': True}
2023-02-25 22:51:59,140 : EventManager : Event: ======'machine_var_audits_switches_s_lower_bank_drop_target_opto_upper'====== Args={'value': 741, 'prev_value': None, 'change': True}
2023-02-25 22:51:59,140 : EventManager : Event: ======'machine_var_audits_switches_s_lower_top_jet_bumper'====== Args={'value': 0, 'prev_value': None, 'change': True}
2023-02-25 22:51:59,140 : EventManager : Event: ======'machine_var_audits_switches_s_middle_standup'====== Args={'value': 0, 'prev_value': None, 'change': True}
2023-02-25 22:51:59,140 : EventManager : Event: ======'machine_var_audits_switches_s_outhole'====== Args={'value': 0, 'prev_value': None, 'change': True}
2023-02-25 22:51:59,140 : EventManager : Event: ======'machine_var_audits_switches_s_plumb_bob_tilt'====== Args={'value': 0, 'prev_value': None, 'change': True}
2023-02-25 22:51:59,140 : EventManager : Event: ======'machine_var_audits_switches_s_plunger'====== Args={'value': 6, 'prev_value': None, 'change': True}
2023-02-25 22:51:59,140 : EventManager : Event: ======'machine_var_audits_switches_s_right_bottom_jet_bumper'====== Args={'value': 0, 'prev_value': None, 'change': True}
2023-02-25 22:51:59,140 : EventManager : Event: ======'machine_var_audits_switches_s_right_cellar'====== Args={'value': 1087, 'prev_value': None, 'change': True}
2023-02-25 22:51:59,140 : EventManager : Event: ======'machine_var_audits_switches_s_right_flipper'====== Args={'value': 93, 'prev_value': None, 'change': True}
2023-02-25 22:51:59,140 : EventManager : Event: ======'machine_var_audits_switches_s_right_inlane'====== Args={'value': 0, 'prev_value': None, 'change': True}
2023-02-25 22:51:59,140 : EventManager : Event: ======'machine_var_audits_switches_s_right_loop_bottom'====== Args={'value': 0, 'prev_value': None, 'change': True}
2023-02-25 22:51:59,140 : EventManager : Event: ======'machine_var_audits_switches_s_right_loop_top'====== Args={'value': 0, 'prev_value': None, 'change': True}
2023-02-25 22:51:59,140 : EventManager : Event: ======'machine_var_audits_switches_s_right_outlane'====== Args={'value': 0, 'prev_value': None, 'change': True}
2023-02-25 22:51:59,141 : EventManager : Event: ======'machine_var_audits_switches_s_right_ramp_down'====== Args={'value': 0, 'prev_value': None, 'change': True}
2023-02-25 22:51:59,141 : EventManager : Event: ======'machine_var_audits_switches_s_right_ramp_score_bottom'====== Args={'value': 0, 'prev_value': None, 'change': True}
2023-02-25 22:51:59,141 : EventManager : Event: ======'machine_var_audits_switches_s_right_ramp_score_top'====== Args={'value': 0, 'prev_value': None, 'change': True}
2023-02-25 22:51:59,141 : EventManager : Event: ======'machine_var_audits_switches_s_right_slingshot'====== Args={'value': 0, 'prev_value': None, 'change': True}
2023-02-25 22:51:59,141 : EventManager : Event: ======'machine_var_audits_switches_s_right_standup'====== Args={'value': 0, 'prev_value': None, 'change': True}
2023-02-25 22:51:59,141 : EventManager : Event: ======'machine_var_audits_switches_s_right_standup_right_ramp'====== Args={'value': 0, 'prev_value': None, 'change': True}
2023-02-25 22:51:59,141 : EventManager : Event: ======'machine_var_audits_switches_s_right_top_jet_bumper'====== Args={'value': 0, 'prev_value': None, 'change': True}
2023-02-25 22:51:59,141 : EventManager : Event: ======'machine_var_audits_switches_s_spinner'====== Args={'value': 1009, 'prev_value': None, 'change': True}
2023-02-25 22:51:59,141 : EventManager : Event: ======'machine_var_audits_switches_s_start'====== Args={'value': 41, 'prev_value': None, 'change': True}
2023-02-25 22:51:59,141 : EventManager : Event: ======'machine_var_audits_switches_s_top_right_reject'====== Args={'value': 0, 'prev_value': None, 'change': True}
2023-02-25 22:51:59,141 : EventManager : Event: ======'machine_var_audits_switches_s_trough1'====== Args={'value': 7, 'prev_value': None, 'change': True}
2023-02-25 22:51:59,141 : EventManager : Event: ======'machine_var_audits_switches_s_trough2'====== Args={'value': 5, 'prev_value': None, 'change': True}
2023-02-25 22:51:59,141 : EventManager : Event: ======'machine_var_audits_switches_s_trough3'====== Args={'value': 5, 'prev_value': None, 'change': True}
2023-02-25 22:51:59,141 : EventManager : Event: ======'machine_var_audits_switches_s_trough_jam'====== Args={'value': 0, 'prev_value': None, 'change': True}
2023-02-25 22:51:59,141 : EventManager : Event: ======'machine_var_audits_switches_s_upper_bank_drop_target_opto'====== Args={'value': 0, 'prev_value': None, 'change': True}
2023-02-25 22:51:59,141 : EventManager : Event: ======'machine_var_audits_switches_s_upper_bottom_jet_bumper'====== Args={'value': 0, 'prev_value': None, 'change': True}
2023-02-25 22:51:59,142 : EventManager : Event: ======'machine_var_audits_switches_s_upper_right_flipper'====== Args={'value': 0, 'prev_value': None, 'change': True}
2023-02-25 22:51:59,151 : EventManager : Event: ======'mc_reset_phase_1'====== Args={}
2023-02-25 22:51:59,151 : EventManager : Event: ======'mc_reset_phase_2'====== Args={}
2023-02-25 22:51:59,151 : EventManager : Event: ======'mc_reset_phase_3'====== Args={}
2023-02-25 22:51:59,151 : EventManager : Event: ======'mc_reset_complete'====== Args={}
2023-02-25 22:51:59,163 : EventManager : Event: ======'slides_play'====== Args={'settings': {'slide1': {'widgets': [{'type': 'image', 'image': 'twisted_pictures', '_default_settings': ['type', 'image'], 'x': None, 'y': None, 'anchor_x': 'center', 'anchor_y': 'center', 'round_anchor_x': None, 'round_anchor_y': None, 'opacity': 1.0, 'z': 0, 'reset_animations_events': {}, 'color': [1.0, 1.0, 1.0, 1.0], 'style': [], 'adjust_top': 0, 'adjust_bottom': 0, 'adjust_left': 0, 'adjust_right': 0, 'expire': None, 'key': None, 'widget': None, 'events_when_added': [], 'events_when_removed': [], 'fps': 10, 'loops': -1, 'auto_play': True, 'start_frame': 0, 'rotation': 0, 'scale': 1.0, 'animations': None}], 'transition': {'type': 'fade', 'duration': 0.1}, 'target': None, 'background_color': [0.0, 0.0, 0.0, 1.0], 'priority': None, 'show': True, 'force': False, 'expire': None, 'slide': None, 'tokens': {}, 'action': 'play'}}, 'context': 'show_1', 'calling_context': 0, 'priority': 10, 'show_tokens': {}, 'start_time': 686803.453}
2023-02-25 22:51:59,163 : EventManager : Event: ======'sounds_play'====== Args={'settings': {'themesong': {'action': 'play', 'loops': -1, 'priority': None, 'block': False, 'delay': None, 'track': None, 'volume': None, 'pan': None, 'start_at': None, 'fade_in': None, 'fade_out': None, 'about_to_finish_time': -1.0, 'max_queue_time': -1.0, 'events_when_played': ['use_sound_setting'], 'events_when_stopped': ['use_sound_setting'], 'events_when_looping': ['use_sound_setting'], 'events_when_about_to_finish': ['use_sound_setting'], 'mode_end_action': 'use_sound_setting', 'key': 'use_sound_setting'}}, 'context': '_global', 'calling_context': 'mode_attract_started', 'priority': 0}
2023-02-25 22:51:59,163 : mpfmc : SlidePlayer: Play called with settings={'slide1': {'widgets': [{'type': 'image', 'image': 'twisted_pictures', '_default_settings': ['type', 'image'], 'x': None, 'y': None, 'anchor_x': 'center', 'anchor_y': 'center', 'round_anchor_x': None, 'round_anchor_y': None, 'opacity': 1.0, 'z': 0, 'reset_animations_events': {}, 'color': [1.0, 1.0, 1.0, 1.0], 'style': [], 'adjust_top': 0, 'adjust_bottom': 0, 'adjust_left': 0, 'adjust_right': 0, 'expire': None, 'key': None, 'widget': None, 'events_when_added': [], 'events_when_removed': [], 'fps': 10, 'loops': -1, 'auto_play': True, 'start_frame': 0, 'rotation': 0, 'scale': 1.0, 'animations': None}], 'transition': {'type': 'fade', 'duration': 0.1}, 'target': None, 'background_color': [0.0, 0.0, 0.0, 1.0], 'priority': None, 'show': True, 'force': False, 'expire': None, 'slide': None, 'tokens': {}, 'action': 'play'}}
2023-02-25 22:51:59,164 : EventManager : Event: ======'slide_slide1_created'====== Args={}
2023-02-25 22:51:59,217 : EventManager : Event: ======'slide_slide1_active'====== Args={}
2023-02-25 22:51:59,597 : EventManager : Event: ======'game_started'====== Args={}
2023-02-25 22:51:59,609 : EventManager : Event: ======'slides_clear'====== Args={'context': 'show_1'}
2023-02-25 22:51:59,609 : EventManager : Event: ======'sounds_play'====== Args={'settings': {'themesong': {'action': 'stop', 'priority': None, 'block': False, 'delay': None, 'track': None, 'volume': None, 'pan': None, 'loops': None, 'start_at': None, 'fade_in': None, 'fade_out': None, 'about_to_finish_time': -1.0, 'max_queue_time': -1.0, 'events_when_played': ['use_sound_setting'], 'events_when_stopped': ['use_sound_setting'], 'events_when_looping': ['use_sound_setting'], 'events_when_about_to_finish': ['use_sound_setting'], 'mode_end_action': 'use_sound_setting', 'key': 'use_sound_setting'}}, 'context': '_global', 'calling_context': 'mode_attract_stopped', 'priority': 0}
2023-02-25 22:51:59,609 : EventManager : Event: ======'player_added'====== Args={'player': <Player 1>, 'num': 1}
2023-02-25 22:51:59,609 : EventManager : Event: ======'player_index'====== Args={'value': 0, 'prev_value': 0, 'change': 0, 'player_num': 1}
2023-02-25 22:51:59,610 : EventManager : Event: ======'player_number'====== Args={'value': 1, 'prev_value': 1, 'change': 0, 'player_num': 1}
2023-02-25 22:51:59,610 : EventManager : Event: ======'player_score'====== Args={'value': 0, 'prev_value': 0, 'change': 0, 'player_num': 1}
2023-02-25 22:51:59,610 : EventManager : Event: ======'slide_slide1_removed'====== Args={}
2023-02-25 22:51:59,611 : EventManager : Event: ======'slide_lcd_blank_active'====== Args={}
2023-02-25 22:51:59,621 : EventManager : Event: ======'player_ball'====== Args={'value': 1, 'prev_value': 0, 'change': 1, 'player_num': 1}
2023-02-25 22:51:59,621 : EventManager : Event: ======'player_turn_start'====== Args={'number': 1, 'player': <Player 1>}
2023-02-25 22:51:59,634 : EventManager : Event: ======'player_skill_shot_mode_timer_tick'====== Args={'value': 3, 'prev_value': 0, 'change': 3, 'player_num': 1}
2023-02-25 22:51:59,634 : EventManager : Event: ======'player_skill_shot_target_rotator_tick'====== Args={'value': 0, 'prev_value': 0, 'change': 0, 'player_num': 1}
2023-02-25 22:51:59,634 : EventManager : Event: ======'player_shot_dt_drop2_enabled'====== Args={'value': True, 'prev_value': 0, 'change': 1, 'player_num': 1}
2023-02-25 22:51:59,634 : EventManager : Event: ======'player_shot_dt_drop3_enabled'====== Args={'value': True, 'prev_value': 0, 'change': 1, 'player_num': 1}
2023-02-25 22:51:59,634 : EventManager : Event: ======'player_shot_dt_drop4_enabled'====== Args={'value': True, 'prev_value': 0, 'change': 1, 'player_num': 1}
2023-02-25 22:51:59,634 : EventManager : Event: ======'sounds_play'====== Args={'settings': {'playagame': {'priority': None, 'block': False, 'action': 'play', 'delay': None, 'track': None, 'volume': None, 'pan': None, 'loops': None, 'start_at': None, 'fade_in': None, 'fade_out': None, 'about_to_finish_time': -1.0, 'max_queue_time': -1.0, 'events_when_played': ['use_sound_setting'], 'events_when_stopped': ['use_sound_setting'], 'events_when_looping': ['use_sound_setting'], 'events_when_about_to_finish': ['use_sound_setting'], 'mode_end_action': 'use_sound_setting', 'key': 'use_sound_setting'}}, 'context': '_global', 'calling_context': 'ball_starting', 'priority': 0, 'queue': '<QueuedEvent>', 'player': 1, 'ball': 1, 'balls_remaining': 2, 'is_extra_ball': False}
2023-02-25 22:51:59,634 : EventManager : Event: ======'slides_play'====== Args={'settings': {'widgets': {'widgets': [{'type': 'image', 'image': 'spiral', 'opacity': 0.7, 'y': 'top-20', 'x': 'right-165', '_default_settings': ['type', 'image', 'opacity', 'y', 'x'], 'anchor_x': 'center', 'anchor_y': 'center', 'round_anchor_x': None, 'round_anchor_y': None, 'z': 0, 'reset_animations_events': {}, 'color': [1.0, 1.0, 1.0, 1.0], 'style': [], 'adjust_top': 0, 'adjust_bottom': 0, 'adjust_left': 0, 'adjust_right': 0, 'expire': None, 'key': None, 'widget': None, 'events_when_added': [], 'events_when_removed': [], 'fps': 10, 'loops': -1, 'auto_play': True, 'start_frame': 0, 'rotation': 0, 'scale': 1.0, 'animations': None}, {'type': 'text', 'font_name': 'TrajanProRegular', 'text': 'PLAYER (number)', 'y': 'top-25', 'x': 'left+105', 'font_size': 38, 'color': [0.7607843137254902, 0.8901960784313725, 0.8784313725490196, 1], '_default_settings': ['type', 'font_name', 'text', 'y', 'x', 'font_size', 'color'], 'anchor_x': 'center', 'anchor_y': 'center', 'round_anchor_x': None, 'round_anchor_y': None, 'opacity': 1.0, 'z': 0, 'reset_animations_events': {}, 'style': [], 'adjust_top': 0, 'adjust_bottom': 0, 'adjust_left': 0, 'adjust_right': 0, 'expire': None, 'key': None, 'widget': None, 'events_when_added': [], 'events_when_removed': [], 'bitmap_font': False, 'font_kerning': True, 'bold': False, 'italic': False, 'number_grouping': False, 'min_digits': 0, 'halign': 'center', 'valign': 'middle', 'rotation': 0, 'scale': 1.0, 'casing': None, 'animations': None}, {'type': 'image', 'image': 'rustpipe2', 'y': 'top-44', 'x': 'left+95', 'opacity': 0.5, '_default_settings': ['type', 'image', 'y', 'x', 'opacity'], 'anchor_x': 'center', 'anchor_y': 'center', 'round_anchor_x': None, 'round_anchor_y': None, 'z': 0, 'reset_animations_events': {}, 'color': [1.0, 1.0, 1.0, 1.0], 'style': [], 'adjust_top': 0, 'adjust_bottom': 0, 'adjust_left': 0, 'adjust_right': 0, 'expire': None, 'key': None, 'widget': None, 'events_when_added': [], 'events_when_removed': [], 'fps': 10, 'loops': -1, 'auto_play': True, 'start_frame': 0, 'rotation': 0, 'scale': 1.0, 'animations': None}, {'type': 'text', 'text': 'BALL (ball)', 'font_name': 'TrajanProRegular', 'y': 'top-25', 'x': 'right-70', 'color': [0.7607843137254902, 0.8901960784313725, 0.8784313725490196, 1], 'font_size': 38, '_default_settings': ['type', 'text', 'font_name', 'y', 'x', 'color', 'font_size'], 'anchor_x': 'center', 'anchor_y': 'center', 'round_anchor_x': None, 'round_anchor_y': None, 'opacity': 1.0, 'z': 0, 'reset_animations_events': {}, 'style': [], 'adjust_top': 0, 'adjust_bottom': 0, 'adjust_left': 0, 'adjust_right': 0, 'expire': None, 'key': None, 'widget': None, 'events_when_added': [], 'events_when_removed': [], 'bitmap_font': False, 'font_kerning': True, 'bold': False, 'italic': False, 'number_grouping': False, 'min_digits': 0, 'halign': 'center', 'valign': 'middle', 'rotation': 0, 'scale': 1.0, 'casing': None, 'animations': None}, {'type': 'image', 'image': 'rustpipe2', 'y': 'top-44', 'x': 'right-90', 'opacity': 0.5, '_default_settings': ['type', 'image', 'y', 'x', 'opacity'], 'anchor_x': 'center', 'anchor_y': 'center', 'round_anchor_x': None, 'round_anchor_y': None, 'z': 0, 'reset_animations_events': {}, 'color': [1.0, 1.0, 1.0, 1.0], 'style': [], 'adjust_top': 0, 'adjust_bottom': 0, 'adjust_left': 0, 'adjust_right': 0, 'expire': None, 'key': None, 'widget': None, 'events_when_added': [], 'events_when_removed': [], 'fps': 10, 'loops': -1, 'auto_play': True, 'start_frame': 0, 'rotation': 0, 'scale': 1.0, 'animations': None}, {'type': 'text', 'text': '(score)', 'number_grouping': True, 'y': '16', 'x': '25', 'font_size': 36, 'anchor_x': 'left', 'anchor_y': 'bottom', 'font_name': 'TrajanProRegular', 'color': [0.7607843137254902, 0.8901960784313725, 0.8784313725490196, 1], '_default_settings': ['type', 'text', 'number_grouping', 'y', 'x', 'font_size', 'anchor_x', 'anchor_y', 'font_name', 'color'], 'round_anchor_x': None, 'round_anchor_y': None, 'opacity': 1.0, 'z': 0, 'reset_animations_events': {}, 'style': [], 'adjust_top': 0, 'adjust_bottom': 0, 'adjust_left': 0, 'adjust_right': 0, 'expire': None, 'key': None, 'widget': None, 'events_when_added': [], 'events_when_removed': [], 'bitmap_font': False, 'font_kerning': True, 'bold': False, 'italic': False, 'min_digits': 0, 'halign': 'center', 'valign': 'middle', 'rotation': 0, 'scale': 1.0, 'casing': None, 'animations': None}, {'type': 'image', 'image': 'hacksawUI', 'opacity': 0.9, 'y': '1', 'x': '1', 'anchor_x': 'left', 'anchor_y': 'bottom', '_default_settings': ['type', 'image', 'opacity', 'y', 'x', 'anchor_x', 'anchor_y'], 'round_anchor_x': None, 'round_anchor_y': None, 'z': 0, 'reset_animations_events': {}, 'color': [1.0, 1.0, 1.0, 1.0], 'style': [], 'adjust_top': 0, 'adjust_bottom': 0, 'adjust_left': 0, 'adjust_right': 0, 'expire': None, 'key': None, 'widget': None, 'events_when_added': [], 'events_when_removed': [], 'fps': 10, 'loops': -1, 'auto_play': True, 'start_frame': 0, 'rotation': 0, 'scale': 1.0, 'animations': None}, {'type': 'Text', 'text': 'PRESS START', 'font_name': 'TrajanProRegular', 'font_size': 28, 'y': '35', 'x': 'left+490', 'color': [1.0, 0.0, 0.0, 1], 'animations': {'pre_show_slide': [{'property': ['opacity'], 'value': ['0'], 'duration': 1.5, 'relative': False, 'timing': 'after_previous', 'repeat': False, 'easing': 'linear'}, {'property': ['opacity'], 'value': ['1'], 'duration': 1.5, 'repeat': True, 'relative': False, 'timing': 'after_previous', 'easing': 'linear'}]}, '_default_settings': ['type', 'text', 'font_name', 'font_size', 'y', 'x', 'color', 'animations'], 'anchor_x': 'center', 'anchor_y': 'center', 'round_anchor_x': None, 'round_anchor_y': None, 'opacity': 1.0, 'z': 0, 'reset_animations_events': {}, 'style': [], 'adjust_top': 0, 'adjust_bottom': 0, 'adjust_left': 0, 'adjust_right': 0, 'expire': None, 'key': None, 'widget': None, 'events_when_added': [], 'events_when_removed': [], 'bitmap_font': False, 'font_kerning': True, 'bold': False, 'italic': False, 'number_grouping': False, 'min_digits': 0, 'halign': 'center', 'valign': 'middle', 'rotation': 0, 'scale': 1.0, 'casing': None}, {'type': 'image', 'image': 'hacksawUI', 'opacity': 0.9, 'y': '1', 'x': 'left+520', 'anchor_y': 'bottom', '_default_settings': ['type', 'image', 'opacity', 'y', 'x', 'anchor_y'], 'anchor_x': 'center', 'round_anchor_x': None, 'round_anchor_y': None, 'z': 0, 'reset_animations_events': {}, 'color': [1.0, 1.0, 1.0, 1.0], 'style': [], 'adjust_top': 0, 'adjust_bottom': 0, 'adjust_left': 0, 'adjust_right': 0, 'expire': None, 'key': None, 'widget': None, 'events_when_added': [], 'events_when_removed': [], 'fps': 10, 'loops': -1, 'auto_play': True, 'start_frame': 0, 'rotation': 0, 'scale': 1.0, 'animations': None}, {'type': 'Text', 'text': 'PRESS START', 'font_name': 'TrajanProRegular', 'font_size': 28, 'y': '35', 'x': 'left+840', 'color': [1.0, 0.0, 0.0, 1], 'animations': {'pre_show_slide': [{'property': ['opacity'], 'value': ['0'], 'duration': 1.5, 'relative': False, 'timing': 'after_previous', 'repeat': False, 'easing': 'linear'}, {'property': ['opacity'], 'value': ['1'], 'duration': 1.5, 'repeat': True, 'relative': False, 'timing': 'after_previous', 'easing': 'linear'}]}, '_default_settings': ['type', 'text', 'font_name', 'font_size', 'y', 'x', 'color', 'animations'], 'anchor_x': 'center', 'anchor_y': 'center', 'round_anchor_x': None, 'round_anchor_y': None, 'opacity': 1.0, 'z': 0, 'reset_animations_events': {}, 'style': [], 'adjust_top': 0, 'adjust_bottom': 0, 'adjust_left': 0, 'adjust_right': 0, 'expire': None, 'key': None, 'widget': None, 'events_when_added': [], 'events_when_removed': [], 'bitmap_font': False, 'font_kerning': True, 'bold': False, 'italic': False, 'number_grouping': False, 'min_digits': 0, 'halign': 'center', 'valign': 'middle', 'rotation': 0, 'scale': 1.0, 'casing': None}, {'type': 'image', 'image': 'hacksawUI', 'opacity': 0.9, 'y': '1', 'x': 'left+870', 'anchor_y': 'bottom', '_default_settings': ['type', 'image', 'opacity', 'y', 'x', 'anchor_y'], 'anchor_x': 'center', 'round_anchor_x': None, 'round_anchor_y': None, 'z': 0, 'reset_animations_events': {}, 'color': [1.0, 1.0, 1.0, 1.0], 'style': [], 'adjust_top': 0, 'adjust_bottom': 0, 'adjust_left': 0, 'adjust_right': 0, 'expire': None, 'key': None, 'widget': None, 'events_when_added': [], 'events_when_removed': [], 'fps': 10, 'loops': -1, 'auto_play': True, 'start_frame': 0, 'rotation': 0, 'scale': 1.0, 'animations': None}, {'type': 'Text', 'text': 'PRESS START', 'font_name': 'TrajanProRegular', 'font_size': 28, 'y': '35', 'x': 'left+1180', 'color': [1.0, 0.0, 0.0, 1], 'animations': {'pre_show_slide': [{'property': ['opacity'], 'value': ['0'], 'duration': 1.5, 'relative': False, 'timing': 'after_previous', 'repeat': False, 'easing': 'linear'}, {'property': ['opacity'], 'value': ['1'], 'duration': 1.5, 'repeat': True, 'relative': False, 'timing': 'after_previous', 'easing': 'linear'}]}, '_default_settings': ['type', 'text', 'font_name', 'font_size', 'y', 'x', 'color', 'animations'], 'anchor_x': 'center', 'anchor_y': 'center', 'round_anchor_x': None, 'round_anchor_y': None, 'opacity': 1.0, 'z': 0, 'reset_animations_events': {}, 'style': [], 'adjust_top': 0, 'adjust_bottom': 0, 'adjust_left': 0, 'adjust_right': 0, 'expire': None, 'key': None, 'widget': None, 'events_when_added': [], 'events_when_removed': [], 'bitmap_font': False, 'font_kerning': True, 'bold': False, 'italic': False, 'number_grouping': False, 'min_digits': 0, 'halign': 'center', 'valign': 'middle', 'rotation': 0, 'scale': 1.0, 'casing': None}, {'type': 'image', 'image': 'hacksawUI', 'opacity': 0.9, 'y': '1', 'x': 'left+1210', 'anchor_y': 'bottom', '_default_settings': ['type', 'image', 'opacity', 'y', 'x', 'anchor_y'], 'anchor_x': 'center', 'round_anchor_x': None, 'round_anchor_y': None, 'z': 0, 'reset_animations_events': {}, 'color': [1.0, 1.0, 1.0, 1.0], 'style': [], 'adjust_top': 0, 'adjust_bottom': 0, 'adjust_left': 0, 'adjust_right': 0, 'expire': None, 'key': None, 'widget': None, 'events_when_added': [], 'events_when_removed': [], 'fps': 10, 'loops': -1, 'auto_play': True, 'start_frame': 0, 'rotation': 0, 'scale': 1.0, 'animations': None}, {'type': 'image', 'image': 'gordonsaw', '_default_settings': ['type', 'image'], 'x': None, 'y': None, 'anchor_x': 'center', 'anchor_y': 'center', 'round_anchor_x': None, 'round_anchor_y': None, 'opacity': 1.0, 'z': 0, 'reset_animations_events': {}, 'color': [1.0, 1.0, 1.0, 1.0], 'style': [], 'adjust_top': 0, 'adjust_bottom': 0, 'adjust_left': 0, 'adjust_right': 0, 'expire': None, 'key': None, 'widget': None, 'events_when_added': [], 'events_when_removed': [], 'fps': 10, 'loops': -1, 'auto_play': True, 'start_frame': 0, 'rotation': 0, 'scale': 1.0, 'animations': None}], 'target': None, 'background_color': [0.0, 0.0, 0.0, 1.0], 'priority': None, 'show': True, 'force': False, 'expire': None, 'slide': None, 'tokens': {}, 'action': 'play'}}, 'context': 'base', 'calling_context': 'mode_base_started', 'priority': 100, 'queue': '<QueuedEvent>', 'player': 1, 'ball': 1, 'balls_remaining': 2, 'is_extra_ball': False}
2023-02-25 22:51:59,635 : EventManager : Event: ======'slides_play'====== Args={'settings': {'wanttoplayagame': {'target': 'lcd', 'widgets': [{'type': 'video', 'video': 'wanttoplayagame', '_default_settings': ['type', 'video'], 'x': None, 'y': None, 'anchor_x': 'center', 'anchor_y': 'center', 'round_anchor_x': None, 'round_anchor_y': None, 'opacity': 1.0, 'z': 0, 'reset_animations_events': {}, 'color': [1.0, 1.0, 1.0, 1.0], 'style': [], 'adjust_top': 0, 'adjust_bottom': 0, 'adjust_left': 0, 'adjust_right': 0, 'expire': None, 'key': None, 'widget': None, 'events_when_added': [], 'events_when_removed': [], 'height': 0, 'width': 0, 'volume': 1.0, 'auto_play': True, 'end_behavior': 'stop', 'control_events': [], 'animations': None}], 'background_color': [0.0, 0.0, 0.0, 1.0], 'priority': None, 'show': True, 'force': False, 'expire': None, 'slide': None, 'tokens': {}, 'action': 'play'}}, 'context': 'show_6', 'calling_context': 0, 'priority': 1000, 'show_tokens': {}, 'start_time': 686803.921}
2023-02-25 22:51:59,635 : mpfmc : SlidePlayer: Play called with settings={'widgets': {'widgets': [{'type': 'image', 'image': 'spiral', 'opacity': 0.7, 'y': 'top-20', 'x': 'right-165', '_default_settings': ['type', 'image', 'opacity', 'y', 'x'], 'anchor_x': 'center', 'anchor_y': 'center', 'round_anchor_x': None, 'round_anchor_y': None, 'z': 0, 'reset_animations_events': {}, 'color': [1.0, 1.0, 1.0, 1.0], 'style': [], 'adjust_top': 0, 'adjust_bottom': 0, 'adjust_left': 0, 'adjust_right': 0, 'expire': None, 'key': None, 'widget': None, 'events_when_added': [], 'events_when_removed': [], 'fps': 10, 'loops': -1, 'auto_play': True, 'start_frame': 0, 'rotation': 0, 'scale': 1.0, 'animations': None}, {'type': 'text', 'font_name': 'TrajanProRegular', 'text': 'PLAYER (number)', 'y': 'top-25', 'x': 'left+105', 'font_size': 38, 'color': [0.7607843137254902, 0.8901960784313725, 0.8784313725490196, 1], '_default_settings': ['type', 'font_name', 'text', 'y', 'x', 'font_size', 'color'], 'anchor_x': 'center', 'anchor_y': 'center', 'round_anchor_x': None, 'round_anchor_y': None, 'opacity': 1.0, 'z': 0, 'reset_animations_events': {}, 'style': [], 'adjust_top': 0, 'adjust_bottom': 0, 'adjust_left': 0, 'adjust_right': 0, 'expire': None, 'key': None, 'widget': None, 'events_when_added': [], 'events_when_removed': [], 'bitmap_font': False, 'font_kerning': True, 'bold': False, 'italic': False, 'number_grouping': False, 'min_digits': 0, 'halign': 'center', 'valign': 'middle', 'rotation': 0, 'scale': 1.0, 'casing': None, 'animations': None}, {'type': 'image', 'image': 'rustpipe2', 'y': 'top-44', 'x': 'left+95', 'opacity': 0.5, '_default_settings': ['type', 'image', 'y', 'x', 'opacity'], 'anchor_x': 'center', 'anchor_y': 'center', 'round_anchor_x': None, 'round_anchor_y': None, 'z': 0, 'reset_animations_events': {}, 'color': [1.0, 1.0, 1.0, 1.0], 'style': [], 'adjust_top': 0, 'adjust_bottom': 0, 'adjust_left': 0, 'adjust_right': 0, 'expire': None, 'key': None, 'widget': None, 'events_when_added': [], 'events_when_removed': [], 'fps': 10, 'loops': -1, 'auto_play': True, 'start_frame': 0, 'rotation': 0, 'scale': 1.0, 'animations': None}, {'type': 'text', 'text': 'BALL (ball)', 'font_name': 'TrajanProRegular', 'y': 'top-25', 'x': 'right-70', 'color': [0.7607843137254902, 0.8901960784313725, 0.8784313725490196, 1], 'font_size': 38, '_default_settings': ['type', 'text', 'font_name', 'y', 'x', 'color', 'font_size'], 'anchor_x': 'center', 'anchor_y': 'center', 'round_anchor_x': None, 'round_anchor_y': None, 'opacity': 1.0, 'z': 0, 'reset_animations_events': {}, 'style': [], 'adjust_top': 0, 'adjust_bottom': 0, 'adjust_left': 0, 'adjust_right': 0, 'expire': None, 'key': None, 'widget': None, 'events_when_added': [], 'events_when_removed': [], 'bitmap_font': False, 'font_kerning': True, 'bold': False, 'italic': False, 'number_grouping': False, 'min_digits': 0, 'halign': 'center', 'valign': 'middle', 'rotation': 0, 'scale': 1.0, 'casing': None, 'animations': None}, {'type': 'image', 'image': 'rustpipe2', 'y': 'top-44', 'x': 'right-90', 'opacity': 0.5, '_default_settings': ['type', 'image', 'y', 'x', 'opacity'], 'anchor_x': 'center', 'anchor_y': 'center', 'round_anchor_x': None, 'round_anchor_y': None, 'z': 0, 'reset_animations_events': {}, 'color': [1.0, 1.0, 1.0, 1.0], 'style': [], 'adjust_top': 0, 'adjust_bottom': 0, 'adjust_left': 0, 'adjust_right': 0, 'expire': None, 'key': None, 'widget': None, 'events_when_added': [], 'events_when_removed': [], 'fps': 10, 'loops': -1, 'auto_play': True, 'start_frame': 0, 'rotation': 0, 'scale': 1.0, 'animations': None}, {'type': 'text', 'text': '(score)', 'number_grouping': True, 'y': '16', 'x': '25', 'font_size': 36, 'anchor_x': 'left', 'anchor_y': 'bottom', 'font_name': 'TrajanProRegular', 'color': [0.7607843137254902, 0.8901960784313725, 0.8784313725490196, 1], '_default_settings': ['type', 'text', 'number_grouping', 'y', 'x', 'font_size', 'anchor_x', 'anchor_y', 'font_name', 'color'], 'round_anchor_x': None, 'round_anchor_y': None, 'opacity': 1.0, 'z': 0, 'reset_animations_events': {}, 'style': [], 'adjust_top': 0, 'adjust_bottom': 0, 'adjust_left': 0, 'adjust_right': 0, 'expire': None, 'key': None, 'widget': None, 'events_when_added': [], 'events_when_removed': [], 'bitmap_font': False, 'font_kerning': True, 'bold': False, 'italic': False, 'min_digits': 0, 'halign': 'center', 'valign': 'middle', 'rotation': 0, 'scale': 1.0, 'casing': None, 'animations': None}, {'type': 'image', 'image': 'hacksawUI', 'opacity': 0.9, 'y': '1', 'x': '1', 'anchor_x': 'left', 'anchor_y': 'bottom', '_default_settings': ['type', 'image', 'opacity', 'y', 'x', 'anchor_x', 'anchor_y'], 'round_anchor_x': None, 'round_anchor_y': None, 'z': 0, 'reset_animations_events': {}, 'color': [1.0, 1.0, 1.0, 1.0], 'style': [], 'adjust_top': 0, 'adjust_bottom': 0, 'adjust_left': 0, 'adjust_right': 0, 'expire': None, 'key': None, 'widget': None, 'events_when_added': [], 'events_when_removed': [], 'fps': 10, 'loops': -1, 'auto_play': True, 'start_frame': 0, 'rotation': 0, 'scale': 1.0, 'animations': None}, {'type': 'Text', 'text': 'PRESS START', 'font_name': 'TrajanProRegular', 'font_size': 28, 'y': '35', 'x': 'left+490', 'color': [1.0, 0.0, 0.0, 1], 'animations': {'pre_show_slide': [{'property': ['opacity'], 'value': ['0'], 'duration': 1.5, 'relative': False, 'timing': 'after_previous', 'repeat': False, 'easing': 'linear'}, {'property': ['opacity'], 'value': ['1'], 'duration': 1.5, 'repeat': True, 'relative': False, 'timing': 'after_previous', 'easing': 'linear'}]}, '_default_settings': ['type', 'text', 'font_name', 'font_size', 'y', 'x', 'color', 'animations'], 'anchor_x': 'center', 'anchor_y': 'center', 'round_anchor_x': None, 'round_anchor_y': None, 'opacity': 1.0, 'z': 0, 'reset_animations_events': {}, 'style': [], 'adjust_top': 0, 'adjust_bottom': 0, 'adjust_left': 0, 'adjust_right': 0, 'expire': None, 'key': None, 'widget': None, 'events_when_added': [], 'events_when_removed': [], 'bitmap_font': False, 'font_kerning': True, 'bold': False, 'italic': False, 'number_grouping': False, 'min_digits': 0, 'halign': 'center', 'valign': 'middle', 'rotation': 0, 'scale': 1.0, 'casing': None}, {'type': 'image', 'image': 'hacksawUI', 'opacity': 0.9, 'y': '1', 'x': 'left+520', 'anchor_y': 'bottom', '_default_settings': ['type', 'image', 'opacity', 'y', 'x', 'anchor_y'], 'anchor_x': 'center', 'round_anchor_x': None, 'round_anchor_y': None, 'z': 0, 'reset_animations_events': {}, 'color': [1.0, 1.0, 1.0, 1.0], 'style': [], 'adjust_top': 0, 'adjust_bottom': 0, 'adjust_left': 0, 'adjust_right': 0, 'expire': None, 'key': None, 'widget': None, 'events_when_added': [], 'events_when_removed': [], 'fps': 10, 'loops': -1, 'auto_play': True, 'start_frame': 0, 'rotation': 0, 'scale': 1.0, 'animations': None}, {'type': 'Text', 'text': 'PRESS START', 'font_name': 'TrajanProRegular', 'font_size': 28, 'y': '35', 'x': 'left+840', 'color': [1.0, 0.0, 0.0, 1], 'animations': {'pre_show_slide': [{'property': ['opacity'], 'value': ['0'], 'duration': 1.5, 'relative': False, 'timing': 'after_previous', 'repeat': False, 'easing': 'linear'}, {'property': ['opacity'], 'value': ['1'], 'duration': 1.5, 'repeat': True, 'relative': False, 'timing': 'after_previous', 'easing': 'linear'}]}, '_default_settings': ['type', 'text', 'font_name', 'font_size', 'y', 'x', 'color', 'animations'], 'anchor_x': 'center', 'anchor_y': 'center', 'round_anchor_x': None, 'round_anchor_y': None, 'opacity': 1.0, 'z': 0, 'reset_animations_events': {}, 'style': [], 'adjust_top': 0, 'adjust_bottom': 0, 'adjust_left': 0, 'adjust_right': 0, 'expire': None, 'key': None, 'widget': None, 'events_when_added': [], 'events_when_removed': [], 'bitmap_font': False, 'font_kerning': True, 'bold': False, 'italic': False, 'number_grouping': False, 'min_digits': 0, 'halign': 'center', 'valign': 'middle', 'rotation': 0, 'scale': 1.0, 'casing': None}, {'type': 'image', 'image': 'hacksawUI', 'opacity': 0.9, 'y': '1', 'x': 'left+870', 'anchor_y': 'bottom', '_default_settings': ['type', 'image', 'opacity', 'y', 'x', 'anchor_y'], 'anchor_x': 'center', 'round_anchor_x': None, 'round_anchor_y': None, 'z': 0, 'reset_animations_events': {}, 'color': [1.0, 1.0, 1.0, 1.0], 'style': [], 'adjust_top': 0, 'adjust_bottom': 0, 'adjust_left': 0, 'adjust_right': 0, 'expire': None, 'key': None, 'widget': None, 'events_when_added': [], 'events_when_removed': [], 'fps': 10, 'loops': -1, 'auto_play': True, 'start_frame': 0, 'rotation': 0, 'scale': 1.0, 'animations': None}, {'type': 'Text', 'text': 'PRESS START', 'font_name': 'TrajanProRegular', 'font_size': 28, 'y': '35', 'x': 'left+1180', 'color': [1.0, 0.0, 0.0, 1], 'animations': {'pre_show_slide': [{'property': ['opacity'], 'value': ['0'], 'duration': 1.5, 'relative': False, 'timing': 'after_previous', 'repeat': False, 'easing': 'linear'}, {'property': ['opacity'], 'value': ['1'], 'duration': 1.5, 'repeat': True, 'relative': False, 'timing': 'after_previous', 'easing': 'linear'}]}, '_default_settings': ['type', 'text', 'font_name', 'font_size', 'y', 'x', 'color', 'animations'], 'anchor_x': 'center', 'anchor_y': 'center', 'round_anchor_x': None, 'round_anchor_y': None, 'opacity': 1.0, 'z': 0, 'reset_animations_events': {}, 'style': [], 'adjust_top': 0, 'adjust_bottom': 0, 'adjust_left': 0, 'adjust_right': 0, 'expire': None, 'key': None, 'widget': None, 'events_when_added': [], 'events_when_removed': [], 'bitmap_font': False, 'font_kerning': True, 'bold': False, 'italic': False, 'number_grouping': False, 'min_digits': 0, 'halign': 'center', 'valign': 'middle', 'rotation': 0, 'scale': 1.0, 'casing': None}, {'type': 'image', 'image': 'hacksawUI', 'opacity': 0.9, 'y': '1', 'x': 'left+1210', 'anchor_y': 'bottom', '_default_settings': ['type', 'image', 'opacity', 'y', 'x', 'anchor_y'], 'anchor_x': 'center', 'round_anchor_x': None, 'round_anchor_y': None, 'z': 0, 'reset_animations_events': {}, 'color': [1.0, 1.0, 1.0, 1.0], 'style': [], 'adjust_top': 0, 'adjust_bottom': 0, 'adjust_left': 0, 'adjust_right': 0, 'expire': None, 'key': None, 'widget': None, 'events_when_added': [], 'events_when_removed': [], 'fps': 10, 'loops': -1, 'auto_play': True, 'start_frame': 0, 'rotation': 0, 'scale': 1.0, 'animations': None}, {'type': 'image', 'image': 'gordonsaw', '_default_settings': ['type', 'image'], 'x': None, 'y': None, 'anchor_x': 'center', 'anchor_y': 'center', 'round_anchor_x': None, 'round_anchor_y': None, 'opacity': 1.0, 'z': 0, 'reset_animations_events': {}, 'color': [1.0, 1.0, 1.0, 1.0], 'style': [], 'adjust_top': 0, 'adjust_bottom': 0, 'adjust_left': 0, 'adjust_right': 0, 'expire': None, 'key': None, 'widget': None, 'events_when_added': [], 'events_when_removed': [], 'fps': 10, 'loops': -1, 'auto_play': True, 'start_frame': 0, 'rotation': 0, 'scale': 1.0, 'animations': None}], 'target': None, 'background_color': [0.0, 0.0, 0.0, 1.0], 'priority': None, 'show': True, 'force': False, 'expire': None, 'slide': None, 'tokens': {}, 'action': 'play'}}
2023-02-25 22:51:59,654 : EventManager : Event: ======'slide_base.slide_player-mode_base_started_created'====== Args={}
2023-02-25 22:51:59,657 : mpfmc : SlidePlayer: Play called with settings={'wanttoplayagame': {'target': 'lcd', 'widgets': [{'type': 'video', 'video': 'wanttoplayagame', '_default_settings': ['type', 'video'], 'x': None, 'y': None, 'anchor_x': 'center', 'anchor_y': 'center', 'round_anchor_x': None, 'round_anchor_y': None, 'opacity': 1.0, 'z': 0, 'reset_animations_events': {}, 'color': [1.0, 1.0, 1.0, 1.0], 'style': [], 'adjust_top': 0, 'adjust_bottom': 0, 'adjust_left': 0, 'adjust_right': 0, 'expire': None, 'key': None, 'widget': None, 'events_when_added': [], 'events_when_removed': [], 'height': 0, 'width': 0, 'volume': 1.0, 'auto_play': True, 'end_behavior': 'stop', 'control_events': [], 'animations': None}], 'background_color': [0.0, 0.0, 0.0, 1.0], 'priority': None, 'show': True, 'force': False, 'expire': None, 'slide': None, 'tokens': {}, 'action': 'play'}}
2023-02-25 22:51:59,660 : EventManager : Event: ======'slide_wanttoplayagame_created'====== Args={}
2023-02-25 22:51:59,665 : EventManager : Event: ======'slide_wanttoplayagame_active'====== Args={}
2023-02-25 22:52:00,634 : EventManager : Event: ======'player_skill_shot_target_rotator_tick'====== Args={'value': 1, 'prev_value': 0, 'change': 1, 'player_num': 1}
2023-02-25 22:52:01,626 : EventManager : Event: ======'player_skill_shot_target_rotator_tick'====== Args={'value': 2, 'prev_value': 1, 'change': 1, 'player_num': 1}
2023-02-25 22:52:02,624 : EventManager : Event: ======'player_skill_shot_target_rotator_tick'====== Args={'value': 3, 'prev_value': 2, 'change': 1, 'player_num': 1}
2023-02-25 22:52:03,638 : EventManager : Event: ======'player_skill_shot_target_rotator_tick'====== Args={'value': 4, 'prev_value': 3, 'change': 1, 'player_num': 1}
2023-02-25 22:52:04,128 : EventManager : Event: ======'slides_clear'====== Args={'context': 'show_6'}
2023-02-25 22:52:04,294 : EventManager : Event: ======'slide_wanttoplayagame_removed'====== Args={}
2023-02-25 22:52:04,295 : EventManager : Event: ======'slide_base.slide_player-mode_base_started_active'====== Args={}
2023-02-25 22:52:04,639 : EventManager : Event: ======'player_skill_shot_target_rotator_tick'====== Args={'value': 5, 'prev_value': 4, 'change': 1, 'player_num': 1}
2023-02-25 22:52:05,030 : EventManager : Event: ======'machine_var_audits_switches_s_lower_bank_drop_target_opto_upper'====== Args={'value': 742, 'prev_value': 741, 'change': 1}
2023-02-25 22:52:05,055 : EventManager : Event: ======'player_shot_dt_drop2'====== Args={'value': 1, 'prev_value': 0, 'change': 1, 'player_num': 1}
2023-02-25 22:52:05,055 : EventManager : Event: ======'machine_var_audits_shots_dt_drop2'====== Args={'value': 567, 'prev_value': 566, 'change': 1}
2023-02-25 22:52:05,056 : EventManager : Event: ======'player_score'====== Args={'value': 250000, 'prev_value': 0, 'change': 250000, 'player_num': 1}
2023-02-25 22:52:05,638 : EventManager : Event: ======'player_skill_shot_target_rotator_tick'====== Args={'value': 6, 'prev_value': 5, 'change': 1, 'player_num': 1}
2023-02-25 22:52:05,638 : EventManager : Event: ======'player_shot_dt_drop2'====== Args={'value': 0, 'prev_value': 1, 'change': -1, 'player_num': 1}
2023-02-25 22:52:05,638 : EventManager : Event: ======'player_shot_dt_drop3'====== Args={'value': 1, 'prev_value': 0, 'change': 1, 'player_num': 1}
2023-02-25 22:52:06,624 : EventManager : Event: ======'player_skill_shot_target_rotator_tick'====== Args={'value': 7, 'prev_value': 6, 'change': 1, 'player_num': 1}
2023-02-25 22:52:06,624 : EventManager : Event: ======'player_shot_dt_drop2'====== Args={'value': 1, 'prev_value': 0, 'change': 1, 'player_num': 1}
2023-02-25 22:52:06,624 : EventManager : Event: ======'player_shot_dt_drop3'====== Args={'value': 0, 'prev_value': 1, 'change': -1, 'player_num': 1}
2023-02-25 22:52:07,582 : EventManager : Event: ======'machine_var_audits_switches_s_right_cellar'====== Args={'value': 1088, 'prev_value': 1087, 'change': 1}
2023-02-25 22:52:07,582 : EventManager : Event: ======'player_score'====== Args={'value': 350000, 'prev_value': 250000, 'change': 100000, 'player_num': 1}
2023-02-25 22:52:07,997 : EventManager : Event: ======'machine_var_audits_switches_s_right_cellar'====== Args={'value': 1089, 'prev_value': 1088, 'change': 1}
2023-02-25 22:52:07,997 : EventManager : Event: ======'player_score'====== Args={'value': 450000, 'prev_value': 350000, 'change': 100000, 'player_num': 1}
2023-02-25 22:52:07,998 : EventManager : Event: ======'player_score'====== Args={'value': 750000, 'prev_value': 450000, 'change': 300000, 'player_num': 1}
2023-02-25 22:52:07,998 : EventManager : Event: ======'slides_play'====== Args={'settings': {'razorwire': {'priority': 400, 'expire': 10.0, 'target': None, 'background_color': [0.0, 0.0, 0.0, 1.0], 'show': True, 'force': False, 'slide': None, 'tokens': {}, 'action': 'play'}}, 'context': 'selection_mode', 'calling_context': 'selection_mode_razorwire_highlighted', 'priority': 100, 'direction': None}
2023-02-25 22:52:08,000 : mpfmc : SlidePlayer: Play called with settings={'razorwire': {'priority': 400, 'expire': 10.0, 'target': None, 'background_color': [0.0, 0.0, 0.0, 1.0], 'show': True, 'force': False, 'slide': None, 'tokens': {}, 'action': 'play'}}
2023-02-25 22:52:08,007 : EventManager : Event: ======'slide_razorwire_created'====== Args={}
2023-02-25 22:52:08,010 : EventManager : Event: ======'slide_razorwire_active'====== Args={}
2023-02-25 22:52:09,725 : EventManager : Event: ======'machine_var_audits_switches_s_left_flipper'====== Args={'value': 131, 'prev_value': 130, 'change': 1}
2023-02-25 22:52:09,774 : EventManager : Event: ======'slides_play'====== Args={'settings': {'reversebeartrap': {'priority': 400, 'expire': 10.0, 'target': None, 'background_color': [0.0, 0.0, 0.0, 1.0], 'show': True, 'force': False, 'slide': None, 'tokens': {}, 'action': 'play'}}, 'context': 'selection_mode', 'calling_context': 'selection_mode_reversebeartrap_highlighted', 'priority': 100, 'direction': 'forwards'}
2023-02-25 22:52:09,774 : mpfmc : SlidePlayer: Play called with settings={'reversebeartrap': {'priority': 400, 'expire': 10.0, 'target': None, 'background_color': [0.0, 0.0, 0.0, 1.0], 'show': True, 'force': False, 'slide': None, 'tokens': {}, 'action': 'play'}}
2023-02-25 22:52:09,785 : EventManager : Event: ======'slide_reversebeartrap_created'====== Args={}
2023-02-25 22:52:09,789 : EventManager : Event: ======'slide_reversebeartrap_active'====== Args={}
2023-02-25 22:52:10,093 : EventManager : Event: ======'machine_var_audits_switches_s_right_flipper'====== Args={'value': 94, 'prev_value': 93, 'change': 1}
2023-02-25 22:52:10,093 : EventManager : Event: ======'slides_play'====== Args={'settings': {'razorwire': {'priority': 400, 'expire': 10.0, 'target': None, 'background_color': [0.0, 0.0, 0.0, 1.0], 'show': True, 'force': False, 'slide': None, 'tokens': {}, 'action': 'play'}}, 'context': 'selection_mode', 'calling_context': 'selection_mode_razorwire_highlighted', 'priority': 100, 'direction': 'backwards'}
2023-02-25 22:52:10,093 : mpfmc : SlidePlayer: Play called with settings={'razorwire': {'priority': 400, 'expire': 10.0, 'target': None, 'background_color': [0.0, 0.0, 0.0, 1.0], 'show': True, 'force': False, 'slide': None, 'tokens': {}, 'action': 'play'}}
2023-02-25 22:52:10,094 : EventManager : Event: ======'slide_razorwire_removed'====== Args={}
2023-02-25 22:52:10,100 : EventManager : Event: ======'slide_razorwire_created'====== Args={}
2023-02-25 22:52:10,104 : EventManager : Event: ======'slide_razorwire_active'====== Args={}
2023-02-25 22:52:10,381 : EventManager : Event: ======'machine_var_audits_switches_s_right_flipper'====== Args={'value': 95, 'prev_value': 94, 'change': 1}
2023-02-25 22:52:10,381 : EventManager : Event: ======'slides_play'====== Args={'settings': {'zeptest': {'priority': 400, 'expire': 10.0, 'target': None, 'background_color': [0.0, 0.0, 0.0, 1.0], 'show': True, 'force': False, 'slide': None, 'tokens': {}, 'action': 'play'}}, 'context': 'selection_mode', 'calling_context': 'selection_mode_zeptest_highlighted', 'priority': 100, 'direction': 'backwards'}
2023-02-25 22:52:10,381 : mpfmc : SlidePlayer: Play called with settings={'zeptest': {'priority': 400, 'expire': 10.0, 'target': None, 'background_color': [0.0, 0.0, 0.0, 1.0], 'show': True, 'force': False, 'slide': None, 'tokens': {}, 'action': 'play'}}
2023-02-25 22:52:10,385 : EventManager : Event: ======'slide_zeptest_created'====== Args={}
2023-02-25 22:52:10,387 : EventManager : Event: ======'slide_zeptest_active'====== Args={}
2023-02-25 22:52:10,708 : EventManager : Event: ======'machine_var_audits_switches_s_right_flipper'====== Args={'value': 96, 'prev_value': 95, 'change': 1}
2023-02-25 22:52:10,708 : EventManager : Event: ======'slides_play'====== Args={'settings': {'quadshotgun': {'priority': 400, 'expire': 10.0, 'target': None, 'background_color': [0.0, 0.0, 0.0, 1.0], 'show': True, 'force': False, 'slide': None, 'tokens': {}, 'action': 'play'}}, 'context': 'selection_mode', 'calling_context': 'selection_mode_quadshotgun_highlighted', 'priority': 100, 'direction': 'backwards'}
2023-02-25 22:52:10,708 : mpfmc : SlidePlayer: Play called with settings={'quadshotgun': {'priority': 400, 'expire': 10.0, 'target': None, 'background_color': [0.0, 0.0, 0.0, 1.0], 'show': True, 'force': False, 'slide': None, 'tokens': {}, 'action': 'play'}}
2023-02-25 22:52:10,713 : EventManager : Event: ======'slide_quadshotgun_created'====== Args={}
2023-02-25 22:52:10,715 : EventManager : Event: ======'slide_quadshotgun_active'====== Args={}
2023-02-25 22:52:10,937 : EventManager : Event: ======'machine_var_audits_switches_s_right_flipper'====== Args={'value': 97, 'prev_value': 96, 'change': 1}
2023-02-25 22:52:10,937 : EventManager : Event: ======'slides_play'====== Args={'settings': {'drillchair': {'priority': 400, 'expire': 10.0, 'target': None, 'background_color': [0.0, 0.0, 0.0, 1.0], 'show': True, 'force': False, 'slide': None, 'tokens': {}, 'action': 'play'}}, 'context': 'selection_mode', 'calling_context': 'selection_mode_drillchair_highlighted', 'priority': 100, 'direction': 'backwards'}
2023-02-25 22:52:10,937 : mpfmc : SlidePlayer: Play called with settings={'drillchair': {'priority': 400, 'expire': 10.0, 'target': None, 'background_color': [0.0, 0.0, 0.0, 1.0], 'show': True, 'force': False, 'slide': None, 'tokens': {}, 'action': 'play'}}
2023-02-25 22:52:10,940 : EventManager : Event: ======'slide_drillchair_created'====== Args={}
2023-02-25 22:52:10,943 : EventManager : Event: ======'slide_drillchair_active'====== Args={}
2023-02-25 22:52:11,230 : EventManager : Event: ======'machine_var_audits_switches_s_right_flipper'====== Args={'value': 98, 'prev_value': 97, 'change': 1}
2023-02-25 22:52:11,230 : EventManager : Event: ======'slides_play'====== Args={'settings': {'flammablejelly': {'priority': 400, 'expire': 10.0, 'target': None, 'background_color': [0.0, 0.0, 0.0, 1.0], 'show': True, 'force': False, 'slide': None, 'tokens': {}, 'action': 'play'}}, 'context': 'selection_mode', 'calling_context': 'selection_mode_flammablejelly_highlighted', 'priority': 100, 'direction': 'backwards'}
2023-02-25 22:52:11,231 : mpfmc : SlidePlayer: Play called with settings={'flammablejelly': {'priority': 400, 'expire': 10.0, 'target': None, 'background_color': [0.0, 0.0, 0.0, 1.0], 'show': True, 'force': False, 'slide': None, 'tokens': {}, 'action': 'play'}}
2023-02-25 22:52:11,249 : EventManager : Event: ======'slide_flammablejelly_created'====== Args={}
2023-02-25 22:52:11,257 : EventManager : Event: ======'slide_flammablejelly_active'====== Args={}
2023-02-25 22:52:11,596 : EventManager : Event: ======'machine_var_audits_switches_s_right_flipper'====== Args={'value': 99, 'prev_value': 98, 'change': 1}
2023-02-25 22:52:11,596 : EventManager : Event: ======'slides_play'====== Args={'settings': {'reversebeartrap': {'priority': 400, 'expire': 10.0, 'target': None, 'background_color': [0.0, 0.0, 0.0, 1.0], 'show': True, 'force': False, 'slide': None, 'tokens': {}, 'action': 'play'}}, 'context': 'selection_mode', 'calling_context': 'selection_mode_reversebeartrap_highlighted', 'priority': 100, 'direction': 'backwards'}
2023-02-25 22:52:11,596 : mpfmc : SlidePlayer: Play called with settings={'reversebeartrap': {'priority': 400, 'expire': 10.0, 'target': None, 'background_color': [0.0, 0.0, 0.0, 1.0], 'show': True, 'force': False, 'slide': None, 'tokens': {}, 'action': 'play'}}
2023-02-25 22:52:11,596 : EventManager : Event: ======'slide_reversebeartrap_removed'====== Args={}
2023-02-25 22:52:11,604 : EventManager : Event: ======'slide_reversebeartrap_created'====== Args={}
2023-02-25 22:52:11,609 : EventManager : Event: ======'slide_reversebeartrap_active'====== Args={}
2023-02-25 22:52:12,143 : EventManager : Event: ======'machine_var_audits_switches_s_right_flipper'====== Args={'value': 100, 'prev_value': 99, 'change': 1}
2023-02-25 22:52:12,143 : EventManager : Event: ======'slides_play'====== Args={'settings': {'razorwire': {'priority': 400, 'expire': 10.0, 'target': None, 'background_color': [0.0, 0.0, 0.0, 1.0], 'show': True, 'force': False, 'slide': None, 'tokens': {}, 'action': 'play'}}, 'context': 'selection_mode', 'calling_context': 'selection_mode_razorwire_highlighted', 'priority': 100, 'direction': 'backwards'}
2023-02-25 22:52:12,143 : mpfmc : SlidePlayer: Play called with settings={'razorwire': {'priority': 400, 'expire': 10.0, 'target': None, 'background_color': [0.0, 0.0, 0.0, 1.0], 'show': True, 'force': False, 'slide': None, 'tokens': {}, 'action': 'play'}}
2023-02-25 22:52:12,143 : EventManager : Event: ======'slide_razorwire_removed'====== Args={}
2023-02-25 22:52:12,148 : EventManager : Event: ======'slide_razorwire_created'====== Args={}
2023-02-25 22:52:12,150 : EventManager : Event: ======'slide_razorwire_active'====== Args={}
2023-02-25 22:52:13,259 : EventManager : Event: ======'machine_var_audits_switches_s_start'====== Args={'value': 42, 'prev_value': 41, 'change': 1}
2023-02-25 22:52:13,259 : EventManager : Event: ======'player_razorwire_60s_timer_tick'====== Args={'value': 69, 'prev_value': 0, 'change': 69, 'player_num': 1}
2023-02-25 22:52:13,259 : EventManager : Event: ======'player_added'====== Args={'player': <Player 2>, 'num': 2}
2023-02-25 22:52:13,259 : EventManager : Event: ======'player_index'====== Args={'value': 1, 'prev_value': 1, 'change': 0, 'player_num': 2}
2023-02-25 22:52:13,259 : EventManager : Event: ======'player_number'====== Args={'value': 2, 'prev_value': 2, 'change': 0, 'player_num': 2}
2023-02-25 22:52:13,259 : EventManager : Event: ======'player_score'====== Args={'value': 0, 'prev_value': 0, 'change': 0, 'player_num': 2}
2023-02-25 22:52:13,271 : EventManager : Event: ======'slides_play'====== Args={'settings': {'razorwirevideo': {'priority': 500, 'expire': 8.7, 'target': None, 'background_color': [0.0, 0.0, 0.0, 1.0], 'show': True, 'force': False, 'slide': None, 'tokens': {}, 'action': 'play'}}, 'context': 'razorwire', 'calling_context': 'mode_razorwire_started', 'priority': 100}
2023-02-25 22:52:13,271 : EventManager : Event: ======'sounds_play'====== Args={'settings': {'razorwire': {'action': 'play', 'priority': None, 'block': False, 'delay': None, 'track': None, 'volume': None, 'pan': None, 'loops': None, 'start_at': None, 'fade_in': None, 'fade_out': None, 'about_to_finish_time': -1.0, 'max_queue_time': -1.0, 'events_when_played': ['use_sound_setting'], 'events_when_stopped': ['use_sound_setting'], 'events_when_looping': ['use_sound_setting'], 'events_when_about_to_finish': ['use_sound_setting'], 'mode_end_action': 'use_sound_setting', 'key': 'use_sound_setting'}}, 'context': '_global', 'calling_context': 'mode_razorwire_started', 'priority': 0}
2023-02-25 22:52:13,271 : mpfmc : SlidePlayer: Play called with settings={'razorwirevideo': {'priority': 500, 'expire': 8.7, 'target': None, 'background_color': [0.0, 0.0, 0.0, 1.0], 'show': True, 'force': False, 'slide': None, 'tokens': {}, 'action': 'play'}}
2023-02-25 22:52:13,273 : EventManager : Event: ======'slide_razorwirevideo_created'====== Args={}
2023-02-25 22:52:13,274 : EventManager : Event: ======'slide_razorwirevideo_active'====== Args={}
2023-02-25 22:52:14,275 : EventManager : Event: ======'player_razorwire_60s_timer_tick'====== Args={'value': 68, 'prev_value': 69, 'change': -1, 'player_num': 1}
2023-02-25 22:52:15,280 : EventManager : Event: ======'player_razorwire_60s_timer_tick'====== Args={'value': 67, 'prev_value': 68, 'change': -1, 'player_num': 1}
2023-02-25 22:52:16,282 : EventManager : Event: ======'player_razorwire_60s_timer_tick'====== Args={'value': 66, 'prev_value': 67, 'change': -1, 'player_num': 1}
2023-02-25 22:52:17,282 : EventManager : Event: ======'player_razorwire_60s_timer_tick'====== Args={'value': 65, 'prev_value': 66, 'change': -1, 'player_num': 1}
2023-02-25 22:52:18,278 : EventManager : Event: ======'player_razorwire_60s_timer_tick'====== Args={'value': 64, 'prev_value': 65, 'change': -1, 'player_num': 1}
2023-02-25 22:52:19,265 : EventManager : Event: ======'player_razorwire_60s_timer_tick'====== Args={'value': 63, 'prev_value': 64, 'change': -1, 'player_num': 1}
2023-02-25 22:52:20,268 : EventManager : Event: ======'player_razorwire_60s_timer_tick'====== Args={'value': 62, 'prev_value': 63, 'change': -1, 'player_num': 1}
2023-02-25 22:52:20,376 : EventManager : Event: ======'slide_zeptest_removed'====== Args={}
2023-02-25 22:52:20,704 : EventManager : Event: ======'slide_quadshotgun_removed'====== Args={}
2023-02-25 22:52:20,943 : EventManager : Event: ======'slide_drillchair_removed'====== Args={}
2023-02-25 22:52:21,228 : EventManager : Event: ======'slide_flammablejelly_removed'====== Args={}
2023-02-25 22:52:21,278 : EventManager : Event: ======'player_razorwire_60s_timer_tick'====== Args={'value': 61, 'prev_value': 62, 'change': -1, 'player_num': 1}
2023-02-25 22:52:21,595 : EventManager : Event: ======'slide_reversebeartrap_removed'====== Args={}
2023-02-25 22:52:21,972 : EventManager : Event: ======'slide_razorwirevideo_removed'====== Args={}
2023-02-25 22:52:21,973 : EventManager : Event: ======'slide_razorwire_active'====== Args={}
2023-02-25 22:52:21,985 : mpfmc : SlidePlayer: Play called with settings={'slides': {Spinner1-None-None: {'priority': 400, 'expire': 66.5, 'target': None, 'background_color': [0.0, 0.0, 0.0, 1.0], 'show': True, 'force': False, 'slide': None, 'tokens': {}, 'action': 'play', 'transition': None, 'transition_out': None}}}
2023-02-25 22:52:22,026 : EventManager : Event: ======'slide_Spinner1_created'====== Args={}
2023-02-25 22:52:22,083 : EventManager : Event: ======'slide_Spinner1_active'====== Args={}
2023-02-25 22:52:22,147 : EventManager : Event: ======'slide_razorwire_removed'====== Args={}
2023-02-25 22:52:22,282 : EventManager : Event: ======'player_razorwire_60s_timer_tick'====== Args={'value': 60, 'prev_value': 61, 'change': -1, 'player_num': 1}
2023-02-25 22:52:23,290 : EventManager : Event: ======'player_razorwire_60s_timer_tick'====== Args={'value': 59, 'prev_value': 60, 'change': -1, 'player_num': 1}
2023-02-25 22:52:24,272 : EventManager : Event: ======'player_razorwire_60s_timer_tick'====== Args={'value': 58, 'prev_value': 59, 'change': -1, 'player_num': 1}
2023-02-25 22:52:25,272 : EventManager : Event: ======'player_razorwire_60s_timer_tick'====== Args={'value': 57, 'prev_value': 58, 'change': -1, 'player_num': 1}
2023-02-25 22:52:26,269 : EventManager : Event: ======'player_razorwire_60s_timer_tick'====== Args={'value': 56, 'prev_value': 57, 'change': -1, 'player_num': 1}
2023-02-25 22:52:27,273 : EventManager : Event: ======'player_razorwire_60s_timer_tick'====== Args={'value': 55, 'prev_value': 56, 'change': -1, 'player_num': 1}
2023-02-25 22:52:28,268 : EventManager : Event: ======'player_razorwire_60s_timer_tick'====== Args={'value': 54, 'prev_value': 55, 'change': -1, 'player_num': 1}
2023-02-25 22:52:29,274 : EventManager : Event: ======'player_razorwire_60s_timer_tick'====== Args={'value': 53, 'prev_value': 54, 'change': -1, 'player_num': 1}
2023-02-25 22:52:30,270 : EventManager : Event: ======'player_razorwire_60s_timer_tick'====== Args={'value': 52, 'prev_value': 53, 'change': -1, 'player_num': 1}
2023-02-25 22:52:31,278 : EventManager : Event: ======'player_razorwire_60s_timer_tick'====== Args={'value': 51, 'prev_value': 52, 'change': -1, 'player_num': 1}
2023-02-25 22:52:32,267 : EventManager : Event: ======'player_razorwire_60s_timer_tick'====== Args={'value': 50, 'prev_value': 51, 'change': -1, 'player_num': 1}
2023-02-25 22:52:33,285 : EventManager : Event: ======'player_razorwire_60s_timer_tick'====== Args={'value': 49, 'prev_value': 50, 'change': -1, 'player_num': 1}
2023-02-25 22:52:34,268 : EventManager : Event: ======'player_razorwire_60s_timer_tick'====== Args={'value': 48, 'prev_value': 49, 'change': -1, 'player_num': 1}
2023-02-25 22:52:35,270 : EventManager : Event: ======'player_razorwire_60s_timer_tick'====== Args={'value': 47, 'prev_value': 48, 'change': -1, 'player_num': 1}
2023-02-25 22:52:35,908 : kivy : Base: Leaving application in progress...
2023-02-25 22:52:35,908 : mpfmc : Stopping...
2023-02-25 22:52:35,908 : EventManager : Event: ======'shutdown'====== Args={}
2023-02-25 22:52:35,908 : AudioInterface : Disabling audio playback
2023-02-25 22:52:36,020 : mpfmc : Loop rate 78.3 Hz
2023-02-25 22:52:36,021 : kivy : MC run loop ended.
2023-02-25 22:52:36,021 : kivy : Stopping child threads... (3 remaining)
2023-02-25 22:52:36,265 : mpfmc : Stopping...
2023-02-25 22:52:36,266 : EventManager : Event: ======'shutdown'====== Args={}
2023-02-25 22:52:36,266 : mpfmc : Loop rate 77.79 Hz
2023-02-25 22:52:36,734 : MPF-MC BCP Server : Stopping BCP sending thread
2023-02-25 22:52:36,824 : kivy : All child threads stopped.
