2023-02-05 10:03:37,274 : kivy : Factory: 189 symbols loaded
2023-02-05 10:03:37,424 : kivy : ImageLoaderFFPy: Using ffpyplayer 4.3.5
2023-02-05 10:03:37,424 : kivy : Image: Providers: img_tex, img_dds, img_sdl2, img_pil, img_ffpyplayer 
2023-02-05 10:03:37,473 : kivy : VideoGstplayer: Using Gstreamer 1.18.5.0
2023-02-05 10:03:37,473 : kivy : Video: Provider: gstplayer
2023-02-05 10:03:37,838 : kivy : Loading MPF-MC controller
2023-02-05 10:03:37,843 : YamlMultifileConfigLoader : Machine config file #1: config
2023-02-05 10:03:37,844 : ConfigProcessor : Config file in cache changed: C:\pinball\SAW\config\config
2023-02-05 10:03:37,846 : ConfigProcessor : Loading config from file C:\Users\steel\AppData\Local\Programs\Python\Python39\lib\site-packages\mpfmc\mcconfig.yaml.
2023-02-05 10:03:37,912 : ConfigProcessor : Loading config: C:\Users\steel\AppData\Local\Programs\Python\Python39\lib\site-packages\mpfmc\mcconfig.yaml
2023-02-05 10:03:37,913 : ConfigProcessor : Loading config from file C:\pinball\SAW\config\config.
2023-02-05 10:03:37,982 : ConfigProcessor : Loading config: C:\pinball\SAW\config\config
2023-02-05 10:03:37,985 : ConfigProcessor : Config file cache created: C:\Users\steel\AppData\Local\Temp\785655ce0a6ad62be8f20f2598aadce2.mpf_cache
2023-02-05 10:03:37,987 : ConfigProcessor : Loading config from cache: C:\Users\steel\AppData\Local\Temp\0c159a05f39617a30cc1b279562f144f.mpf_cache
2023-02-05 10:03:37,988 : ConfigProcessor : Loading config from cache: C:\Users\steel\AppData\Local\Temp\a4144dd661fe0832b800e50000db3090.mpf_cache
2023-02-05 10:03:37,990 : ConfigProcessor : Loading config from cache: C:\Users\steel\AppData\Local\Temp\0c159a05f39617a30cc1b279562f144f.mpf_cache
2023-02-05 10:03:37,991 : ConfigProcessor : Loading config from cache: C:\Users\steel\AppData\Local\Temp\c84db42795c08bfb8e4272b3be41e3f4.mpf_cache
2023-02-05 10:03:37,998 : mpfmc : Mission Pinball Framework Media Controller v0.56.0-dev33
2023-02-05 10:03:37,998 : mpfmc : Mission Pinball Framework Game Engine v0.56.0-dev33
2023-02-05 10:03:37,999 : mpfmc : Machine path: C:\pinball\SAW
2023-02-05 10:03:37,999 : mpfmc : Starting clock at 60.0Hz
2023-02-05 10:03:38,024 : kivy : Text: Provider: sdl2
2023-02-05 10:03:38,133 : kivy : Window: Provider: sdl2
2023-02-05 10:03:38,559 : kivy : GL: Using the "OpenGL" graphics system
2023-02-05 10:03:38,562 : kivy : GL: GLEW initialization succeeded
2023-02-05 10:03:38,563 : kivy : GL: Backend used <glew>
2023-02-05 10:03:38,564 : kivy : GL: OpenGL version <b'4.6.0 - Build 31.0.101.2111'>
2023-02-05 10:03:38,564 : kivy : GL: OpenGL vendor <b'Intel'>
2023-02-05 10:03:38,564 : kivy : GL: OpenGL renderer <b'Intel(R) UHD Graphics 630'>
2023-02-05 10:03:38,564 : kivy : GL: OpenGL parsed version: 4, 6
2023-02-05 10:03:38,564 : kivy : GL: Shading version <b'4.60 - Build 31.0.101.2111'>
2023-02-05 10:03:38,565 : kivy : GL: Texture max size <16384>
2023-02-05 10:03:38,565 : kivy : GL: Texture max units <32>
2023-02-05 10:03:38,677 : kivy : Window: auto add sdl2 input provider
2023-02-05 10:03:38,678 : kivy : Window: virtual keyboard not allowed, single mode, not docked
2023-02-05 10:03:38,704 : SoundSystem : SoundSystem: Using default 'sound_system' settings
2023-02-05 10:03:39,506 : AudioInterface : Initialized
2023-02-05 10:03:39,506 : AudioInterface : Loaded SDL 2.0.20
2023-02-05 10:03:39,506 : AudioInterface : Loaded SDL_Mixer 2.0.4
2023-02-05 10:03:39,506 : AudioInterface : Loaded GStreamer 1.18.5.0
2023-02-05 10:03:39,507 : AudioInterface : Loaded GLib 2.62.6
2023-02-05 10:03:39,507 : AudioInterface : Settings requested - rate: 44100, channels: 1, buffer: 2048 samples
2023-02-05 10:03:39,507 : AudioInterface : Settings in use - rate: 44100, channels: 1, buffer: 2048 samples (4096 bytes @ 2 bytes per sample)
2023-02-05 10:03:39,507 : SoundSystem : No audio tracks are specified in your machine config file. a track named 'default' has been created.
2023-02-05 10:03:39,507 : SoundSystem : Setting master volume to 0.0
2023-02-05 10:03:39,507 : SoundSystem : master_volume in sound_system is deprecated and will be removed in the future.
2023-02-05 10:03:39,507 : AudioInterface : Enabling audio playback
2023-02-05 10:03:39,509 : kivy : Base: Start application main loop
2023-02-05 10:03:39,509 : EventManager : Event: ======'display_lcd_initialized'====== Args={}
2023-02-05 10:03:39,523 : mpfmc : Display: Setting 'lcd' as default display
2023-02-05 10:03:39,528 : EventManager : Event: ======'displays_initialized'====== Args={}
2023-02-05 10:03:39,529 : EventManager : Event: ======'slide_lcd_blank_created'====== Args={}
2023-02-05 10:03:39,529 : EventManager : Event: ======'display_lcd_ready'====== Args={}
2023-02-05 10:03:39,542 : EventManager : Event: ======'init_phase_1'====== Args={}
2023-02-05 10:03:39,545 : EventManager : Event: ======'mc_ready'====== Args={}
2023-02-05 10:03:39,545 : EventManager : Event: ======'init_phase_2'====== Args={}
2023-02-05 10:03:39,548 : EventManager : Event: ======'init_phase_3'====== Args={}
2023-02-05 10:03:39,549 : EventManager : Event: ======'init_phase_4'====== Args={}
2023-02-05 10:03:39,550 : EventManager : Event: ======'init_phase_5'====== Args={}
2023-02-05 10:03:39,915 : kivy : GL: NPOT texture support is available
2023-02-05 10:03:40,086 : EventManager : Event: ======'loading_assets'====== Args={'total': 6, 'loaded': 1, 'remaining': 5, 'percent': 17}
2023-02-05 10:03:40,087 : AssetManager : Loading assets: 1/6 (17%)
2023-02-05 10:03:40,096 : kivy : GL: Unpack subimage support is available
2023-02-05 10:03:40,212 : EventManager : Event: ======'loading_assets'====== Args={'total': 6, 'loaded': 6, 'remaining': 0, 'percent': 100}
2023-02-05 10:03:40,212 : AssetManager : Asset loading took: 0.7052469253540039
2023-02-05 10:03:40,212 : EventManager : Event: ======'asset_loading_complete'====== Args={}
2023-02-05 10:03:40,212 : AssetManager : Loading assets: 6/6 (100%)
2023-02-05 10:03:40,212 : EventManager : Event: ======'init_done'====== Args={}
2023-02-05 10:03:40,212 : MPF-MC BCP Server : Starting up on localhost port 5050
2023-02-05 10:03:40,215 : MPF-MC BCP Server : Waiting for a connection...
2023-02-05 10:03:40,216 : EventManager : Event: ======'client_disconnected'====== Args={'host': '127.0.0.1', 'port': 5050}
2023-02-05 10:03:40,594 : MPF-MC BCP Server : Received connection from: 127.0.0.1:56228
2023-02-05 10:03:40,603 : EventManager : Event: ======'client_connected'====== Args={'host': '127.0.0.1', 'port': 56228}
2023-02-05 10:03:40,640 : EventManager : Event: ======'machine_var_credits_string'====== Args={'value': 'FREE PLAY', 'prev_value': None, 'change': True}
2023-02-05 10:03:40,640 : EventManager : Event: ======'machine_var_master_volume'====== Args={'value': 0.5, 'prev_value': None, 'change': True}
2023-02-05 10:03:40,641 : EventManager : Event: ======'machine_var_mpf_version'====== Args={'value': 'MPF v0.56.0-dev33', 'prev_value': None, 'change': True}
2023-02-05 10:03:40,641 : EventManager : Event: ======'machine_var_mpf_extended_version'====== Args={'value': 'MPF v0.56.0-dev33, Config version:5, Show version: 5, BCP version:1.1', 'prev_value': None, 'change': True}
2023-02-05 10:03:40,642 : EventManager : Event: ======'machine_var_python_version'====== Args={'value': '3.9.13', 'prev_value': None, 'change': True}
2023-02-05 10:03:40,642 : EventManager : Event: ======'machine_var_platform'====== Args={'value': 'Windows-10-10.0.19044-SP0', 'prev_value': None, 'change': True}
2023-02-05 10:03:40,642 : EventManager : Event: ======'machine_var_platform_system'====== Args={'value': 'Windows', 'prev_value': None, 'change': True}
2023-02-05 10:03:40,642 : EventManager : Event: ======'machine_var_platform_release'====== Args={'value': '10', 'prev_value': None, 'change': True}
2023-02-05 10:03:40,643 : EventManager : Event: ======'machine_var_platform_version'====== Args={'value': '10.0.19044', 'prev_value': None, 'change': True}
2023-02-05 10:03:40,643 : EventManager : Event: ======'machine_var_platform_machine'====== Args={'value': 'AMD64', 'prev_value': None, 'change': True}
2023-02-05 10:03:40,643 : EventManager : Event: ======'machine_var_mc_version'====== Args={'value': 'MPF-MC v0.56.0-dev33', 'prev_value': None, 'change': True}
2023-02-05 10:03:40,644 : EventManager : Event: ======'machine_var_mc_extended_version'====== Args={'value': 'MPF-MC v0.56.0-dev33 (config_version=5, BCP v1.1, Requires MPF v0.56.0-dev33)', 'prev_value': None, 'change': True}
2023-02-05 10:03:40,644 : SoundSystem : Setting master volume to 0.5
2023-02-05 10:03:40,916 : EventManager : Event: ======'machine_var_audits_events_game_ended'====== Args={'value': 0, 'prev_value': None, 'change': True}
2023-02-05 10:03:40,980 : EventManager : Event: ======'machine_var_audits_events_game_started'====== Args={'value': 6, 'prev_value': None, 'change': True}
2023-02-05 10:03:40,980 : EventManager : Event: ======'machine_var_audits_player_score'====== Args={'value': {'average': 0, 'top': [], 'total': 0}, 'prev_value': None, 'change': True}
2023-02-05 10:03:40,980 : EventManager : Event: ======'machine_var_audits_shots_my_first_shot'====== Args={'value': 57, 'prev_value': None, 'change': True}
2023-02-05 10:03:40,980 : EventManager : Event: ======'machine_var_audits_switches_s_ball_shooter_lane'====== Args={'value': 0, 'prev_value': None, 'change': True}
2023-02-05 10:03:40,980 : EventManager : Event: ======'machine_var_audits_switches_s_eject'====== Args={'value': 0, 'prev_value': None, 'change': True}
2023-02-05 10:03:40,980 : EventManager : Event: ======'machine_var_audits_switches_s_elevator_hold'====== Args={'value': 0, 'prev_value': None, 'change': True}
2023-02-05 10:03:40,980 : EventManager : Event: ======'machine_var_audits_switches_s_enter_left_ramp'====== Args={'value': 0, 'prev_value': None, 'change': True}
2023-02-05 10:03:40,981 : EventManager : Event: ======'machine_var_audits_switches_s_inner_loop'====== Args={'value': 0, 'prev_value': None, 'change': True}
2023-02-05 10:03:40,981 : EventManager : Event: ======'machine_var_audits_switches_s_left_bottom_jet_bumper'====== Args={'value': 0, 'prev_value': None, 'change': True}
2023-02-05 10:03:40,981 : EventManager : Event: ======'machine_var_audits_switches_s_left_cellar'====== Args={'value': 0, 'prev_value': None, 'change': True}
2023-02-05 10:03:40,981 : EventManager : Event: ======'machine_var_audits_switches_s_left_flipper'====== Args={'value': 11, 'prev_value': None, 'change': True}
2023-02-05 10:03:40,981 : EventManager : Event: ======'machine_var_audits_switches_s_left_inlane'====== Args={'value': 57, 'prev_value': None, 'change': True}
2023-02-05 10:03:40,982 : EventManager : Event: ======'machine_var_audits_switches_s_left_lock_1'====== Args={'value': 0, 'prev_value': None, 'change': True}
2023-02-05 10:03:40,982 : EventManager : Event: ======'machine_var_audits_switches_s_left_lock_2'====== Args={'value': 0, 'prev_value': None, 'change': True}
2023-02-05 10:03:40,982 : EventManager : Event: ======'machine_var_audits_switches_s_left_lock_3'====== Args={'value': 0, 'prev_value': None, 'change': True}
2023-02-05 10:03:40,982 : EventManager : Event: ======'machine_var_audits_switches_s_left_loop_bottom'====== Args={'value': 0, 'prev_value': None, 'change': True}
2023-02-05 10:03:40,982 : EventManager : Event: ======'machine_var_audits_switches_s_left_loop_top'====== Args={'value': 0, 'prev_value': None, 'change': True}
2023-02-05 10:03:40,982 : EventManager : Event: ======'machine_var_audits_switches_s_left_outlane'====== Args={'value': 0, 'prev_value': None, 'change': True}
2023-02-05 10:03:40,982 : EventManager : Event: ======'machine_var_audits_switches_s_left_ramp_score_bottom'====== Args={'value': 0, 'prev_value': None, 'change': True}
2023-02-05 10:03:40,983 : EventManager : Event: ======'machine_var_audits_switches_s_left_ramp_score_top'====== Args={'value': 0, 'prev_value': None, 'change': True}
2023-02-05 10:03:40,983 : EventManager : Event: ======'machine_var_audits_switches_s_left_slingshot'====== Args={'value': 0, 'prev_value': None, 'change': True}
2023-02-05 10:03:40,983 : EventManager : Event: ======'machine_var_audits_switches_s_left_standup'====== Args={'value': 0, 'prev_value': None, 'change': True}
2023-02-05 10:03:40,983 : EventManager : Event: ======'machine_var_audits_switches_s_left_standup_right_ramp'====== Args={'value': 0, 'prev_value': None, 'change': True}
2023-02-05 10:03:40,983 : EventManager : Event: ======'machine_var_audits_switches_s_left_top_jet_bumper'====== Args={'value': 0, 'prev_value': None, 'change': True}
2023-02-05 10:03:40,983 : EventManager : Event: ======'machine_var_audits_switches_s_lower_bank_drop_target_opto_lower'====== Args={'value': 0, 'prev_value': None, 'change': True}
2023-02-05 10:03:40,984 : EventManager : Event: ======'machine_var_audits_switches_s_lower_bank_drop_target_opto_middle'====== Args={'value': 0, 'prev_value': None, 'change': True}
2023-02-05 10:03:40,984 : EventManager : Event: ======'machine_var_audits_switches_s_lower_bank_drop_target_opto_upper'====== Args={'value': 0, 'prev_value': None, 'change': True}
2023-02-05 10:03:40,984 : EventManager : Event: ======'machine_var_audits_switches_s_lower_top_jet_bumper'====== Args={'value': 0, 'prev_value': None, 'change': True}
2023-02-05 10:03:40,984 : EventManager : Event: ======'machine_var_audits_switches_s_middle_standup'====== Args={'value': 0, 'prev_value': None, 'change': True}
2023-02-05 10:03:40,984 : EventManager : Event: ======'machine_var_audits_switches_s_outhole'====== Args={'value': 0, 'prev_value': None, 'change': True}
2023-02-05 10:03:40,985 : EventManager : Event: ======'machine_var_audits_switches_s_plumb_bob_tilt'====== Args={'value': 0, 'prev_value': None, 'change': True}
2023-02-05 10:03:40,985 : EventManager : Event: ======'machine_var_audits_switches_s_plunger'====== Args={'value': 0, 'prev_value': None, 'change': True}
2023-02-05 10:03:40,985 : EventManager : Event: ======'machine_var_audits_switches_s_right_bottom_jet_bumper'====== Args={'value': 0, 'prev_value': None, 'change': True}
2023-02-05 10:03:40,985 : EventManager : Event: ======'machine_var_audits_switches_s_right_cellar'====== Args={'value': 0, 'prev_value': None, 'change': True}
2023-02-05 10:03:40,985 : EventManager : Event: ======'machine_var_audits_switches_s_right_flipper'====== Args={'value': 0, 'prev_value': None, 'change': True}
2023-02-05 10:03:40,985 : EventManager : Event: ======'machine_var_audits_switches_s_right_inlane'====== Args={'value': 0, 'prev_value': None, 'change': True}
2023-02-05 10:03:40,985 : EventManager : Event: ======'machine_var_audits_switches_s_right_loop_bottom'====== Args={'value': 0, 'prev_value': None, 'change': True}
2023-02-05 10:03:40,986 : EventManager : Event: ======'machine_var_audits_switches_s_right_loop_top'====== Args={'value': 0, 'prev_value': None, 'change': True}
2023-02-05 10:03:40,986 : EventManager : Event: ======'machine_var_audits_switches_s_right_outlane'====== Args={'value': 0, 'prev_value': None, 'change': True}
2023-02-05 10:03:40,986 : EventManager : Event: ======'machine_var_audits_switches_s_right_ramp_down'====== Args={'value': 0, 'prev_value': None, 'change': True}
2023-02-05 10:03:40,986 : EventManager : Event: ======'machine_var_audits_switches_s_right_ramp_score_bottom'====== Args={'value': 0, 'prev_value': None, 'change': True}
2023-02-05 10:03:40,986 : EventManager : Event: ======'machine_var_audits_switches_s_right_ramp_score_top'====== Args={'value': 0, 'prev_value': None, 'change': True}
2023-02-05 10:03:40,986 : EventManager : Event: ======'machine_var_audits_switches_s_right_slingshot'====== Args={'value': 0, 'prev_value': None, 'change': True}
2023-02-05 10:03:40,987 : EventManager : Event: ======'machine_var_audits_switches_s_right_standup'====== Args={'value': 0, 'prev_value': None, 'change': True}
2023-02-05 10:03:40,987 : EventManager : Event: ======'machine_var_audits_switches_s_right_standup_right_ramp'====== Args={'value': 0, 'prev_value': None, 'change': True}
2023-02-05 10:03:40,987 : EventManager : Event: ======'machine_var_audits_switches_s_right_top_jet_bumper'====== Args={'value': 0, 'prev_value': None, 'change': True}
2023-02-05 10:03:40,987 : EventManager : Event: ======'machine_var_audits_switches_s_spinner'====== Args={'value': 0, 'prev_value': None, 'change': True}
2023-02-05 10:03:40,987 : EventManager : Event: ======'machine_var_audits_switches_s_start'====== Args={'value': 6, 'prev_value': None, 'change': True}
2023-02-05 10:03:40,988 : EventManager : Event: ======'machine_var_audits_switches_s_top_right_reject'====== Args={'value': 0, 'prev_value': None, 'change': True}
2023-02-05 10:03:40,988 : EventManager : Event: ======'machine_var_audits_switches_s_trough1'====== Args={'value': 5, 'prev_value': None, 'change': True}
2023-02-05 10:03:40,988 : EventManager : Event: ======'machine_var_audits_switches_s_trough2'====== Args={'value': 2, 'prev_value': None, 'change': True}
2023-02-05 10:03:40,988 : EventManager : Event: ======'machine_var_audits_switches_s_trough3'====== Args={'value': 2, 'prev_value': None, 'change': True}
2023-02-05 10:03:40,988 : EventManager : Event: ======'machine_var_audits_switches_s_trough_jam'====== Args={'value': 0, 'prev_value': None, 'change': True}
2023-02-05 10:03:40,988 : EventManager : Event: ======'machine_var_audits_switches_s_upper_bank_drop_target_opto'====== Args={'value': 0, 'prev_value': None, 'change': True}
2023-02-05 10:03:40,989 : EventManager : Event: ======'machine_var_audits_switches_s_upper_bottom_jet_bumper'====== Args={'value': 0, 'prev_value': None, 'change': True}
2023-02-05 10:03:40,989 : EventManager : Event: ======'machine_var_audits_switches_s_upper_right_flipper'====== Args={'value': 0, 'prev_value': None, 'change': True}
2023-02-05 10:03:41,041 : EventManager : Event: ======'mc_reset_phase_1'====== Args={}
2023-02-05 10:03:41,041 : EventManager : Event: ======'mc_reset_phase_2'====== Args={}
2023-02-05 10:03:41,042 : EventManager : Event: ======'mc_reset_phase_3'====== Args={}
2023-02-05 10:03:41,042 : EventManager : Event: ======'mc_reset_complete'====== Args={}
2023-02-05 10:03:41,054 : EventManager : Event: ======'slides_play'====== Args={'settings': {'slide1': {'widgets': [{'type': 'image', 'image': 'twisted_pictures', 'expire': 2.6, '_default_settings': ['type', 'image', 'expire'], 'x': None, 'y': None, 'anchor_x': 'center', 'anchor_y': 'center', 'round_anchor_x': None, 'round_anchor_y': None, 'opacity': 1.0, 'z': 0, 'reset_animations_events': {}, 'color': [1.0, 1.0, 1.0, 1.0], 'style': [], 'adjust_top': 0, 'adjust_bottom': 0, 'adjust_left': 0, 'adjust_right': 0, 'key': None, 'widget': None, 'events_when_added': [], 'events_when_removed': [], 'fps': 10, 'loops': -1, 'auto_play': True, 'start_frame': 0, 'rotation': 0, 'scale': 1.0, 'animations': None}], 'target': None, 'background_color': [0.0, 0.0, 0.0, 1.0], 'priority': None, 'show': True, 'force': False, 'expire': None, 'slide': None, 'tokens': {}, 'action': 'play'}}, 'context': 'show_1', 'calling_context': 0, 'priority': 10, 'show_tokens': {}, 'start_time': 112744.828}
2023-02-05 10:03:41,055 : mpfmc : SlidePlayer: Play called with settings={'slide1': {'widgets': [{'type': 'image', 'image': 'twisted_pictures', 'expire': 2.6, '_default_settings': ['type', 'image', 'expire'], 'x': None, 'y': None, 'anchor_x': 'center', 'anchor_y': 'center', 'round_anchor_x': None, 'round_anchor_y': None, 'opacity': 1.0, 'z': 0, 'reset_animations_events': {}, 'color': [1.0, 1.0, 1.0, 1.0], 'style': [], 'adjust_top': 0, 'adjust_bottom': 0, 'adjust_left': 0, 'adjust_right': 0, 'key': None, 'widget': None, 'events_when_added': [], 'events_when_removed': [], 'fps': 10, 'loops': -1, 'auto_play': True, 'start_frame': 0, 'rotation': 0, 'scale': 1.0, 'animations': None}], 'target': None, 'background_color': [0.0, 0.0, 0.0, 1.0], 'priority': None, 'show': True, 'force': False, 'expire': None, 'slide': None, 'tokens': {}, 'action': 'play'}}
2023-02-05 10:03:41,060 : EventManager : Event: ======'slide_slide1_created'====== Args={}
2023-02-05 10:03:41,061 : EventManager : Event: ======'slide_slide1_active'====== Args={}
2023-02-05 10:03:41,790 : EventManager : Event: ======'game_started'====== Args={}
2023-02-05 10:03:41,814 : EventManager : Event: ======'slides_clear'====== Args={'context': 'show_1'}
2023-02-05 10:03:41,814 : EventManager : Event: ======'player_added'====== Args={'player': <Player 1>, 'num': 1}
2023-02-05 10:03:41,815 : EventManager : Event: ======'player_index'====== Args={'value': 0, 'prev_value': 0, 'change': 0, 'player_num': 1}
2023-02-05 10:03:41,815 : EventManager : Event: ======'player_number'====== Args={'value': 1, 'prev_value': 1, 'change': 0, 'player_num': 1}
2023-02-05 10:03:41,815 : EventManager : Event: ======'player_score'====== Args={'value': 0, 'prev_value': 0, 'change': 0, 'player_num': 1}
2023-02-05 10:03:41,816 : EventManager : Event: ======'slide_slide1_removed'====== Args={}
2023-02-05 10:03:41,817 : EventManager : Event: ======'slide_lcd_blank_active'====== Args={}
2023-02-05 10:03:41,889 : EventManager : Event: ======'player_ball'====== Args={'value': 1, 'prev_value': 0, 'change': 1, 'player_num': 1}
2023-02-05 10:03:41,889 : EventManager : Event: ======'player_turn_start'====== Args={'number': 1, 'player': <Player 1>}
2023-02-05 10:03:41,902 : EventManager : Event: ======'player_shot_my_first_shot_enabled'====== Args={'value': True, 'prev_value': 0, 'change': 1, 'player_num': 1}
2023-02-05 10:03:41,914 : EventManager : Event: ======'slides_play'====== Args={'settings': {'widgets': {'widgets': [{'type': 'text', 'text': '(score)', 'number_grouping': True, 'min_digits': 2, 'font_size': 100, '_default_settings': ['type', 'text', 'number_grouping', 'min_digits', 'font_size'], 'x': None, 'y': None, 'anchor_x': 'center', 'anchor_y': 'center', 'round_anchor_x': None, 'round_anchor_y': None, 'opacity': 1.0, 'z': 0, 'reset_animations_events': {}, 'color': [1.0, 1.0, 1.0, 1.0], 'style': [], 'adjust_top': 0, 'adjust_bottom': 0, 'adjust_left': 0, 'adjust_right': 0, 'expire': None, 'key': None, 'widget': None, 'events_when_added': [], 'events_when_removed': [], 'bitmap_font': False, 'font_kerning': True, 'bold': False, 'italic': False, 'halign': 'center', 'valign': 'middle', 'rotation': 0, 'scale': 1.0, 'casing': None, 'animations': None}, {'type': 'text', 'font_name': 'TrajanProRegular', 'text': 'PLAYER (number)', 'y': '10', 'x': '10', 'font_size': 50, 'anchor_x': 'left', 'anchor_y': 'bottom', '_default_settings': ['type', 'font_name', 'text', 'y', 'x', 'font_size', 'anchor_x', 'anchor_y'], 'round_anchor_x': None, 'round_anchor_y': None, 'opacity': 1.0, 'z': 0, 'reset_animations_events': {}, 'color': [1.0, 1.0, 1.0, 1.0], 'style': [], 'adjust_top': 0, 'adjust_bottom': 0, 'adjust_left': 0, 'adjust_right': 0, 'expire': None, 'key': None, 'widget': None, 'events_when_added': [], 'events_when_removed': [], 'bitmap_font': False, 'font_kerning': True, 'bold': False, 'italic': False, 'number_grouping': False, 'min_digits': 0, 'halign': 'center', 'valign': 'middle', 'rotation': 0, 'scale': 1.0, 'casing': None, 'animations': None}, {'type': 'text', 'text': 'BALL (ball)', 'font_name': 'TrajanProRegular', 'y': '10', 'x': 'right-10', 'anchor_x': 'right', 'anchor_y': 'bottom', 'font_size': 50, '_default_settings': ['type', 'text', 'font_name', 'y', 'x', 'anchor_x', 'anchor_y', 'font_size'], 'round_anchor_x': None, 'round_anchor_y': None, 'opacity': 1.0, 'z': 0, 'reset_animations_events': {}, 'color': [1.0, 1.0, 1.0, 1.0], 'style': [], 'adjust_top': 0, 'adjust_bottom': 0, 'adjust_left': 0, 'adjust_right': 0, 'expire': None, 'key': None, 'widget': None, 'events_when_added': [], 'events_when_removed': [], 'bitmap_font': False, 'font_kerning': True, 'bold': False, 'italic': False, 'number_grouping': False, 'min_digits': 0, 'halign': 'center', 'valign': 'middle', 'rotation': 0, 'scale': 1.0, 'casing': None, 'animations': None}, {'type': 'text', 'font_name': 'TrajanProRegular', 'text': 'Current Score:', 'font_size': 70, 'y': '40%', '_default_settings': ['type', 'font_name', 'text', 'font_size', 'y'], 'x': None, 'anchor_x': 'center', 'anchor_y': 'center', 'round_anchor_x': None, 'round_anchor_y': None, 'opacity': 1.0, 'z': 0, 'reset_animations_events': {}, 'color': [1.0, 1.0, 1.0, 1.0], 'style': [], 'adjust_top': 0, 'adjust_bottom': 0, 'adjust_left': 0, 'adjust_right': 0, 'expire': None, 'key': None, 'widget': None, 'events_when_added': [], 'events_when_removed': [], 'bitmap_font': False, 'font_kerning': True, 'bold': False, 'italic': False, 'number_grouping': False, 'min_digits': 0, 'halign': 'center', 'valign': 'middle', 'rotation': 0, 'scale': 1.0, 'casing': None, 'animations': None}], 'target': None, 'background_color': [0.0, 0.0, 0.0, 1.0], 'priority': None, 'show': True, 'force': False, 'expire': None, 'slide': None, 'tokens': {}, 'action': 'play'}}, 'context': 'base', 'calling_context': 'mode_base_started', 'priority': 100, 'queue': '<QueuedEvent>', 'player': 1, 'ball': 1, 'balls_remaining': 2, 'is_extra_ball': False}
2023-02-05 10:03:41,915 : mpfmc : SlidePlayer: Play called with settings={'widgets': {'widgets': [{'type': 'text', 'text': '(score)', 'number_grouping': True, 'min_digits': 2, 'font_size': 100, '_default_settings': ['type', 'text', 'number_grouping', 'min_digits', 'font_size'], 'x': None, 'y': None, 'anchor_x': 'center', 'anchor_y': 'center', 'round_anchor_x': None, 'round_anchor_y': None, 'opacity': 1.0, 'z': 0, 'reset_animations_events': {}, 'color': [1.0, 1.0, 1.0, 1.0], 'style': [], 'adjust_top': 0, 'adjust_bottom': 0, 'adjust_left': 0, 'adjust_right': 0, 'expire': None, 'key': None, 'widget': None, 'events_when_added': [], 'events_when_removed': [], 'bitmap_font': False, 'font_kerning': True, 'bold': False, 'italic': False, 'halign': 'center', 'valign': 'middle', 'rotation': 0, 'scale': 1.0, 'casing': None, 'animations': None}, {'type': 'text', 'font_name': 'TrajanProRegular', 'text': 'PLAYER (number)', 'y': '10', 'x': '10', 'font_size': 50, 'anchor_x': 'left', 'anchor_y': 'bottom', '_default_settings': ['type', 'font_name', 'text', 'y', 'x', 'font_size', 'anchor_x', 'anchor_y'], 'round_anchor_x': None, 'round_anchor_y': None, 'opacity': 1.0, 'z': 0, 'reset_animations_events': {}, 'color': [1.0, 1.0, 1.0, 1.0], 'style': [], 'adjust_top': 0, 'adjust_bottom': 0, 'adjust_left': 0, 'adjust_right': 0, 'expire': None, 'key': None, 'widget': None, 'events_when_added': [], 'events_when_removed': [], 'bitmap_font': False, 'font_kerning': True, 'bold': False, 'italic': False, 'number_grouping': False, 'min_digits': 0, 'halign': 'center', 'valign': 'middle', 'rotation': 0, 'scale': 1.0, 'casing': None, 'animations': None}, {'type': 'text', 'text': 'BALL (ball)', 'font_name': 'TrajanProRegular', 'y': '10', 'x': 'right-10', 'anchor_x': 'right', 'anchor_y': 'bottom', 'font_size': 50, '_default_settings': ['type', 'text', 'font_name', 'y', 'x', 'anchor_x', 'anchor_y', 'font_size'], 'round_anchor_x': None, 'round_anchor_y': None, 'opacity': 1.0, 'z': 0, 'reset_animations_events': {}, 'color': [1.0, 1.0, 1.0, 1.0], 'style': [], 'adjust_top': 0, 'adjust_bottom': 0, 'adjust_left': 0, 'adjust_right': 0, 'expire': None, 'key': None, 'widget': None, 'events_when_added': [], 'events_when_removed': [], 'bitmap_font': False, 'font_kerning': True, 'bold': False, 'italic': False, 'number_grouping': False, 'min_digits': 0, 'halign': 'center', 'valign': 'middle', 'rotation': 0, 'scale': 1.0, 'casing': None, 'animations': None}, {'type': 'text', 'font_name': 'TrajanProRegular', 'text': 'Current Score:', 'font_size': 70, 'y': '40%', '_default_settings': ['type', 'font_name', 'text', 'font_size', 'y'], 'x': None, 'anchor_x': 'center', 'anchor_y': 'center', 'round_anchor_x': None, 'round_anchor_y': None, 'opacity': 1.0, 'z': 0, 'reset_animations_events': {}, 'color': [1.0, 1.0, 1.0, 1.0], 'style': [], 'adjust_top': 0, 'adjust_bottom': 0, 'adjust_left': 0, 'adjust_right': 0, 'expire': None, 'key': None, 'widget': None, 'events_when_added': [], 'events_when_removed': [], 'bitmap_font': False, 'font_kerning': True, 'bold': False, 'italic': False, 'number_grouping': False, 'min_digits': 0, 'halign': 'center', 'valign': 'middle', 'rotation': 0, 'scale': 1.0, 'casing': None, 'animations': None}], 'target': None, 'background_color': [0.0, 0.0, 0.0, 1.0], 'priority': None, 'show': True, 'force': False, 'expire': None, 'slide': None, 'tokens': {}, 'action': 'play'}}
2023-02-05 10:03:41,955 : EventManager : Event: ======'slide_base.slide_player-mode_base_started_created'====== Args={}
2023-02-05 10:03:41,966 : EventManager : Event: ======'slide_base.slide_player-mode_base_started_active'====== Args={}
2023-02-05 10:03:42,230 : EventManager : Event: ======'machine_var_audits_switches_s_left_inlane'====== Args={'value': 58, 'prev_value': 57, 'change': 1}
2023-02-05 10:03:42,242 : EventManager : Event: ======'player_shot_my_first_shot'====== Args={'value': 1, 'prev_value': 0, 'change': 1, 'player_num': 1}
2023-02-05 10:03:42,242 : EventManager : Event: ======'machine_var_audits_shots_my_first_shot'====== Args={'value': 58, 'prev_value': 57, 'change': 1}
2023-02-05 10:03:42,243 : EventManager : Event: ======'player_score'====== Args={'value': 100, 'prev_value': 0, 'change': 100, 'player_num': 1}
2023-02-05 10:03:42,550 : EventManager : Event: ======'machine_var_audits_switches_s_left_inlane'====== Args={'value': 59, 'prev_value': 58, 'change': 1}
2023-02-05 10:03:42,562 : EventManager : Event: ======'player_shot_my_first_shot'====== Args={'value': 2, 'prev_value': 1, 'change': 1, 'player_num': 1}
2023-02-05 10:03:42,562 : EventManager : Event: ======'machine_var_audits_shots_my_first_shot'====== Args={'value': 59, 'prev_value': 58, 'change': 1}
2023-02-05 10:03:42,563 : EventManager : Event: ======'player_score'====== Args={'value': 1100, 'prev_value': 100, 'change': 1000, 'player_num': 1}
2023-02-05 10:03:42,696 : EventManager : Event: ======'machine_var_audits_switches_s_left_inlane'====== Args={'value': 60, 'prev_value': 59, 'change': 1}
2023-02-05 10:03:42,696 : EventManager : Event: ======'player_shot_my_first_shot'====== Args={'value': 0, 'prev_value': 2, 'change': -2, 'player_num': 1}
2023-02-05 10:03:42,697 : EventManager : Event: ======'machine_var_audits_shots_my_first_shot'====== Args={'value': 60, 'prev_value': 59, 'change': 1}
2023-02-05 10:03:42,881 : EventManager : Event: ======'machine_var_audits_switches_s_left_inlane'====== Args={'value': 61, 'prev_value': 60, 'change': 1}
2023-02-05 10:03:42,892 : EventManager : Event: ======'player_shot_my_first_shot'====== Args={'value': 1, 'prev_value': 0, 'change': 1, 'player_num': 1}
2023-02-05 10:03:42,892 : EventManager : Event: ======'machine_var_audits_shots_my_first_shot'====== Args={'value': 61, 'prev_value': 60, 'change': 1}
2023-02-05 10:03:42,893 : EventManager : Event: ======'player_score'====== Args={'value': 1200, 'prev_value': 1100, 'change': 100, 'player_num': 1}
2023-02-05 10:03:43,053 : EventManager : Event: ======'machine_var_audits_switches_s_left_inlane'====== Args={'value': 62, 'prev_value': 61, 'change': 1}
2023-02-05 10:03:43,053 : EventManager : Event: ======'player_shot_my_first_shot'====== Args={'value': 2, 'prev_value': 1, 'change': 1, 'player_num': 1}
2023-02-05 10:03:43,053 : EventManager : Event: ======'machine_var_audits_shots_my_first_shot'====== Args={'value': 62, 'prev_value': 61, 'change': 1}
2023-02-05 10:03:43,054 : EventManager : Event: ======'player_score'====== Args={'value': 2200, 'prev_value': 1200, 'change': 1000, 'player_num': 1}
2023-02-05 10:03:43,202 : EventManager : Event: ======'machine_var_audits_switches_s_left_inlane'====== Args={'value': 63, 'prev_value': 62, 'change': 1}
2023-02-05 10:03:43,202 : EventManager : Event: ======'player_shot_my_first_shot'====== Args={'value': 0, 'prev_value': 2, 'change': -2, 'player_num': 1}
2023-02-05 10:03:43,203 : EventManager : Event: ======'machine_var_audits_shots_my_first_shot'====== Args={'value': 63, 'prev_value': 62, 'change': 1}
2023-02-05 10:03:43,375 : EventManager : Event: ======'machine_var_audits_switches_s_left_inlane'====== Args={'value': 64, 'prev_value': 63, 'change': 1}
2023-02-05 10:03:43,386 : EventManager : Event: ======'player_shot_my_first_shot'====== Args={'value': 1, 'prev_value': 0, 'change': 1, 'player_num': 1}
2023-02-05 10:03:43,386 : EventManager : Event: ======'machine_var_audits_shots_my_first_shot'====== Args={'value': 64, 'prev_value': 63, 'change': 1}
2023-02-05 10:03:43,387 : EventManager : Event: ======'player_score'====== Args={'value': 2300, 'prev_value': 2200, 'change': 100, 'player_num': 1}
2023-02-05 10:03:43,511 : EventManager : Event: ======'machine_var_audits_switches_s_left_inlane'====== Args={'value': 65, 'prev_value': 64, 'change': 1}
2023-02-05 10:03:43,511 : EventManager : Event: ======'player_shot_my_first_shot'====== Args={'value': 2, 'prev_value': 1, 'change': 1, 'player_num': 1}
2023-02-05 10:03:43,512 : EventManager : Event: ======'machine_var_audits_shots_my_first_shot'====== Args={'value': 65, 'prev_value': 64, 'change': 1}
2023-02-05 10:03:43,512 : EventManager : Event: ======'player_score'====== Args={'value': 3300, 'prev_value': 2300, 'change': 1000, 'player_num': 1}
2023-02-05 10:03:43,671 : EventManager : Event: ======'machine_var_audits_switches_s_left_inlane'====== Args={'value': 66, 'prev_value': 65, 'change': 1}
2023-02-05 10:03:43,671 : EventManager : Event: ======'player_shot_my_first_shot'====== Args={'value': 0, 'prev_value': 2, 'change': -2, 'player_num': 1}
2023-02-05 10:03:43,673 : EventManager : Event: ======'machine_var_audits_shots_my_first_shot'====== Args={'value': 66, 'prev_value': 65, 'change': 1}
2023-02-05 10:03:43,822 : EventManager : Event: ======'machine_var_audits_switches_s_left_inlane'====== Args={'value': 67, 'prev_value': 66, 'change': 1}
2023-02-05 10:03:43,822 : EventManager : Event: ======'player_shot_my_first_shot'====== Args={'value': 1, 'prev_value': 0, 'change': 1, 'player_num': 1}
2023-02-05 10:03:43,823 : EventManager : Event: ======'machine_var_audits_shots_my_first_shot'====== Args={'value': 67, 'prev_value': 66, 'change': 1}
2023-02-05 10:03:43,823 : EventManager : Event: ======'player_score'====== Args={'value': 3400, 'prev_value': 3300, 'change': 100, 'player_num': 1}
2023-02-05 10:03:43,983 : EventManager : Event: ======'machine_var_audits_switches_s_left_inlane'====== Args={'value': 68, 'prev_value': 67, 'change': 1}
2023-02-05 10:03:43,983 : EventManager : Event: ======'player_shot_my_first_shot'====== Args={'value': 2, 'prev_value': 1, 'change': 1, 'player_num': 1}
2023-02-05 10:03:43,984 : EventManager : Event: ======'machine_var_audits_shots_my_first_shot'====== Args={'value': 68, 'prev_value': 67, 'change': 1}
2023-02-05 10:03:43,984 : EventManager : Event: ======'player_score'====== Args={'value': 4400, 'prev_value': 3400, 'change': 1000, 'player_num': 1}
2023-02-05 10:03:44,158 : EventManager : Event: ======'machine_var_audits_switches_s_left_inlane'====== Args={'value': 69, 'prev_value': 68, 'change': 1}
2023-02-05 10:03:44,158 : EventManager : Event: ======'player_shot_my_first_shot'====== Args={'value': 0, 'prev_value': 2, 'change': -2, 'player_num': 1}
2023-02-05 10:03:44,159 : EventManager : Event: ======'machine_var_audits_shots_my_first_shot'====== Args={'value': 69, 'prev_value': 68, 'change': 1}
2023-02-05 10:03:44,307 : EventManager : Event: ======'machine_var_audits_switches_s_left_inlane'====== Args={'value': 70, 'prev_value': 69, 'change': 1}
2023-02-05 10:03:44,307 : EventManager : Event: ======'player_shot_my_first_shot'====== Args={'value': 1, 'prev_value': 0, 'change': 1, 'player_num': 1}
2023-02-05 10:03:44,308 : EventManager : Event: ======'machine_var_audits_shots_my_first_shot'====== Args={'value': 70, 'prev_value': 69, 'change': 1}
2023-02-05 10:03:44,308 : EventManager : Event: ======'player_score'====== Args={'value': 4500, 'prev_value': 4400, 'change': 100, 'player_num': 1}
2023-02-05 10:03:44,468 : EventManager : Event: ======'machine_var_audits_switches_s_left_inlane'====== Args={'value': 71, 'prev_value': 70, 'change': 1}
2023-02-05 10:03:44,468 : EventManager : Event: ======'player_shot_my_first_shot'====== Args={'value': 2, 'prev_value': 1, 'change': 1, 'player_num': 1}
2023-02-05 10:03:44,469 : EventManager : Event: ======'machine_var_audits_shots_my_first_shot'====== Args={'value': 71, 'prev_value': 70, 'change': 1}
2023-02-05 10:03:44,470 : EventManager : Event: ======'player_score'====== Args={'value': 5500, 'prev_value': 4500, 'change': 1000, 'player_num': 1}
2023-02-05 10:03:46,291 : kivy : Base: Leaving application in progress...
2023-02-05 10:03:46,291 : mpfmc : Stopping...
2023-02-05 10:03:46,291 : EventManager : Event: ======'shutdown'====== Args={}
2023-02-05 10:03:46,291 : AudioInterface : Disabling audio playback
2023-02-05 10:03:46,423 : mpfmc : Loop rate 73.32 Hz
2023-02-05 10:03:46,423 : kivy : MC run loop ended.
2023-02-05 10:03:46,423 : kivy : Stopping child threads... (3 remaining)
2023-02-05 10:03:47,179 : MPF-MC BCP Server : Stopping BCP sending thread
2023-02-05 10:03:47,183 : mpfmc : Stopping...
2023-02-05 10:03:47,183 : EventManager : Event: ======'shutdown'====== Args={}
2023-02-05 10:03:47,183 : mpfmc : Loop rate 66.07 Hz
2023-02-05 10:03:47,228 : kivy : All child threads stopped.
