2023-02-05 10:03:37,008 : INFO : root : Loading config.
2023-02-05 10:03:37,011 : INFO : YamlMultifileConfigLoader : Machine config file #1: config.yaml
2023-02-05 10:03:37,012 : INFO : ConfigProcessor : Loading config from cache: C:\Users\steel\AppData\Local\Temp\9014108be8bb19792bb5e6c9e9603b65.mpf_cache
2023-02-05 10:03:37,102 : INFO : ConfigProcessor : Loading config from cache: C:\Users\steel\AppData\Local\Temp\0c159a05f39617a30cc1b279562f144f.mpf_cache
2023-02-05 10:03:37,103 : INFO : ConfigProcessor : Loading config from cache: C:\Users\steel\AppData\Local\Temp\a4144dd661fe0832b800e50000db3090.mpf_cache
2023-02-05 10:03:37,104 : INFO : ConfigProcessor : Loading config from cache: C:\Users\steel\AppData\Local\Temp\0c159a05f39617a30cc1b279562f144f.mpf_cache
2023-02-05 10:03:37,105 : WARNING : ConfigProcessor : Config file in cache changed: C:\pinball\SAW\modes\base\config\base.yaml
2023-02-05 10:03:37,105 : INFO : ConfigProcessor : Loading config from file C:\pinball\SAW\modes\base\config\base.yaml.
2023-02-05 10:03:37,113 : INFO : ConfigProcessor : Loading config: C:\pinball\SAW\modes\base\config\base.yaml
2023-02-05 10:03:37,114 : INFO : ConfigProcessor : Config file cache created: C:\Users\steel\AppData\Local\Temp\c84db42795c08bfb8e4272b3be41e3f4.mpf_cache
2023-02-05 10:03:37,115 : INFO : ConfigProcessor : Loading config from cache: C:\Users\steel\AppData\Local\Temp\17aa0c884dad87b4b4047bafdeb78206.mpf_cache
2023-02-05 10:03:37,116 : INFO : ConfigProcessor : Loading config from cache: C:\Users\steel\AppData\Local\Temp\6026628a89ebb09da8c65e4a804bb30f.mpf_cache
2023-02-05 10:03:37,117 : INFO : Machine : Mission Pinball Framework Core Engine v0.56.0-dev33
2023-02-05 10:03:37,117 : INFO : Machine : Command line arguments: {'no_load_cache': False, 'create_config_cache': True, 'bcp': True, 'configfile': ['config.yaml'], 'force_assets_load': False, 'jsonlogging': False, 'logfile': 'logs\\2023-02-05-10-03-37-mpf-MSI.log', 'pause': False, 'production': False, 'text_ui': True, 'loglevel': 15, 'consoleloglevel': 20, 'force_platform': 'virtual', 'syslog_address': None, 'mc_file_name': None, 'no_sound': False}
2023-02-05 10:03:37,117 : INFO : Machine : MPF path: C:\Users\steel\AppData\Local\Programs\Python\Python39\lib\site-packages\mpf
2023-02-05 10:03:37,117 : INFO : Machine : Machine path: C:\pinball\SAW
2023-02-05 10:03:37,117 : INFO : Machine : Platform: win32
2023-02-05 10:03:37,117 : INFO : Machine : Python executable location: C:\Users\steel\AppData\Local\Programs\Python\Python39\python.exe
2023-02-05 10:03:37,117 : INFO : Machine : Python version: 3.9.13 (64-bit)
2023-02-05 10:03:37,119 : INFO : Machine : Initialise MPF.
2023-02-05 10:03:37,430 : INFO : EventManager : Event: ======'machine_var_credits_string'====== Args={'value': 'FREE PLAY', 'prev_value': None, 'change': True}
2023-02-05 10:03:37,490 : INFO : EventManager : Event: ======'machine_var_master_volume'====== Args={'value': 0.5, 'prev_value': None, 'change': True}
2023-02-05 10:03:37,490 : INFO : EventManager : Event: ======'machine_var_mpf_version'====== Args={'value': 'MPF v0.56.0-dev33', 'prev_value': None, 'change': True}
2023-02-05 10:03:37,491 : INFO : EventManager : Event: ======'machine_var_mpf_extended_version'====== Args={'value': 'MPF v0.56.0-dev33, Config version:5, Show version: 5, BCP version:1.1', 'prev_value': None, 'change': True}
2023-02-05 10:03:37,491 : INFO : EventManager : Event: ======'machine_var_python_version'====== Args={'value': '3.9.13', 'prev_value': None, 'change': True}
2023-02-05 10:03:37,505 : INFO : EventManager : Event: ======'machine_var_platform'====== Args={'value': 'Windows-10-10.0.19044-SP0', 'prev_value': None, 'change': True}
2023-02-05 10:03:37,505 : INFO : EventManager : Event: ======'machine_var_platform_system'====== Args={'value': 'Windows', 'prev_value': None, 'change': True}
2023-02-05 10:03:37,505 : INFO : EventManager : Event: ======'machine_var_platform_release'====== Args={'value': '10', 'prev_value': None, 'change': True}
2023-02-05 10:03:37,505 : INFO : EventManager : Event: ======'machine_var_platform_version'====== Args={'value': '10.0.19044', 'prev_value': None, 'change': True}
2023-02-05 10:03:37,505 : INFO : EventManager : Event: ======'machine_var_platform_machine'====== Args={'value': 'AMD64', 'prev_value': None, 'change': True}
2023-02-05 10:03:37,505 : INFO : EventManager : Event: ======'init_phase_1'====== Args={}
2023-02-05 10:03:37,527 : INFO : EventManager : Event: ======'init_phase_2'====== Args={}
2023-02-05 10:03:37,527 : INFO : SwitchController : Found active switch: (1006, <Platform.Virtual>) <switch.s_left_flipper>
2023-02-05 10:03:37,527 : INFO : SwitchController : Found active switch: (1007, <Platform.Virtual>) <switch.s_right_flipper>
2023-02-05 10:03:37,527 : INFO : SwitchController : Found active switch: (1004, <Platform.Virtual>) <switch.s_trough1>
2023-02-05 10:03:37,527 : INFO : SwitchController : Found active switch: (1009, <Platform.Virtual>) <switch.s_trough2>
2023-02-05 10:03:37,527 : INFO : SwitchController : Found active switch: (1010, <Platform.Virtual>) <switch.s_trough3>
2023-02-05 10:03:37,530 : INFO : EventManager : Event: ======'bcp_connection_attempt'====== Args={'name': 'local_display', 'host': 'localhost', 'port': 5050}
2023-02-05 10:03:37,532 : INFO : BCPClientSocket : Connecting BCP to 'local_display' at localhost:5050...
2023-02-05 10:03:40,594 : INFO : BCPClientSocket : Connected BCP to 'local_display' localhost:5050
2023-02-05 10:03:40,596 : INFO : EventManager : Event: ======'bcp_clients_connected'====== Args={}
2023-02-05 10:03:40,628 : INFO : ball_device.bd_trough : BCH: Initial count: 3
2023-02-05 10:03:40,630 : INFO : EventManager : Event: ======'machine_var_mc_version'====== Args={'value': 'MPF-MC v0.56.0-dev33', 'prev_value': None, 'change': True}
2023-02-05 10:03:40,631 : INFO : EventManager : Event: ======'machine_var_mc_extended_version'====== Args={'value': 'MPF-MC v0.56.0-dev33 (config_version=5, BCP v1.1, Requires MPF v0.56.0-dev33)', 'prev_value': None, 'change': True}
2023-02-05 10:03:40,636 : INFO : ball_device.bd_trough : State: idle
2023-02-05 10:03:40,709 : INFO : ball_device.bd_plunger : BCH: Initial count: 0
2023-02-05 10:03:40,711 : INFO : ball_device.bd_plunger : State: idle
2023-02-05 10:03:40,712 : INFO : ball_device.bd_retina_hole : BCH: Initial count: 0
2023-02-05 10:03:40,712 : INFO : ball_device.bd_retina_hole : State: idle
2023-02-05 10:03:40,714 : INFO : ball_device.bd_elevator : BCH: Initial count: 0
2023-02-05 10:03:40,714 : INFO : ball_device.bd_elevator : State: idle
2023-02-05 10:03:40,895 : INFO : EventManager : Event: ======'init_phase_3'====== Args={}
2023-02-05 10:03:40,910 : INFO : EventManager : Event: ======'init_phase_4'====== Args={}
2023-02-05 10:03:40,911 : INFO : BallController : Initial balls found: 3
2023-02-05 10:03:40,914 : INFO : EventManager : Event: ======'machine_var_audits_events_game_ended'====== Args={'value': 0, 'prev_value': None, 'change': True}
2023-02-05 10:03:40,916 : INFO : EventManager : Event: ======'machine_var_audits_events_game_started'====== Args={'value': 6, 'prev_value': None, 'change': True}
2023-02-05 10:03:40,916 : INFO : EventManager : Event: ======'machine_var_audits_player_score'====== Args={'value': {'average': 0, 'top': [], 'total': 0}, 'prev_value': None, 'change': True}
2023-02-05 10:03:40,917 : INFO : EventManager : Event: ======'machine_var_audits_shots_my_first_shot'====== Args={'value': 57, 'prev_value': None, 'change': True}
2023-02-05 10:03:40,918 : INFO : EventManager : Event: ======'machine_var_audits_switches_s_ball_shooter_lane'====== Args={'value': 0, 'prev_value': None, 'change': True}
2023-02-05 10:03:40,918 : INFO : EventManager : Event: ======'machine_var_audits_switches_s_eject'====== Args={'value': 0, 'prev_value': None, 'change': True}
2023-02-05 10:03:40,919 : INFO : EventManager : Event: ======'machine_var_audits_switches_s_elevator_hold'====== Args={'value': 0, 'prev_value': None, 'change': True}
2023-02-05 10:03:40,920 : INFO : EventManager : Event: ======'machine_var_audits_switches_s_enter_left_ramp'====== Args={'value': 0, 'prev_value': None, 'change': True}
2023-02-05 10:03:40,920 : INFO : EventManager : Event: ======'machine_var_audits_switches_s_inner_loop'====== Args={'value': 0, 'prev_value': None, 'change': True}
2023-02-05 10:03:40,921 : INFO : EventManager : Event: ======'machine_var_audits_switches_s_left_bottom_jet_bumper'====== Args={'value': 0, 'prev_value': None, 'change': True}
2023-02-05 10:03:40,921 : INFO : EventManager : Event: ======'machine_var_audits_switches_s_left_cellar'====== Args={'value': 0, 'prev_value': None, 'change': True}
2023-02-05 10:03:40,922 : INFO : EventManager : Event: ======'machine_var_audits_switches_s_left_flipper'====== Args={'value': 11, 'prev_value': None, 'change': True}
2023-02-05 10:03:40,923 : INFO : EventManager : Event: ======'machine_var_audits_switches_s_left_inlane'====== Args={'value': 57, 'prev_value': None, 'change': True}
2023-02-05 10:03:40,923 : INFO : EventManager : Event: ======'machine_var_audits_switches_s_left_lock_1'====== Args={'value': 0, 'prev_value': None, 'change': True}
2023-02-05 10:03:40,924 : INFO : EventManager : Event: ======'machine_var_audits_switches_s_left_lock_2'====== Args={'value': 0, 'prev_value': None, 'change': True}
2023-02-05 10:03:40,924 : INFO : EventManager : Event: ======'machine_var_audits_switches_s_left_lock_3'====== Args={'value': 0, 'prev_value': None, 'change': True}
2023-02-05 10:03:40,925 : INFO : EventManager : Event: ======'machine_var_audits_switches_s_left_loop_bottom'====== Args={'value': 0, 'prev_value': None, 'change': True}
2023-02-05 10:03:40,926 : INFO : EventManager : Event: ======'machine_var_audits_switches_s_left_loop_top'====== Args={'value': 0, 'prev_value': None, 'change': True}
2023-02-05 10:03:40,926 : INFO : EventManager : Event: ======'machine_var_audits_switches_s_left_outlane'====== Args={'value': 0, 'prev_value': None, 'change': True}
2023-02-05 10:03:40,927 : INFO : EventManager : Event: ======'machine_var_audits_switches_s_left_ramp_score_bottom'====== Args={'value': 0, 'prev_value': None, 'change': True}
2023-02-05 10:03:40,927 : INFO : EventManager : Event: ======'machine_var_audits_switches_s_left_ramp_score_top'====== Args={'value': 0, 'prev_value': None, 'change': True}
2023-02-05 10:03:40,928 : INFO : EventManager : Event: ======'machine_var_audits_switches_s_left_slingshot'====== Args={'value': 0, 'prev_value': None, 'change': True}
2023-02-05 10:03:40,929 : INFO : EventManager : Event: ======'machine_var_audits_switches_s_left_standup'====== Args={'value': 0, 'prev_value': None, 'change': True}
2023-02-05 10:03:40,929 : INFO : EventManager : Event: ======'machine_var_audits_switches_s_left_standup_right_ramp'====== Args={'value': 0, 'prev_value': None, 'change': True}
2023-02-05 10:03:40,930 : INFO : EventManager : Event: ======'machine_var_audits_switches_s_left_top_jet_bumper'====== Args={'value': 0, 'prev_value': None, 'change': True}
2023-02-05 10:03:40,931 : INFO : EventManager : Event: ======'machine_var_audits_switches_s_lower_bank_drop_target_opto_lower'====== Args={'value': 0, 'prev_value': None, 'change': True}
2023-02-05 10:03:40,931 : INFO : EventManager : Event: ======'machine_var_audits_switches_s_lower_bank_drop_target_opto_middle'====== Args={'value': 0, 'prev_value': None, 'change': True}
2023-02-05 10:03:40,932 : INFO : EventManager : Event: ======'machine_var_audits_switches_s_lower_bank_drop_target_opto_upper'====== Args={'value': 0, 'prev_value': None, 'change': True}
2023-02-05 10:03:40,932 : INFO : EventManager : Event: ======'machine_var_audits_switches_s_lower_top_jet_bumper'====== Args={'value': 0, 'prev_value': None, 'change': True}
2023-02-05 10:03:40,933 : INFO : EventManager : Event: ======'machine_var_audits_switches_s_middle_standup'====== Args={'value': 0, 'prev_value': None, 'change': True}
2023-02-05 10:03:40,934 : INFO : EventManager : Event: ======'machine_var_audits_switches_s_outhole'====== Args={'value': 0, 'prev_value': None, 'change': True}
2023-02-05 10:03:40,935 : INFO : EventManager : Event: ======'machine_var_audits_switches_s_plumb_bob_tilt'====== Args={'value': 0, 'prev_value': None, 'change': True}
2023-02-05 10:03:40,935 : INFO : EventManager : Event: ======'machine_var_audits_switches_s_plunger'====== Args={'value': 0, 'prev_value': None, 'change': True}
2023-02-05 10:03:40,936 : INFO : EventManager : Event: ======'machine_var_audits_switches_s_right_bottom_jet_bumper'====== Args={'value': 0, 'prev_value': None, 'change': True}
2023-02-05 10:03:40,938 : INFO : EventManager : Event: ======'machine_var_audits_switches_s_right_cellar'====== Args={'value': 0, 'prev_value': None, 'change': True}
2023-02-05 10:03:40,939 : INFO : EventManager : Event: ======'machine_var_audits_switches_s_right_flipper'====== Args={'value': 0, 'prev_value': None, 'change': True}
2023-02-05 10:03:40,940 : INFO : EventManager : Event: ======'machine_var_audits_switches_s_right_inlane'====== Args={'value': 0, 'prev_value': None, 'change': True}
2023-02-05 10:03:40,942 : INFO : EventManager : Event: ======'machine_var_audits_switches_s_right_loop_bottom'====== Args={'value': 0, 'prev_value': None, 'change': True}
2023-02-05 10:03:40,943 : INFO : EventManager : Event: ======'machine_var_audits_switches_s_right_loop_top'====== Args={'value': 0, 'prev_value': None, 'change': True}
2023-02-05 10:03:40,944 : INFO : EventManager : Event: ======'machine_var_audits_switches_s_right_outlane'====== Args={'value': 0, 'prev_value': None, 'change': True}
2023-02-05 10:03:40,946 : INFO : EventManager : Event: ======'machine_var_audits_switches_s_right_ramp_down'====== Args={'value': 0, 'prev_value': None, 'change': True}
2023-02-05 10:03:40,947 : INFO : EventManager : Event: ======'machine_var_audits_switches_s_right_ramp_score_bottom'====== Args={'value': 0, 'prev_value': None, 'change': True}
2023-02-05 10:03:40,948 : INFO : EventManager : Event: ======'machine_var_audits_switches_s_right_ramp_score_top'====== Args={'value': 0, 'prev_value': None, 'change': True}
2023-02-05 10:03:40,949 : INFO : EventManager : Event: ======'machine_var_audits_switches_s_right_slingshot'====== Args={'value': 0, 'prev_value': None, 'change': True}
2023-02-05 10:03:40,950 : INFO : EventManager : Event: ======'machine_var_audits_switches_s_right_standup'====== Args={'value': 0, 'prev_value': None, 'change': True}
2023-02-05 10:03:40,951 : INFO : EventManager : Event: ======'machine_var_audits_switches_s_right_standup_right_ramp'====== Args={'value': 0, 'prev_value': None, 'change': True}
2023-02-05 10:03:40,951 : INFO : EventManager : Event: ======'machine_var_audits_switches_s_right_top_jet_bumper'====== Args={'value': 0, 'prev_value': None, 'change': True}
2023-02-05 10:03:40,952 : INFO : EventManager : Event: ======'machine_var_audits_switches_s_spinner'====== Args={'value': 0, 'prev_value': None, 'change': True}
2023-02-05 10:03:40,954 : INFO : EventManager : Event: ======'machine_var_audits_switches_s_start'====== Args={'value': 6, 'prev_value': None, 'change': True}
2023-02-05 10:03:40,956 : INFO : EventManager : Event: ======'machine_var_audits_switches_s_top_right_reject'====== Args={'value': 0, 'prev_value': None, 'change': True}
2023-02-05 10:03:40,957 : INFO : EventManager : Event: ======'machine_var_audits_switches_s_trough1'====== Args={'value': 5, 'prev_value': None, 'change': True}
2023-02-05 10:03:40,959 : INFO : EventManager : Event: ======'machine_var_audits_switches_s_trough2'====== Args={'value': 2, 'prev_value': None, 'change': True}
2023-02-05 10:03:40,961 : INFO : EventManager : Event: ======'machine_var_audits_switches_s_trough3'====== Args={'value': 2, 'prev_value': None, 'change': True}
2023-02-05 10:03:40,962 : INFO : EventManager : Event: ======'machine_var_audits_switches_s_trough_jam'====== Args={'value': 0, 'prev_value': None, 'change': True}
2023-02-05 10:03:40,964 : INFO : EventManager : Event: ======'machine_var_audits_switches_s_upper_bank_drop_target_opto'====== Args={'value': 0, 'prev_value': None, 'change': True}
2023-02-05 10:03:40,965 : INFO : EventManager : Event: ======'machine_var_audits_switches_s_upper_bottom_jet_bumper'====== Args={'value': 0, 'prev_value': None, 'change': True}
2023-02-05 10:03:40,967 : INFO : EventManager : Event: ======'machine_var_audits_switches_s_upper_right_flipper'====== Args={'value': 0, 'prev_value': None, 'change': True}
2023-02-05 10:03:40,971 : INFO : EventManager : Event: ======'init_phase_5'====== Args={}
2023-02-05 10:03:41,027 : INFO : EventManager : Event: ======'init_done'====== Args={}
2023-02-05 10:03:41,028 : INFO : EventManager : Event: ======'machine_reset_phase_1'====== Args={}
2023-02-05 10:03:41,043 : INFO : EventManager : Event: ======'machine_reset_phase_2'====== Args={}
2023-02-05 10:03:41,044 : INFO : EventManager : Event: ======'machine_reset_phase_3'====== Args={}
2023-02-05 10:03:41,044 : INFO : EventManager : Event: ======'reset_complete'====== Args={}
2023-02-05 10:03:41,045 : INFO : EventManager : Event: ======'mode_attract_will_start'====== Args={}
2023-02-05 10:03:41,048 : INFO : EventManager : Event: ======'mode_attract_starting'====== Args={}
2023-02-05 10:03:41,048 : INFO : Mode.attract : Started. Priority: 10
2023-02-05 10:03:41,048 : INFO : EventManager : Event: ======'modes_active_modes_changed'====== Args={}
2023-02-05 10:03:41,048 : INFO : EventManager : Event: ======'mode_attract_started'====== Args={}
2023-02-05 10:03:41,051 : INFO : EventManager : Event: ======'collecting_balls_complete'====== Args={}
2023-02-05 10:03:41,199 : INFO : EventManager : Event: ======'slide_slide1_created'====== Args={'_from_bcp': True}
2023-02-05 10:03:41,200 : INFO : EventManager : Event: ======'slide_slide1_active'====== Args={'_from_bcp': True}
2023-02-05 10:03:41,225 : INFO : Machine : Starting the main run loop.
2023-02-05 10:03:41,519 : INFO : SwitchController : <<<<<<< 's_left_inlane' active >>>>>>>
2023-02-05 10:03:41,519 : INFO : EventManager : Event: ======'playfield_active'====== Args={}
2023-02-05 10:03:41,519 : INFO : EventManager : Event: ======'unexpected_ball_on_playfield'====== Args={}
2023-02-05 10:03:41,568 : INFO : SwitchController : <<<<<<< 's_left_inlane' inactive >>>>>>>
2023-02-05 10:03:41,717 : INFO : SwitchController : <<<<<<< 's_start' active >>>>>>>
2023-02-05 10:03:41,779 : INFO : SwitchController : <<<<<<< 's_start' inactive >>>>>>>
2023-02-05 10:03:41,779 : INFO : EventManager : Event: ======'request_to_start_game'====== Args={}
2023-02-05 10:03:41,780 : INFO : EventManager : Event: ======'game_start'====== Args={'buttons': [], 'hold_time': 0.062000000005355105}
2023-02-05 10:03:41,780 : INFO : EventManager : Event: ======'mode_game_will_start'====== Args={'buttons': [], 'hold_time': 0.062000000005355105}
2023-02-05 10:03:41,782 : INFO : EventManager : Event: ======'mode_game_starting'====== Args={'buttons': [], 'hold_time': 0.062000000005355105}
2023-02-05 10:03:41,782 : INFO : EventManager : Event: ======'mode_attract_will_stop'====== Args={}
2023-02-05 10:03:41,783 : INFO : EventManager : Event: ======'mode_attract_stopping'====== Args={}
2023-02-05 10:03:41,783 : INFO : Mode.attract : Stopped.
2023-02-05 10:03:41,783 : INFO : EventManager : Event: ======'modes_active_modes_changed'====== Args={}
2023-02-05 10:03:41,784 : INFO : EventManager : Event: ======'mode_attract_stopped'====== Args={}
2023-02-05 10:03:41,784 : INFO : EventManager : Event: ======'clear'====== Args={'key': 'attract'}
2023-02-05 10:03:41,785 : INFO : Mode.game : Started. Priority: 20
2023-02-05 10:03:41,785 : INFO : EventManager : Event: ======'modes_active_modes_changed'====== Args={}
2023-02-05 10:03:41,785 : INFO : EventManager : Event: ======'mode_game_started'====== Args={'buttons': [], 'hold_time': 0.062000000005355105}
2023-02-05 10:03:41,808 : INFO : EventManager : Event: ======'game_will_start'====== Args={}
2023-02-05 10:03:41,808 : INFO : EventManager : Event: ======'game_starting'====== Args={'game': <Mode.game>}
2023-02-05 10:03:41,810 : INFO : EventManager : Event: ======'player_add_request'====== Args={}
2023-02-05 10:03:41,810 : INFO : EventManager : Event: ======'player_will_add'====== Args={'number': 1}
2023-02-05 10:03:41,811 : INFO : EventManager : Event: ======'player_adding'====== Args={'player': <Player 1>, 'number': 1}
2023-02-05 10:03:41,811 : INFO : EventManager : Event: ======'player_added'====== Args={'player': <Player 1>, 'num': 1}
2023-02-05 10:03:41,812 : INFO : Mode.game : Player added successfully. Total players: 1
2023-02-05 10:03:41,813 : INFO : EventManager : Event: ======'player_index'====== Args={'value': 0, 'prev_value': 0, 'change': 0, 'player_num': 1}
2023-02-05 10:03:41,814 : INFO : EventManager : Event: ======'player_number'====== Args={'value': 1, 'prev_value': 1, 'change': 0, 'player_num': 1}
2023-02-05 10:03:41,814 : INFO : EventManager : Event: ======'player_score'====== Args={'value': 0, 'prev_value': 0, 'change': 0, 'player_num': 1}
2023-02-05 10:03:41,816 : INFO : EventManager : Event: ======'game_started'====== Args={}
2023-02-05 10:03:41,875 : INFO : EventManager : Event: ======'player_turn_will_start'====== Args={'player': <Player 1>, 'number': 1}
2023-02-05 10:03:41,876 : INFO : EventManager : Event: ======'slide_slide1_removed'====== Args={'_from_bcp': True}
2023-02-05 10:03:41,877 : INFO : EventManager : Event: ======'slide_lcd_blank_active'====== Args={'_from_bcp': True}
2023-02-05 10:03:41,877 : INFO : EventManager : Event: ======'player_turn_starting'====== Args={'player': <Player 1>, 'number': 1}
2023-02-05 10:03:41,878 : INFO : EventManager : Event: ======'player_ball'====== Args={'value': 1, 'prev_value': 0, 'change': 1, 'player_num': 1}
2023-02-05 10:03:41,880 : INFO : EventManager : Event: ======'player_turn_started'====== Args={'player': <Player 1>, 'number': 1}
2023-02-05 10:03:41,882 : INFO : EventManager : Event: ======'ball_will_start'====== Args={'player': 1, 'ball': 1, 'balls_remaining': 2, 'is_extra_ball': False}
2023-02-05 10:03:41,895 : INFO : EventManager : Event: ======'ball_starting'====== Args={'player': 1, 'ball': 1, 'balls_remaining': 2, 'is_extra_ball': False}
2023-02-05 10:03:41,896 : INFO : EventManager : Event: ======'mode_base_will_start'====== Args={'queue': <QueuedEvent>, 'player': 1, 'ball': 1, 'balls_remaining': 2, 'is_extra_ball': False}
2023-02-05 10:03:41,896 : INFO : EventManager : Event: ======'player_shot_my_first_shot_enabled'====== Args={'value': True, 'prev_value': 0, 'change': 1, 'player_num': 1}
2023-02-05 10:03:41,900 : INFO : EventManager : Event: ======'mode_base_starting'====== Args={'queue': <QueuedEvent>, 'player': 1, 'ball': 1, 'balls_remaining': 2, 'is_extra_ball': False}
2023-02-05 10:03:41,901 : INFO : Mode.base : Started. Priority: 100
2023-02-05 10:03:41,901 : INFO : EventManager : Event: ======'modes_active_modes_changed'====== Args={}
2023-02-05 10:03:41,902 : INFO : EventManager : Event: ======'mode_base_started'====== Args={'queue': <QueuedEvent>, 'player': 1, 'ball': 1, 'balls_remaining': 2, 'is_extra_ball': False}
2023-02-05 10:03:41,903 : INFO : EventManager : Event: ======'balls_in_play'====== Args={'balls': 1}
2023-02-05 10:03:41,903 : INFO : EventManager : Event: ======'ball_started'====== Args={'player': 1, 'ball': 1, 'balls_remaining': 2, 'is_extra_ball': False}
2023-02-05 10:03:42,005 : INFO : EventManager : Event: ======'single_player_ball_started'====== Args={}
2023-02-05 10:03:42,007 : INFO : EventManager : Event: ======'slide_base.slide_player-mode_base_started_created'====== Args={'_from_bcp': True}
2023-02-05 10:03:42,007 : INFO : EventManager : Event: ======'slide_base.slide_player-mode_base_started_active'====== Args={'_from_bcp': True}
2023-02-05 10:03:42,007 : INFO : EventManager : Event: ======'ball_start_target'====== Args={'target': 'playfield'}
2023-02-05 10:03:42,007 : INFO : ball_device.bd_plunger : Setting up player-controlled eject. Balls: 1, Target: <playfield.playfield>, player_controlled_eject_event: None
2023-02-05 10:03:42,008 : INFO : EventManager : Event: ======'balldevice_balls_available'====== Args={}
2023-02-05 10:03:42,009 : INFO : ball_device.bd_trough : State: waiting_for_target_ready
2023-02-05 10:03:42,009 : INFO : EventManager : Event: ======'balldevice_bd_trough_ball_eject_attempt'====== Args={'balls': 1, 'target': <ball_device.bd_plunger>, 'source': <ball_device.bd_trough>, 'mechanical_eject': True, 'num_attempts': 0}
2023-02-05 10:03:42,009 : INFO : ball_device.bd_plunger : State: waiting_for_ball
2023-02-05 10:03:42,010 : INFO : ball_device.bd_trough : State: ejecting
2023-02-05 10:03:42,010 : INFO : ball_device.bd_trough : Ejecting ball to <ball_device.bd_plunger>
2023-02-05 10:03:42,010 : INFO : EventManager : Event: ======'balldevice_bd_trough_ejecting_ball'====== Args={'balls': 1, 'target': <ball_device.bd_plunger>, 'source': <ball_device.bd_trough>, 'mechanical_eject': True, 'num_attempts': 0}
2023-02-05 10:03:42,011 : INFO : ball_device.bd_trough : Wait for ball to leave device
2023-02-05 10:03:42,012 : INFO : coil.c_trough_eject : Pulsing Driver for 10ms (1.0 pulse_power)
2023-02-05 10:03:42,224 : INFO : SwitchController : <<<<<<< 's_left_inlane' active >>>>>>>
2023-02-05 10:03:42,225 : INFO : EventManager : Event: ======'playfield_active'====== Args={}
2023-02-05 10:03:42,225 : INFO : EventManager : Event: ======'unexpected_ball_on_playfield'====== Args={}
2023-02-05 10:03:42,225 : INFO : EventManager : Event: ======'s_left_inlane_active'====== Args={}
2023-02-05 10:03:42,226 : INFO : EventManager : Event: ======'machine_var_audits_switches_s_left_inlane'====== Args={'value': 58, 'prev_value': 57, 'change': 1}
2023-02-05 10:03:42,228 : INFO : EventManager : Event: ======'player_shot_my_first_shot'====== Args={'value': 1, 'prev_value': 0, 'change': 1, 'player_num': 1}
2023-02-05 10:03:42,230 : INFO : EventManager : Event: ======'machine_var_audits_shots_my_first_shot'====== Args={'value': 58, 'prev_value': 57, 'change': 1}
2023-02-05 10:03:42,230 : INFO : EventManager : Event: ======'my_first_shot_hit'====== Args={'profile': 'my_first_profile', 'state': 'unlit', 'advancing': True}
2023-02-05 10:03:42,230 : INFO : EventManager : Event: ======'my_first_shot_my_first_profile_hit'====== Args={'profile': 'my_first_profile', 'state': 'unlit', 'advancing': True}
2023-02-05 10:03:42,231 : INFO : EventManager : Event: ======'my_first_shot_my_first_profile_unlit_hit'====== Args={'profile': 'my_first_profile', 'state': 'unlit', 'advancing': True}
2023-02-05 10:03:42,231 : INFO : EventManager : Event: ======'my_first_shot_unlit_hit'====== Args={'profile': 'my_first_profile', 'state': 'unlit', 'advancing': True}
2023-02-05 10:03:42,231 : INFO : EventManager : Event: ======'player_score'====== Args={'value': 100, 'prev_value': 0, 'change': 100, 'player_num': 1, 'source': 'base'}
2023-02-05 10:03:42,289 : INFO : SwitchController : <<<<<<< 's_left_inlane' inactive >>>>>>>
2023-02-05 10:03:42,540 : INFO : SwitchController : <<<<<<< 's_left_inlane' active >>>>>>>
2023-02-05 10:03:42,541 : INFO : EventManager : Event: ======'playfield_active'====== Args={}
2023-02-05 10:03:42,541 : INFO : EventManager : Event: ======'unexpected_ball_on_playfield'====== Args={}
2023-02-05 10:03:42,541 : INFO : EventManager : Event: ======'s_left_inlane_active'====== Args={}
2023-02-05 10:03:42,542 : INFO : EventManager : Event: ======'machine_var_audits_switches_s_left_inlane'====== Args={'value': 59, 'prev_value': 58, 'change': 1}
2023-02-05 10:03:42,544 : INFO : EventManager : Event: ======'player_shot_my_first_shot'====== Args={'value': 2, 'prev_value': 1, 'change': 1, 'player_num': 1}
2023-02-05 10:03:42,545 : INFO : EventManager : Event: ======'machine_var_audits_shots_my_first_shot'====== Args={'value': 59, 'prev_value': 58, 'change': 1}
2023-02-05 10:03:42,546 : INFO : EventManager : Event: ======'my_first_shot_hit'====== Args={'profile': 'my_first_profile', 'state': 'flashing', 'advancing': True}
2023-02-05 10:03:42,547 : INFO : EventManager : Event: ======'my_first_shot_my_first_profile_hit'====== Args={'profile': 'my_first_profile', 'state': 'flashing', 'advancing': True}
2023-02-05 10:03:42,547 : INFO : EventManager : Event: ======'my_first_shot_my_first_profile_flashing_hit'====== Args={'profile': 'my_first_profile', 'state': 'flashing', 'advancing': True}
2023-02-05 10:03:42,547 : INFO : EventManager : Event: ======'my_first_shot_flashing_hit'====== Args={'profile': 'my_first_profile', 'state': 'flashing', 'advancing': True}
2023-02-05 10:03:42,549 : INFO : EventManager : Event: ======'player_score'====== Args={'value': 1100, 'prev_value': 100, 'change': 1000, 'player_num': 1, 'source': 'base'}
2023-02-05 10:03:42,574 : INFO : SwitchController : <<<<<<< 's_left_inlane' inactive >>>>>>>
2023-02-05 10:03:42,685 : INFO : SwitchController : <<<<<<< 's_left_inlane' active >>>>>>>
2023-02-05 10:03:42,686 : INFO : EventManager : Event: ======'playfield_active'====== Args={}
2023-02-05 10:03:42,686 : INFO : EventManager : Event: ======'unexpected_ball_on_playfield'====== Args={}
2023-02-05 10:03:42,686 : INFO : EventManager : Event: ======'s_left_inlane_active'====== Args={}
2023-02-05 10:03:42,687 : INFO : EventManager : Event: ======'machine_var_audits_switches_s_left_inlane'====== Args={'value': 60, 'prev_value': 59, 'change': 1}
2023-02-05 10:03:42,689 : INFO : EventManager : Event: ======'player_shot_my_first_shot'====== Args={'value': 0, 'prev_value': 2, 'change': -2, 'player_num': 1}
2023-02-05 10:03:42,690 : INFO : EventManager : Event: ======'machine_var_audits_shots_my_first_shot'====== Args={'value': 60, 'prev_value': 59, 'change': 1}
2023-02-05 10:03:42,691 : INFO : EventManager : Event: ======'my_first_shot_hit'====== Args={'profile': 'my_first_profile', 'state': 'lit', 'advancing': True}
2023-02-05 10:03:42,691 : INFO : EventManager : Event: ======'my_first_shot_my_first_profile_hit'====== Args={'profile': 'my_first_profile', 'state': 'lit', 'advancing': True}
2023-02-05 10:03:42,692 : INFO : EventManager : Event: ======'my_first_shot_my_first_profile_lit_hit'====== Args={'profile': 'my_first_profile', 'state': 'lit', 'advancing': True}
2023-02-05 10:03:42,692 : INFO : EventManager : Event: ======'my_first_shot_lit_hit'====== Args={'profile': 'my_first_profile', 'state': 'lit', 'advancing': True}
2023-02-05 10:03:42,734 : INFO : SwitchController : <<<<<<< 's_left_inlane' inactive >>>>>>>
2023-02-05 10:03:42,870 : INFO : SwitchController : <<<<<<< 's_left_inlane' active >>>>>>>
2023-02-05 10:03:42,871 : INFO : EventManager : Event: ======'playfield_active'====== Args={}
2023-02-05 10:03:42,871 : INFO : EventManager : Event: ======'unexpected_ball_on_playfield'====== Args={}
2023-02-05 10:03:42,871 : INFO : EventManager : Event: ======'s_left_inlane_active'====== Args={}
2023-02-05 10:03:42,872 : INFO : EventManager : Event: ======'machine_var_audits_switches_s_left_inlane'====== Args={'value': 61, 'prev_value': 60, 'change': 1}
2023-02-05 10:03:42,874 : INFO : EventManager : Event: ======'player_shot_my_first_shot'====== Args={'value': 1, 'prev_value': 0, 'change': 1, 'player_num': 1}
2023-02-05 10:03:42,875 : INFO : EventManager : Event: ======'machine_var_audits_shots_my_first_shot'====== Args={'value': 61, 'prev_value': 60, 'change': 1}
2023-02-05 10:03:42,876 : INFO : EventManager : Event: ======'my_first_shot_hit'====== Args={'profile': 'my_first_profile', 'state': 'unlit', 'advancing': True}
2023-02-05 10:03:42,877 : INFO : EventManager : Event: ======'my_first_shot_my_first_profile_hit'====== Args={'profile': 'my_first_profile', 'state': 'unlit', 'advancing': True}
2023-02-05 10:03:42,877 : INFO : EventManager : Event: ======'my_first_shot_my_first_profile_unlit_hit'====== Args={'profile': 'my_first_profile', 'state': 'unlit', 'advancing': True}
2023-02-05 10:03:42,877 : INFO : EventManager : Event: ======'my_first_shot_unlit_hit'====== Args={'profile': 'my_first_profile', 'state': 'unlit', 'advancing': True}
2023-02-05 10:03:42,878 : INFO : EventManager : Event: ======'player_score'====== Args={'value': 1200, 'prev_value': 1100, 'change': 100, 'player_num': 1, 'source': 'base'}
2023-02-05 10:03:42,931 : INFO : SwitchController : <<<<<<< 's_left_inlane' inactive >>>>>>>
2023-02-05 10:03:43,043 : INFO : SwitchController : <<<<<<< 's_left_inlane' active >>>>>>>
2023-02-05 10:03:43,043 : INFO : EventManager : Event: ======'playfield_active'====== Args={}
2023-02-05 10:03:43,044 : INFO : EventManager : Event: ======'unexpected_ball_on_playfield'====== Args={}
2023-02-05 10:03:43,044 : INFO : EventManager : Event: ======'s_left_inlane_active'====== Args={}
2023-02-05 10:03:43,044 : INFO : EventManager : Event: ======'machine_var_audits_switches_s_left_inlane'====== Args={'value': 62, 'prev_value': 61, 'change': 1}
2023-02-05 10:03:43,046 : INFO : EventManager : Event: ======'player_shot_my_first_shot'====== Args={'value': 2, 'prev_value': 1, 'change': 1, 'player_num': 1}
2023-02-05 10:03:43,048 : INFO : EventManager : Event: ======'machine_var_audits_shots_my_first_shot'====== Args={'value': 62, 'prev_value': 61, 'change': 1}
2023-02-05 10:03:43,049 : INFO : EventManager : Event: ======'my_first_shot_hit'====== Args={'profile': 'my_first_profile', 'state': 'flashing', 'advancing': True}
2023-02-05 10:03:43,049 : INFO : EventManager : Event: ======'my_first_shot_my_first_profile_hit'====== Args={'profile': 'my_first_profile', 'state': 'flashing', 'advancing': True}
2023-02-05 10:03:43,049 : INFO : EventManager : Event: ======'my_first_shot_my_first_profile_flashing_hit'====== Args={'profile': 'my_first_profile', 'state': 'flashing', 'advancing': True}
2023-02-05 10:03:43,050 : INFO : EventManager : Event: ======'my_first_shot_flashing_hit'====== Args={'profile': 'my_first_profile', 'state': 'flashing', 'advancing': True}
2023-02-05 10:03:43,050 : INFO : EventManager : Event: ======'player_score'====== Args={'value': 2200, 'prev_value': 1200, 'change': 1000, 'player_num': 1, 'source': 'base'}
2023-02-05 10:03:43,105 : INFO : SwitchController : <<<<<<< 's_left_inlane' inactive >>>>>>>
2023-02-05 10:03:43,192 : INFO : SwitchController : <<<<<<< 's_left_inlane' active >>>>>>>
2023-02-05 10:03:43,192 : INFO : EventManager : Event: ======'playfield_active'====== Args={}
2023-02-05 10:03:43,192 : INFO : EventManager : Event: ======'unexpected_ball_on_playfield'====== Args={}
2023-02-05 10:03:43,193 : INFO : EventManager : Event: ======'s_left_inlane_active'====== Args={}
2023-02-05 10:03:43,193 : INFO : EventManager : Event: ======'machine_var_audits_switches_s_left_inlane'====== Args={'value': 63, 'prev_value': 62, 'change': 1}
2023-02-05 10:03:43,195 : INFO : EventManager : Event: ======'player_shot_my_first_shot'====== Args={'value': 0, 'prev_value': 2, 'change': -2, 'player_num': 1}
2023-02-05 10:03:43,196 : INFO : EventManager : Event: ======'machine_var_audits_shots_my_first_shot'====== Args={'value': 63, 'prev_value': 62, 'change': 1}
2023-02-05 10:03:43,197 : INFO : EventManager : Event: ======'my_first_shot_hit'====== Args={'profile': 'my_first_profile', 'state': 'lit', 'advancing': True}
2023-02-05 10:03:43,198 : INFO : EventManager : Event: ======'my_first_shot_my_first_profile_hit'====== Args={'profile': 'my_first_profile', 'state': 'lit', 'advancing': True}
2023-02-05 10:03:43,198 : INFO : EventManager : Event: ======'my_first_shot_my_first_profile_lit_hit'====== Args={'profile': 'my_first_profile', 'state': 'lit', 'advancing': True}
2023-02-05 10:03:43,198 : INFO : EventManager : Event: ======'my_first_shot_lit_hit'====== Args={'profile': 'my_first_profile', 'state': 'lit', 'advancing': True}
2023-02-05 10:03:43,253 : INFO : SwitchController : <<<<<<< 's_left_inlane' inactive >>>>>>>
2023-02-05 10:03:43,364 : INFO : SwitchController : <<<<<<< 's_left_inlane' active >>>>>>>
2023-02-05 10:03:43,365 : INFO : EventManager : Event: ======'playfield_active'====== Args={}
2023-02-05 10:03:43,365 : INFO : EventManager : Event: ======'unexpected_ball_on_playfield'====== Args={}
2023-02-05 10:03:43,365 : INFO : EventManager : Event: ======'s_left_inlane_active'====== Args={}
2023-02-05 10:03:43,366 : INFO : EventManager : Event: ======'machine_var_audits_switches_s_left_inlane'====== Args={'value': 64, 'prev_value': 63, 'change': 1}
2023-02-05 10:03:43,368 : INFO : EventManager : Event: ======'player_shot_my_first_shot'====== Args={'value': 1, 'prev_value': 0, 'change': 1, 'player_num': 1}
2023-02-05 10:03:43,370 : INFO : EventManager : Event: ======'machine_var_audits_shots_my_first_shot'====== Args={'value': 64, 'prev_value': 63, 'change': 1}
2023-02-05 10:03:43,372 : INFO : EventManager : Event: ======'my_first_shot_hit'====== Args={'profile': 'my_first_profile', 'state': 'unlit', 'advancing': True}
2023-02-05 10:03:43,373 : INFO : EventManager : Event: ======'my_first_shot_my_first_profile_hit'====== Args={'profile': 'my_first_profile', 'state': 'unlit', 'advancing': True}
2023-02-05 10:03:43,373 : INFO : EventManager : Event: ======'my_first_shot_my_first_profile_unlit_hit'====== Args={'profile': 'my_first_profile', 'state': 'unlit', 'advancing': True}
2023-02-05 10:03:43,373 : INFO : EventManager : Event: ======'my_first_shot_unlit_hit'====== Args={'profile': 'my_first_profile', 'state': 'unlit', 'advancing': True}
2023-02-05 10:03:43,375 : INFO : EventManager : Event: ======'player_score'====== Args={'value': 2300, 'prev_value': 2200, 'change': 100, 'player_num': 1, 'source': 'base'}
2023-02-05 10:03:43,414 : INFO : SwitchController : <<<<<<< 's_left_inlane' inactive >>>>>>>
2023-02-05 10:03:43,501 : INFO : SwitchController : <<<<<<< 's_left_inlane' active >>>>>>>
2023-02-05 10:03:43,501 : INFO : EventManager : Event: ======'playfield_active'====== Args={}
2023-02-05 10:03:43,501 : INFO : EventManager : Event: ======'unexpected_ball_on_playfield'====== Args={}
2023-02-05 10:03:43,502 : INFO : EventManager : Event: ======'s_left_inlane_active'====== Args={}
2023-02-05 10:03:43,502 : INFO : EventManager : Event: ======'machine_var_audits_switches_s_left_inlane'====== Args={'value': 65, 'prev_value': 64, 'change': 1}
2023-02-05 10:03:43,504 : INFO : EventManager : Event: ======'player_shot_my_first_shot'====== Args={'value': 2, 'prev_value': 1, 'change': 1, 'player_num': 1}
2023-02-05 10:03:43,505 : INFO : EventManager : Event: ======'machine_var_audits_shots_my_first_shot'====== Args={'value': 65, 'prev_value': 64, 'change': 1}
2023-02-05 10:03:43,506 : INFO : EventManager : Event: ======'my_first_shot_hit'====== Args={'profile': 'my_first_profile', 'state': 'flashing', 'advancing': True}
2023-02-05 10:03:43,506 : INFO : EventManager : Event: ======'my_first_shot_my_first_profile_hit'====== Args={'profile': 'my_first_profile', 'state': 'flashing', 'advancing': True}
2023-02-05 10:03:43,507 : INFO : EventManager : Event: ======'my_first_shot_my_first_profile_flashing_hit'====== Args={'profile': 'my_first_profile', 'state': 'flashing', 'advancing': True}
2023-02-05 10:03:43,507 : INFO : EventManager : Event: ======'my_first_shot_flashing_hit'====== Args={'profile': 'my_first_profile', 'state': 'flashing', 'advancing': True}
2023-02-05 10:03:43,508 : INFO : EventManager : Event: ======'player_score'====== Args={'value': 3300, 'prev_value': 2300, 'change': 1000, 'player_num': 1, 'source': 'base'}
2023-02-05 10:03:43,562 : INFO : SwitchController : <<<<<<< 's_left_inlane' inactive >>>>>>>
2023-02-05 10:03:43,661 : INFO : SwitchController : <<<<<<< 's_left_inlane' active >>>>>>>
2023-02-05 10:03:43,661 : INFO : EventManager : Event: ======'playfield_active'====== Args={}
2023-02-05 10:03:43,661 : INFO : EventManager : Event: ======'unexpected_ball_on_playfield'====== Args={}
2023-02-05 10:03:43,662 : INFO : EventManager : Event: ======'s_left_inlane_active'====== Args={}
2023-02-05 10:03:43,662 : INFO : EventManager : Event: ======'machine_var_audits_switches_s_left_inlane'====== Args={'value': 66, 'prev_value': 65, 'change': 1}
2023-02-05 10:03:43,664 : INFO : EventManager : Event: ======'player_shot_my_first_shot'====== Args={'value': 0, 'prev_value': 2, 'change': -2, 'player_num': 1}
2023-02-05 10:03:43,665 : INFO : EventManager : Event: ======'machine_var_audits_shots_my_first_shot'====== Args={'value': 66, 'prev_value': 65, 'change': 1}
2023-02-05 10:03:43,667 : INFO : EventManager : Event: ======'my_first_shot_hit'====== Args={'profile': 'my_first_profile', 'state': 'lit', 'advancing': True}
2023-02-05 10:03:43,667 : INFO : EventManager : Event: ======'my_first_shot_my_first_profile_hit'====== Args={'profile': 'my_first_profile', 'state': 'lit', 'advancing': True}
2023-02-05 10:03:43,667 : INFO : EventManager : Event: ======'my_first_shot_my_first_profile_lit_hit'====== Args={'profile': 'my_first_profile', 'state': 'lit', 'advancing': True}
2023-02-05 10:03:43,668 : INFO : EventManager : Event: ======'my_first_shot_lit_hit'====== Args={'profile': 'my_first_profile', 'state': 'lit', 'advancing': True}
2023-02-05 10:03:43,723 : INFO : SwitchController : <<<<<<< 's_left_inlane' inactive >>>>>>>
2023-02-05 10:03:43,811 : INFO : SwitchController : <<<<<<< 's_left_inlane' active >>>>>>>
2023-02-05 10:03:43,812 : INFO : EventManager : Event: ======'playfield_active'====== Args={}
2023-02-05 10:03:43,812 : INFO : EventManager : Event: ======'unexpected_ball_on_playfield'====== Args={}
2023-02-05 10:03:43,812 : INFO : EventManager : Event: ======'s_left_inlane_active'====== Args={}
2023-02-05 10:03:43,812 : INFO : EventManager : Event: ======'machine_var_audits_switches_s_left_inlane'====== Args={'value': 67, 'prev_value': 66, 'change': 1}
2023-02-05 10:03:43,815 : INFO : EventManager : Event: ======'player_shot_my_first_shot'====== Args={'value': 1, 'prev_value': 0, 'change': 1, 'player_num': 1}
2023-02-05 10:03:43,816 : INFO : EventManager : Event: ======'machine_var_audits_shots_my_first_shot'====== Args={'value': 67, 'prev_value': 66, 'change': 1}
2023-02-05 10:03:43,817 : INFO : EventManager : Event: ======'my_first_shot_hit'====== Args={'profile': 'my_first_profile', 'state': 'unlit', 'advancing': True}
2023-02-05 10:03:43,818 : INFO : EventManager : Event: ======'my_first_shot_my_first_profile_hit'====== Args={'profile': 'my_first_profile', 'state': 'unlit', 'advancing': True}
2023-02-05 10:03:43,818 : INFO : EventManager : Event: ======'my_first_shot_my_first_profile_unlit_hit'====== Args={'profile': 'my_first_profile', 'state': 'unlit', 'advancing': True}
2023-02-05 10:03:43,818 : INFO : EventManager : Event: ======'my_first_shot_unlit_hit'====== Args={'profile': 'my_first_profile', 'state': 'unlit', 'advancing': True}
2023-02-05 10:03:43,820 : INFO : EventManager : Event: ======'player_score'====== Args={'value': 3400, 'prev_value': 3300, 'change': 100, 'player_num': 1, 'source': 'base'}
2023-02-05 10:03:43,873 : INFO : SwitchController : <<<<<<< 's_left_inlane' inactive >>>>>>>
2023-02-05 10:03:43,973 : INFO : SwitchController : <<<<<<< 's_left_inlane' active >>>>>>>
2023-02-05 10:03:43,973 : INFO : EventManager : Event: ======'playfield_active'====== Args={}
2023-02-05 10:03:43,974 : INFO : EventManager : Event: ======'unexpected_ball_on_playfield'====== Args={}
2023-02-05 10:03:43,974 : INFO : EventManager : Event: ======'s_left_inlane_active'====== Args={}
2023-02-05 10:03:43,974 : INFO : EventManager : Event: ======'machine_var_audits_switches_s_left_inlane'====== Args={'value': 68, 'prev_value': 67, 'change': 1}
2023-02-05 10:03:43,976 : INFO : EventManager : Event: ======'player_shot_my_first_shot'====== Args={'value': 2, 'prev_value': 1, 'change': 1, 'player_num': 1}
2023-02-05 10:03:43,977 : INFO : EventManager : Event: ======'machine_var_audits_shots_my_first_shot'====== Args={'value': 68, 'prev_value': 67, 'change': 1}
2023-02-05 10:03:43,979 : INFO : EventManager : Event: ======'my_first_shot_hit'====== Args={'profile': 'my_first_profile', 'state': 'flashing', 'advancing': True}
2023-02-05 10:03:43,979 : INFO : EventManager : Event: ======'my_first_shot_my_first_profile_hit'====== Args={'profile': 'my_first_profile', 'state': 'flashing', 'advancing': True}
2023-02-05 10:03:43,979 : INFO : EventManager : Event: ======'my_first_shot_my_first_profile_flashing_hit'====== Args={'profile': 'my_first_profile', 'state': 'flashing', 'advancing': True}
2023-02-05 10:03:43,979 : INFO : EventManager : Event: ======'my_first_shot_flashing_hit'====== Args={'profile': 'my_first_profile', 'state': 'flashing', 'advancing': True}
2023-02-05 10:03:43,981 : INFO : EventManager : Event: ======'player_score'====== Args={'value': 4400, 'prev_value': 3400, 'change': 1000, 'player_num': 1, 'source': 'base'}
2023-02-05 10:03:44,036 : INFO : SwitchController : <<<<<<< 's_left_inlane' inactive >>>>>>>
2023-02-05 10:03:44,147 : INFO : SwitchController : <<<<<<< 's_left_inlane' active >>>>>>>
2023-02-05 10:03:44,148 : INFO : EventManager : Event: ======'playfield_active'====== Args={}
2023-02-05 10:03:44,148 : INFO : EventManager : Event: ======'unexpected_ball_on_playfield'====== Args={}
2023-02-05 10:03:44,148 : INFO : EventManager : Event: ======'s_left_inlane_active'====== Args={}
2023-02-05 10:03:44,149 : INFO : EventManager : Event: ======'machine_var_audits_switches_s_left_inlane'====== Args={'value': 69, 'prev_value': 68, 'change': 1}
2023-02-05 10:03:44,151 : INFO : EventManager : Event: ======'player_shot_my_first_shot'====== Args={'value': 0, 'prev_value': 2, 'change': -2, 'player_num': 1}
2023-02-05 10:03:44,152 : INFO : EventManager : Event: ======'machine_var_audits_shots_my_first_shot'====== Args={'value': 69, 'prev_value': 68, 'change': 1}
2023-02-05 10:03:44,153 : INFO : EventManager : Event: ======'my_first_shot_hit'====== Args={'profile': 'my_first_profile', 'state': 'lit', 'advancing': True}
2023-02-05 10:03:44,154 : INFO : EventManager : Event: ======'my_first_shot_my_first_profile_hit'====== Args={'profile': 'my_first_profile', 'state': 'lit', 'advancing': True}
2023-02-05 10:03:44,154 : INFO : EventManager : Event: ======'my_first_shot_my_first_profile_lit_hit'====== Args={'profile': 'my_first_profile', 'state': 'lit', 'advancing': True}
2023-02-05 10:03:44,154 : INFO : EventManager : Event: ======'my_first_shot_lit_hit'====== Args={'profile': 'my_first_profile', 'state': 'lit', 'advancing': True}
2023-02-05 10:03:44,196 : INFO : SwitchController : <<<<<<< 's_left_inlane' inactive >>>>>>>
2023-02-05 10:03:44,296 : INFO : SwitchController : <<<<<<< 's_left_inlane' active >>>>>>>
2023-02-05 10:03:44,297 : INFO : EventManager : Event: ======'playfield_active'====== Args={}
2023-02-05 10:03:44,297 : INFO : EventManager : Event: ======'unexpected_ball_on_playfield'====== Args={}
2023-02-05 10:03:44,297 : INFO : EventManager : Event: ======'s_left_inlane_active'====== Args={}
2023-02-05 10:03:44,298 : INFO : EventManager : Event: ======'machine_var_audits_switches_s_left_inlane'====== Args={'value': 70, 'prev_value': 69, 'change': 1}
2023-02-05 10:03:44,300 : INFO : EventManager : Event: ======'player_shot_my_first_shot'====== Args={'value': 1, 'prev_value': 0, 'change': 1, 'player_num': 1}
2023-02-05 10:03:44,301 : INFO : EventManager : Event: ======'machine_var_audits_shots_my_first_shot'====== Args={'value': 70, 'prev_value': 69, 'change': 1}
2023-02-05 10:03:44,303 : INFO : EventManager : Event: ======'my_first_shot_hit'====== Args={'profile': 'my_first_profile', 'state': 'unlit', 'advancing': True}
2023-02-05 10:03:44,303 : INFO : EventManager : Event: ======'my_first_shot_my_first_profile_hit'====== Args={'profile': 'my_first_profile', 'state': 'unlit', 'advancing': True}
2023-02-05 10:03:44,303 : INFO : EventManager : Event: ======'my_first_shot_my_first_profile_unlit_hit'====== Args={'profile': 'my_first_profile', 'state': 'unlit', 'advancing': True}
2023-02-05 10:03:44,303 : INFO : EventManager : Event: ======'my_first_shot_unlit_hit'====== Args={'profile': 'my_first_profile', 'state': 'unlit', 'advancing': True}
2023-02-05 10:03:44,304 : INFO : EventManager : Event: ======'player_score'====== Args={'value': 4500, 'prev_value': 4400, 'change': 100, 'player_num': 1, 'source': 'base'}
2023-02-05 10:03:44,371 : INFO : SwitchController : <<<<<<< 's_left_inlane' inactive >>>>>>>
2023-02-05 10:03:44,458 : INFO : SwitchController : <<<<<<< 's_left_inlane' active >>>>>>>
2023-02-05 10:03:44,459 : INFO : EventManager : Event: ======'playfield_active'====== Args={}
2023-02-05 10:03:44,459 : INFO : EventManager : Event: ======'unexpected_ball_on_playfield'====== Args={}
2023-02-05 10:03:44,459 : INFO : EventManager : Event: ======'s_left_inlane_active'====== Args={}
2023-02-05 10:03:44,460 : INFO : EventManager : Event: ======'machine_var_audits_switches_s_left_inlane'====== Args={'value': 71, 'prev_value': 70, 'change': 1}
2023-02-05 10:03:44,461 : INFO : EventManager : Event: ======'player_shot_my_first_shot'====== Args={'value': 2, 'prev_value': 1, 'change': 1, 'player_num': 1}
2023-02-05 10:03:44,462 : INFO : EventManager : Event: ======'machine_var_audits_shots_my_first_shot'====== Args={'value': 71, 'prev_value': 70, 'change': 1}
2023-02-05 10:03:44,463 : INFO : EventManager : Event: ======'my_first_shot_hit'====== Args={'profile': 'my_first_profile', 'state': 'flashing', 'advancing': True}
2023-02-05 10:03:44,464 : INFO : EventManager : Event: ======'my_first_shot_my_first_profile_hit'====== Args={'profile': 'my_first_profile', 'state': 'flashing', 'advancing': True}
2023-02-05 10:03:44,464 : INFO : EventManager : Event: ======'my_first_shot_my_first_profile_flashing_hit'====== Args={'profile': 'my_first_profile', 'state': 'flashing', 'advancing': True}
2023-02-05 10:03:44,464 : INFO : EventManager : Event: ======'my_first_shot_flashing_hit'====== Args={'profile': 'my_first_profile', 'state': 'flashing', 'advancing': True}
2023-02-05 10:03:44,465 : INFO : EventManager : Event: ======'player_score'====== Args={'value': 5500, 'prev_value': 4500, 'change': 1000, 'player_num': 1, 'source': 'base'}
2023-02-05 10:03:44,533 : INFO : SwitchController : <<<<<<< 's_left_inlane' inactive >>>>>>>
2023-02-05 10:03:47,197 : INFO : Machine : Shutting down...
2023-02-05 10:03:47,197 : INFO : EventManager : Event: ======'shutdown'====== Args={}
2023-02-05 10:03:47,202 : INFO : EventManager : Event: ======'mode_game_will_stop'====== Args={}
2023-02-05 10:03:47,202 : INFO : EventManager : Event: ======'mode_game_stopping'====== Args={}
2023-02-05 10:03:47,204 : INFO : EventManager : Event: ======'mode_base_will_stop'====== Args={}
2023-02-05 10:03:47,205 : INFO : EventManager : Event: ======'mode_base_stopping'====== Args={}
2023-02-05 10:03:47,206 : INFO : Mode.base : Stopped.
2023-02-05 10:03:47,207 : INFO : EventManager : Event: ======'modes_active_modes_changed'====== Args={}
2023-02-05 10:03:47,207 : INFO : EventManager : Event: ======'mode_base_stopped'====== Args={}
2023-02-05 10:03:47,207 : INFO : EventManager : Event: ======'clear'====== Args={'key': 'base'}
2023-02-05 10:03:47,209 : INFO : Mode.game : Stopped.
2023-02-05 10:03:47,210 : INFO : EventManager : Event: ======'modes_active_modes_changed'====== Args={}
2023-02-05 10:03:47,210 : INFO : EventManager : Event: ======'mode_game_stopped'====== Args={}
2023-02-05 10:03:47,210 : INFO : EventManager : Event: ======'clear'====== Args={'key': 'game'}
2023-02-05 10:03:47,226 : INFO : root : MPF run loop ended.
