2023-02-05 08:45:15,929 : kivy : Factory: 189 symbols loaded
2023-02-05 08:45:16,065 : kivy : ImageLoaderFFPy: Using ffpyplayer 4.3.5
2023-02-05 08:45:16,065 : kivy : Image: Providers: img_tex, img_dds, img_sdl2, img_pil, img_ffpyplayer 
2023-02-05 08:45:16,103 : kivy : VideoGstplayer: Using Gstreamer 1.18.5.0
2023-02-05 08:45:16,103 : kivy : Video: Provider: gstplayer
2023-02-05 08:45:16,300 : kivy : Loading MPF-MC controller
2023-02-05 08:45:16,302 : YamlMultifileConfigLoader : Machine config file #1: config
2023-02-05 08:45:16,302 : ConfigProcessor : Config file in cache changed: C:\pinball\SAW\config\config
2023-02-05 08:45:16,303 : ConfigProcessor : Loading config from file C:\Users\steel\AppData\Local\Programs\Python\Python39\lib\site-packages\mpfmc\mcconfig.yaml.
2023-02-05 08:45:16,328 : ConfigProcessor : Loading config: C:\Users\steel\AppData\Local\Programs\Python\Python39\lib\site-packages\mpfmc\mcconfig.yaml
2023-02-05 08:45:16,328 : ConfigProcessor : Loading config from file C:\pinball\SAW\config\config.
2023-02-05 08:45:16,355 : ConfigProcessor : Loading config: C:\pinball\SAW\config\config
2023-02-05 08:45:16,356 : ConfigProcessor : Config file cache created: C:\Users\steel\AppData\Local\Temp\785655ce0a6ad62be8f20f2598aadce2.mpf_cache
2023-02-05 08:45:16,356 : ConfigProcessor : Loading config from cache: C:\Users\steel\AppData\Local\Temp\0c159a05f39617a30cc1b279562f144f.mpf_cache
2023-02-05 08:45:16,357 : ConfigProcessor : Loading config from cache: C:\Users\steel\AppData\Local\Temp\a4144dd661fe0832b800e50000db3090.mpf_cache
2023-02-05 08:45:16,357 : ConfigProcessor : Loading config from cache: C:\Users\steel\AppData\Local\Temp\0c159a05f39617a30cc1b279562f144f.mpf_cache
2023-02-05 08:45:16,358 : ConfigProcessor : Loading config from cache: C:\Users\steel\AppData\Local\Temp\c84db42795c08bfb8e4272b3be41e3f4.mpf_cache
2023-02-05 08:45:16,361 : mpfmc : Mission Pinball Framework Media Controller v0.56.0-dev33
2023-02-05 08:45:16,361 : mpfmc : Mission Pinball Framework Game Engine v0.56.0-dev33
2023-02-05 08:45:16,361 : mpfmc : Machine path: C:\pinball\SAW
2023-02-05 08:45:16,361 : mpfmc : Starting clock at 60.0Hz
2023-02-05 08:45:16,374 : kivy : Text: Provider: sdl2
2023-02-05 08:45:16,412 : kivy : Window: Provider: sdl2
2023-02-05 08:45:16,658 : kivy : GL: Using the "OpenGL" graphics system
2023-02-05 08:45:16,659 : kivy : GL: GLEW initialization succeeded
2023-02-05 08:45:16,659 : kivy : GL: Backend used <glew>
2023-02-05 08:45:16,659 : kivy : GL: OpenGL version <b'4.6.0 - Build 31.0.101.2111'>
2023-02-05 08:45:16,659 : kivy : GL: OpenGL vendor <b'Intel'>
2023-02-05 08:45:16,659 : kivy : GL: OpenGL renderer <b'Intel(R) UHD Graphics 630'>
2023-02-05 08:45:16,660 : kivy : GL: OpenGL parsed version: 4, 6
2023-02-05 08:45:16,660 : kivy : GL: Shading version <b'4.60 - Build 31.0.101.2111'>
2023-02-05 08:45:16,660 : kivy : GL: Texture max size <16384>
2023-02-05 08:45:16,660 : kivy : GL: Texture max units <32>
2023-02-05 08:45:16,687 : kivy : Window: auto add sdl2 input provider
2023-02-05 08:45:16,688 : kivy : Window: virtual keyboard not allowed, single mode, not docked
2023-02-05 08:45:16,696 : SoundSystem : SoundSystem: Using default 'sound_system' settings
2023-02-05 08:45:16,999 : AudioInterface : Initialized
2023-02-05 08:45:16,999 : AudioInterface : Loaded SDL 2.0.20
2023-02-05 08:45:16,999 : AudioInterface : Loaded SDL_Mixer 2.0.4
2023-02-05 08:45:16,999 : AudioInterface : Loaded GStreamer 1.18.5.0
2023-02-05 08:45:16,999 : AudioInterface : Loaded GLib 2.62.6
2023-02-05 08:45:17,000 : AudioInterface : Settings requested - rate: 44100, channels: 1, buffer: 2048 samples
2023-02-05 08:45:17,000 : AudioInterface : Settings in use - rate: 44100, channels: 1, buffer: 2048 samples (4096 bytes @ 2 bytes per sample)
2023-02-05 08:45:17,000 : SoundSystem : No audio tracks are specified in your machine config file. a track named 'default' has been created.
2023-02-05 08:45:17,000 : SoundSystem : Setting master volume to 0.0
2023-02-05 08:45:17,000 : SoundSystem : master_volume in sound_system is deprecated and will be removed in the future.
2023-02-05 08:45:17,000 : AudioInterface : Enabling audio playback
2023-02-05 08:45:17,002 : kivy : Base: Start application main loop
2023-02-05 08:45:17,002 : EventManager : Event: ======'display_lcd_initialized'====== Args={}
2023-02-05 08:45:17,012 : mpfmc : Display: Setting 'lcd' as default display
2023-02-05 08:45:17,017 : EventManager : Event: ======'displays_initialized'====== Args={}
2023-02-05 08:45:17,018 : EventManager : Event: ======'slide_lcd_blank_created'====== Args={}
2023-02-05 08:45:17,018 : EventManager : Event: ======'display_lcd_ready'====== Args={}
2023-02-05 08:45:17,028 : EventManager : Event: ======'init_phase_1'====== Args={}
2023-02-05 08:45:17,030 : EventManager : Event: ======'mc_ready'====== Args={}
2023-02-05 08:45:17,030 : EventManager : Event: ======'init_phase_2'====== Args={}
2023-02-05 08:45:17,032 : EventManager : Event: ======'init_phase_3'====== Args={}
2023-02-05 08:45:17,033 : EventManager : Event: ======'init_phase_4'====== Args={}
2023-02-05 08:45:17,033 : EventManager : Event: ======'init_phase_5'====== Args={}
2023-02-05 08:45:17,218 : kivy : GL: NPOT texture support is available
2023-02-05 08:45:17,332 : EventManager : Event: ======'loading_assets'====== Args={'total': 6, 'loaded': 1, 'remaining': 5, 'percent': 17}
2023-02-05 08:45:17,332 : AssetManager : Loading assets: 1/6 (17%)
2023-02-05 08:45:17,338 : kivy : GL: Unpack subimage support is available
2023-02-05 08:45:17,432 : EventManager : Event: ======'loading_assets'====== Args={'total': 6, 'loaded': 6, 'remaining': 0, 'percent': 100}
2023-02-05 08:45:17,433 : AssetManager : Asset loading took: 0.43289756774902344
2023-02-05 08:45:17,433 : EventManager : Event: ======'asset_loading_complete'====== Args={}
2023-02-05 08:45:17,433 : AssetManager : Loading assets: 6/6 (100%)
2023-02-05 08:45:17,433 : EventManager : Event: ======'init_done'====== Args={}
2023-02-05 08:45:17,433 : MPF-MC BCP Server : Starting up on localhost port 5050
2023-02-05 08:45:17,436 : MPF-MC BCP Server : Waiting for a connection...
2023-02-05 08:45:17,436 : EventManager : Event: ======'client_disconnected'====== Args={'host': '127.0.0.1', 'port': 5050}
2023-02-05 08:45:18,179 : MPF-MC BCP Server : Received connection from: 127.0.0.1:54734
2023-02-05 08:45:18,188 : EventManager : Event: ======'client_connected'====== Args={'host': '127.0.0.1', 'port': 54734}
2023-02-05 08:45:18,225 : EventManager : Event: ======'machine_var_credits_string'====== Args={'value': 'FREE PLAY', 'prev_value': None, 'change': True}
2023-02-05 08:45:18,225 : EventManager : Event: ======'machine_var_master_volume'====== Args={'value': 0.5, 'prev_value': None, 'change': True}
2023-02-05 08:45:18,225 : EventManager : Event: ======'machine_var_mpf_version'====== Args={'value': 'MPF v0.56.0-dev33', 'prev_value': None, 'change': True}
2023-02-05 08:45:18,226 : EventManager : Event: ======'machine_var_mpf_extended_version'====== Args={'value': 'MPF v0.56.0-dev33, Config version:5, Show version: 5, BCP version:1.1', 'prev_value': None, 'change': True}
2023-02-05 08:45:18,226 : EventManager : Event: ======'machine_var_python_version'====== Args={'value': '3.9.13', 'prev_value': None, 'change': True}
2023-02-05 08:45:18,226 : EventManager : Event: ======'machine_var_platform'====== Args={'value': 'Windows-10-10.0.19044-SP0', 'prev_value': None, 'change': True}
2023-02-05 08:45:18,226 : EventManager : Event: ======'machine_var_platform_system'====== Args={'value': 'Windows', 'prev_value': None, 'change': True}
2023-02-05 08:45:18,226 : EventManager : Event: ======'machine_var_platform_release'====== Args={'value': '10', 'prev_value': None, 'change': True}
2023-02-05 08:45:18,226 : EventManager : Event: ======'machine_var_platform_version'====== Args={'value': '10.0.19044', 'prev_value': None, 'change': True}
2023-02-05 08:45:18,227 : EventManager : Event: ======'machine_var_platform_machine'====== Args={'value': 'AMD64', 'prev_value': None, 'change': True}
2023-02-05 08:45:18,227 : EventManager : Event: ======'machine_var_mc_version'====== Args={'value': 'MPF-MC v0.56.0-dev33', 'prev_value': None, 'change': True}
2023-02-05 08:45:18,227 : EventManager : Event: ======'machine_var_mc_extended_version'====== Args={'value': 'MPF-MC v0.56.0-dev33 (config_version=5, BCP v1.1, Requires MPF v0.56.0-dev33)', 'prev_value': None, 'change': True}
2023-02-05 08:45:18,227 : SoundSystem : Setting master volume to 0.5
2023-02-05 08:45:18,315 : EventManager : Event: ======'machine_var_audits_events_game_ended'====== Args={'value': 0, 'prev_value': None, 'change': True}
2023-02-05 08:45:18,328 : EventManager : Event: ======'machine_var_audits_events_game_started'====== Args={'value': 3, 'prev_value': None, 'change': True}
2023-02-05 08:45:18,328 : EventManager : Event: ======'machine_var_audits_player_score'====== Args={'value': {'average': 0, 'top': [], 'total': 0}, 'prev_value': None, 'change': True}
2023-02-05 08:45:18,328 : EventManager : Event: ======'machine_var_audits_shots_my_first_shot'====== Args={'value': 31, 'prev_value': None, 'change': True}
2023-02-05 08:45:18,328 : EventManager : Event: ======'machine_var_audits_switches_s_ball_shooter_lane'====== Args={'value': 0, 'prev_value': None, 'change': True}
2023-02-05 08:45:18,328 : EventManager : Event: ======'machine_var_audits_switches_s_eject'====== Args={'value': 0, 'prev_value': None, 'change': True}
2023-02-05 08:45:18,328 : EventManager : Event: ======'machine_var_audits_switches_s_elevator_hold'====== Args={'value': 0, 'prev_value': None, 'change': True}
2023-02-05 08:45:18,328 : EventManager : Event: ======'machine_var_audits_switches_s_enter_left_ramp'====== Args={'value': 0, 'prev_value': None, 'change': True}
2023-02-05 08:45:18,328 : EventManager : Event: ======'machine_var_audits_switches_s_inner_loop'====== Args={'value': 0, 'prev_value': None, 'change': True}
2023-02-05 08:45:18,328 : EventManager : Event: ======'machine_var_audits_switches_s_left_bottom_jet_bumper'====== Args={'value': 0, 'prev_value': None, 'change': True}
2023-02-05 08:45:18,328 : EventManager : Event: ======'machine_var_audits_switches_s_left_cellar'====== Args={'value': 0, 'prev_value': None, 'change': True}
2023-02-05 08:45:18,328 : EventManager : Event: ======'machine_var_audits_switches_s_left_flipper'====== Args={'value': 11, 'prev_value': None, 'change': True}
2023-02-05 08:45:18,328 : EventManager : Event: ======'machine_var_audits_switches_s_left_inlane'====== Args={'value': 31, 'prev_value': None, 'change': True}
2023-02-05 08:45:18,328 : EventManager : Event: ======'machine_var_audits_switches_s_left_lock_1'====== Args={'value': 0, 'prev_value': None, 'change': True}
2023-02-05 08:45:18,328 : EventManager : Event: ======'machine_var_audits_switches_s_left_lock_2'====== Args={'value': 0, 'prev_value': None, 'change': True}
2023-02-05 08:45:18,329 : EventManager : Event: ======'machine_var_audits_switches_s_left_lock_3'====== Args={'value': 0, 'prev_value': None, 'change': True}
2023-02-05 08:45:18,329 : EventManager : Event: ======'machine_var_audits_switches_s_left_loop_bottom'====== Args={'value': 0, 'prev_value': None, 'change': True}
2023-02-05 08:45:18,329 : EventManager : Event: ======'machine_var_audits_switches_s_left_loop_top'====== Args={'value': 0, 'prev_value': None, 'change': True}
2023-02-05 08:45:18,329 : EventManager : Event: ======'machine_var_audits_switches_s_left_outlane'====== Args={'value': 0, 'prev_value': None, 'change': True}
2023-02-05 08:45:18,329 : EventManager : Event: ======'machine_var_audits_switches_s_left_ramp_score_bottom'====== Args={'value': 0, 'prev_value': None, 'change': True}
2023-02-05 08:45:18,329 : EventManager : Event: ======'machine_var_audits_switches_s_left_ramp_score_top'====== Args={'value': 0, 'prev_value': None, 'change': True}
2023-02-05 08:45:18,329 : EventManager : Event: ======'machine_var_audits_switches_s_left_slingshot'====== Args={'value': 0, 'prev_value': None, 'change': True}
2023-02-05 08:45:18,329 : EventManager : Event: ======'machine_var_audits_switches_s_left_standup'====== Args={'value': 0, 'prev_value': None, 'change': True}
2023-02-05 08:45:18,329 : EventManager : Event: ======'machine_var_audits_switches_s_left_standup_right_ramp'====== Args={'value': 0, 'prev_value': None, 'change': True}
2023-02-05 08:45:18,329 : EventManager : Event: ======'machine_var_audits_switches_s_left_top_jet_bumper'====== Args={'value': 0, 'prev_value': None, 'change': True}
2023-02-05 08:45:18,329 : EventManager : Event: ======'machine_var_audits_switches_s_lower_bank_drop_target_opto_lower'====== Args={'value': 0, 'prev_value': None, 'change': True}
2023-02-05 08:45:18,329 : EventManager : Event: ======'machine_var_audits_switches_s_lower_bank_drop_target_opto_middle'====== Args={'value': 0, 'prev_value': None, 'change': True}
2023-02-05 08:45:18,329 : EventManager : Event: ======'machine_var_audits_switches_s_lower_bank_drop_target_opto_upper'====== Args={'value': 0, 'prev_value': None, 'change': True}
2023-02-05 08:45:18,329 : EventManager : Event: ======'machine_var_audits_switches_s_lower_top_jet_bumper'====== Args={'value': 0, 'prev_value': None, 'change': True}
2023-02-05 08:45:18,329 : EventManager : Event: ======'machine_var_audits_switches_s_middle_standup'====== Args={'value': 0, 'prev_value': None, 'change': True}
2023-02-05 08:45:18,329 : EventManager : Event: ======'machine_var_audits_switches_s_outhole'====== Args={'value': 0, 'prev_value': None, 'change': True}
2023-02-05 08:45:18,329 : EventManager : Event: ======'machine_var_audits_switches_s_plumb_bob_tilt'====== Args={'value': 0, 'prev_value': None, 'change': True}
2023-02-05 08:45:18,329 : EventManager : Event: ======'machine_var_audits_switches_s_plunger'====== Args={'value': 0, 'prev_value': None, 'change': True}
2023-02-05 08:45:18,330 : EventManager : Event: ======'machine_var_audits_switches_s_right_bottom_jet_bumper'====== Args={'value': 0, 'prev_value': None, 'change': True}
2023-02-05 08:45:18,330 : EventManager : Event: ======'machine_var_audits_switches_s_right_cellar'====== Args={'value': 0, 'prev_value': None, 'change': True}
2023-02-05 08:45:18,330 : EventManager : Event: ======'machine_var_audits_switches_s_right_flipper'====== Args={'value': 0, 'prev_value': None, 'change': True}
2023-02-05 08:45:18,330 : EventManager : Event: ======'machine_var_audits_switches_s_right_inlane'====== Args={'value': 0, 'prev_value': None, 'change': True}
2023-02-05 08:45:18,330 : EventManager : Event: ======'machine_var_audits_switches_s_right_loop_bottom'====== Args={'value': 0, 'prev_value': None, 'change': True}
2023-02-05 08:45:18,330 : EventManager : Event: ======'machine_var_audits_switches_s_right_loop_top'====== Args={'value': 0, 'prev_value': None, 'change': True}
2023-02-05 08:45:18,330 : EventManager : Event: ======'machine_var_audits_switches_s_right_outlane'====== Args={'value': 0, 'prev_value': None, 'change': True}
2023-02-05 08:45:18,330 : EventManager : Event: ======'machine_var_audits_switches_s_right_ramp_down'====== Args={'value': 0, 'prev_value': None, 'change': True}
2023-02-05 08:45:18,330 : EventManager : Event: ======'machine_var_audits_switches_s_right_ramp_score_bottom'====== Args={'value': 0, 'prev_value': None, 'change': True}
2023-02-05 08:45:18,330 : EventManager : Event: ======'machine_var_audits_switches_s_right_ramp_score_top'====== Args={'value': 0, 'prev_value': None, 'change': True}
2023-02-05 08:45:18,330 : EventManager : Event: ======'machine_var_audits_switches_s_right_slingshot'====== Args={'value': 0, 'prev_value': None, 'change': True}
2023-02-05 08:45:18,330 : EventManager : Event: ======'machine_var_audits_switches_s_right_standup'====== Args={'value': 0, 'prev_value': None, 'change': True}
2023-02-05 08:45:18,330 : EventManager : Event: ======'machine_var_audits_switches_s_right_standup_right_ramp'====== Args={'value': 0, 'prev_value': None, 'change': True}
2023-02-05 08:45:18,330 : EventManager : Event: ======'machine_var_audits_switches_s_right_top_jet_bumper'====== Args={'value': 0, 'prev_value': None, 'change': True}
2023-02-05 08:45:18,330 : EventManager : Event: ======'machine_var_audits_switches_s_spinner'====== Args={'value': 0, 'prev_value': None, 'change': True}
2023-02-05 08:45:18,330 : EventManager : Event: ======'machine_var_audits_switches_s_start'====== Args={'value': 5, 'prev_value': None, 'change': True}
2023-02-05 08:45:18,331 : EventManager : Event: ======'machine_var_audits_switches_s_top_right_reject'====== Args={'value': 0, 'prev_value': None, 'change': True}
2023-02-05 08:45:18,331 : EventManager : Event: ======'machine_var_audits_switches_s_trough1'====== Args={'value': 5, 'prev_value': None, 'change': True}
2023-02-05 08:45:18,331 : EventManager : Event: ======'machine_var_audits_switches_s_trough2'====== Args={'value': 2, 'prev_value': None, 'change': True}
2023-02-05 08:45:18,331 : EventManager : Event: ======'machine_var_audits_switches_s_trough3'====== Args={'value': 2, 'prev_value': None, 'change': True}
2023-02-05 08:45:18,331 : EventManager : Event: ======'machine_var_audits_switches_s_trough_jam'====== Args={'value': 0, 'prev_value': None, 'change': True}
2023-02-05 08:45:18,331 : EventManager : Event: ======'machine_var_audits_switches_s_upper_bank_drop_target_opto'====== Args={'value': 0, 'prev_value': None, 'change': True}
2023-02-05 08:45:18,331 : EventManager : Event: ======'machine_var_audits_switches_s_upper_bottom_jet_bumper'====== Args={'value': 0, 'prev_value': None, 'change': True}
2023-02-05 08:45:18,331 : EventManager : Event: ======'machine_var_audits_switches_s_upper_right_flipper'====== Args={'value': 0, 'prev_value': None, 'change': True}
2023-02-05 08:45:18,353 : EventManager : Event: ======'mc_reset_phase_1'====== Args={}
2023-02-05 08:45:18,353 : EventManager : Event: ======'mc_reset_phase_2'====== Args={}
2023-02-05 08:45:18,353 : EventManager : Event: ======'mc_reset_phase_3'====== Args={}
2023-02-05 08:45:18,353 : EventManager : Event: ======'mc_reset_complete'====== Args={}
2023-02-05 08:45:18,365 : EventManager : Event: ======'slides_play'====== Args={'settings': {'slide1': {'widgets': [{'type': 'image', 'image': 'twisted_pictures', 'expire': 2.6, '_default_settings': ['type', 'image', 'expire'], 'x': None, 'y': None, 'anchor_x': 'center', 'anchor_y': 'center', 'round_anchor_x': None, 'round_anchor_y': None, 'opacity': 1.0, 'z': 0, 'reset_animations_events': {}, 'color': [1.0, 1.0, 1.0, 1.0], 'style': [], 'adjust_top': 0, 'adjust_bottom': 0, 'adjust_left': 0, 'adjust_right': 0, 'key': None, 'widget': None, 'events_when_added': [], 'events_when_removed': [], 'fps': 10, 'loops': -1, 'auto_play': True, 'start_frame': 0, 'rotation': 0, 'scale': 1.0, 'animations': None}], 'target': None, 'background_color': [0.0, 0.0, 0.0, 1.0], 'priority': None, 'show': True, 'force': False, 'expire': None, 'slide': None, 'tokens': {}, 'action': 'play'}}, 'context': 'show_1', 'calling_context': 0, 'priority': 10, 'show_tokens': {}, 'start_time': 108042.125}
2023-02-05 08:45:18,365 : mpfmc : SlidePlayer: Play called with settings={'slide1': {'widgets': [{'type': 'image', 'image': 'twisted_pictures', 'expire': 2.6, '_default_settings': ['type', 'image', 'expire'], 'x': None, 'y': None, 'anchor_x': 'center', 'anchor_y': 'center', 'round_anchor_x': None, 'round_anchor_y': None, 'opacity': 1.0, 'z': 0, 'reset_animations_events': {}, 'color': [1.0, 1.0, 1.0, 1.0], 'style': [], 'adjust_top': 0, 'adjust_bottom': 0, 'adjust_left': 0, 'adjust_right': 0, 'key': None, 'widget': None, 'events_when_added': [], 'events_when_removed': [], 'fps': 10, 'loops': -1, 'auto_play': True, 'start_frame': 0, 'rotation': 0, 'scale': 1.0, 'animations': None}], 'target': None, 'background_color': [0.0, 0.0, 0.0, 1.0], 'priority': None, 'show': True, 'force': False, 'expire': None, 'slide': None, 'tokens': {}, 'action': 'play'}}
2023-02-05 08:45:18,366 : EventManager : Event: ======'slide_slide1_created'====== Args={}
2023-02-05 08:45:18,366 : EventManager : Event: ======'slide_slide1_active'====== Args={}
2023-02-05 08:45:19,501 : EventManager : Event: ======'game_started'====== Args={}
2023-02-05 08:45:19,539 : EventManager : Event: ======'slides_clear'====== Args={'context': 'show_1'}
2023-02-05 08:45:19,539 : EventManager : Event: ======'player_added'====== Args={'player': <Player 1>, 'num': 1}
2023-02-05 08:45:19,539 : EventManager : Event: ======'player_index'====== Args={'value': 0, 'prev_value': 0, 'change': 0, 'player_num': 1}
2023-02-05 08:45:19,540 : EventManager : Event: ======'player_number'====== Args={'value': 1, 'prev_value': 1, 'change': 0, 'player_num': 1}
2023-02-05 08:45:19,540 : EventManager : Event: ======'player_score'====== Args={'value': 0, 'prev_value': 0, 'change': 0, 'player_num': 1}
2023-02-05 08:45:19,540 : EventManager : Event: ======'slide_slide1_removed'====== Args={}
2023-02-05 08:45:19,541 : EventManager : Event: ======'slide_lcd_blank_active'====== Args={}
2023-02-05 08:45:19,576 : EventManager : Event: ======'player_ball'====== Args={'value': 1, 'prev_value': 0, 'change': 1, 'player_num': 1}
2023-02-05 08:45:19,576 : EventManager : Event: ======'player_turn_start'====== Args={'number': 1, 'player': <Player 1>}
2023-02-05 08:45:19,576 : EventManager : Event: ======'player_shot_my_first_shot_enabled'====== Args={'value': True, 'prev_value': 0, 'change': 1, 'player_num': 1}
2023-02-05 08:45:19,576 : EventManager : Event: ======'slides_play'====== Args={'settings': {'widgets': {'widgets': [{'type': 'text', 'text': '(score)', 'number_grouping': True, 'min_digits': 2, 'font_size': 100, '_default_settings': ['type', 'text', 'number_grouping', 'min_digits', 'font_size'], 'x': None, 'y': None, 'anchor_x': 'center', 'anchor_y': 'center', 'round_anchor_x': None, 'round_anchor_y': None, 'opacity': 1.0, 'z': 0, 'reset_animations_events': {}, 'color': [1.0, 1.0, 1.0, 1.0], 'style': [], 'adjust_top': 0, 'adjust_bottom': 0, 'adjust_left': 0, 'adjust_right': 0, 'expire': None, 'key': None, 'widget': None, 'events_when_added': [], 'events_when_removed': [], 'bitmap_font': False, 'font_kerning': True, 'bold': False, 'italic': False, 'halign': 'center', 'valign': 'middle', 'rotation': 0, 'scale': 1.0, 'casing': None, 'animations': None}, {'type': 'text', 'font_name': 'TrajanProRegular', 'text': 'PLAYER (number)', 'y': '10', 'x': '10', 'font_size': 50, 'anchor_x': 'left', 'anchor_y': 'bottom', '_default_settings': ['type', 'font_name', 'text', 'y', 'x', 'font_size', 'anchor_x', 'anchor_y'], 'round_anchor_x': None, 'round_anchor_y': None, 'opacity': 1.0, 'z': 0, 'reset_animations_events': {}, 'color': [1.0, 1.0, 1.0, 1.0], 'style': [], 'adjust_top': 0, 'adjust_bottom': 0, 'adjust_left': 0, 'adjust_right': 0, 'expire': None, 'key': None, 'widget': None, 'events_when_added': [], 'events_when_removed': [], 'bitmap_font': False, 'font_kerning': True, 'bold': False, 'italic': False, 'number_grouping': False, 'min_digits': 0, 'halign': 'center', 'valign': 'middle', 'rotation': 0, 'scale': 1.0, 'casing': None, 'animations': None}, {'type': 'text', 'text': 'BALL (ball)', 'font_name': 'TrajanProRegular', 'y': '10', 'x': 'right-10', 'anchor_x': 'right', 'anchor_y': 'bottom', 'font_size': 50, '_default_settings': ['type', 'text', 'font_name', 'y', 'x', 'anchor_x', 'anchor_y', 'font_size'], 'round_anchor_x': None, 'round_anchor_y': None, 'opacity': 1.0, 'z': 0, 'reset_animations_events': {}, 'color': [1.0, 1.0, 1.0, 1.0], 'style': [], 'adjust_top': 0, 'adjust_bottom': 0, 'adjust_left': 0, 'adjust_right': 0, 'expire': None, 'key': None, 'widget': None, 'events_when_added': [], 'events_when_removed': [], 'bitmap_font': False, 'font_kerning': True, 'bold': False, 'italic': False, 'number_grouping': False, 'min_digits': 0, 'halign': 'center', 'valign': 'middle', 'rotation': 0, 'scale': 1.0, 'casing': None, 'animations': None}, {'type': 'text', 'font_name': 'TrajanProRegular', 'text': 'Current Score:', 'font_size': 70, 'y': '40%', '_default_settings': ['type', 'font_name', 'text', 'font_size', 'y'], 'x': None, 'anchor_x': 'center', 'anchor_y': 'center', 'round_anchor_x': None, 'round_anchor_y': None, 'opacity': 1.0, 'z': 0, 'reset_animations_events': {}, 'color': [1.0, 1.0, 1.0, 1.0], 'style': [], 'adjust_top': 0, 'adjust_bottom': 0, 'adjust_left': 0, 'adjust_right': 0, 'expire': None, 'key': None, 'widget': None, 'events_when_added': [], 'events_when_removed': [], 'bitmap_font': False, 'font_kerning': True, 'bold': False, 'italic': False, 'number_grouping': False, 'min_digits': 0, 'halign': 'center', 'valign': 'middle', 'rotation': 0, 'scale': 1.0, 'casing': None, 'animations': None}], 'target': None, 'background_color': [0.0, 0.0, 0.0, 1.0], 'priority': None, 'show': True, 'force': False, 'expire': None, 'slide': None, 'tokens': {}, 'action': 'play'}}, 'context': 'base', 'calling_context': 'mode_base_started', 'priority': 100, 'player': 1, 'ball': 1, 'balls_remaining': 2, 'is_extra_ball': False}
2023-02-05 08:45:19,576 : mpfmc : SlidePlayer: Play called with settings={'widgets': {'widgets': [{'type': 'text', 'text': '(score)', 'number_grouping': True, 'min_digits': 2, 'font_size': 100, '_default_settings': ['type', 'text', 'number_grouping', 'min_digits', 'font_size'], 'x': None, 'y': None, 'anchor_x': 'center', 'anchor_y': 'center', 'round_anchor_x': None, 'round_anchor_y': None, 'opacity': 1.0, 'z': 0, 'reset_animations_events': {}, 'color': [1.0, 1.0, 1.0, 1.0], 'style': [], 'adjust_top': 0, 'adjust_bottom': 0, 'adjust_left': 0, 'adjust_right': 0, 'expire': None, 'key': None, 'widget': None, 'events_when_added': [], 'events_when_removed': [], 'bitmap_font': False, 'font_kerning': True, 'bold': False, 'italic': False, 'halign': 'center', 'valign': 'middle', 'rotation': 0, 'scale': 1.0, 'casing': None, 'animations': None}, {'type': 'text', 'font_name': 'TrajanProRegular', 'text': 'PLAYER (number)', 'y': '10', 'x': '10', 'font_size': 50, 'anchor_x': 'left', 'anchor_y': 'bottom', '_default_settings': ['type', 'font_name', 'text', 'y', 'x', 'font_size', 'anchor_x', 'anchor_y'], 'round_anchor_x': None, 'round_anchor_y': None, 'opacity': 1.0, 'z': 0, 'reset_animations_events': {}, 'color': [1.0, 1.0, 1.0, 1.0], 'style': [], 'adjust_top': 0, 'adjust_bottom': 0, 'adjust_left': 0, 'adjust_right': 0, 'expire': None, 'key': None, 'widget': None, 'events_when_added': [], 'events_when_removed': [], 'bitmap_font': False, 'font_kerning': True, 'bold': False, 'italic': False, 'number_grouping': False, 'min_digits': 0, 'halign': 'center', 'valign': 'middle', 'rotation': 0, 'scale': 1.0, 'casing': None, 'animations': None}, {'type': 'text', 'text': 'BALL (ball)', 'font_name': 'TrajanProRegular', 'y': '10', 'x': 'right-10', 'anchor_x': 'right', 'anchor_y': 'bottom', 'font_size': 50, '_default_settings': ['type', 'text', 'font_name', 'y', 'x', 'anchor_x', 'anchor_y', 'font_size'], 'round_anchor_x': None, 'round_anchor_y': None, 'opacity': 1.0, 'z': 0, 'reset_animations_events': {}, 'color': [1.0, 1.0, 1.0, 1.0], 'style': [], 'adjust_top': 0, 'adjust_bottom': 0, 'adjust_left': 0, 'adjust_right': 0, 'expire': None, 'key': None, 'widget': None, 'events_when_added': [], 'events_when_removed': [], 'bitmap_font': False, 'font_kerning': True, 'bold': False, 'italic': False, 'number_grouping': False, 'min_digits': 0, 'halign': 'center', 'valign': 'middle', 'rotation': 0, 'scale': 1.0, 'casing': None, 'animations': None}, {'type': 'text', 'font_name': 'TrajanProRegular', 'text': 'Current Score:', 'font_size': 70, 'y': '40%', '_default_settings': ['type', 'font_name', 'text', 'font_size', 'y'], 'x': None, 'anchor_x': 'center', 'anchor_y': 'center', 'round_anchor_x': None, 'round_anchor_y': None, 'opacity': 1.0, 'z': 0, 'reset_animations_events': {}, 'color': [1.0, 1.0, 1.0, 1.0], 'style': [], 'adjust_top': 0, 'adjust_bottom': 0, 'adjust_left': 0, 'adjust_right': 0, 'expire': None, 'key': None, 'widget': None, 'events_when_added': [], 'events_when_removed': [], 'bitmap_font': False, 'font_kerning': True, 'bold': False, 'italic': False, 'number_grouping': False, 'min_digits': 0, 'halign': 'center', 'valign': 'middle', 'rotation': 0, 'scale': 1.0, 'casing': None, 'animations': None}], 'target': None, 'background_color': [0.0, 0.0, 0.0, 1.0], 'priority': None, 'show': True, 'force': False, 'expire': None, 'slide': None, 'tokens': {}, 'action': 'play'}}
2023-02-05 08:45:19,585 : EventManager : Event: ======'slide_base.slide_player-mode_base_started_created'====== Args={}
2023-02-05 08:45:19,589 : EventManager : Event: ======'slide_base.slide_player-mode_base_started_active'====== Args={}
2023-02-05 08:45:22,214 : EventManager : Event: ======'machine_var_audits_switches_s_left_inlane'====== Args={'value': 32, 'prev_value': 31, 'change': 1}
2023-02-05 08:45:22,227 : EventManager : Event: ======'player_shot_my_first_shot'====== Args={'value': 1, 'prev_value': 0, 'change': 1, 'player_num': 1}
2023-02-05 08:45:22,227 : EventManager : Event: ======'machine_var_audits_shots_my_first_shot'====== Args={'value': 32, 'prev_value': 31, 'change': 1}
2023-02-05 08:45:22,228 : EventManager : Event: ======'player_score'====== Args={'value': 100, 'prev_value': 0, 'change': 100, 'player_num': 1}
2023-02-05 08:45:23,018 : EventManager : Event: ======'machine_var_audits_switches_s_left_inlane'====== Args={'value': 33, 'prev_value': 32, 'change': 1}
2023-02-05 08:45:23,019 : EventManager : Event: ======'player_shot_my_first_shot'====== Args={'value': 2, 'prev_value': 1, 'change': 1, 'player_num': 1}
2023-02-05 08:45:23,019 : EventManager : Event: ======'machine_var_audits_shots_my_first_shot'====== Args={'value': 33, 'prev_value': 32, 'change': 1}
2023-02-05 08:45:23,019 : EventManager : Event: ======'player_score'====== Args={'value': 1100, 'prev_value': 100, 'change': 1000, 'player_num': 1}
2023-02-05 08:45:23,271 : EventManager : Event: ======'machine_var_audits_switches_s_left_inlane'====== Args={'value': 34, 'prev_value': 33, 'change': 1}
2023-02-05 08:45:23,271 : EventManager : Event: ======'player_shot_my_first_shot'====== Args={'value': 0, 'prev_value': 2, 'change': -2, 'player_num': 1}
2023-02-05 08:45:23,272 : EventManager : Event: ======'machine_var_audits_shots_my_first_shot'====== Args={'value': 34, 'prev_value': 33, 'change': 1}
2023-02-05 08:45:23,627 : EventManager : Event: ======'machine_var_audits_switches_s_left_inlane'====== Args={'value': 35, 'prev_value': 34, 'change': 1}
2023-02-05 08:45:23,627 : EventManager : Event: ======'player_shot_my_first_shot'====== Args={'value': 1, 'prev_value': 0, 'change': 1, 'player_num': 1}
2023-02-05 08:45:23,628 : EventManager : Event: ======'machine_var_audits_shots_my_first_shot'====== Args={'value': 35, 'prev_value': 34, 'change': 1}
2023-02-05 08:45:23,628 : EventManager : Event: ======'player_score'====== Args={'value': 1200, 'prev_value': 1100, 'change': 100, 'player_num': 1}
2023-02-05 08:45:25,066 : EventManager : Event: ======'machine_var_audits_switches_s_left_inlane'====== Args={'value': 36, 'prev_value': 35, 'change': 1}
2023-02-05 08:45:25,067 : EventManager : Event: ======'player_shot_my_first_shot'====== Args={'value': 2, 'prev_value': 1, 'change': 1, 'player_num': 1}
2023-02-05 08:45:25,067 : EventManager : Event: ======'machine_var_audits_shots_my_first_shot'====== Args={'value': 36, 'prev_value': 35, 'change': 1}
2023-02-05 08:45:25,068 : EventManager : Event: ======'player_score'====== Args={'value': 2200, 'prev_value': 1200, 'change': 1000, 'player_num': 1}
2023-02-05 08:45:26,199 : EventManager : Event: ======'machine_var_audits_switches_s_left_inlane'====== Args={'value': 37, 'prev_value': 36, 'change': 1}
2023-02-05 08:45:26,199 : EventManager : Event: ======'player_shot_my_first_shot'====== Args={'value': 0, 'prev_value': 2, 'change': -2, 'player_num': 1}
2023-02-05 08:45:26,200 : EventManager : Event: ======'machine_var_audits_shots_my_first_shot'====== Args={'value': 37, 'prev_value': 36, 'change': 1}
2023-02-05 08:45:26,562 : EventManager : Event: ======'machine_var_audits_switches_s_left_inlane'====== Args={'value': 38, 'prev_value': 37, 'change': 1}
2023-02-05 08:45:26,563 : EventManager : Event: ======'player_shot_my_first_shot'====== Args={'value': 1, 'prev_value': 0, 'change': 1, 'player_num': 1}
2023-02-05 08:45:26,563 : EventManager : Event: ======'machine_var_audits_shots_my_first_shot'====== Args={'value': 38, 'prev_value': 37, 'change': 1}
2023-02-05 08:45:26,564 : EventManager : Event: ======'player_score'====== Args={'value': 2300, 'prev_value': 2200, 'change': 100, 'player_num': 1}
2023-02-05 08:45:26,993 : EventManager : Event: ======'machine_var_audits_switches_s_left_inlane'====== Args={'value': 39, 'prev_value': 38, 'change': 1}
2023-02-05 08:45:26,993 : EventManager : Event: ======'player_shot_my_first_shot'====== Args={'value': 2, 'prev_value': 1, 'change': 1, 'player_num': 1}
2023-02-05 08:45:26,994 : EventManager : Event: ======'machine_var_audits_shots_my_first_shot'====== Args={'value': 39, 'prev_value': 38, 'change': 1}
2023-02-05 08:45:26,994 : EventManager : Event: ======'player_score'====== Args={'value': 3300, 'prev_value': 2300, 'change': 1000, 'player_num': 1}
2023-02-05 08:45:27,451 : EventManager : Event: ======'machine_var_audits_switches_s_left_inlane'====== Args={'value': 40, 'prev_value': 39, 'change': 1}
2023-02-05 08:45:27,451 : EventManager : Event: ======'player_shot_my_first_shot'====== Args={'value': 0, 'prev_value': 2, 'change': -2, 'player_num': 1}
2023-02-05 08:45:27,452 : EventManager : Event: ======'machine_var_audits_shots_my_first_shot'====== Args={'value': 40, 'prev_value': 39, 'change': 1}
2023-02-05 08:45:27,773 : EventManager : Event: ======'machine_var_audits_switches_s_left_inlane'====== Args={'value': 41, 'prev_value': 40, 'change': 1}
2023-02-05 08:45:27,774 : EventManager : Event: ======'player_shot_my_first_shot'====== Args={'value': 1, 'prev_value': 0, 'change': 1, 'player_num': 1}
2023-02-05 08:45:27,774 : EventManager : Event: ======'machine_var_audits_shots_my_first_shot'====== Args={'value': 41, 'prev_value': 40, 'change': 1}
2023-02-05 08:45:27,775 : EventManager : Event: ======'player_score'====== Args={'value': 3400, 'prev_value': 3300, 'change': 100, 'player_num': 1}
2023-02-05 08:45:30,375 : kivy : Base: Leaving application in progress...
2023-02-05 08:45:30,375 : mpfmc : Stopping...
2023-02-05 08:45:30,375 : EventManager : Event: ======'shutdown'====== Args={}
2023-02-05 08:45:30,375 : AudioInterface : Disabling audio playback
2023-02-05 08:45:30,559 : mpfmc : Loop rate 77.66 Hz
2023-02-05 08:45:30,559 : kivy : MC run loop ended.
2023-02-05 08:45:30,559 : kivy : Stopping child threads... (3 remaining)
2023-02-05 08:45:30,833 : mpfmc : Stopping...
2023-02-05 08:45:30,833 : EventManager : Event: ======'shutdown'====== Args={}
2023-02-05 08:45:30,834 : mpfmc : Loop rate 76.12 Hz
2023-02-05 08:45:30,834 : MPF-MC BCP Server : Stopping BCP sending thread
2023-02-05 08:45:31,362 : kivy : All child threads stopped.
