2023-02-05 10:02:29,140 : INFO : root : Loading config.
2023-02-05 10:02:29,143 : INFO : YamlMultifileConfigLoader : Machine config file #1: config.yaml
2023-02-05 10:02:29,144 : INFO : ConfigProcessor : Loading config from cache: C:\Users\steel\AppData\Local\Temp\9014108be8bb19792bb5e6c9e9603b65.mpf_cache
2023-02-05 10:02:29,233 : INFO : ConfigProcessor : Loading config from cache: C:\Users\steel\AppData\Local\Temp\0c159a05f39617a30cc1b279562f144f.mpf_cache
2023-02-05 10:02:29,234 : INFO : ConfigProcessor : Loading config from cache: C:\Users\steel\AppData\Local\Temp\a4144dd661fe0832b800e50000db3090.mpf_cache
2023-02-05 10:02:29,235 : INFO : ConfigProcessor : Loading config from cache: C:\Users\steel\AppData\Local\Temp\0c159a05f39617a30cc1b279562f144f.mpf_cache
2023-02-05 10:02:29,236 : WARNING : ConfigProcessor : Config file in cache changed: C:\pinball\SAW\modes\base\config\base.yaml
2023-02-05 10:02:29,236 : INFO : ConfigProcessor : Loading config from file C:\pinball\SAW\modes\base\config\base.yaml.
2023-02-05 10:02:29,237 : INFO : ConfigProcessor : Loading config: C:\pinball\SAW\modes\base\config\base.yaml
2023-02-05 10:02:29,245 : INFO : ConfigProcessor : Config file cache created: C:\Users\steel\AppData\Local\Temp\c84db42795c08bfb8e4272b3be41e3f4.mpf_cache
2023-02-05 10:02:29,246 : INFO : ConfigProcessor : Loading config from cache: C:\Users\steel\AppData\Local\Temp\17aa0c884dad87b4b4047bafdeb78206.mpf_cache
2023-02-05 10:02:29,246 : INFO : ConfigProcessor : Loading config from cache: C:\Users\steel\AppData\Local\Temp\6026628a89ebb09da8c65e4a804bb30f.mpf_cache
2023-02-05 10:02:29,247 : INFO : Machine : Mission Pinball Framework Core Engine v0.56.0-dev33
2023-02-05 10:02:29,247 : INFO : Machine : Command line arguments: {'no_load_cache': False, 'create_config_cache': True, 'bcp': True, 'configfile': ['config.yaml'], 'force_assets_load': False, 'jsonlogging': False, 'logfile': 'logs\\2023-02-05-10-02-29-mpf-MSI.log', 'pause': False, 'production': False, 'text_ui': True, 'loglevel': 15, 'consoleloglevel': 20, 'force_platform': 'virtual', 'syslog_address': None, 'mc_file_name': None, 'no_sound': False}
2023-02-05 10:02:29,247 : INFO : Machine : MPF path: C:\Users\steel\AppData\Local\Programs\Python\Python39\lib\site-packages\mpf
2023-02-05 10:02:29,247 : INFO : Machine : Machine path: C:\pinball\SAW
2023-02-05 10:02:29,247 : INFO : Machine : Platform: win32
2023-02-05 10:02:29,247 : INFO : Machine : Python executable location: C:\Users\steel\AppData\Local\Programs\Python\Python39\python.exe
2023-02-05 10:02:29,247 : INFO : Machine : Python version: 3.9.13 (64-bit)
2023-02-05 10:02:29,250 : INFO : Machine : Initialise MPF.
2023-02-05 10:02:29,566 : INFO : EventManager : Event: ======'machine_var_credits_string'====== Args={'value': 'FREE PLAY', 'prev_value': None, 'change': True}
2023-02-05 10:02:29,625 : INFO : EventManager : Event: ======'machine_var_master_volume'====== Args={'value': 0.5, 'prev_value': None, 'change': True}
2023-02-05 10:02:29,625 : INFO : EventManager : Event: ======'machine_var_mpf_version'====== Args={'value': 'MPF v0.56.0-dev33', 'prev_value': None, 'change': True}
2023-02-05 10:02:29,626 : INFO : EventManager : Event: ======'machine_var_mpf_extended_version'====== Args={'value': 'MPF v0.56.0-dev33, Config version:5, Show version: 5, BCP version:1.1', 'prev_value': None, 'change': True}
2023-02-05 10:02:29,626 : INFO : EventManager : Event: ======'machine_var_python_version'====== Args={'value': '3.9.13', 'prev_value': None, 'change': True}
2023-02-05 10:02:29,640 : INFO : EventManager : Event: ======'machine_var_platform'====== Args={'value': 'Windows-10-10.0.19044-SP0', 'prev_value': None, 'change': True}
2023-02-05 10:02:29,640 : INFO : EventManager : Event: ======'machine_var_platform_system'====== Args={'value': 'Windows', 'prev_value': None, 'change': True}
2023-02-05 10:02:29,640 : INFO : EventManager : Event: ======'machine_var_platform_release'====== Args={'value': '10', 'prev_value': None, 'change': True}
2023-02-05 10:02:29,640 : INFO : EventManager : Event: ======'machine_var_platform_version'====== Args={'value': '10.0.19044', 'prev_value': None, 'change': True}
2023-02-05 10:02:29,640 : INFO : EventManager : Event: ======'machine_var_platform_machine'====== Args={'value': 'AMD64', 'prev_value': None, 'change': True}
2023-02-05 10:02:29,640 : INFO : EventManager : Event: ======'init_phase_1'====== Args={}
2023-02-05 10:02:29,663 : INFO : EventManager : Event: ======'init_phase_2'====== Args={}
2023-02-05 10:02:29,664 : INFO : SwitchController : Found active switch: (1002, <Platform.Virtual>) <switch.s_left_flipper>
2023-02-05 10:02:29,664 : INFO : SwitchController : Found active switch: (1003, <Platform.Virtual>) <switch.s_right_flipper>
2023-02-05 10:02:29,664 : INFO : SwitchController : Found active switch: (1000, <Platform.Virtual>) <switch.s_trough1>
2023-02-05 10:02:29,664 : INFO : SwitchController : Found active switch: (1005, <Platform.Virtual>) <switch.s_trough2>
2023-02-05 10:02:29,664 : INFO : SwitchController : Found active switch: (1006, <Platform.Virtual>) <switch.s_trough3>
2023-02-05 10:02:29,666 : INFO : EventManager : Event: ======'bcp_connection_attempt'====== Args={'name': 'local_display', 'host': 'localhost', 'port': 5050}
2023-02-05 10:02:29,668 : INFO : BCPClientSocket : Connecting BCP to 'local_display' at localhost:5050...
2023-02-05 10:02:32,219 : INFO : BCPClientSocket : Connected BCP to 'local_display' localhost:5050
2023-02-05 10:02:32,221 : INFO : EventManager : Event: ======'bcp_clients_connected'====== Args={}
2023-02-05 10:02:32,250 : INFO : ball_device.bd_trough : BCH: Initial count: 3
2023-02-05 10:02:32,252 : INFO : EventManager : Event: ======'machine_var_mc_version'====== Args={'value': 'MPF-MC v0.56.0-dev33', 'prev_value': None, 'change': True}
2023-02-05 10:02:32,253 : INFO : EventManager : Event: ======'machine_var_mc_extended_version'====== Args={'value': 'MPF-MC v0.56.0-dev33 (config_version=5, BCP v1.1, Requires MPF v0.56.0-dev33)', 'prev_value': None, 'change': True}
2023-02-05 10:02:32,258 : INFO : ball_device.bd_trough : State: idle
2023-02-05 10:02:32,354 : INFO : ball_device.bd_plunger : BCH: Initial count: 0
2023-02-05 10:02:32,355 : INFO : ball_device.bd_plunger : State: idle
2023-02-05 10:02:32,356 : INFO : ball_device.bd_retina_hole : BCH: Initial count: 0
2023-02-05 10:02:32,357 : INFO : ball_device.bd_retina_hole : State: idle
2023-02-05 10:02:32,358 : INFO : ball_device.bd_elevator : BCH: Initial count: 0
2023-02-05 10:02:32,359 : INFO : ball_device.bd_elevator : State: idle
2023-02-05 10:02:32,532 : INFO : EventManager : Event: ======'init_phase_3'====== Args={}
2023-02-05 10:02:32,546 : INFO : EventManager : Event: ======'init_phase_4'====== Args={}
2023-02-05 10:02:32,547 : INFO : BallController : Initial balls found: 3
2023-02-05 10:02:32,550 : INFO : EventManager : Event: ======'machine_var_audits_events_game_ended'====== Args={'value': 0, 'prev_value': None, 'change': True}
2023-02-05 10:02:32,552 : INFO : EventManager : Event: ======'machine_var_audits_events_game_started'====== Args={'value': 5, 'prev_value': None, 'change': True}
2023-02-05 10:02:32,552 : INFO : EventManager : Event: ======'machine_var_audits_player_score'====== Args={'value': {'average': 0, 'top': [], 'total': 0}, 'prev_value': None, 'change': True}
2023-02-05 10:02:32,553 : INFO : EventManager : Event: ======'machine_var_audits_shots_my_first_shot'====== Args={'value': 48, 'prev_value': None, 'change': True}
2023-02-05 10:02:32,553 : INFO : EventManager : Event: ======'machine_var_audits_switches_s_ball_shooter_lane'====== Args={'value': 0, 'prev_value': None, 'change': True}
2023-02-05 10:02:32,554 : INFO : EventManager : Event: ======'machine_var_audits_switches_s_eject'====== Args={'value': 0, 'prev_value': None, 'change': True}
2023-02-05 10:02:32,554 : INFO : EventManager : Event: ======'machine_var_audits_switches_s_elevator_hold'====== Args={'value': 0, 'prev_value': None, 'change': True}
2023-02-05 10:02:32,555 : INFO : EventManager : Event: ======'machine_var_audits_switches_s_enter_left_ramp'====== Args={'value': 0, 'prev_value': None, 'change': True}
2023-02-05 10:02:32,556 : INFO : EventManager : Event: ======'machine_var_audits_switches_s_inner_loop'====== Args={'value': 0, 'prev_value': None, 'change': True}
2023-02-05 10:02:32,556 : INFO : EventManager : Event: ======'machine_var_audits_switches_s_left_bottom_jet_bumper'====== Args={'value': 0, 'prev_value': None, 'change': True}
2023-02-05 10:02:32,558 : INFO : EventManager : Event: ======'machine_var_audits_switches_s_left_cellar'====== Args={'value': 0, 'prev_value': None, 'change': True}
2023-02-05 10:02:32,558 : INFO : EventManager : Event: ======'machine_var_audits_switches_s_left_flipper'====== Args={'value': 11, 'prev_value': None, 'change': True}
2023-02-05 10:02:32,558 : INFO : EventManager : Event: ======'machine_var_audits_switches_s_left_inlane'====== Args={'value': 48, 'prev_value': None, 'change': True}
2023-02-05 10:02:32,558 : INFO : EventManager : Event: ======'machine_var_audits_switches_s_left_lock_1'====== Args={'value': 0, 'prev_value': None, 'change': True}
2023-02-05 10:02:32,560 : INFO : EventManager : Event: ======'machine_var_audits_switches_s_left_lock_2'====== Args={'value': 0, 'prev_value': None, 'change': True}
2023-02-05 10:02:32,560 : INFO : EventManager : Event: ======'machine_var_audits_switches_s_left_lock_3'====== Args={'value': 0, 'prev_value': None, 'change': True}
2023-02-05 10:02:32,560 : INFO : EventManager : Event: ======'machine_var_audits_switches_s_left_loop_bottom'====== Args={'value': 0, 'prev_value': None, 'change': True}
2023-02-05 10:02:32,561 : INFO : EventManager : Event: ======'machine_var_audits_switches_s_left_loop_top'====== Args={'value': 0, 'prev_value': None, 'change': True}
2023-02-05 10:02:32,562 : INFO : EventManager : Event: ======'machine_var_audits_switches_s_left_outlane'====== Args={'value': 0, 'prev_value': None, 'change': True}
2023-02-05 10:02:32,562 : INFO : EventManager : Event: ======'machine_var_audits_switches_s_left_ramp_score_bottom'====== Args={'value': 0, 'prev_value': None, 'change': True}
2023-02-05 10:02:32,564 : INFO : EventManager : Event: ======'machine_var_audits_switches_s_left_ramp_score_top'====== Args={'value': 0, 'prev_value': None, 'change': True}
2023-02-05 10:02:32,564 : INFO : EventManager : Event: ======'machine_var_audits_switches_s_left_slingshot'====== Args={'value': 0, 'prev_value': None, 'change': True}
2023-02-05 10:02:32,565 : INFO : EventManager : Event: ======'machine_var_audits_switches_s_left_standup'====== Args={'value': 0, 'prev_value': None, 'change': True}
2023-02-05 10:02:32,566 : INFO : EventManager : Event: ======'machine_var_audits_switches_s_left_standup_right_ramp'====== Args={'value': 0, 'prev_value': None, 'change': True}
2023-02-05 10:02:32,567 : INFO : EventManager : Event: ======'machine_var_audits_switches_s_left_top_jet_bumper'====== Args={'value': 0, 'prev_value': None, 'change': True}
2023-02-05 10:02:32,567 : INFO : EventManager : Event: ======'machine_var_audits_switches_s_lower_bank_drop_target_opto_lower'====== Args={'value': 0, 'prev_value': None, 'change': True}
2023-02-05 10:02:32,567 : INFO : EventManager : Event: ======'machine_var_audits_switches_s_lower_bank_drop_target_opto_middle'====== Args={'value': 0, 'prev_value': None, 'change': True}
2023-02-05 10:02:32,568 : INFO : EventManager : Event: ======'machine_var_audits_switches_s_lower_bank_drop_target_opto_upper'====== Args={'value': 0, 'prev_value': None, 'change': True}
2023-02-05 10:02:32,570 : INFO : EventManager : Event: ======'machine_var_audits_switches_s_lower_top_jet_bumper'====== Args={'value': 0, 'prev_value': None, 'change': True}
2023-02-05 10:02:32,570 : INFO : EventManager : Event: ======'machine_var_audits_switches_s_middle_standup'====== Args={'value': 0, 'prev_value': None, 'change': True}
2023-02-05 10:02:32,571 : INFO : EventManager : Event: ======'machine_var_audits_switches_s_outhole'====== Args={'value': 0, 'prev_value': None, 'change': True}
2023-02-05 10:02:32,572 : INFO : EventManager : Event: ======'machine_var_audits_switches_s_plumb_bob_tilt'====== Args={'value': 0, 'prev_value': None, 'change': True}
2023-02-05 10:02:32,572 : INFO : EventManager : Event: ======'machine_var_audits_switches_s_plunger'====== Args={'value': 0, 'prev_value': None, 'change': True}
2023-02-05 10:02:32,573 : INFO : EventManager : Event: ======'machine_var_audits_switches_s_right_bottom_jet_bumper'====== Args={'value': 0, 'prev_value': None, 'change': True}
2023-02-05 10:02:32,573 : INFO : EventManager : Event: ======'machine_var_audits_switches_s_right_cellar'====== Args={'value': 0, 'prev_value': None, 'change': True}
2023-02-05 10:02:32,574 : INFO : EventManager : Event: ======'machine_var_audits_switches_s_right_flipper'====== Args={'value': 0, 'prev_value': None, 'change': True}
2023-02-05 10:02:32,575 : INFO : EventManager : Event: ======'machine_var_audits_switches_s_right_inlane'====== Args={'value': 0, 'prev_value': None, 'change': True}
2023-02-05 10:02:32,575 : INFO : EventManager : Event: ======'machine_var_audits_switches_s_right_loop_bottom'====== Args={'value': 0, 'prev_value': None, 'change': True}
2023-02-05 10:02:32,576 : INFO : EventManager : Event: ======'machine_var_audits_switches_s_right_loop_top'====== Args={'value': 0, 'prev_value': None, 'change': True}
2023-02-05 10:02:32,577 : INFO : EventManager : Event: ======'machine_var_audits_switches_s_right_outlane'====== Args={'value': 0, 'prev_value': None, 'change': True}
2023-02-05 10:02:32,577 : INFO : EventManager : Event: ======'machine_var_audits_switches_s_right_ramp_down'====== Args={'value': 0, 'prev_value': None, 'change': True}
2023-02-05 10:02:32,578 : INFO : EventManager : Event: ======'machine_var_audits_switches_s_right_ramp_score_bottom'====== Args={'value': 0, 'prev_value': None, 'change': True}
2023-02-05 10:02:32,579 : INFO : EventManager : Event: ======'machine_var_audits_switches_s_right_ramp_score_top'====== Args={'value': 0, 'prev_value': None, 'change': True}
2023-02-05 10:02:32,580 : INFO : EventManager : Event: ======'machine_var_audits_switches_s_right_slingshot'====== Args={'value': 0, 'prev_value': None, 'change': True}
2023-02-05 10:02:32,580 : INFO : EventManager : Event: ======'machine_var_audits_switches_s_right_standup'====== Args={'value': 0, 'prev_value': None, 'change': True}
2023-02-05 10:02:32,581 : INFO : EventManager : Event: ======'machine_var_audits_switches_s_right_standup_right_ramp'====== Args={'value': 0, 'prev_value': None, 'change': True}
2023-02-05 10:02:32,583 : INFO : EventManager : Event: ======'machine_var_audits_switches_s_right_top_jet_bumper'====== Args={'value': 0, 'prev_value': None, 'change': True}
2023-02-05 10:02:32,583 : INFO : EventManager : Event: ======'machine_var_audits_switches_s_spinner'====== Args={'value': 0, 'prev_value': None, 'change': True}
2023-02-05 10:02:32,584 : INFO : EventManager : Event: ======'machine_var_audits_switches_s_start'====== Args={'value': 6, 'prev_value': None, 'change': True}
2023-02-05 10:02:32,584 : INFO : EventManager : Event: ======'machine_var_audits_switches_s_top_right_reject'====== Args={'value': 0, 'prev_value': None, 'change': True}
2023-02-05 10:02:32,585 : INFO : EventManager : Event: ======'machine_var_audits_switches_s_trough1'====== Args={'value': 5, 'prev_value': None, 'change': True}
2023-02-05 10:02:32,587 : INFO : EventManager : Event: ======'machine_var_audits_switches_s_trough2'====== Args={'value': 2, 'prev_value': None, 'change': True}
2023-02-05 10:02:32,587 : INFO : EventManager : Event: ======'machine_var_audits_switches_s_trough3'====== Args={'value': 2, 'prev_value': None, 'change': True}
2023-02-05 10:02:32,587 : INFO : EventManager : Event: ======'machine_var_audits_switches_s_trough_jam'====== Args={'value': 0, 'prev_value': None, 'change': True}
2023-02-05 10:02:32,589 : INFO : EventManager : Event: ======'machine_var_audits_switches_s_upper_bank_drop_target_opto'====== Args={'value': 0, 'prev_value': None, 'change': True}
2023-02-05 10:02:32,590 : INFO : EventManager : Event: ======'machine_var_audits_switches_s_upper_bottom_jet_bumper'====== Args={'value': 0, 'prev_value': None, 'change': True}
2023-02-05 10:02:32,590 : INFO : EventManager : Event: ======'machine_var_audits_switches_s_upper_right_flipper'====== Args={'value': 0, 'prev_value': None, 'change': True}
2023-02-05 10:02:32,593 : INFO : EventManager : Event: ======'init_phase_5'====== Args={}
2023-02-05 10:02:32,675 : INFO : EventManager : Event: ======'init_done'====== Args={}
2023-02-05 10:02:32,676 : INFO : EventManager : Event: ======'machine_reset_phase_1'====== Args={}
2023-02-05 10:02:32,690 : INFO : EventManager : Event: ======'machine_reset_phase_2'====== Args={}
2023-02-05 10:02:32,691 : INFO : EventManager : Event: ======'machine_reset_phase_3'====== Args={}
2023-02-05 10:02:32,691 : INFO : EventManager : Event: ======'reset_complete'====== Args={}
2023-02-05 10:02:32,692 : INFO : EventManager : Event: ======'mode_attract_will_start'====== Args={}
2023-02-05 10:02:32,694 : INFO : EventManager : Event: ======'mode_attract_starting'====== Args={}
2023-02-05 10:02:32,694 : INFO : Mode.attract : Started. Priority: 10
2023-02-05 10:02:32,694 : INFO : EventManager : Event: ======'modes_active_modes_changed'====== Args={}
2023-02-05 10:02:32,695 : INFO : EventManager : Event: ======'mode_attract_started'====== Args={}
2023-02-05 10:02:32,696 : INFO : EventManager : Event: ======'collecting_balls_complete'====== Args={}
2023-02-05 10:02:32,842 : INFO : EventManager : Event: ======'slide_slide1_created'====== Args={'_from_bcp': True}
2023-02-05 10:02:32,843 : INFO : EventManager : Event: ======'slide_slide1_active'====== Args={'_from_bcp': True}
2023-02-05 10:02:32,844 : INFO : Machine : Starting the main run loop.
2023-02-05 10:02:33,239 : INFO : SwitchController : <<<<<<< 's_start' active >>>>>>>
2023-02-05 10:02:33,303 : INFO : SwitchController : <<<<<<< 's_start' inactive >>>>>>>
2023-02-05 10:02:33,304 : INFO : EventManager : Event: ======'request_to_start_game'====== Args={}
2023-02-05 10:02:33,337 : INFO : EventManager : Event: ======'game_start'====== Args={'buttons': [], 'hold_time': 0.0629999999946449}
2023-02-05 10:02:33,338 : INFO : EventManager : Event: ======'mode_game_will_start'====== Args={'buttons': [], 'hold_time': 0.0629999999946449}
2023-02-05 10:02:33,340 : INFO : EventManager : Event: ======'mode_game_starting'====== Args={'buttons': [], 'hold_time': 0.0629999999946449}
2023-02-05 10:02:33,340 : INFO : EventManager : Event: ======'mode_attract_will_stop'====== Args={}
2023-02-05 10:02:33,341 : INFO : EventManager : Event: ======'mode_attract_stopping'====== Args={}
2023-02-05 10:02:33,341 : INFO : Mode.attract : Stopped.
2023-02-05 10:02:33,341 : INFO : EventManager : Event: ======'modes_active_modes_changed'====== Args={}
2023-02-05 10:02:33,342 : INFO : EventManager : Event: ======'mode_attract_stopped'====== Args={}
2023-02-05 10:02:33,342 : INFO : EventManager : Event: ======'clear'====== Args={'key': 'attract'}
2023-02-05 10:02:33,343 : INFO : Mode.game : Started. Priority: 20
2023-02-05 10:02:33,343 : INFO : EventManager : Event: ======'modes_active_modes_changed'====== Args={}
2023-02-05 10:02:33,343 : INFO : EventManager : Event: ======'mode_game_started'====== Args={'buttons': [], 'hold_time': 0.0629999999946449}
2023-02-05 10:02:33,344 : INFO : EventManager : Event: ======'game_will_start'====== Args={}
2023-02-05 10:02:33,360 : INFO : EventManager : Event: ======'game_starting'====== Args={'game': <Mode.game>}
2023-02-05 10:02:33,362 : INFO : EventManager : Event: ======'slide_slide1_removed'====== Args={'_from_bcp': True}
2023-02-05 10:02:33,362 : INFO : EventManager : Event: ======'slide_lcd_blank_active'====== Args={'_from_bcp': True}
2023-02-05 10:02:33,362 : INFO : EventManager : Event: ======'player_add_request'====== Args={}
2023-02-05 10:02:33,364 : INFO : EventManager : Event: ======'player_will_add'====== Args={'number': 1}
2023-02-05 10:02:33,364 : INFO : EventManager : Event: ======'player_adding'====== Args={'player': <Player 1>, 'number': 1}
2023-02-05 10:02:33,364 : INFO : EventManager : Event: ======'player_added'====== Args={'player': <Player 1>, 'num': 1}
2023-02-05 10:02:33,364 : INFO : Mode.game : Player added successfully. Total players: 1
2023-02-05 10:02:33,365 : INFO : EventManager : Event: ======'player_index'====== Args={'value': 0, 'prev_value': 0, 'change': 0, 'player_num': 1}
2023-02-05 10:02:33,366 : INFO : EventManager : Event: ======'player_number'====== Args={'value': 1, 'prev_value': 1, 'change': 0, 'player_num': 1}
2023-02-05 10:02:33,366 : INFO : EventManager : Event: ======'player_score'====== Args={'value': 0, 'prev_value': 0, 'change': 0, 'player_num': 1}
2023-02-05 10:02:33,367 : INFO : EventManager : Event: ======'game_started'====== Args={}
2023-02-05 10:02:33,402 : INFO : EventManager : Event: ======'player_turn_will_start'====== Args={'player': <Player 1>, 'number': 1}
2023-02-05 10:02:33,403 : INFO : EventManager : Event: ======'player_turn_starting'====== Args={'player': <Player 1>, 'number': 1}
2023-02-05 10:02:33,404 : INFO : EventManager : Event: ======'player_ball'====== Args={'value': 1, 'prev_value': 0, 'change': 1, 'player_num': 1}
2023-02-05 10:02:33,405 : INFO : EventManager : Event: ======'player_turn_started'====== Args={'player': <Player 1>, 'number': 1}
2023-02-05 10:02:33,407 : INFO : EventManager : Event: ======'ball_will_start'====== Args={'player': 1, 'ball': 1, 'balls_remaining': 2, 'is_extra_ball': False}
2023-02-05 10:02:33,419 : INFO : EventManager : Event: ======'ball_starting'====== Args={'player': 1, 'ball': 1, 'balls_remaining': 2, 'is_extra_ball': False}
2023-02-05 10:02:33,420 : INFO : EventManager : Event: ======'mode_base_will_start'====== Args={'queue': <QueuedEvent>, 'player': 1, 'ball': 1, 'balls_remaining': 2, 'is_extra_ball': False}
2023-02-05 10:02:33,420 : INFO : EventManager : Event: ======'player_shot_my_first_shot_enabled'====== Args={'value': True, 'prev_value': 0, 'change': 1, 'player_num': 1}
2023-02-05 10:02:33,424 : INFO : EventManager : Event: ======'mode_base_starting'====== Args={'queue': <QueuedEvent>, 'player': 1, 'ball': 1, 'balls_remaining': 2, 'is_extra_ball': False}
2023-02-05 10:02:33,437 : INFO : Mode.base : Started. Priority: 100
2023-02-05 10:02:33,437 : INFO : EventManager : Event: ======'modes_active_modes_changed'====== Args={}
2023-02-05 10:02:33,438 : INFO : EventManager : Event: ======'mode_base_started'====== Args={'queue': <QueuedEvent>, 'player': 1, 'ball': 1, 'balls_remaining': 2, 'is_extra_ball': False}
2023-02-05 10:02:33,439 : INFO : EventManager : Event: ======'balls_in_play'====== Args={'balls': 1}
2023-02-05 10:02:33,439 : INFO : EventManager : Event: ======'ball_started'====== Args={'player': 1, 'ball': 1, 'balls_remaining': 2, 'is_extra_ball': False}
2023-02-05 10:02:33,594 : INFO : EventManager : Event: ======'single_player_ball_started'====== Args={}
2023-02-05 10:02:33,595 : INFO : EventManager : Event: ======'slide_base.slide_player-mode_base_started_created'====== Args={'_from_bcp': True}
2023-02-05 10:02:33,596 : INFO : EventManager : Event: ======'slide_base.slide_player-mode_base_started_active'====== Args={'_from_bcp': True}
2023-02-05 10:02:33,596 : INFO : EventManager : Event: ======'ball_start_target'====== Args={'target': 'playfield'}
2023-02-05 10:02:33,597 : INFO : ball_device.bd_plunger : Setting up player-controlled eject. Balls: 1, Target: <playfield.playfield>, player_controlled_eject_event: None
2023-02-05 10:02:33,598 : INFO : EventManager : Event: ======'balldevice_balls_available'====== Args={}
2023-02-05 10:02:33,601 : INFO : ball_device.bd_trough : State: waiting_for_target_ready
2023-02-05 10:02:33,601 : INFO : EventManager : Event: ======'balldevice_bd_trough_ball_eject_attempt'====== Args={'balls': 1, 'target': <ball_device.bd_plunger>, 'source': <ball_device.bd_trough>, 'mechanical_eject': True, 'num_attempts': 0}
2023-02-05 10:02:33,601 : INFO : ball_device.bd_plunger : State: waiting_for_ball
2023-02-05 10:02:33,602 : INFO : ball_device.bd_trough : State: ejecting
2023-02-05 10:02:33,602 : INFO : ball_device.bd_trough : Ejecting ball to <ball_device.bd_plunger>
2023-02-05 10:02:33,603 : INFO : EventManager : Event: ======'balldevice_bd_trough_ejecting_ball'====== Args={'balls': 1, 'target': <ball_device.bd_plunger>, 'source': <ball_device.bd_trough>, 'mechanical_eject': True, 'num_attempts': 0}
2023-02-05 10:02:33,604 : INFO : ball_device.bd_trough : Wait for ball to leave device
2023-02-05 10:02:33,607 : INFO : coil.c_trough_eject : Pulsing Driver for 10ms (1.0 pulse_power)
2023-02-05 10:02:34,288 : INFO : SwitchController : <<<<<<< 's_left_inlane' active >>>>>>>
2023-02-05 10:02:34,289 : INFO : EventManager : Event: ======'playfield_active'====== Args={}
2023-02-05 10:02:34,289 : INFO : EventManager : Event: ======'unexpected_ball_on_playfield'====== Args={}
2023-02-05 10:02:34,289 : INFO : EventManager : Event: ======'s_left_inlane_active'====== Args={}
2023-02-05 10:02:34,289 : INFO : EventManager : Event: ======'machine_var_audits_switches_s_left_inlane'====== Args={'value': 49, 'prev_value': 48, 'change': 1}
2023-02-05 10:02:34,291 : INFO : EventManager : Event: ======'player_shot_my_first_shot'====== Args={'value': 1, 'prev_value': 0, 'change': 1, 'player_num': 1}
2023-02-05 10:02:34,292 : INFO : EventManager : Event: ======'machine_var_audits_shots_my_first_shot'====== Args={'value': 49, 'prev_value': 48, 'change': 1}
2023-02-05 10:02:34,294 : INFO : EventManager : Event: ======'my_first_shot_hit'====== Args={'profile': 'default', 'state': 'unlit', 'advancing': True}
2023-02-05 10:02:34,294 : INFO : EventManager : Event: ======'my_first_shot_default_hit'====== Args={'profile': 'default', 'state': 'unlit', 'advancing': True}
2023-02-05 10:02:34,294 : INFO : EventManager : Event: ======'my_first_shot_default_unlit_hit'====== Args={'profile': 'default', 'state': 'unlit', 'advancing': True}
2023-02-05 10:02:34,294 : INFO : EventManager : Event: ======'my_first_shot_unlit_hit'====== Args={'profile': 'default', 'state': 'unlit', 'advancing': True}
2023-02-05 10:02:34,400 : INFO : SwitchController : <<<<<<< 's_left_inlane' inactive >>>>>>>
2023-02-05 10:02:35,036 : INFO : SwitchController : <<<<<<< 's_left_inlane' active >>>>>>>
2023-02-05 10:02:35,037 : INFO : EventManager : Event: ======'playfield_active'====== Args={}
2023-02-05 10:02:35,037 : INFO : EventManager : Event: ======'unexpected_ball_on_playfield'====== Args={}
2023-02-05 10:02:35,037 : INFO : EventManager : Event: ======'s_left_inlane_active'====== Args={}
2023-02-05 10:02:35,037 : INFO : EventManager : Event: ======'machine_var_audits_switches_s_left_inlane'====== Args={'value': 50, 'prev_value': 49, 'change': 1}
2023-02-05 10:02:35,039 : INFO : EventManager : Event: ======'machine_var_audits_shots_my_first_shot'====== Args={'value': 50, 'prev_value': 49, 'change': 1}
2023-02-05 10:02:35,040 : INFO : EventManager : Event: ======'my_first_shot_hit'====== Args={'profile': 'default', 'state': 'lit', 'advancing': False}
2023-02-05 10:02:35,041 : INFO : EventManager : Event: ======'my_first_shot_default_hit'====== Args={'profile': 'default', 'state': 'lit', 'advancing': False}
2023-02-05 10:02:35,041 : INFO : EventManager : Event: ======'my_first_shot_default_lit_hit'====== Args={'profile': 'default', 'state': 'lit', 'advancing': False}
2023-02-05 10:02:35,041 : INFO : EventManager : Event: ======'my_first_shot_lit_hit'====== Args={'profile': 'default', 'state': 'lit', 'advancing': False}
2023-02-05 10:02:35,110 : INFO : SwitchController : <<<<<<< 's_left_inlane' inactive >>>>>>>
2023-02-05 10:02:35,683 : INFO : SwitchController : <<<<<<< 's_left_inlane' active >>>>>>>
2023-02-05 10:02:35,684 : INFO : EventManager : Event: ======'playfield_active'====== Args={}
2023-02-05 10:02:35,684 : INFO : EventManager : Event: ======'unexpected_ball_on_playfield'====== Args={}
2023-02-05 10:02:35,684 : INFO : EventManager : Event: ======'s_left_inlane_active'====== Args={}
2023-02-05 10:02:35,685 : INFO : EventManager : Event: ======'machine_var_audits_switches_s_left_inlane'====== Args={'value': 51, 'prev_value': 50, 'change': 1}
2023-02-05 10:02:35,687 : INFO : EventManager : Event: ======'machine_var_audits_shots_my_first_shot'====== Args={'value': 51, 'prev_value': 50, 'change': 1}
2023-02-05 10:02:35,689 : INFO : EventManager : Event: ======'my_first_shot_hit'====== Args={'profile': 'default', 'state': 'lit', 'advancing': False}
2023-02-05 10:02:35,689 : INFO : EventManager : Event: ======'my_first_shot_default_hit'====== Args={'profile': 'default', 'state': 'lit', 'advancing': False}
2023-02-05 10:02:35,689 : INFO : EventManager : Event: ======'my_first_shot_default_lit_hit'====== Args={'profile': 'default', 'state': 'lit', 'advancing': False}
2023-02-05 10:02:35,690 : INFO : EventManager : Event: ======'my_first_shot_lit_hit'====== Args={'profile': 'default', 'state': 'lit', 'advancing': False}
2023-02-05 10:02:35,793 : INFO : SwitchController : <<<<<<< 's_left_inlane' inactive >>>>>>>
2023-02-05 10:02:36,339 : INFO : SwitchController : <<<<<<< 's_left_inlane' active >>>>>>>
2023-02-05 10:02:36,340 : INFO : EventManager : Event: ======'playfield_active'====== Args={}
2023-02-05 10:02:36,340 : INFO : EventManager : Event: ======'unexpected_ball_on_playfield'====== Args={}
2023-02-05 10:02:36,340 : INFO : EventManager : Event: ======'s_left_inlane_active'====== Args={}
2023-02-05 10:02:36,341 : INFO : EventManager : Event: ======'machine_var_audits_switches_s_left_inlane'====== Args={'value': 52, 'prev_value': 51, 'change': 1}
2023-02-05 10:02:36,343 : INFO : EventManager : Event: ======'machine_var_audits_shots_my_first_shot'====== Args={'value': 52, 'prev_value': 51, 'change': 1}
2023-02-05 10:02:36,344 : INFO : EventManager : Event: ======'my_first_shot_hit'====== Args={'profile': 'default', 'state': 'lit', 'advancing': False}
2023-02-05 10:02:36,344 : INFO : EventManager : Event: ======'my_first_shot_default_hit'====== Args={'profile': 'default', 'state': 'lit', 'advancing': False}
2023-02-05 10:02:36,345 : INFO : EventManager : Event: ======'my_first_shot_default_lit_hit'====== Args={'profile': 'default', 'state': 'lit', 'advancing': False}
2023-02-05 10:02:36,345 : INFO : EventManager : Event: ======'my_first_shot_lit_hit'====== Args={'profile': 'default', 'state': 'lit', 'advancing': False}
2023-02-05 10:02:36,450 : INFO : SwitchController : <<<<<<< 's_left_inlane' inactive >>>>>>>
2023-02-05 10:02:36,973 : INFO : SwitchController : <<<<<<< 's_left_inlane' active >>>>>>>
2023-02-05 10:02:36,973 : INFO : EventManager : Event: ======'playfield_active'====== Args={}
2023-02-05 10:02:36,973 : INFO : EventManager : Event: ======'unexpected_ball_on_playfield'====== Args={}
2023-02-05 10:02:36,973 : INFO : EventManager : Event: ======'s_left_inlane_active'====== Args={}
2023-02-05 10:02:36,973 : INFO : EventManager : Event: ======'machine_var_audits_switches_s_left_inlane'====== Args={'value': 53, 'prev_value': 52, 'change': 1}
2023-02-05 10:02:36,976 : INFO : EventManager : Event: ======'machine_var_audits_shots_my_first_shot'====== Args={'value': 53, 'prev_value': 52, 'change': 1}
2023-02-05 10:02:36,978 : INFO : EventManager : Event: ======'my_first_shot_hit'====== Args={'profile': 'default', 'state': 'lit', 'advancing': False}
2023-02-05 10:02:36,978 : INFO : EventManager : Event: ======'my_first_shot_default_hit'====== Args={'profile': 'default', 'state': 'lit', 'advancing': False}
2023-02-05 10:02:36,978 : INFO : EventManager : Event: ======'my_first_shot_default_lit_hit'====== Args={'profile': 'default', 'state': 'lit', 'advancing': False}
2023-02-05 10:02:36,979 : INFO : EventManager : Event: ======'my_first_shot_lit_hit'====== Args={'profile': 'default', 'state': 'lit', 'advancing': False}
2023-02-05 10:02:37,094 : INFO : SwitchController : <<<<<<< 's_left_inlane' inactive >>>>>>>
2023-02-05 10:02:37,532 : INFO : SwitchController : <<<<<<< 's_left_inlane' active >>>>>>>
2023-02-05 10:02:37,532 : INFO : EventManager : Event: ======'playfield_active'====== Args={}
2023-02-05 10:02:37,533 : INFO : EventManager : Event: ======'unexpected_ball_on_playfield'====== Args={}
2023-02-05 10:02:37,533 : INFO : EventManager : Event: ======'s_left_inlane_active'====== Args={}
2023-02-05 10:02:37,534 : INFO : EventManager : Event: ======'machine_var_audits_switches_s_left_inlane'====== Args={'value': 54, 'prev_value': 53, 'change': 1}
2023-02-05 10:02:37,536 : INFO : EventManager : Event: ======'machine_var_audits_shots_my_first_shot'====== Args={'value': 54, 'prev_value': 53, 'change': 1}
2023-02-05 10:02:37,537 : INFO : EventManager : Event: ======'my_first_shot_hit'====== Args={'profile': 'default', 'state': 'lit', 'advancing': False}
2023-02-05 10:02:37,537 : INFO : EventManager : Event: ======'my_first_shot_default_hit'====== Args={'profile': 'default', 'state': 'lit', 'advancing': False}
2023-02-05 10:02:37,538 : INFO : EventManager : Event: ======'my_first_shot_default_lit_hit'====== Args={'profile': 'default', 'state': 'lit', 'advancing': False}
2023-02-05 10:02:37,538 : INFO : EventManager : Event: ======'my_first_shot_lit_hit'====== Args={'profile': 'default', 'state': 'lit', 'advancing': False}
2023-02-05 10:02:37,620 : INFO : SwitchController : <<<<<<< 's_left_inlane' inactive >>>>>>>
2023-02-05 10:02:39,947 : INFO : SwitchController : <<<<<<< 's_left_inlane' active >>>>>>>
2023-02-05 10:02:39,947 : INFO : EventManager : Event: ======'playfield_active'====== Args={}
2023-02-05 10:02:39,947 : INFO : EventManager : Event: ======'unexpected_ball_on_playfield'====== Args={}
2023-02-05 10:02:39,947 : INFO : EventManager : Event: ======'s_left_inlane_active'====== Args={}
2023-02-05 10:02:39,947 : INFO : EventManager : Event: ======'machine_var_audits_switches_s_left_inlane'====== Args={'value': 55, 'prev_value': 54, 'change': 1}
2023-02-05 10:02:39,951 : INFO : EventManager : Event: ======'machine_var_audits_shots_my_first_shot'====== Args={'value': 55, 'prev_value': 54, 'change': 1}
2023-02-05 10:02:39,952 : INFO : EventManager : Event: ======'my_first_shot_hit'====== Args={'profile': 'default', 'state': 'lit', 'advancing': False}
2023-02-05 10:02:39,952 : INFO : EventManager : Event: ======'my_first_shot_default_hit'====== Args={'profile': 'default', 'state': 'lit', 'advancing': False}
2023-02-05 10:02:39,952 : INFO : EventManager : Event: ======'my_first_shot_default_lit_hit'====== Args={'profile': 'default', 'state': 'lit', 'advancing': False}
2023-02-05 10:02:39,953 : INFO : EventManager : Event: ======'my_first_shot_lit_hit'====== Args={'profile': 'default', 'state': 'lit', 'advancing': False}
2023-02-05 10:02:40,034 : INFO : SwitchController : <<<<<<< 's_left_inlane' inactive >>>>>>>
2023-02-05 10:02:40,390 : INFO : SwitchController : <<<<<<< 's_left_inlane' active >>>>>>>
2023-02-05 10:02:40,391 : INFO : EventManager : Event: ======'playfield_active'====== Args={}
2023-02-05 10:02:40,391 : INFO : EventManager : Event: ======'unexpected_ball_on_playfield'====== Args={}
2023-02-05 10:02:40,391 : INFO : EventManager : Event: ======'s_left_inlane_active'====== Args={}
2023-02-05 10:02:40,391 : INFO : EventManager : Event: ======'machine_var_audits_switches_s_left_inlane'====== Args={'value': 56, 'prev_value': 55, 'change': 1}
2023-02-05 10:02:40,394 : INFO : EventManager : Event: ======'machine_var_audits_shots_my_first_shot'====== Args={'value': 56, 'prev_value': 55, 'change': 1}
2023-02-05 10:02:40,395 : INFO : EventManager : Event: ======'my_first_shot_hit'====== Args={'profile': 'default', 'state': 'lit', 'advancing': False}
2023-02-05 10:02:40,395 : INFO : EventManager : Event: ======'my_first_shot_default_hit'====== Args={'profile': 'default', 'state': 'lit', 'advancing': False}
2023-02-05 10:02:40,395 : INFO : EventManager : Event: ======'my_first_shot_default_lit_hit'====== Args={'profile': 'default', 'state': 'lit', 'advancing': False}
2023-02-05 10:02:40,395 : INFO : EventManager : Event: ======'my_first_shot_lit_hit'====== Args={'profile': 'default', 'state': 'lit', 'advancing': False}
2023-02-05 10:02:40,947 : INFO : SwitchController : <<<<<<< 's_left_inlane' inactive >>>>>>>
2023-02-05 10:02:41,244 : INFO : SwitchController : <<<<<<< 's_left_inlane' active >>>>>>>
2023-02-05 10:02:41,246 : INFO : EventManager : Event: ======'playfield_active'====== Args={}
2023-02-05 10:02:41,246 : INFO : EventManager : Event: ======'unexpected_ball_on_playfield'====== Args={}
2023-02-05 10:02:41,246 : INFO : EventManager : Event: ======'s_left_inlane_active'====== Args={}
2023-02-05 10:02:41,246 : INFO : EventManager : Event: ======'machine_var_audits_switches_s_left_inlane'====== Args={'value': 57, 'prev_value': 56, 'change': 1}
2023-02-05 10:02:41,249 : INFO : EventManager : Event: ======'machine_var_audits_shots_my_first_shot'====== Args={'value': 57, 'prev_value': 56, 'change': 1}
2023-02-05 10:02:41,250 : INFO : EventManager : Event: ======'my_first_shot_hit'====== Args={'profile': 'default', 'state': 'lit', 'advancing': False}
2023-02-05 10:02:41,250 : INFO : EventManager : Event: ======'my_first_shot_default_hit'====== Args={'profile': 'default', 'state': 'lit', 'advancing': False}
2023-02-05 10:02:41,250 : INFO : EventManager : Event: ======'my_first_shot_default_lit_hit'====== Args={'profile': 'default', 'state': 'lit', 'advancing': False}
2023-02-05 10:02:41,251 : INFO : EventManager : Event: ======'my_first_shot_lit_hit'====== Args={'profile': 'default', 'state': 'lit', 'advancing': False}
2023-02-05 10:02:42,336 : INFO : SwitchController : <<<<<<< 's_left_inlane' inactive >>>>>>>
2023-02-05 10:02:43,598 : INFO : EventManager : Event: ======'balldevice_bd_trough_ball_eject_failed'====== Args={'target': <ball_device.bd_plunger>, 'balls': 1, 'retry': True, 'num_attempts': 1}
2023-02-05 10:02:43,600 : INFO : ball_device.bd_trough : State: waiting_for_target_ready
2023-02-05 10:02:43,600 : INFO : EventManager : Event: ======'balldevice_bd_trough_ball_eject_attempt'====== Args={'balls': 1, 'target': <ball_device.bd_plunger>, 'source': <ball_device.bd_trough>, 'mechanical_eject': True, 'num_attempts': 1}
2023-02-05 10:02:43,601 : INFO : ball_device.bd_trough : State: ejecting
2023-02-05 10:02:43,601 : INFO : ball_device.bd_trough : Ejecting ball to <ball_device.bd_plunger>
2023-02-05 10:02:43,602 : INFO : EventManager : Event: ======'balldevice_bd_trough_ejecting_ball'====== Args={'balls': 1, 'target': <ball_device.bd_plunger>, 'source': <ball_device.bd_trough>, 'mechanical_eject': True, 'num_attempts': 1}
2023-02-05 10:02:43,604 : INFO : ball_device.bd_trough : Wait for ball to leave device
2023-02-05 10:02:43,605 : INFO : coil.c_trough_eject : Pulsing Driver for 10ms (1.0 pulse_power)
2023-02-05 10:02:45,322 : INFO : Machine : Shutting down...
2023-02-05 10:02:45,323 : INFO : EventManager : Event: ======'shutdown'====== Args={}
2023-02-05 10:02:45,328 : INFO : EventManager : Event: ======'mode_game_will_stop'====== Args={}
2023-02-05 10:02:45,329 : INFO : EventManager : Event: ======'mode_game_stopping'====== Args={}
2023-02-05 10:02:45,330 : INFO : EventManager : Event: ======'mode_base_will_stop'====== Args={}
2023-02-05 10:02:45,331 : INFO : EventManager : Event: ======'mode_base_stopping'====== Args={}
2023-02-05 10:02:45,332 : INFO : Mode.base : Stopped.
2023-02-05 10:02:45,332 : INFO : EventManager : Event: ======'modes_active_modes_changed'====== Args={}
2023-02-05 10:02:45,333 : INFO : EventManager : Event: ======'mode_base_stopped'====== Args={}
2023-02-05 10:02:45,333 : INFO : EventManager : Event: ======'clear'====== Args={'key': 'base'}
2023-02-05 10:02:45,335 : INFO : Mode.game : Stopped.
2023-02-05 10:02:45,335 : INFO : EventManager : Event: ======'modes_active_modes_changed'====== Args={}
2023-02-05 10:02:45,335 : INFO : EventManager : Event: ======'mode_game_stopped'====== Args={}
2023-02-05 10:02:45,335 : INFO : EventManager : Event: ======'clear'====== Args={'key': 'game'}
2023-02-05 10:02:45,344 : INFO : root : MPF run loop ended.
