2023-02-05 09:59:33,348 : INFO : root : Loading config.
2023-02-05 09:59:33,351 : INFO : YamlMultifileConfigLoader : Machine config file #1: config.yaml
2023-02-05 09:59:33,352 : INFO : ConfigProcessor : Loading config from cache: C:\Users\steel\AppData\Local\Temp\9014108be8bb19792bb5e6c9e9603b65.mpf_cache
2023-02-05 09:59:33,437 : INFO : ConfigProcessor : Loading config from cache: C:\Users\steel\AppData\Local\Temp\0c159a05f39617a30cc1b279562f144f.mpf_cache
2023-02-05 09:59:33,438 : INFO : ConfigProcessor : Loading config from cache: C:\Users\steel\AppData\Local\Temp\a4144dd661fe0832b800e50000db3090.mpf_cache
2023-02-05 09:59:33,439 : INFO : ConfigProcessor : Loading config from cache: C:\Users\steel\AppData\Local\Temp\0c159a05f39617a30cc1b279562f144f.mpf_cache
2023-02-05 09:59:33,440 : WARNING : ConfigProcessor : Config file in cache changed: C:\pinball\SAW\modes\base\config\base.yaml
2023-02-05 09:59:33,440 : INFO : ConfigProcessor : Loading config from file C:\pinball\SAW\modes\base\config\base.yaml.
2023-02-05 09:59:33,443 : INFO : ConfigProcessor : Loading config: C:\pinball\SAW\modes\base\config\base.yaml
2023-02-05 09:59:33,448 : INFO : ConfigProcessor : Config file cache created: C:\Users\steel\AppData\Local\Temp\c84db42795c08bfb8e4272b3be41e3f4.mpf_cache
2023-02-05 09:59:33,449 : INFO : ConfigProcessor : Loading config from cache: C:\Users\steel\AppData\Local\Temp\17aa0c884dad87b4b4047bafdeb78206.mpf_cache
2023-02-05 09:59:33,450 : INFO : ConfigProcessor : Loading config from cache: C:\Users\steel\AppData\Local\Temp\6026628a89ebb09da8c65e4a804bb30f.mpf_cache
2023-02-05 09:59:33,451 : INFO : Machine : Mission Pinball Framework Core Engine v0.56.0-dev33
2023-02-05 09:59:33,451 : INFO : Machine : Command line arguments: {'no_load_cache': False, 'create_config_cache': True, 'bcp': True, 'configfile': ['config.yaml'], 'force_assets_load': False, 'jsonlogging': False, 'logfile': 'logs\\2023-02-05-09-59-33-mpf-MSI.log', 'pause': False, 'production': False, 'text_ui': True, 'loglevel': 15, 'consoleloglevel': 20, 'force_platform': 'virtual', 'syslog_address': None, 'mc_file_name': None, 'no_sound': False}
2023-02-05 09:59:33,451 : INFO : Machine : MPF path: C:\Users\steel\AppData\Local\Programs\Python\Python39\lib\site-packages\mpf
2023-02-05 09:59:33,451 : INFO : Machine : Machine path: C:\pinball\SAW
2023-02-05 09:59:33,451 : INFO : Machine : Platform: win32
2023-02-05 09:59:33,451 : INFO : Machine : Python executable location: C:\Users\steel\AppData\Local\Programs\Python\Python39\python.exe
2023-02-05 09:59:33,451 : INFO : Machine : Python version: 3.9.13 (64-bit)
2023-02-05 09:59:33,453 : INFO : Machine : Initialise MPF.
2023-02-05 09:59:33,779 : INFO : EventManager : Event: ======'machine_var_credits_string'====== Args={'value': 'FREE PLAY', 'prev_value': None, 'change': True}
2023-02-05 09:59:33,841 : INFO : EventManager : Event: ======'machine_var_master_volume'====== Args={'value': 0.5, 'prev_value': None, 'change': True}
2023-02-05 09:59:33,841 : INFO : EventManager : Event: ======'machine_var_mpf_version'====== Args={'value': 'MPF v0.56.0-dev33', 'prev_value': None, 'change': True}
2023-02-05 09:59:33,841 : INFO : EventManager : Event: ======'machine_var_mpf_extended_version'====== Args={'value': 'MPF v0.56.0-dev33, Config version:5, Show version: 5, BCP version:1.1', 'prev_value': None, 'change': True}
2023-02-05 09:59:33,841 : INFO : EventManager : Event: ======'machine_var_python_version'====== Args={'value': '3.9.13', 'prev_value': None, 'change': True}
2023-02-05 09:59:33,856 : INFO : EventManager : Event: ======'machine_var_platform'====== Args={'value': 'Windows-10-10.0.19044-SP0', 'prev_value': None, 'change': True}
2023-02-05 09:59:33,856 : INFO : EventManager : Event: ======'machine_var_platform_system'====== Args={'value': 'Windows', 'prev_value': None, 'change': True}
2023-02-05 09:59:33,856 : INFO : EventManager : Event: ======'machine_var_platform_release'====== Args={'value': '10', 'prev_value': None, 'change': True}
2023-02-05 09:59:33,856 : INFO : EventManager : Event: ======'machine_var_platform_version'====== Args={'value': '10.0.19044', 'prev_value': None, 'change': True}
2023-02-05 09:59:33,856 : INFO : EventManager : Event: ======'machine_var_platform_machine'====== Args={'value': 'AMD64', 'prev_value': None, 'change': True}
2023-02-05 09:59:33,856 : INFO : EventManager : Event: ======'init_phase_1'====== Args={}
2023-02-05 09:59:33,879 : INFO : EventManager : Event: ======'init_phase_2'====== Args={}
2023-02-05 09:59:33,879 : INFO : SwitchController : Found active switch: (1006, <Platform.Virtual>) <switch.s_left_flipper>
2023-02-05 09:59:33,879 : INFO : SwitchController : Found active switch: (1007, <Platform.Virtual>) <switch.s_right_flipper>
2023-02-05 09:59:33,879 : INFO : SwitchController : Found active switch: (1004, <Platform.Virtual>) <switch.s_trough1>
2023-02-05 09:59:33,879 : INFO : SwitchController : Found active switch: (1009, <Platform.Virtual>) <switch.s_trough2>
2023-02-05 09:59:33,879 : INFO : SwitchController : Found active switch: (1010, <Platform.Virtual>) <switch.s_trough3>
2023-02-05 09:59:33,881 : INFO : EventManager : Event: ======'bcp_connection_attempt'====== Args={'name': 'local_display', 'host': 'localhost', 'port': 5050}
2023-02-05 09:59:33,883 : INFO : BCPClientSocket : Connecting BCP to 'local_display' at localhost:5050...
2023-02-05 09:59:36,426 : INFO : BCPClientSocket : Connected BCP to 'local_display' localhost:5050
2023-02-05 09:59:36,428 : INFO : EventManager : Event: ======'bcp_clients_connected'====== Args={}
2023-02-05 09:59:36,459 : INFO : ball_device.bd_trough : BCH: Initial count: 3
2023-02-05 09:59:36,462 : INFO : EventManager : Event: ======'machine_var_mc_version'====== Args={'value': 'MPF-MC v0.56.0-dev33', 'prev_value': None, 'change': True}
2023-02-05 09:59:36,463 : INFO : EventManager : Event: ======'machine_var_mc_extended_version'====== Args={'value': 'MPF-MC v0.56.0-dev33 (config_version=5, BCP v1.1, Requires MPF v0.56.0-dev33)', 'prev_value': None, 'change': True}
2023-02-05 09:59:36,468 : INFO : ball_device.bd_trough : State: idle
2023-02-05 09:59:36,562 : INFO : ball_device.bd_plunger : BCH: Initial count: 0
2023-02-05 09:59:36,563 : INFO : ball_device.bd_plunger : State: idle
2023-02-05 09:59:36,564 : INFO : ball_device.bd_retina_hole : BCH: Initial count: 0
2023-02-05 09:59:36,565 : INFO : ball_device.bd_retina_hole : State: idle
2023-02-05 09:59:36,566 : INFO : ball_device.bd_elevator : BCH: Initial count: 0
2023-02-05 09:59:36,567 : INFO : ball_device.bd_elevator : State: idle
2023-02-05 09:59:36,766 : INFO : EventManager : Event: ======'init_phase_3'====== Args={}
2023-02-05 09:59:36,780 : INFO : EventManager : Event: ======'init_phase_4'====== Args={}
2023-02-05 09:59:36,781 : INFO : BallController : Initial balls found: 3
2023-02-05 09:59:36,783 : INFO : EventManager : Event: ======'machine_var_audits_events_game_ended'====== Args={'value': 0, 'prev_value': None, 'change': True}
2023-02-05 09:59:36,786 : INFO : EventManager : Event: ======'machine_var_audits_events_game_started'====== Args={'value': 4, 'prev_value': None, 'change': True}
2023-02-05 09:59:36,786 : INFO : EventManager : Event: ======'machine_var_audits_player_score'====== Args={'value': {'average': 0, 'top': [], 'total': 0}, 'prev_value': None, 'change': True}
2023-02-05 09:59:36,786 : INFO : EventManager : Event: ======'machine_var_audits_shots_my_first_shot'====== Args={'value': 41, 'prev_value': None, 'change': True}
2023-02-05 09:59:36,787 : INFO : EventManager : Event: ======'machine_var_audits_switches_s_ball_shooter_lane'====== Args={'value': 0, 'prev_value': None, 'change': True}
2023-02-05 09:59:36,787 : INFO : EventManager : Event: ======'machine_var_audits_switches_s_eject'====== Args={'value': 0, 'prev_value': None, 'change': True}
2023-02-05 09:59:36,788 : INFO : EventManager : Event: ======'machine_var_audits_switches_s_elevator_hold'====== Args={'value': 0, 'prev_value': None, 'change': True}
2023-02-05 09:59:36,788 : INFO : EventManager : Event: ======'machine_var_audits_switches_s_enter_left_ramp'====== Args={'value': 0, 'prev_value': None, 'change': True}
2023-02-05 09:59:36,789 : INFO : EventManager : Event: ======'machine_var_audits_switches_s_inner_loop'====== Args={'value': 0, 'prev_value': None, 'change': True}
2023-02-05 09:59:36,790 : INFO : EventManager : Event: ======'machine_var_audits_switches_s_left_bottom_jet_bumper'====== Args={'value': 0, 'prev_value': None, 'change': True}
2023-02-05 09:59:36,791 : INFO : EventManager : Event: ======'machine_var_audits_switches_s_left_cellar'====== Args={'value': 0, 'prev_value': None, 'change': True}
2023-02-05 09:59:36,791 : INFO : EventManager : Event: ======'machine_var_audits_switches_s_left_flipper'====== Args={'value': 11, 'prev_value': None, 'change': True}
2023-02-05 09:59:36,792 : INFO : EventManager : Event: ======'machine_var_audits_switches_s_left_inlane'====== Args={'value': 41, 'prev_value': None, 'change': True}
2023-02-05 09:59:36,792 : INFO : EventManager : Event: ======'machine_var_audits_switches_s_left_lock_1'====== Args={'value': 0, 'prev_value': None, 'change': True}
2023-02-05 09:59:36,793 : INFO : EventManager : Event: ======'machine_var_audits_switches_s_left_lock_2'====== Args={'value': 0, 'prev_value': None, 'change': True}
2023-02-05 09:59:36,793 : INFO : EventManager : Event: ======'machine_var_audits_switches_s_left_lock_3'====== Args={'value': 0, 'prev_value': None, 'change': True}
2023-02-05 09:59:36,795 : INFO : EventManager : Event: ======'machine_var_audits_switches_s_left_loop_bottom'====== Args={'value': 0, 'prev_value': None, 'change': True}
2023-02-05 09:59:36,795 : INFO : EventManager : Event: ======'machine_var_audits_switches_s_left_loop_top'====== Args={'value': 0, 'prev_value': None, 'change': True}
2023-02-05 09:59:36,795 : INFO : EventManager : Event: ======'machine_var_audits_switches_s_left_outlane'====== Args={'value': 0, 'prev_value': None, 'change': True}
2023-02-05 09:59:36,797 : INFO : EventManager : Event: ======'machine_var_audits_switches_s_left_ramp_score_bottom'====== Args={'value': 0, 'prev_value': None, 'change': True}
2023-02-05 09:59:36,797 : INFO : EventManager : Event: ======'machine_var_audits_switches_s_left_ramp_score_top'====== Args={'value': 0, 'prev_value': None, 'change': True}
2023-02-05 09:59:36,797 : INFO : EventManager : Event: ======'machine_var_audits_switches_s_left_slingshot'====== Args={'value': 0, 'prev_value': None, 'change': True}
2023-02-05 09:59:36,799 : INFO : EventManager : Event: ======'machine_var_audits_switches_s_left_standup'====== Args={'value': 0, 'prev_value': None, 'change': True}
2023-02-05 09:59:36,800 : INFO : EventManager : Event: ======'machine_var_audits_switches_s_left_standup_right_ramp'====== Args={'value': 0, 'prev_value': None, 'change': True}
2023-02-05 09:59:36,801 : INFO : EventManager : Event: ======'machine_var_audits_switches_s_left_top_jet_bumper'====== Args={'value': 0, 'prev_value': None, 'change': True}
2023-02-05 09:59:36,801 : INFO : EventManager : Event: ======'machine_var_audits_switches_s_lower_bank_drop_target_opto_lower'====== Args={'value': 0, 'prev_value': None, 'change': True}
2023-02-05 09:59:36,803 : INFO : EventManager : Event: ======'machine_var_audits_switches_s_lower_bank_drop_target_opto_middle'====== Args={'value': 0, 'prev_value': None, 'change': True}
2023-02-05 09:59:36,803 : INFO : EventManager : Event: ======'machine_var_audits_switches_s_lower_bank_drop_target_opto_upper'====== Args={'value': 0, 'prev_value': None, 'change': True}
2023-02-05 09:59:36,804 : INFO : EventManager : Event: ======'machine_var_audits_switches_s_lower_top_jet_bumper'====== Args={'value': 0, 'prev_value': None, 'change': True}
2023-02-05 09:59:36,805 : INFO : EventManager : Event: ======'machine_var_audits_switches_s_middle_standup'====== Args={'value': 0, 'prev_value': None, 'change': True}
2023-02-05 09:59:36,806 : INFO : EventManager : Event: ======'machine_var_audits_switches_s_outhole'====== Args={'value': 0, 'prev_value': None, 'change': True}
2023-02-05 09:59:36,807 : INFO : EventManager : Event: ======'machine_var_audits_switches_s_plumb_bob_tilt'====== Args={'value': 0, 'prev_value': None, 'change': True}
2023-02-05 09:59:36,807 : INFO : EventManager : Event: ======'machine_var_audits_switches_s_plunger'====== Args={'value': 0, 'prev_value': None, 'change': True}
2023-02-05 09:59:36,809 : INFO : EventManager : Event: ======'machine_var_audits_switches_s_right_bottom_jet_bumper'====== Args={'value': 0, 'prev_value': None, 'change': True}
2023-02-05 09:59:36,809 : INFO : EventManager : Event: ======'machine_var_audits_switches_s_right_cellar'====== Args={'value': 0, 'prev_value': None, 'change': True}
2023-02-05 09:59:36,810 : INFO : EventManager : Event: ======'machine_var_audits_switches_s_right_flipper'====== Args={'value': 0, 'prev_value': None, 'change': True}
2023-02-05 09:59:36,811 : INFO : EventManager : Event: ======'machine_var_audits_switches_s_right_inlane'====== Args={'value': 0, 'prev_value': None, 'change': True}
2023-02-05 09:59:36,813 : INFO : EventManager : Event: ======'machine_var_audits_switches_s_right_loop_bottom'====== Args={'value': 0, 'prev_value': None, 'change': True}
2023-02-05 09:59:36,813 : INFO : EventManager : Event: ======'machine_var_audits_switches_s_right_loop_top'====== Args={'value': 0, 'prev_value': None, 'change': True}
2023-02-05 09:59:36,815 : INFO : EventManager : Event: ======'machine_var_audits_switches_s_right_outlane'====== Args={'value': 0, 'prev_value': None, 'change': True}
2023-02-05 09:59:36,816 : INFO : EventManager : Event: ======'machine_var_audits_switches_s_right_ramp_down'====== Args={'value': 0, 'prev_value': None, 'change': True}
2023-02-05 09:59:36,818 : INFO : EventManager : Event: ======'machine_var_audits_switches_s_right_ramp_score_bottom'====== Args={'value': 0, 'prev_value': None, 'change': True}
2023-02-05 09:59:36,819 : INFO : EventManager : Event: ======'machine_var_audits_switches_s_right_ramp_score_top'====== Args={'value': 0, 'prev_value': None, 'change': True}
2023-02-05 09:59:36,820 : INFO : EventManager : Event: ======'machine_var_audits_switches_s_right_slingshot'====== Args={'value': 0, 'prev_value': None, 'change': True}
2023-02-05 09:59:36,820 : INFO : EventManager : Event: ======'machine_var_audits_switches_s_right_standup'====== Args={'value': 0, 'prev_value': None, 'change': True}
2023-02-05 09:59:36,821 : INFO : EventManager : Event: ======'machine_var_audits_switches_s_right_standup_right_ramp'====== Args={'value': 0, 'prev_value': None, 'change': True}
2023-02-05 09:59:36,822 : INFO : EventManager : Event: ======'machine_var_audits_switches_s_right_top_jet_bumper'====== Args={'value': 0, 'prev_value': None, 'change': True}
2023-02-05 09:59:36,823 : INFO : EventManager : Event: ======'machine_var_audits_switches_s_spinner'====== Args={'value': 0, 'prev_value': None, 'change': True}
2023-02-05 09:59:36,824 : INFO : EventManager : Event: ======'machine_var_audits_switches_s_start'====== Args={'value': 5, 'prev_value': None, 'change': True}
2023-02-05 09:59:36,825 : INFO : EventManager : Event: ======'machine_var_audits_switches_s_top_right_reject'====== Args={'value': 0, 'prev_value': None, 'change': True}
2023-02-05 09:59:36,826 : INFO : EventManager : Event: ======'machine_var_audits_switches_s_trough1'====== Args={'value': 5, 'prev_value': None, 'change': True}
2023-02-05 09:59:36,827 : INFO : EventManager : Event: ======'machine_var_audits_switches_s_trough2'====== Args={'value': 2, 'prev_value': None, 'change': True}
2023-02-05 09:59:36,827 : INFO : EventManager : Event: ======'machine_var_audits_switches_s_trough3'====== Args={'value': 2, 'prev_value': None, 'change': True}
2023-02-05 09:59:36,828 : INFO : EventManager : Event: ======'machine_var_audits_switches_s_trough_jam'====== Args={'value': 0, 'prev_value': None, 'change': True}
2023-02-05 09:59:36,829 : INFO : EventManager : Event: ======'machine_var_audits_switches_s_upper_bank_drop_target_opto'====== Args={'value': 0, 'prev_value': None, 'change': True}
2023-02-05 09:59:36,831 : INFO : EventManager : Event: ======'machine_var_audits_switches_s_upper_bottom_jet_bumper'====== Args={'value': 0, 'prev_value': None, 'change': True}
2023-02-05 09:59:36,832 : INFO : EventManager : Event: ======'machine_var_audits_switches_s_upper_right_flipper'====== Args={'value': 0, 'prev_value': None, 'change': True}
2023-02-05 09:59:36,835 : INFO : EventManager : Event: ======'init_phase_5'====== Args={}
2023-02-05 09:59:36,920 : INFO : EventManager : Event: ======'init_done'====== Args={}
2023-02-05 09:59:36,921 : INFO : EventManager : Event: ======'machine_reset_phase_1'====== Args={}
2023-02-05 09:59:36,932 : INFO : EventManager : Event: ======'machine_reset_phase_2'====== Args={}
2023-02-05 09:59:36,933 : INFO : EventManager : Event: ======'machine_reset_phase_3'====== Args={}
2023-02-05 09:59:36,933 : INFO : EventManager : Event: ======'reset_complete'====== Args={}
2023-02-05 09:59:36,934 : INFO : EventManager : Event: ======'mode_attract_will_start'====== Args={}
2023-02-05 09:59:36,936 : INFO : EventManager : Event: ======'mode_attract_starting'====== Args={}
2023-02-05 09:59:36,936 : INFO : Mode.attract : Started. Priority: 10
2023-02-05 09:59:36,936 : INFO : EventManager : Event: ======'modes_active_modes_changed'====== Args={}
2023-02-05 09:59:36,937 : INFO : EventManager : Event: ======'mode_attract_started'====== Args={}
2023-02-05 09:59:36,939 : INFO : EventManager : Event: ======'collecting_balls_complete'====== Args={}
2023-02-05 09:59:37,085 : INFO : EventManager : Event: ======'slide_slide1_created'====== Args={'_from_bcp': True}
2023-02-05 09:59:37,085 : INFO : EventManager : Event: ======'slide_slide1_active'====== Args={'_from_bcp': True}
2023-02-05 09:59:37,086 : INFO : Machine : Starting the main run loop.
2023-02-05 09:59:39,543 : INFO : EventManager : Event: ======'slide_slide2_created'====== Args={'_from_bcp': True}
2023-02-05 09:59:39,544 : INFO : EventManager : Event: ======'slide_slide2_active'====== Args={'_from_bcp': True}
2023-02-05 09:59:42,093 : INFO : EventManager : Event: ======'slide_slide4_created'====== Args={'_from_bcp': True}
2023-02-05 09:59:42,108 : INFO : EventManager : Event: ======'slide_slide4_active'====== Args={'_from_bcp': True}
2023-02-05 09:59:42,496 : INFO : SwitchController : <<<<<<< 's_start' active >>>>>>>
2023-02-05 09:59:42,581 : INFO : SwitchController : <<<<<<< 's_start' inactive >>>>>>>
2023-02-05 09:59:42,581 : INFO : EventManager : Event: ======'request_to_start_game'====== Args={}
2023-02-05 09:59:42,582 : INFO : EventManager : Event: ======'game_start'====== Args={'buttons': [], 'hold_time': 0.09399999999732245}
2023-02-05 09:59:42,583 : INFO : EventManager : Event: ======'mode_game_will_start'====== Args={'buttons': [], 'hold_time': 0.09399999999732245}
2023-02-05 09:59:42,584 : INFO : EventManager : Event: ======'mode_game_starting'====== Args={'buttons': [], 'hold_time': 0.09399999999732245}
2023-02-05 09:59:42,585 : INFO : EventManager : Event: ======'mode_attract_will_stop'====== Args={}
2023-02-05 09:59:42,585 : INFO : EventManager : Event: ======'mode_attract_stopping'====== Args={}
2023-02-05 09:59:42,586 : INFO : Mode.attract : Stopped.
2023-02-05 09:59:42,586 : INFO : EventManager : Event: ======'modes_active_modes_changed'====== Args={}
2023-02-05 09:59:42,587 : INFO : EventManager : Event: ======'mode_attract_stopped'====== Args={}
2023-02-05 09:59:42,587 : INFO : EventManager : Event: ======'clear'====== Args={'key': 'attract'}
2023-02-05 09:59:42,587 : INFO : Mode.game : Started. Priority: 20
2023-02-05 09:59:42,588 : INFO : EventManager : Event: ======'modes_active_modes_changed'====== Args={}
2023-02-05 09:59:42,588 : INFO : EventManager : Event: ======'mode_game_started'====== Args={'buttons': [], 'hold_time': 0.09399999999732245}
2023-02-05 09:59:42,615 : INFO : EventManager : Event: ======'game_will_start'====== Args={}
2023-02-05 09:59:42,616 : INFO : EventManager : Event: ======'game_starting'====== Args={'game': <Mode.game>}
2023-02-05 09:59:42,618 : INFO : EventManager : Event: ======'player_add_request'====== Args={}
2023-02-05 09:59:42,619 : INFO : EventManager : Event: ======'player_will_add'====== Args={'number': 1}
2023-02-05 09:59:42,619 : INFO : EventManager : Event: ======'player_adding'====== Args={'player': <Player 1>, 'number': 1}
2023-02-05 09:59:42,619 : INFO : EventManager : Event: ======'player_added'====== Args={'player': <Player 1>, 'num': 1}
2023-02-05 09:59:42,619 : INFO : Mode.game : Player added successfully. Total players: 1
2023-02-05 09:59:42,621 : INFO : EventManager : Event: ======'player_index'====== Args={'value': 0, 'prev_value': 0, 'change': 0, 'player_num': 1}
2023-02-05 09:59:42,621 : INFO : EventManager : Event: ======'player_number'====== Args={'value': 1, 'prev_value': 1, 'change': 0, 'player_num': 1}
2023-02-05 09:59:42,622 : INFO : EventManager : Event: ======'player_score'====== Args={'value': 0, 'prev_value': 0, 'change': 0, 'player_num': 1}
2023-02-05 09:59:42,624 : INFO : EventManager : Event: ======'game_started'====== Args={}
2023-02-05 09:59:42,686 : INFO : EventManager : Event: ======'player_turn_will_start'====== Args={'player': <Player 1>, 'number': 1}
2023-02-05 09:59:42,689 : INFO : EventManager : Event: ======'slide_slide1_removed'====== Args={'_from_bcp': True}
2023-02-05 09:59:42,689 : INFO : EventManager : Event: ======'slide_slide2_removed'====== Args={'_from_bcp': True}
2023-02-05 09:59:42,689 : INFO : EventManager : Event: ======'slide_slide4_removed'====== Args={'_from_bcp': True}
2023-02-05 09:59:42,690 : INFO : EventManager : Event: ======'slide_lcd_blank_active'====== Args={'_from_bcp': True}
2023-02-05 09:59:42,690 : INFO : EventManager : Event: ======'player_turn_starting'====== Args={'player': <Player 1>, 'number': 1}
2023-02-05 09:59:42,691 : INFO : EventManager : Event: ======'player_ball'====== Args={'value': 1, 'prev_value': 0, 'change': 1, 'player_num': 1}
2023-02-05 09:59:42,692 : INFO : EventManager : Event: ======'player_turn_started'====== Args={'player': <Player 1>, 'number': 1}
2023-02-05 09:59:42,695 : INFO : EventManager : Event: ======'ball_will_start'====== Args={'player': 1, 'ball': 1, 'balls_remaining': 2, 'is_extra_ball': False}
2023-02-05 09:59:42,709 : INFO : EventManager : Event: ======'ball_starting'====== Args={'player': 1, 'ball': 1, 'balls_remaining': 2, 'is_extra_ball': False}
2023-02-05 09:59:42,709 : INFO : EventManager : Event: ======'mode_base_will_start'====== Args={'queue': <QueuedEvent>, 'player': 1, 'ball': 1, 'balls_remaining': 2, 'is_extra_ball': False}
2023-02-05 09:59:42,711 : INFO : EventManager : Event: ======'player_shot_my_first_shot_enabled'====== Args={'value': True, 'prev_value': 0, 'change': 1, 'player_num': 1}
2023-02-05 09:59:42,713 : INFO : EventManager : Event: ======'mode_base_starting'====== Args={'queue': <QueuedEvent>, 'player': 1, 'ball': 1, 'balls_remaining': 2, 'is_extra_ball': False}
2023-02-05 09:59:42,715 : INFO : Mode.base : Started. Priority: 100
2023-02-05 09:59:42,715 : INFO : EventManager : Event: ======'modes_active_modes_changed'====== Args={}
2023-02-05 09:59:42,716 : INFO : EventManager : Event: ======'mode_base_started'====== Args={'queue': <QueuedEvent>, 'player': 1, 'ball': 1, 'balls_remaining': 2, 'is_extra_ball': False}
2023-02-05 09:59:42,717 : INFO : EventManager : Event: ======'balls_in_play'====== Args={'balls': 1}
2023-02-05 09:59:42,717 : INFO : EventManager : Event: ======'ball_started'====== Args={'player': 1, 'ball': 1, 'balls_remaining': 2, 'is_extra_ball': False}
2023-02-05 09:59:42,816 : INFO : EventManager : Event: ======'single_player_ball_started'====== Args={}
2023-02-05 09:59:42,817 : INFO : EventManager : Event: ======'slide_base.slide_player-mode_base_started_created'====== Args={'_from_bcp': True}
2023-02-05 09:59:42,818 : INFO : EventManager : Event: ======'slide_base.slide_player-mode_base_started_active'====== Args={'_from_bcp': True}
2023-02-05 09:59:42,818 : INFO : EventManager : Event: ======'ball_start_target'====== Args={'target': 'playfield'}
2023-02-05 09:59:42,818 : INFO : ball_device.bd_plunger : Setting up player-controlled eject. Balls: 1, Target: <playfield.playfield>, player_controlled_eject_event: None
2023-02-05 09:59:42,819 : INFO : EventManager : Event: ======'balldevice_balls_available'====== Args={}
2023-02-05 09:59:42,820 : INFO : ball_device.bd_trough : State: waiting_for_target_ready
2023-02-05 09:59:42,821 : INFO : EventManager : Event: ======'balldevice_bd_trough_ball_eject_attempt'====== Args={'balls': 1, 'target': <ball_device.bd_plunger>, 'source': <ball_device.bd_trough>, 'mechanical_eject': True, 'num_attempts': 0}
2023-02-05 09:59:42,821 : INFO : ball_device.bd_plunger : State: waiting_for_ball
2023-02-05 09:59:42,822 : INFO : ball_device.bd_trough : State: ejecting
2023-02-05 09:59:42,822 : INFO : ball_device.bd_trough : Ejecting ball to <ball_device.bd_plunger>
2023-02-05 09:59:42,822 : INFO : EventManager : Event: ======'balldevice_bd_trough_ejecting_ball'====== Args={'balls': 1, 'target': <ball_device.bd_plunger>, 'source': <ball_device.bd_trough>, 'mechanical_eject': True, 'num_attempts': 0}
2023-02-05 09:59:42,823 : INFO : ball_device.bd_trough : Wait for ball to leave device
2023-02-05 09:59:42,824 : INFO : coil.c_trough_eject : Pulsing Driver for 10ms (1.0 pulse_power)
2023-02-05 09:59:43,653 : INFO : SwitchController : <<<<<<< 's_left_inlane' active >>>>>>>
2023-02-05 09:59:43,654 : INFO : EventManager : Event: ======'playfield_active'====== Args={}
2023-02-05 09:59:43,654 : INFO : EventManager : Event: ======'unexpected_ball_on_playfield'====== Args={}
2023-02-05 09:59:43,654 : INFO : EventManager : Event: ======'s_left_inlane_active'====== Args={}
2023-02-05 09:59:43,655 : INFO : EventManager : Event: ======'machine_var_audits_switches_s_left_inlane'====== Args={'value': 42, 'prev_value': 41, 'change': 1}
2023-02-05 09:59:43,657 : INFO : EventManager : Event: ======'player_shot_my_first_shot'====== Args={'value': 1, 'prev_value': 0, 'change': 1, 'player_num': 1}
2023-02-05 09:59:43,658 : INFO : EventManager : Event: ======'machine_var_audits_shots_my_first_shot'====== Args={'value': 42, 'prev_value': 41, 'change': 1}
2023-02-05 09:59:43,660 : INFO : EventManager : Event: ======'my_first_shot_hit'====== Args={'profile': 'default', 'state': 'unlit', 'advancing': True}
2023-02-05 09:59:43,660 : INFO : EventManager : Event: ======'my_first_shot_default_hit'====== Args={'profile': 'default', 'state': 'unlit', 'advancing': True}
2023-02-05 09:59:43,660 : INFO : EventManager : Event: ======'my_first_shot_default_unlit_hit'====== Args={'profile': 'default', 'state': 'unlit', 'advancing': True}
2023-02-05 09:59:43,660 : INFO : EventManager : Event: ======'my_first_shot_unlit_hit'====== Args={'profile': 'default', 'state': 'unlit', 'advancing': True}
2023-02-05 09:59:43,741 : INFO : SwitchController : <<<<<<< 's_left_inlane' inactive >>>>>>>
2023-02-05 09:59:44,840 : INFO : SwitchController : <<<<<<< 's_left_inlane' active >>>>>>>
2023-02-05 09:59:44,841 : INFO : EventManager : Event: ======'playfield_active'====== Args={}
2023-02-05 09:59:44,841 : INFO : EventManager : Event: ======'unexpected_ball_on_playfield'====== Args={}
2023-02-05 09:59:44,841 : INFO : EventManager : Event: ======'s_left_inlane_active'====== Args={}
2023-02-05 09:59:44,842 : INFO : EventManager : Event: ======'machine_var_audits_switches_s_left_inlane'====== Args={'value': 43, 'prev_value': 42, 'change': 1}
2023-02-05 09:59:44,844 : INFO : EventManager : Event: ======'machine_var_audits_shots_my_first_shot'====== Args={'value': 43, 'prev_value': 42, 'change': 1}
2023-02-05 09:59:44,845 : INFO : EventManager : Event: ======'my_first_shot_hit'====== Args={'profile': 'default', 'state': 'lit', 'advancing': False}
2023-02-05 09:59:44,845 : INFO : EventManager : Event: ======'my_first_shot_default_hit'====== Args={'profile': 'default', 'state': 'lit', 'advancing': False}
2023-02-05 09:59:44,846 : INFO : EventManager : Event: ======'my_first_shot_default_lit_hit'====== Args={'profile': 'default', 'state': 'lit', 'advancing': False}
2023-02-05 09:59:44,846 : INFO : EventManager : Event: ======'my_first_shot_lit_hit'====== Args={'profile': 'default', 'state': 'lit', 'advancing': False}
2023-02-05 09:59:44,913 : INFO : SwitchController : <<<<<<< 's_left_inlane' inactive >>>>>>>
2023-02-05 09:59:45,996 : INFO : SwitchController : <<<<<<< 's_left_inlane' active >>>>>>>
2023-02-05 09:59:45,997 : INFO : EventManager : Event: ======'playfield_active'====== Args={}
2023-02-05 09:59:45,997 : INFO : EventManager : Event: ======'unexpected_ball_on_playfield'====== Args={}
2023-02-05 09:59:45,998 : INFO : EventManager : Event: ======'s_left_inlane_active'====== Args={}
2023-02-05 09:59:45,998 : INFO : EventManager : Event: ======'machine_var_audits_switches_s_left_inlane'====== Args={'value': 44, 'prev_value': 43, 'change': 1}
2023-02-05 09:59:46,000 : INFO : EventManager : Event: ======'machine_var_audits_shots_my_first_shot'====== Args={'value': 44, 'prev_value': 43, 'change': 1}
2023-02-05 09:59:46,002 : INFO : EventManager : Event: ======'my_first_shot_hit'====== Args={'profile': 'default', 'state': 'lit', 'advancing': False}
2023-02-05 09:59:46,002 : INFO : EventManager : Event: ======'my_first_shot_default_hit'====== Args={'profile': 'default', 'state': 'lit', 'advancing': False}
2023-02-05 09:59:46,002 : INFO : EventManager : Event: ======'my_first_shot_default_lit_hit'====== Args={'profile': 'default', 'state': 'lit', 'advancing': False}
2023-02-05 09:59:46,002 : INFO : EventManager : Event: ======'my_first_shot_lit_hit'====== Args={'profile': 'default', 'state': 'lit', 'advancing': False}
2023-02-05 09:59:46,070 : INFO : SwitchController : <<<<<<< 's_left_inlane' inactive >>>>>>>
2023-02-05 09:59:47,399 : INFO : SwitchController : <<<<<<< 's_left_inlane' active >>>>>>>
2023-02-05 09:59:47,400 : INFO : EventManager : Event: ======'playfield_active'====== Args={}
2023-02-05 09:59:47,400 : INFO : EventManager : Event: ======'unexpected_ball_on_playfield'====== Args={}
2023-02-05 09:59:47,401 : INFO : EventManager : Event: ======'s_left_inlane_active'====== Args={}
2023-02-05 09:59:47,401 : INFO : EventManager : Event: ======'machine_var_audits_switches_s_left_inlane'====== Args={'value': 45, 'prev_value': 44, 'change': 1}
2023-02-05 09:59:47,403 : INFO : EventManager : Event: ======'machine_var_audits_shots_my_first_shot'====== Args={'value': 45, 'prev_value': 44, 'change': 1}
2023-02-05 09:59:47,404 : INFO : EventManager : Event: ======'my_first_shot_hit'====== Args={'profile': 'default', 'state': 'lit', 'advancing': False}
2023-02-05 09:59:47,404 : INFO : EventManager : Event: ======'my_first_shot_default_hit'====== Args={'profile': 'default', 'state': 'lit', 'advancing': False}
2023-02-05 09:59:47,404 : INFO : EventManager : Event: ======'my_first_shot_default_lit_hit'====== Args={'profile': 'default', 'state': 'lit', 'advancing': False}
2023-02-05 09:59:47,405 : INFO : EventManager : Event: ======'my_first_shot_lit_hit'====== Args={'profile': 'default', 'state': 'lit', 'advancing': False}
2023-02-05 09:59:47,477 : INFO : SwitchController : <<<<<<< 's_left_inlane' inactive >>>>>>>
2023-02-05 09:59:47,559 : INFO : SwitchController : <<<<<<< 's_left_inlane' active >>>>>>>
2023-02-05 09:59:47,560 : INFO : EventManager : Event: ======'playfield_active'====== Args={}
2023-02-05 09:59:47,560 : INFO : EventManager : Event: ======'unexpected_ball_on_playfield'====== Args={}
2023-02-05 09:59:47,560 : INFO : EventManager : Event: ======'s_left_inlane_active'====== Args={}
2023-02-05 09:59:47,561 : INFO : EventManager : Event: ======'machine_var_audits_switches_s_left_inlane'====== Args={'value': 46, 'prev_value': 45, 'change': 1}
2023-02-05 09:59:47,563 : INFO : EventManager : Event: ======'machine_var_audits_shots_my_first_shot'====== Args={'value': 46, 'prev_value': 45, 'change': 1}
2023-02-05 09:59:47,564 : INFO : EventManager : Event: ======'my_first_shot_hit'====== Args={'profile': 'default', 'state': 'lit', 'advancing': False}
2023-02-05 09:59:47,564 : INFO : EventManager : Event: ======'my_first_shot_default_hit'====== Args={'profile': 'default', 'state': 'lit', 'advancing': False}
2023-02-05 09:59:47,565 : INFO : EventManager : Event: ======'my_first_shot_default_lit_hit'====== Args={'profile': 'default', 'state': 'lit', 'advancing': False}
2023-02-05 09:59:47,565 : INFO : EventManager : Event: ======'my_first_shot_lit_hit'====== Args={'profile': 'default', 'state': 'lit', 'advancing': False}
2023-02-05 09:59:47,644 : INFO : SwitchController : <<<<<<< 's_left_inlane' inactive >>>>>>>
2023-02-05 09:59:48,201 : INFO : SwitchController : <<<<<<< 's_start' active >>>>>>>
2023-02-05 09:59:48,202 : INFO : EventManager : Event: ======'sw_start'====== Args={}
2023-02-05 09:59:48,202 : INFO : EventManager : Event: ======'machine_var_audits_switches_s_start'====== Args={'value': 6, 'prev_value': 5, 'change': 1}
2023-02-05 09:59:48,204 : INFO : EventManager : Event: ======'player_add_request'====== Args={}
2023-02-05 09:59:48,205 : INFO : EventManager : Event: ======'player_will_add'====== Args={'number': 2}
2023-02-05 09:59:48,205 : INFO : EventManager : Event: ======'player_adding'====== Args={'player': <Player 2>, 'number': 2}
2023-02-05 09:59:48,205 : INFO : EventManager : Event: ======'player_added'====== Args={'player': <Player 2>, 'num': 2}
2023-02-05 09:59:48,205 : INFO : Mode.game : Player added successfully. Total players: 2
2023-02-05 09:59:48,206 : INFO : EventManager : Event: ======'multiplayer_game'====== Args={}
2023-02-05 09:59:48,206 : INFO : EventManager : Event: ======'player_index'====== Args={'value': 1, 'prev_value': 1, 'change': 0, 'player_num': 2}
2023-02-05 09:59:48,207 : INFO : EventManager : Event: ======'player_number'====== Args={'value': 2, 'prev_value': 2, 'change': 0, 'player_num': 2}
2023-02-05 09:59:48,207 : INFO : EventManager : Event: ======'player_score'====== Args={'value': 0, 'prev_value': 0, 'change': 0, 'player_num': 2}
2023-02-05 09:59:48,286 : INFO : SwitchController : <<<<<<< 's_start' inactive >>>>>>>
2023-02-05 09:59:51,093 : WARNING : SwitchController : Received duplicate switch state 1 for switch s_left_flipper from the platform interface. Log Code: Log-SwitchController-1 (https://docs.missionpinball.org/en/dev/logs/Log-SwitchController-1.html)
2023-02-05 09:59:51,229 : INFO : SwitchController : <<<<<<< 's_left_flipper' inactive >>>>>>>
2023-02-05 09:59:52,826 : INFO : EventManager : Event: ======'balldevice_bd_trough_ball_eject_failed'====== Args={'target': <ball_device.bd_plunger>, 'balls': 1, 'retry': True, 'num_attempts': 1}
2023-02-05 09:59:52,829 : INFO : ball_device.bd_trough : State: waiting_for_target_ready
2023-02-05 09:59:52,829 : INFO : EventManager : Event: ======'balldevice_bd_trough_ball_eject_attempt'====== Args={'balls': 1, 'target': <ball_device.bd_plunger>, 'source': <ball_device.bd_trough>, 'mechanical_eject': True, 'num_attempts': 1}
2023-02-05 09:59:52,830 : INFO : ball_device.bd_trough : State: ejecting
2023-02-05 09:59:52,830 : INFO : ball_device.bd_trough : Ejecting ball to <ball_device.bd_plunger>
2023-02-05 09:59:52,830 : INFO : EventManager : Event: ======'balldevice_bd_trough_ejecting_ball'====== Args={'balls': 1, 'target': <ball_device.bd_plunger>, 'source': <ball_device.bd_trough>, 'mechanical_eject': True, 'num_attempts': 1}
2023-02-05 09:59:52,831 : INFO : ball_device.bd_trough : Wait for ball to leave device
2023-02-05 09:59:52,832 : INFO : coil.c_trough_eject : Pulsing Driver for 10ms (1.0 pulse_power)
2023-02-05 09:59:52,970 : INFO : SwitchController : <<<<<<< 's_left_inlane' active >>>>>>>
2023-02-05 09:59:52,971 : INFO : EventManager : Event: ======'playfield_active'====== Args={}
2023-02-05 09:59:52,971 : INFO : EventManager : Event: ======'unexpected_ball_on_playfield'====== Args={}
2023-02-05 09:59:52,971 : INFO : EventManager : Event: ======'s_left_inlane_active'====== Args={}
2023-02-05 09:59:52,972 : INFO : EventManager : Event: ======'machine_var_audits_switches_s_left_inlane'====== Args={'value': 47, 'prev_value': 46, 'change': 1}
2023-02-05 09:59:52,974 : INFO : EventManager : Event: ======'machine_var_audits_shots_my_first_shot'====== Args={'value': 47, 'prev_value': 46, 'change': 1}
2023-02-05 09:59:52,975 : INFO : EventManager : Event: ======'my_first_shot_hit'====== Args={'profile': 'default', 'state': 'lit', 'advancing': False}
2023-02-05 09:59:52,976 : INFO : EventManager : Event: ======'my_first_shot_default_hit'====== Args={'profile': 'default', 'state': 'lit', 'advancing': False}
2023-02-05 09:59:52,976 : INFO : EventManager : Event: ======'my_first_shot_default_lit_hit'====== Args={'profile': 'default', 'state': 'lit', 'advancing': False}
2023-02-05 09:59:52,976 : INFO : EventManager : Event: ======'my_first_shot_lit_hit'====== Args={'profile': 'default', 'state': 'lit', 'advancing': False}
2023-02-05 09:59:53,058 : INFO : SwitchController : <<<<<<< 's_left_inlane' inactive >>>>>>>
2023-02-05 09:59:53,108 : INFO : SwitchController : <<<<<<< 's_left_inlane' active >>>>>>>
2023-02-05 09:59:53,109 : INFO : EventManager : Event: ======'playfield_active'====== Args={}
2023-02-05 09:59:53,109 : INFO : EventManager : Event: ======'unexpected_ball_on_playfield'====== Args={}
2023-02-05 09:59:53,110 : INFO : EventManager : Event: ======'s_left_inlane_active'====== Args={}
2023-02-05 09:59:53,110 : INFO : EventManager : Event: ======'machine_var_audits_switches_s_left_inlane'====== Args={'value': 48, 'prev_value': 47, 'change': 1}
2023-02-05 09:59:53,112 : INFO : EventManager : Event: ======'machine_var_audits_shots_my_first_shot'====== Args={'value': 48, 'prev_value': 47, 'change': 1}
2023-02-05 09:59:53,113 : INFO : EventManager : Event: ======'my_first_shot_hit'====== Args={'profile': 'default', 'state': 'lit', 'advancing': False}
2023-02-05 09:59:53,114 : INFO : EventManager : Event: ======'my_first_shot_default_hit'====== Args={'profile': 'default', 'state': 'lit', 'advancing': False}
2023-02-05 09:59:53,114 : INFO : EventManager : Event: ======'my_first_shot_default_lit_hit'====== Args={'profile': 'default', 'state': 'lit', 'advancing': False}
2023-02-05 09:59:53,114 : INFO : EventManager : Event: ======'my_first_shot_lit_hit'====== Args={'profile': 'default', 'state': 'lit', 'advancing': False}
2023-02-05 09:59:53,183 : INFO : SwitchController : <<<<<<< 's_left_inlane' inactive >>>>>>>
2023-02-05 09:59:55,532 : INFO : Machine : Shutting down...
2023-02-05 09:59:55,532 : INFO : EventManager : Event: ======'shutdown'====== Args={}
2023-02-05 09:59:55,537 : INFO : EventManager : Event: ======'mode_game_will_stop'====== Args={}
2023-02-05 09:59:55,537 : INFO : EventManager : Event: ======'mode_game_stopping'====== Args={}
2023-02-05 09:59:55,539 : INFO : EventManager : Event: ======'mode_base_will_stop'====== Args={}
2023-02-05 09:59:55,539 : INFO : EventManager : Event: ======'mode_base_stopping'====== Args={}
2023-02-05 09:59:55,540 : INFO : Mode.base : Stopped.
2023-02-05 09:59:55,541 : INFO : EventManager : Event: ======'modes_active_modes_changed'====== Args={}
2023-02-05 09:59:55,542 : INFO : EventManager : Event: ======'mode_base_stopped'====== Args={}
2023-02-05 09:59:55,542 : INFO : EventManager : Event: ======'clear'====== Args={'key': 'base'}
2023-02-05 09:59:55,544 : INFO : Mode.game : Stopped.
2023-02-05 09:59:55,545 : INFO : EventManager : Event: ======'modes_active_modes_changed'====== Args={}
2023-02-05 09:59:55,545 : INFO : EventManager : Event: ======'mode_game_stopped'====== Args={}
2023-02-05 09:59:55,545 : INFO : EventManager : Event: ======'clear'====== Args={'key': 'game'}
2023-02-05 09:59:55,554 : INFO : root : MPF run loop ended.
