2023-02-04 11:00:19,816 : kivy : Factory: 189 symbols loaded
2023-02-04 11:00:20,437 : kivy : ImageLoaderFFPy: Using ffpyplayer 4.3.5
2023-02-04 11:00:20,437 : kivy : Image: Providers: img_tex, img_dds, img_sdl2, img_pil, img_ffpyplayer 
2023-02-04 11:00:20,694 : kivy : VideoGstplayer: Using Gstreamer 1.18.5.0
2023-02-04 11:00:20,694 : kivy : Video: Provider: gstplayer
2023-02-04 11:00:21,096 : kivy : Loading MPF-MC controller
2023-02-04 11:00:21,098 : YamlMultifileConfigLoader : Machine config file #1: config
2023-02-04 11:00:21,099 : ConfigProcessor : Config file in cache changed: C:\pinball\SAW\config\config
2023-02-04 11:00:21,100 : ConfigProcessor : Loading config from file C:\Users\steel\AppData\Local\Programs\Python\Python39\lib\site-packages\mpfmc\mcconfig.yaml.
2023-02-04 11:00:21,131 : ConfigProcessor : Loading config: C:\Users\steel\AppData\Local\Programs\Python\Python39\lib\site-packages\mpfmc\mcconfig.yaml
2023-02-04 11:00:21,131 : ConfigProcessor : Loading config from file C:\pinball\SAW\config\config.
2023-02-04 11:00:21,150 : ConfigProcessor : Loading config: C:\pinball\SAW\config\config
2023-02-04 11:00:21,151 : ConfigProcessor : Config file cache created: C:\Users\steel\AppData\Local\Temp\785655ce0a6ad62be8f20f2598aadce2.mpf_cache
2023-02-04 11:00:21,152 : ConfigProcessor : Loading config from cache: C:\Users\steel\AppData\Local\Temp\0c159a05f39617a30cc1b279562f144f.mpf_cache
2023-02-04 11:00:21,152 : ConfigProcessor : Loading config from cache: C:\Users\steel\AppData\Local\Temp\a4144dd661fe0832b800e50000db3090.mpf_cache
2023-02-04 11:00:21,153 : ConfigProcessor : Loading config from cache: C:\Users\steel\AppData\Local\Temp\c84db42795c08bfb8e4272b3be41e3f4.mpf_cache
2023-02-04 11:00:21,153 : ConfigProcessor : Loading config from cache: C:\Users\steel\AppData\Local\Temp\b347f68d31a69cbab529e94e0bf48db0.mpf_cache
2023-02-04 11:00:21,154 : mpfmc : Mission Pinball Framework Media Controller v0.56.0-dev33
2023-02-04 11:00:21,154 : mpfmc : Mission Pinball Framework Game Engine v0.56.0-dev33
2023-02-04 11:00:21,154 : mpfmc : Machine path: C:\pinball\SAW
2023-02-04 11:00:21,154 : mpfmc : Starting clock at 60.0Hz
2023-02-04 11:00:21,226 : kivy : Text: Provider: sdl2
2023-02-04 11:00:21,382 : kivy : Window: Provider: sdl2
2023-02-04 11:00:21,807 : kivy : GL: Using the "OpenGL" graphics system
2023-02-04 11:00:21,812 : kivy : GL: GLEW initialization succeeded
2023-02-04 11:00:21,812 : kivy : GL: Backend used <glew>
2023-02-04 11:00:21,812 : kivy : GL: OpenGL version <b'4.6.0 - Build 31.0.101.2111'>
2023-02-04 11:00:21,812 : kivy : GL: OpenGL vendor <b'Intel'>
2023-02-04 11:00:21,812 : kivy : GL: OpenGL renderer <b'Intel(R) UHD Graphics 630'>
2023-02-04 11:00:21,812 : kivy : GL: OpenGL parsed version: 4, 6
2023-02-04 11:00:21,812 : kivy : GL: Shading version <b'4.60 - Build 31.0.101.2111'>
2023-02-04 11:00:21,812 : kivy : GL: Texture max size <16384>
2023-02-04 11:00:21,812 : kivy : GL: Texture max units <32>
2023-02-04 11:00:21,882 : kivy : Window: auto add sdl2 input provider
2023-02-04 11:00:21,884 : kivy : Window: virtual keyboard not allowed, single mode, not docked
2023-02-04 11:00:21,906 : SoundSystem : SoundSystem: Using default 'sound_system' settings
2023-02-04 11:00:23,906 : AudioInterface : Initialized
2023-02-04 11:00:23,906 : AudioInterface : Loaded SDL 2.0.20
2023-02-04 11:00:23,906 : AudioInterface : Loaded SDL_Mixer 2.0.4
2023-02-04 11:00:23,906 : AudioInterface : Loaded GStreamer 1.18.5.0
2023-02-04 11:00:23,906 : AudioInterface : Loaded GLib 2.62.6
2023-02-04 11:00:23,906 : AudioInterface : Settings requested - rate: 44100, channels: 1, buffer: 2048 samples
2023-02-04 11:00:23,906 : AudioInterface : Settings in use - rate: 44100, channels: 1, buffer: 2048 samples (4096 bytes @ 2 bytes per sample)
2023-02-04 11:00:23,907 : SoundSystem : No audio tracks are specified in your machine config file. a track named 'default' has been created.
2023-02-04 11:00:23,907 : SoundSystem : Setting master volume to 0.0
2023-02-04 11:00:23,907 : SoundSystem : master_volume in sound_system is deprecated and will be removed in the future.
2023-02-04 11:00:23,907 : AudioInterface : Enabling audio playback
2023-02-04 11:00:23,908 : kivy : Base: Start application main loop
2023-02-04 11:00:23,909 : EventManager : Event: ======'display_window_initialized'====== Args={}
2023-02-04 11:00:23,920 : mpfmc : Display: Setting 'window' as default display
2023-02-04 11:00:23,929 : EventManager : Event: ======'displays_initialized'====== Args={}
2023-02-04 11:00:23,930 : EventManager : Event: ======'slide_window_blank_created'====== Args={}
2023-02-04 11:00:23,930 : EventManager : Event: ======'display_window_ready'====== Args={}
2023-02-04 11:00:23,946 : EventManager : Event: ======'init_phase_1'====== Args={}
2023-02-04 11:00:23,948 : EventManager : Event: ======'mc_ready'====== Args={}
2023-02-04 11:00:23,948 : EventManager : Event: ======'init_phase_2'====== Args={}
2023-02-04 11:00:23,952 : EventManager : Event: ======'init_phase_3'====== Args={}
2023-02-04 11:00:23,953 : EventManager : Event: ======'init_phase_4'====== Args={}
2023-02-04 11:00:23,953 : EventManager : Event: ======'init_phase_5'====== Args={}
2023-02-04 11:00:24,202 : kivy : GL: NPOT texture support is available
2023-02-04 11:00:24,377 : EventManager : Event: ======'loading_assets'====== Args={'total': 5, 'loaded': 1, 'remaining': 4, 'percent': 20}
2023-02-04 11:00:24,377 : AssetManager : Loading assets: 1/5 (20%)
2023-02-04 11:00:24,383 : kivy : GL: Unpack subimage support is available
2023-02-04 11:00:24,464 : EventManager : Event: ======'loading_assets'====== Args={'total': 5, 'loaded': 5, 'remaining': 0, 'percent': 100}
2023-02-04 11:00:24,465 : AssetManager : Asset loading took: 0.5581703186035156
2023-02-04 11:00:24,465 : EventManager : Event: ======'asset_loading_complete'====== Args={}
2023-02-04 11:00:24,465 : AssetManager : Loading assets: 5/5 (100%)
2023-02-04 11:00:24,465 : EventManager : Event: ======'init_done'====== Args={}
2023-02-04 11:00:24,465 : MPF-MC BCP Server : Starting up on localhost port 5050
2023-02-04 11:00:24,468 : MPF-MC BCP Server : Waiting for a connection...
2023-02-04 11:00:24,468 : EventManager : Event: ======'client_disconnected'====== Args={'host': '127.0.0.1', 'port': 5050}
2023-02-04 11:00:26,266 : MPF-MC BCP Server : Received connection from: 127.0.0.1:55915
2023-02-04 11:00:26,272 : EventManager : Event: ======'client_connected'====== Args={'host': '127.0.0.1', 'port': 55915}
2023-02-04 11:00:26,320 : EventManager : Event: ======'machine_var_credits_string'====== Args={'value': 'FREE PLAY', 'prev_value': None, 'change': True}
2023-02-04 11:00:26,320 : EventManager : Event: ======'machine_var_master_volume'====== Args={'value': 0.5, 'prev_value': None, 'change': True}
2023-02-04 11:00:26,320 : EventManager : Event: ======'machine_var_mpf_version'====== Args={'value': 'MPF v0.56.0-dev33', 'prev_value': None, 'change': True}
2023-02-04 11:00:26,321 : EventManager : Event: ======'machine_var_mpf_extended_version'====== Args={'value': 'MPF v0.56.0-dev33, Config version:5, Show version: 5, BCP version:1.1', 'prev_value': None, 'change': True}
2023-02-04 11:00:26,321 : EventManager : Event: ======'machine_var_python_version'====== Args={'value': '3.9.13', 'prev_value': None, 'change': True}
2023-02-04 11:00:26,321 : EventManager : Event: ======'machine_var_platform'====== Args={'value': 'Windows-10-10.0.19044-SP0', 'prev_value': None, 'change': True}
2023-02-04 11:00:26,321 : EventManager : Event: ======'machine_var_platform_system'====== Args={'value': 'Windows', 'prev_value': None, 'change': True}
2023-02-04 11:00:26,321 : EventManager : Event: ======'machine_var_platform_release'====== Args={'value': '10', 'prev_value': None, 'change': True}
2023-02-04 11:00:26,322 : EventManager : Event: ======'machine_var_platform_version'====== Args={'value': '10.0.19044', 'prev_value': None, 'change': True}
2023-02-04 11:00:26,322 : EventManager : Event: ======'machine_var_platform_machine'====== Args={'value': 'AMD64', 'prev_value': None, 'change': True}
2023-02-04 11:00:26,322 : EventManager : Event: ======'machine_var_mc_version'====== Args={'value': 'MPF-MC v0.56.0-dev33', 'prev_value': None, 'change': True}
2023-02-04 11:00:26,322 : EventManager : Event: ======'machine_var_mc_extended_version'====== Args={'value': 'MPF-MC v0.56.0-dev33 (config_version=5, BCP v1.1, Requires MPF v0.56.0-dev33)', 'prev_value': None, 'change': True}
2023-02-04 11:00:26,323 : SoundSystem : Setting master volume to 0.5
2023-02-04 11:00:26,462 : EventManager : Event: ======'machine_var_audits_switches_s_left_flipper'====== Args={'value': 0, 'prev_value': None, 'change': True}
2023-02-04 11:00:26,462 : EventManager : Event: ======'machine_var_audits_switches_s_right_flipper'====== Args={'value': 0, 'prev_value': None, 'change': True}
2023-02-04 11:00:26,462 : EventManager : Event: ======'machine_var_audits_switches_s_trough1'====== Args={'value': 0, 'prev_value': None, 'change': True}
2023-02-04 11:00:26,462 : EventManager : Event: ======'machine_var_audits_switches_s_trough2'====== Args={'value': 0, 'prev_value': None, 'change': True}
2023-02-04 11:00:26,462 : EventManager : Event: ======'machine_var_audits_switches_s_trough3'====== Args={'value': 0, 'prev_value': None, 'change': True}
2023-02-04 11:00:26,462 : EventManager : Event: ======'machine_var_audits_switches_s_trough4'====== Args={'value': 0, 'prev_value': None, 'change': True}
2023-02-04 11:00:26,462 : EventManager : Event: ======'machine_var_audits_switches_s_trough5'====== Args={'value': 0, 'prev_value': None, 'change': True}
2023-02-04 11:00:26,462 : EventManager : Event: ======'machine_var_audits_switches_s_trough6'====== Args={'value': 0, 'prev_value': None, 'change': True}
2023-02-04 11:00:26,462 : EventManager : Event: ======'machine_var_audits_switches_s_trough_jam'====== Args={'value': 0, 'prev_value': None, 'change': True}
2023-02-04 11:00:26,462 : EventManager : Event: ======'machine_var_audits_switches_s_plunger'====== Args={'value': 0, 'prev_value': None, 'change': True}
2023-02-04 11:00:26,462 : EventManager : Event: ======'machine_var_audits_switches_s_start'====== Args={'value': 0, 'prev_value': None, 'change': True}
2023-02-04 11:00:26,462 : EventManager : Event: ======'machine_var_audits_switches_s_right_inlane'====== Args={'value': 0, 'prev_value': None, 'change': True}
2023-02-04 11:00:26,462 : EventManager : Event: ======'machine_var_audits_switches_s_top_popper'====== Args={'value': 0, 'prev_value': None, 'change': True}
2023-02-04 11:00:26,463 : EventManager : Event: ======'machine_var_audits_switches_s_elevator_hold'====== Args={'value': 0, 'prev_value': None, 'change': True}
2023-02-04 11:00:26,463 : EventManager : Event: ======'machine_var_audits_switches_s_eject'====== Args={'value': 0, 'prev_value': None, 'change': True}
2023-02-04 11:00:26,463 : EventManager : Event: ======'machine_var_audits_switches_s_bottom_popper'====== Args={'value': 0, 'prev_value': None, 'change': True}
2023-02-04 11:00:26,463 : EventManager : Event: ======'machine_var_audits_switches_s_left_slingshot'====== Args={'value': 0, 'prev_value': None, 'change': True}
2023-02-04 11:00:26,463 : EventManager : Event: ======'machine_var_audits_switches_s_right_slingshot'====== Args={'value': 0, 'prev_value': None, 'change': True}
2023-02-04 11:00:26,463 : EventManager : Event: ======'machine_var_audits_switches_s_top_slingshot'====== Args={'value': 0, 'prev_value': None, 'change': True}
2023-02-04 11:00:26,463 : EventManager : Event: ======'machine_var_audits_switches_s_left_jet'====== Args={'value': 0, 'prev_value': None, 'change': True}
2023-02-04 11:00:26,463 : EventManager : Event: ======'machine_var_audits_switches_s_right_jet'====== Args={'value': 0, 'prev_value': None, 'change': True}
2023-02-04 11:00:26,463 : EventManager : Event: ======'machine_var_audits_events_game_started'====== Args={'value': 0, 'prev_value': None, 'change': True}
2023-02-04 11:00:26,463 : EventManager : Event: ======'machine_var_audits_events_game_ended'====== Args={'value': 0, 'prev_value': None, 'change': True}
2023-02-04 11:00:26,463 : EventManager : Event: ======'machine_var_audits_player_score'====== Args={'value': {'top': [], 'average': 0, 'total': 0}, 'prev_value': None, 'change': True}
2023-02-04 11:00:26,474 : EventManager : Event: ======'mc_reset_phase_1'====== Args={}
2023-02-04 11:00:26,474 : EventManager : Event: ======'mc_reset_phase_2'====== Args={}
2023-02-04 11:00:26,474 : EventManager : Event: ======'mc_reset_phase_3'====== Args={}
2023-02-04 11:00:26,474 : EventManager : Event: ======'mc_reset_complete'====== Args={}
2023-02-04 11:00:26,486 : EventManager : Event: ======'slides_play'====== Args={'settings': {'awesome_slide2': {'widgets': [{'type': 'image', 'image': 'twisted_pictures', '_default_settings': ['type', 'image'], 'x': None, 'y': None, 'anchor_x': 'center', 'anchor_y': 'center', 'round_anchor_x': None, 'round_anchor_y': None, 'opacity': 1.0, 'z': 0, 'reset_animations_events': {}, 'color': [1.0, 1.0, 1.0, 1.0], 'style': [], 'adjust_top': 0, 'adjust_bottom': 0, 'adjust_left': 0, 'adjust_right': 0, 'expire': None, 'key': None, 'widget': None, 'events_when_added': [], 'events_when_removed': [], 'fps': 10, 'loops': -1, 'auto_play': True, 'start_frame': 0, 'rotation': 0, 'scale': 1.0, 'animations': None}], 'target': None, 'background_color': [0.0, 0.0, 0.0, 1.0], 'priority': None, 'show': True, 'force': False, 'expire': None, 'slide': None, 'tokens': {}, 'action': 'play'}}, 'context': 'show_1', 'calling_context': 0, 'priority': 10, 'show_tokens': {}, 'start_time': 29750.25}
2023-02-04 11:00:26,486 : mpfmc : SlidePlayer: Play called with settings={'awesome_slide2': {'widgets': [{'type': 'image', 'image': 'twisted_pictures', '_default_settings': ['type', 'image'], 'x': None, 'y': None, 'anchor_x': 'center', 'anchor_y': 'center', 'round_anchor_x': None, 'round_anchor_y': None, 'opacity': 1.0, 'z': 0, 'reset_animations_events': {}, 'color': [1.0, 1.0, 1.0, 1.0], 'style': [], 'adjust_top': 0, 'adjust_bottom': 0, 'adjust_left': 0, 'adjust_right': 0, 'expire': None, 'key': None, 'widget': None, 'events_when_added': [], 'events_when_removed': [], 'fps': 10, 'loops': -1, 'auto_play': True, 'start_frame': 0, 'rotation': 0, 'scale': 1.0, 'animations': None}], 'target': None, 'background_color': [0.0, 0.0, 0.0, 1.0], 'priority': None, 'show': True, 'force': False, 'expire': None, 'slide': None, 'tokens': {}, 'action': 'play'}}
2023-02-04 11:00:26,488 : EventManager : Event: ======'slide_awesome_slide2_created'====== Args={}
2023-02-04 11:00:26,488 : EventManager : Event: ======'slide_awesome_slide2_active'====== Args={}
2023-02-04 11:00:29,097 : EventManager : Event: ======'slides_play'====== Args={'settings': {'awesome_slide': {'widgets': [{'type': 'image', 'image': 'logo_fullscreen', '_default_settings': ['type', 'image'], 'x': None, 'y': None, 'anchor_x': 'center', 'anchor_y': 'center', 'round_anchor_x': None, 'round_anchor_y': None, 'opacity': 1.0, 'z': 0, 'reset_animations_events': {}, 'color': [1.0, 1.0, 1.0, 1.0], 'style': [], 'adjust_top': 0, 'adjust_bottom': 0, 'adjust_left': 0, 'adjust_right': 0, 'expire': None, 'key': None, 'widget': None, 'events_when_added': [], 'events_when_removed': [], 'fps': 10, 'loops': -1, 'auto_play': True, 'start_frame': 0, 'rotation': 0, 'scale': 1.0, 'animations': None}], 'target': None, 'background_color': [0.0, 0.0, 0.0, 1.0], 'priority': None, 'show': True, 'force': False, 'expire': None, 'slide': None, 'tokens': {}, 'action': 'play'}}, 'context': 'show_1', 'calling_context': 1, 'priority': 10, 'show_tokens': {}, 'start_time': 29752.85}
2023-02-04 11:00:29,098 : mpfmc : SlidePlayer: Play called with settings={'awesome_slide': {'widgets': [{'type': 'image', 'image': 'logo_fullscreen', '_default_settings': ['type', 'image'], 'x': None, 'y': None, 'anchor_x': 'center', 'anchor_y': 'center', 'round_anchor_x': None, 'round_anchor_y': None, 'opacity': 1.0, 'z': 0, 'reset_animations_events': {}, 'color': [1.0, 1.0, 1.0, 1.0], 'style': [], 'adjust_top': 0, 'adjust_bottom': 0, 'adjust_left': 0, 'adjust_right': 0, 'expire': None, 'key': None, 'widget': None, 'events_when_added': [], 'events_when_removed': [], 'fps': 10, 'loops': -1, 'auto_play': True, 'start_frame': 0, 'rotation': 0, 'scale': 1.0, 'animations': None}], 'target': None, 'background_color': [0.0, 0.0, 0.0, 1.0], 'priority': None, 'show': True, 'force': False, 'expire': None, 'slide': None, 'tokens': {}, 'action': 'play'}}
2023-02-04 11:00:29,103 : EventManager : Event: ======'slide_awesome_slide_created'====== Args={}
2023-02-04 11:00:29,106 : EventManager : Event: ======'slide_awesome_slide_active'====== Args={}
2023-02-04 11:00:31,597 : EventManager : Event: ======'slides_play'====== Args={'settings': {'awesome_slide3': {'widgets': [{'type': 'image', 'image': 'Main', 'adjust_bottom': 200, 'adjust_right': 100, 'opacity': 0.5, '_default_settings': ['type', 'image', 'adjust_bottom', 'adjust_right', 'opacity'], 'x': None, 'y': None, 'anchor_x': 'center', 'anchor_y': 'center', 'round_anchor_x': None, 'round_anchor_y': None, 'z': 0, 'reset_animations_events': {}, 'color': [1.0, 1.0, 1.0, 1.0], 'style': [], 'adjust_top': 0, 'adjust_left': 0, 'expire': None, 'key': None, 'widget': None, 'events_when_added': [], 'events_when_removed': [], 'fps': 10, 'loops': -1, 'auto_play': True, 'start_frame': 0, 'rotation': 0, 'scale': 1.0, 'animations': None}], 'target': None, 'background_color': [0.0, 0.0, 0.0, 1.0], 'priority': None, 'show': True, 'force': False, 'expire': None, 'slide': None, 'tokens': {}, 'action': 'play'}}, 'context': 'show_1', 'calling_context': 2, 'priority': 10, 'show_tokens': {}, 'start_time': 29755.35}
2023-02-04 11:00:31,597 : mpfmc : SlidePlayer: Play called with settings={'awesome_slide3': {'widgets': [{'type': 'image', 'image': 'Main', 'adjust_bottom': 200, 'adjust_right': 100, 'opacity': 0.5, '_default_settings': ['type', 'image', 'adjust_bottom', 'adjust_right', 'opacity'], 'x': None, 'y': None, 'anchor_x': 'center', 'anchor_y': 'center', 'round_anchor_x': None, 'round_anchor_y': None, 'z': 0, 'reset_animations_events': {}, 'color': [1.0, 1.0, 1.0, 1.0], 'style': [], 'adjust_top': 0, 'adjust_left': 0, 'expire': None, 'key': None, 'widget': None, 'events_when_added': [], 'events_when_removed': [], 'fps': 10, 'loops': -1, 'auto_play': True, 'start_frame': 0, 'rotation': 0, 'scale': 1.0, 'animations': None}], 'target': None, 'background_color': [0.0, 0.0, 0.0, 1.0], 'priority': None, 'show': True, 'force': False, 'expire': None, 'slide': None, 'tokens': {}, 'action': 'play'}}
2023-02-04 11:00:31,598 : EventManager : Event: ======'slide_awesome_slide3_created'====== Args={}
2023-02-04 11:00:31,599 : EventManager : Event: ======'slide_awesome_slide3_active'====== Args={}
2023-02-04 11:00:34,595 : EventManager : Event: ======'slides_play'====== Args={'settings': {'press_start': {'widgets': [{'type': 'Text', 'text': 'PRESS START', 'animations': {'pre_show_slide': [{'property': ['opacity'], 'value': ['0'], 'duration': 0.5, 'relative': False, 'timing': 'after_previous', 'repeat': False, 'easing': 'linear'}, {'property': ['opacity'], 'value': ['1'], 'duration': 0.5, 'repeat': False, 'relative': False, 'timing': 'after_previous', 'easing': 'linear'}]}, '_default_settings': ['type', 'text', 'animations'], 'x': None, 'y': None, 'anchor_x': 'center', 'anchor_y': 'center', 'round_anchor_x': None, 'round_anchor_y': None, 'opacity': 1.0, 'z': 0, 'reset_animations_events': {}, 'color': [1.0, 1.0, 1.0, 1.0], 'style': [], 'adjust_top': 0, 'adjust_bottom': 0, 'adjust_left': 0, 'adjust_right': 0, 'expire': None, 'key': None, 'widget': None, 'events_when_added': [], 'events_when_removed': [], 'font_size': 15, 'bitmap_font': False, 'font_kerning': True, 'bold': False, 'italic': False, 'number_grouping': False, 'min_digits': 0, 'halign': 'center', 'valign': 'middle', 'rotation': 0, 'scale': 1.0, 'casing': None}, {'type': 'Text', 'text': 'FREE PLAY', 'color': [0.0, 0.5019607843137255, 0.0, 1], 'y': '10', 'anchor_y': 'bottom', '_default_settings': ['type', 'text', 'color', 'y', 'anchor_y'], 'x': None, 'anchor_x': 'center', 'round_anchor_x': None, 'round_anchor_y': None, 'opacity': 1.0, 'z': 0, 'reset_animations_events': {}, 'style': [], 'adjust_top': 0, 'adjust_bottom': 0, 'adjust_left': 0, 'adjust_right': 0, 'expire': None, 'key': None, 'widget': None, 'events_when_added': [], 'events_when_removed': [], 'font_size': 15, 'bitmap_font': False, 'font_kerning': True, 'bold': False, 'italic': False, 'number_grouping': False, 'min_digits': 0, 'halign': 'center', 'valign': 'middle', 'rotation': 0, 'scale': 1.0, 'casing': None, 'animations': None}], 'transition': {'type': 'move_in', 'duration': 1.0, 'direction': 'right', 'easing': 'out_quad'}, 'target': None, 'background_color': [0.0, 0.0, 0.0, 1.0], 'priority': None, 'show': True, 'force': False, 'expire': None, 'slide': None, 'tokens': {}, 'action': 'play'}}, 'context': 'show_1', 'calling_context': 3, 'priority': 10, 'show_tokens': {}, 'start_time': 29758.35}
2023-02-04 11:00:34,595 : mpfmc : SlidePlayer: Play called with settings={'press_start': {'widgets': [{'type': 'Text', 'text': 'PRESS START', 'animations': {'pre_show_slide': [{'property': ['opacity'], 'value': ['0'], 'duration': 0.5, 'relative': False, 'timing': 'after_previous', 'repeat': False, 'easing': 'linear'}, {'property': ['opacity'], 'value': ['1'], 'duration': 0.5, 'repeat': False, 'relative': False, 'timing': 'after_previous', 'easing': 'linear'}]}, '_default_settings': ['type', 'text', 'animations'], 'x': None, 'y': None, 'anchor_x': 'center', 'anchor_y': 'center', 'round_anchor_x': None, 'round_anchor_y': None, 'opacity': 1.0, 'z': 0, 'reset_animations_events': {}, 'color': [1.0, 1.0, 1.0, 1.0], 'style': [], 'adjust_top': 0, 'adjust_bottom': 0, 'adjust_left': 0, 'adjust_right': 0, 'expire': None, 'key': None, 'widget': None, 'events_when_added': [], 'events_when_removed': [], 'font_size': 15, 'bitmap_font': False, 'font_kerning': True, 'bold': False, 'italic': False, 'number_grouping': False, 'min_digits': 0, 'halign': 'center', 'valign': 'middle', 'rotation': 0, 'scale': 1.0, 'casing': None}, {'type': 'Text', 'text': 'FREE PLAY', 'color': [0.0, 0.5019607843137255, 0.0, 1], 'y': '10', 'anchor_y': 'bottom', '_default_settings': ['type', 'text', 'color', 'y', 'anchor_y'], 'x': None, 'anchor_x': 'center', 'round_anchor_x': None, 'round_anchor_y': None, 'opacity': 1.0, 'z': 0, 'reset_animations_events': {}, 'style': [], 'adjust_top': 0, 'adjust_bottom': 0, 'adjust_left': 0, 'adjust_right': 0, 'expire': None, 'key': None, 'widget': None, 'events_when_added': [], 'events_when_removed': [], 'font_size': 15, 'bitmap_font': False, 'font_kerning': True, 'bold': False, 'italic': False, 'number_grouping': False, 'min_digits': 0, 'halign': 'center', 'valign': 'middle', 'rotation': 0, 'scale': 1.0, 'casing': None, 'animations': None}], 'transition': {'type': 'move_in', 'duration': 1.0, 'direction': 'right', 'easing': 'out_quad'}, 'target': None, 'background_color': [0.0, 0.0, 0.0, 1.0], 'priority': None, 'show': True, 'force': False, 'expire': None, 'slide': None, 'tokens': {}, 'action': 'play'}}
2023-02-04 11:00:34,651 : EventManager : Event: ======'slide_press_start_created'====== Args={}
2023-02-04 11:00:34,653 : EventManager : Event: ======'slide_press_start_active'====== Args={}
2023-02-04 11:00:37,591 : EventManager : Event: ======'slides_play'====== Args={'settings': {'last_game_score_slide': {'widgets': [{'type': 'text', 'text': 'LAST GAME', 'font_size': 50, 'y': '60%', '_default_settings': ['type', 'text', 'font_size', 'y'], 'x': None, 'anchor_x': 'center', 'anchor_y': 'center', 'round_anchor_x': None, 'round_anchor_y': None, 'opacity': 1.0, 'z': 0, 'reset_animations_events': {}, 'color': [1.0, 1.0, 1.0, 1.0], 'style': [], 'adjust_top': 0, 'adjust_bottom': 0, 'adjust_left': 0, 'adjust_right': 0, 'expire': None, 'key': None, 'widget': None, 'events_when_added': [], 'events_when_removed': [], 'bitmap_font': False, 'font_kerning': True, 'bold': False, 'italic': False, 'number_grouping': False, 'min_digits': 0, 'halign': 'center', 'valign': 'middle', 'rotation': 0, 'scale': 1.0, 'casing': None, 'animations': None}, {'type': 'text', 'text': '(machine|player1_score)', 'number_grouping': True, 'min_digits': 2, 'font_size': 50, 'y': '40%', '_default_settings': ['type', 'text', 'number_grouping', 'min_digits', 'font_size', 'y'], 'x': None, 'anchor_x': 'center', 'anchor_y': 'center', 'round_anchor_x': None, 'round_anchor_y': None, 'opacity': 1.0, 'z': 0, 'reset_animations_events': {}, 'color': [1.0, 1.0, 1.0, 1.0], 'style': [], 'adjust_top': 0, 'adjust_bottom': 0, 'adjust_left': 0, 'adjust_right': 0, 'expire': None, 'key': None, 'widget': None, 'events_when_added': [], 'events_when_removed': [], 'bitmap_font': False, 'font_kerning': True, 'bold': False, 'italic': False, 'halign': 'center', 'valign': 'middle', 'rotation': 0, 'scale': 1.0, 'casing': None, 'animations': None}], 'target': None, 'background_color': [0.0, 0.0, 0.0, 1.0], 'priority': None, 'show': True, 'force': False, 'expire': None, 'slide': None, 'tokens': {}, 'action': 'play'}}, 'context': 'show_1', 'calling_context': 4, 'priority': 10, 'show_tokens': {}, 'start_time': 29761.35}
2023-02-04 11:00:37,592 : mpfmc : SlidePlayer: Play called with settings={'last_game_score_slide': {'widgets': [{'type': 'text', 'text': 'LAST GAME', 'font_size': 50, 'y': '60%', '_default_settings': ['type', 'text', 'font_size', 'y'], 'x': None, 'anchor_x': 'center', 'anchor_y': 'center', 'round_anchor_x': None, 'round_anchor_y': None, 'opacity': 1.0, 'z': 0, 'reset_animations_events': {}, 'color': [1.0, 1.0, 1.0, 1.0], 'style': [], 'adjust_top': 0, 'adjust_bottom': 0, 'adjust_left': 0, 'adjust_right': 0, 'expire': None, 'key': None, 'widget': None, 'events_when_added': [], 'events_when_removed': [], 'bitmap_font': False, 'font_kerning': True, 'bold': False, 'italic': False, 'number_grouping': False, 'min_digits': 0, 'halign': 'center', 'valign': 'middle', 'rotation': 0, 'scale': 1.0, 'casing': None, 'animations': None}, {'type': 'text', 'text': '(machine|player1_score)', 'number_grouping': True, 'min_digits': 2, 'font_size': 50, 'y': '40%', '_default_settings': ['type', 'text', 'number_grouping', 'min_digits', 'font_size', 'y'], 'x': None, 'anchor_x': 'center', 'anchor_y': 'center', 'round_anchor_x': None, 'round_anchor_y': None, 'opacity': 1.0, 'z': 0, 'reset_animations_events': {}, 'color': [1.0, 1.0, 1.0, 1.0], 'style': [], 'adjust_top': 0, 'adjust_bottom': 0, 'adjust_left': 0, 'adjust_right': 0, 'expire': None, 'key': None, 'widget': None, 'events_when_added': [], 'events_when_removed': [], 'bitmap_font': False, 'font_kerning': True, 'bold': False, 'italic': False, 'halign': 'center', 'valign': 'middle', 'rotation': 0, 'scale': 1.0, 'casing': None, 'animations': None}], 'target': None, 'background_color': [0.0, 0.0, 0.0, 1.0], 'priority': None, 'show': True, 'force': False, 'expire': None, 'slide': None, 'tokens': {}, 'action': 'play'}}
2023-02-04 11:00:37,602 : EventManager : Event: ======'slide_last_game_score_slide_created'====== Args={}
2023-02-04 11:00:37,603 : EventManager : Unordered handler for class <Text Widget text=> on event machine_var_player1_score with priority 1. Handlers: [RegisteredHandler(callback=<bound method Text._machine_var_change of <Text Widget text=>>, priority=1, kwargs={}, key=UUID('f54c84aa-cad6-4272-a5c1-a77bedc70321'), condition=None, blocking_facility=None), RegisteredHandler(callback=<bound method Text._machine_var_change of <Text Widget text=>>, priority=1, kwargs={}, key=UUID('9ea49402-f1b8-4381-b4e1-0053ea348b8f'), condition=None, blocking_facility=None)]. The order of those handlers is not defined and they will be executed in random order. This might lead to race conditions and potential bugs.
2023-02-04 11:00:37,605 : EventManager : Event: ======'slide_last_game_score_slide_active'====== Args={}
2023-02-04 11:00:40,598 : EventManager : Event: ======'slides_play'====== Args={'settings': {'awesome_slide2': {'widgets': [{'type': 'image', 'image': 'twisted_pictures', '_default_settings': ['type', 'image'], 'x': None, 'y': None, 'anchor_x': 'center', 'anchor_y': 'center', 'round_anchor_x': None, 'round_anchor_y': None, 'opacity': 1.0, 'z': 0, 'reset_animations_events': {}, 'color': [1.0, 1.0, 1.0, 1.0], 'style': [], 'adjust_top': 0, 'adjust_bottom': 0, 'adjust_left': 0, 'adjust_right': 0, 'expire': None, 'key': None, 'widget': None, 'events_when_added': [], 'events_when_removed': [], 'fps': 10, 'loops': -1, 'auto_play': True, 'start_frame': 0, 'rotation': 0, 'scale': 1.0, 'animations': None}], 'target': None, 'background_color': [0.0, 0.0, 0.0, 1.0], 'priority': None, 'show': True, 'force': False, 'expire': None, 'slide': None, 'tokens': {}, 'action': 'play'}}, 'context': 'show_1', 'calling_context': 0, 'priority': 10, 'show_tokens': {}, 'start_time': 29764.35}
2023-02-04 11:00:40,598 : mpfmc : SlidePlayer: Play called with settings={'awesome_slide2': {'widgets': [{'type': 'image', 'image': 'twisted_pictures', '_default_settings': ['type', 'image'], 'x': None, 'y': None, 'anchor_x': 'center', 'anchor_y': 'center', 'round_anchor_x': None, 'round_anchor_y': None, 'opacity': 1.0, 'z': 0, 'reset_animations_events': {}, 'color': [1.0, 1.0, 1.0, 1.0], 'style': [], 'adjust_top': 0, 'adjust_bottom': 0, 'adjust_left': 0, 'adjust_right': 0, 'expire': None, 'key': None, 'widget': None, 'events_when_added': [], 'events_when_removed': [], 'fps': 10, 'loops': -1, 'auto_play': True, 'start_frame': 0, 'rotation': 0, 'scale': 1.0, 'animations': None}], 'target': None, 'background_color': [0.0, 0.0, 0.0, 1.0], 'priority': None, 'show': True, 'force': False, 'expire': None, 'slide': None, 'tokens': {}, 'action': 'play'}}
2023-02-04 11:00:40,599 : EventManager : Event: ======'slide_awesome_slide2_removed'====== Args={}
2023-02-04 11:00:40,606 : EventManager : Event: ======'slide_awesome_slide2_created'====== Args={}
2023-02-04 11:00:40,608 : EventManager : Event: ======'slide_awesome_slide2_active'====== Args={}
2023-02-04 11:00:43,188 : EventManager : Event: ======'slides_play'====== Args={'settings': {'awesome_slide': {'widgets': [{'type': 'image', 'image': 'logo_fullscreen', '_default_settings': ['type', 'image'], 'x': None, 'y': None, 'anchor_x': 'center', 'anchor_y': 'center', 'round_anchor_x': None, 'round_anchor_y': None, 'opacity': 1.0, 'z': 0, 'reset_animations_events': {}, 'color': [1.0, 1.0, 1.0, 1.0], 'style': [], 'adjust_top': 0, 'adjust_bottom': 0, 'adjust_left': 0, 'adjust_right': 0, 'expire': None, 'key': None, 'widget': None, 'events_when_added': [], 'events_when_removed': [], 'fps': 10, 'loops': -1, 'auto_play': True, 'start_frame': 0, 'rotation': 0, 'scale': 1.0, 'animations': None}], 'target': None, 'background_color': [0.0, 0.0, 0.0, 1.0], 'priority': None, 'show': True, 'force': False, 'expire': None, 'slide': None, 'tokens': {}, 'action': 'play'}}, 'context': 'show_1', 'calling_context': 1, 'priority': 10, 'show_tokens': {}, 'start_time': 29766.949999999997}
2023-02-04 11:00:43,188 : mpfmc : SlidePlayer: Play called with settings={'awesome_slide': {'widgets': [{'type': 'image', 'image': 'logo_fullscreen', '_default_settings': ['type', 'image'], 'x': None, 'y': None, 'anchor_x': 'center', 'anchor_y': 'center', 'round_anchor_x': None, 'round_anchor_y': None, 'opacity': 1.0, 'z': 0, 'reset_animations_events': {}, 'color': [1.0, 1.0, 1.0, 1.0], 'style': [], 'adjust_top': 0, 'adjust_bottom': 0, 'adjust_left': 0, 'adjust_right': 0, 'expire': None, 'key': None, 'widget': None, 'events_when_added': [], 'events_when_removed': [], 'fps': 10, 'loops': -1, 'auto_play': True, 'start_frame': 0, 'rotation': 0, 'scale': 1.0, 'animations': None}], 'target': None, 'background_color': [0.0, 0.0, 0.0, 1.0], 'priority': None, 'show': True, 'force': False, 'expire': None, 'slide': None, 'tokens': {}, 'action': 'play'}}
2023-02-04 11:00:43,188 : EventManager : Event: ======'slide_awesome_slide_removed'====== Args={}
2023-02-04 11:00:43,189 : EventManager : Event: ======'slide_awesome_slide_created'====== Args={}
2023-02-04 11:00:43,190 : EventManager : Event: ======'slide_awesome_slide_active'====== Args={}
2023-02-04 11:00:45,365 : kivy : Base: Leaving application in progress...
2023-02-04 11:00:45,366 : mpfmc : Stopping...
2023-02-04 11:00:45,366 : EventManager : Event: ======'shutdown'====== Args={}
2023-02-04 11:00:45,366 : AudioInterface : Disabling audio playback
2023-02-04 11:00:45,529 : mpfmc : Loop rate 77.98 Hz
2023-02-04 11:00:45,529 : kivy : MC run loop ended.
2023-02-04 11:00:45,529 : kivy : Stopping child threads... (3 remaining)
2023-02-04 11:00:45,681 : mpfmc : Stopping...
2023-02-04 11:00:45,681 : EventManager : Event: ======'shutdown'====== Args={}
2023-02-04 11:00:45,682 : mpfmc : Loop rate 77.43 Hz
2023-02-04 11:00:45,823 : MPF-MC BCP Server : Stopping BCP sending thread
2023-02-04 11:00:46,433 : kivy : All child threads stopped.
