2023-04-23 15:48:05,394 : kivy : Factory: 189 symbols loaded
2023-04-23 15:48:07,332 : kivy : ImageLoaderFFPy: Using ffpyplayer 4.3.5
2023-04-23 15:48:07,333 : kivy : Image: Providers: img_tex, img_dds, img_sdl2, img_pil, img_ffpyplayer 
2023-04-23 15:48:07,968 : kivy : VideoGstplayer: Using Gstreamer 1.18.5.0
2023-04-23 15:48:07,969 : kivy : Video: Provider: gstplayer
2023-04-23 15:48:08,967 : kivy : Loading MPF-MC controller
2023-04-23 15:48:08,971 : YamlMultifileConfigLoader : Machine config file #1: config
2023-04-23 15:48:08,972 : ConfigProcessor : Config file in cache changed: C:\pinball\SAW\config\config
2023-04-23 15:48:08,972 : ConfigProcessor : Loading config from file C:\Users\steel\AppData\Local\Programs\Python\Python39\lib\site-packages\mpfmc\mcconfig.yaml.
2023-04-23 15:48:09,058 : ConfigProcessor : Loading config: C:\Users\steel\AppData\Local\Programs\Python\Python39\lib\site-packages\mpfmc\mcconfig.yaml
2023-04-23 15:48:09,059 : ConfigProcessor : Loading config from file C:\pinball\SAW\config\config.
2023-04-23 15:48:09,117 : ConfigProcessor : Loading config: C:\pinball\SAW\config\config
2023-04-23 15:48:09,210 : ConfigProcessor : Loading config: C:\pinball\SAW\config\hardware.yaml
2023-04-23 15:48:09,241 : ConfigProcessor : Loading config: C:\pinball\SAW\config\keyboard.yaml
2023-04-23 15:48:09,259 : ConfigProcessor : Loading config: C:\pinball\SAW\config\shots.yaml
2023-04-23 15:48:09,273 : ConfigProcessor : Loading config: C:\pinball\SAW\config\videos.yaml
2023-04-23 15:48:09,341 : ConfigProcessor : Loading config: C:\pinball\SAW\config\lights.yaml
2023-04-23 15:48:09,356 : ConfigProcessor : Config file cache created: C:\Users\steel\AppData\Local\Temp\785655ce0a6ad62be8f20f2598aadce2.mpf_cache
2023-04-23 15:48:09,357 : ConfigProcessor : Loading config from cache: C:\Users\steel\AppData\Local\Temp\0c159a05f39617a30cc1b279562f144f.mpf_cache
2023-04-23 15:48:09,358 : ConfigProcessor : Loading config from cache: C:\Users\steel\AppData\Local\Temp\a4144dd661fe0832b800e50000db3090.mpf_cache
2023-04-23 15:48:09,359 : ConfigProcessor : Loading config from cache: C:\Users\steel\AppData\Local\Temp\0c159a05f39617a30cc1b279562f144f.mpf_cache
2023-04-23 15:48:09,360 : ConfigProcessor : Loading config from cache: C:\Users\steel\AppData\Local\Temp\c84db42795c08bfb8e4272b3be41e3f4.mpf_cache
2023-04-23 15:48:09,361 : ConfigProcessor : Loading config from cache: C:\Users\steel\AppData\Local\Temp\256e7fa83e47770b240852b302497ae5.mpf_cache
2023-04-23 15:48:09,362 : ConfigProcessor : Loading config from cache: C:\Users\steel\AppData\Local\Temp\a22ef28f8a7f551263a3132499374206.mpf_cache
2023-04-23 15:48:09,363 : ConfigProcessor : Loading config from cache: C:\Users\steel\AppData\Local\Temp\7fe6b706c5c6f5eb2454caa567a579fa.mpf_cache
2023-04-23 15:48:09,364 : ConfigProcessor : Loading config from cache: C:\Users\steel\AppData\Local\Temp\48a474ae7f498cc1dbcdf6e4a97cba2f.mpf_cache
2023-04-23 15:48:09,365 : ConfigProcessor : Loading config from cache: C:\Users\steel\AppData\Local\Temp\a9267858f889f9ead43c7ffecde0b8cb.mpf_cache
2023-04-23 15:48:09,366 : ConfigProcessor : Loading config from cache: C:\Users\steel\AppData\Local\Temp\a21b3499fc9a8e09105ae8ac8032381c.mpf_cache
2023-04-23 15:48:09,367 : ConfigProcessor : Loading config from cache: C:\Users\steel\AppData\Local\Temp\bce7736320a2f16a44a8e687cf697899.mpf_cache
2023-04-23 15:48:09,368 : ConfigProcessor : Loading config from cache: C:\Users\steel\AppData\Local\Temp\55bcd1ccd7b507cbb2987e57152e2ed6.mpf_cache
2023-04-23 15:48:09,369 : ConfigProcessor : Loading config from cache: C:\Users\steel\AppData\Local\Temp\6af63f80f13f2d3f9a6afe04029ceb5d.mpf_cache
2023-04-23 15:48:09,370 : mpfmc : Mission Pinball Framework Media Controller v0.56.0-dev33
2023-04-23 15:48:09,370 : mpfmc : Mission Pinball Framework Game Engine v0.56.0-dev33
2023-04-23 15:48:09,370 : mpfmc : Machine path: C:\pinball\SAW
2023-04-23 15:48:09,370 : mpfmc : Starting clock at 60.0Hz
2023-04-23 15:48:09,532 : kivy : Text: Provider: sdl2
2023-04-23 15:48:09,765 : kivy : Window: Provider: sdl2
2023-04-23 15:48:10,848 : kivy : GL: Using the "OpenGL" graphics system
2023-04-23 15:48:10,858 : kivy : GL: GLEW initialization succeeded
2023-04-23 15:48:10,858 : kivy : GL: Backend used <glew>
2023-04-23 15:48:10,860 : kivy : GL: OpenGL version <b'4.6.0 - Build 31.0.101.2111'>
2023-04-23 15:48:10,860 : kivy : GL: OpenGL vendor <b'Intel'>
2023-04-23 15:48:10,860 : kivy : GL: OpenGL renderer <b'Intel(R) UHD Graphics 630'>
2023-04-23 15:48:10,861 : kivy : GL: OpenGL parsed version: 4, 6
2023-04-23 15:48:10,861 : kivy : GL: Shading version <b'4.60 - Build 31.0.101.2111'>
2023-04-23 15:48:10,861 : kivy : GL: Texture max size <16384>
2023-04-23 15:48:10,861 : kivy : GL: Texture max units <32>
2023-04-23 15:48:11,146 : kivy : Window: auto add sdl2 input provider
2023-04-23 15:48:11,147 : kivy : Window: virtual keyboard not allowed, single mode, not docked
2023-04-23 15:48:15,760 : AudioInterface : Initialized
2023-04-23 15:48:15,760 : AudioInterface : Loaded SDL 2.0.20
2023-04-23 15:48:15,760 : AudioInterface : Loaded SDL_Mixer 2.0.4
2023-04-23 15:48:15,761 : AudioInterface : Loaded GStreamer 1.18.5.0
2023-04-23 15:48:15,761 : AudioInterface : Loaded GLib 2.62.6
2023-04-23 15:48:15,762 : AudioInterface : Settings requested - rate: 44100, channels: 1, buffer: 2048 samples
2023-04-23 15:48:15,762 : AudioInterface : Settings in use - rate: 44100, channels: 1, buffer: 2048 samples (4096 bytes @ 2 bytes per sample)
2023-04-23 15:48:15,762 : SoundSystem : Setting master volume to 0.0
2023-04-23 15:48:15,762 : SoundSystem : master_volume in sound_system is deprecated and will be removed in the future.
2023-04-23 15:48:15,762 : AudioInterface : Enabling audio playback
2023-04-23 15:48:15,765 : kivy : Base: Start application main loop
2023-04-23 15:48:15,765 : EventManager : Event: ======'display_lcd_initialized'====== Args={}
2023-04-23 15:48:15,786 : mpfmc : Display: Setting 'lcd' as default display
2023-04-23 15:48:15,795 : EventManager : Event: ======'displays_initialized'====== Args={}
2023-04-23 15:48:15,796 : EventManager : Event: ======'slide_lcd_blank_created'====== Args={}
2023-04-23 15:48:15,796 : EventManager : Event: ======'display_lcd_ready'====== Args={}
2023-04-23 15:48:15,826 : EventManager : Event: ======'init_phase_1'====== Args={}
2023-04-23 15:48:15,834 : EventManager : Event: ======'mc_ready'====== Args={}
2023-04-23 15:48:15,834 : EventManager : Event: ======'init_phase_2'====== Args={}
2023-04-23 15:48:15,850 : EventManager : Event: ======'init_phase_3'====== Args={}
2023-04-23 15:48:15,857 : EventManager : Event: ======'init_phase_4'====== Args={}
2023-04-23 15:48:15,857 : EventManager : Event: ======'init_phase_5'====== Args={}
2023-04-23 15:48:15,915 : kivy : GL: NPOT texture support is available
2023-04-23 15:48:15,985 : EventManager : Event: ======'loading_assets'====== Args={'total': 55, 'loaded': 1, 'remaining': 54, 'percent': 2}
2023-04-23 15:48:15,986 : AssetManager : Loading assets: 1/55 (2%)
2023-04-23 15:48:16,359 : EventManager : Event: ======'loading_assets'====== Args={'total': 55, 'loaded': 8, 'remaining': 47, 'percent': 15}
2023-04-23 15:48:16,359 : AssetManager : Loading assets: 8/55 (15%)
2023-04-23 15:48:17,291 : EventManager : Event: ======'loading_assets'====== Args={'total': 55, 'loaded': 32, 'remaining': 23, 'percent': 58}
2023-04-23 15:48:17,292 : AssetManager : Loading assets: 32/55 (58%)
2023-04-23 15:48:17,396 : kivy : GL: Unpack subimage support is available
2023-04-23 15:48:17,787 : EventManager : Event: ======'loading_assets'====== Args={'total': 55, 'loaded': 55, 'remaining': 0, 'percent': 100}
2023-04-23 15:48:17,787 : AssetManager : Asset loading took: 2.0239410400390625
2023-04-23 15:48:17,787 : EventManager : Event: ======'asset_loading_complete'====== Args={}
2023-04-23 15:48:17,787 : AssetManager : Loading assets: 55/55 (100%)
2023-04-23 15:48:17,787 : EventManager : Event: ======'init_done'====== Args={}
2023-04-23 15:48:17,787 : MPF-MC BCP Server : Starting up on localhost port 5050
2023-04-23 15:48:17,791 : MPF-MC BCP Server : Waiting for a connection...
2023-04-23 15:48:17,792 : EventManager : Event: ======'client_disconnected'====== Args={'host': '127.0.0.1', 'port': 5050}
2023-04-23 15:48:18,107 : MPF-MC BCP Server : Received connection from: 127.0.0.1:62230
2023-04-23 15:48:18,118 : EventManager : Event: ======'client_connected'====== Args={'host': '127.0.0.1', 'port': 62230}
2023-04-23 15:48:18,130 : EventManager : Event: ======'machine_var_credits_string'====== Args={'value': 'FREE PLAY', 'prev_value': None, 'change': True}
2023-04-23 15:48:18,130 : EventManager : Event: ======'machine_var_master_volume'====== Args={'value': 0.5, 'prev_value': None, 'change': True}
2023-04-23 15:48:18,130 : EventManager : Event: ======'machine_var_mpf_version'====== Args={'value': 'MPF v0.56.0-dev33', 'prev_value': None, 'change': True}
2023-04-23 15:48:18,130 : EventManager : Event: ======'machine_var_mpf_extended_version'====== Args={'value': 'MPF v0.56.0-dev33, Config version:5, Show version: 5, BCP version:1.1', 'prev_value': None, 'change': True}
2023-04-23 15:48:18,130 : EventManager : Event: ======'machine_var_python_version'====== Args={'value': '3.9.13', 'prev_value': None, 'change': True}
2023-04-23 15:48:18,130 : EventManager : Event: ======'machine_var_platform'====== Args={'value': 'Windows-10-10.0.19044-SP0', 'prev_value': None, 'change': True}
2023-04-23 15:48:18,130 : EventManager : Event: ======'machine_var_platform_system'====== Args={'value': 'Windows', 'prev_value': None, 'change': True}
2023-04-23 15:48:18,130 : EventManager : Event: ======'machine_var_platform_release'====== Args={'value': '10', 'prev_value': None, 'change': True}
2023-04-23 15:48:18,130 : EventManager : Event: ======'machine_var_platform_version'====== Args={'value': '10.0.19044', 'prev_value': None, 'change': True}
2023-04-23 15:48:18,130 : EventManager : Event: ======'machine_var_platform_machine'====== Args={'value': 'AMD64', 'prev_value': None, 'change': True}
2023-04-23 15:48:18,131 : EventManager : Event: ======'machine_var_mc_version'====== Args={'value': 'MPF-MC v0.56.0-dev33', 'prev_value': None, 'change': True}
2023-04-23 15:48:18,131 : EventManager : Event: ======'machine_var_mc_extended_version'====== Args={'value': 'MPF-MC v0.56.0-dev33 (config_version=5, BCP v1.1, Requires MPF v0.56.0-dev33)', 'prev_value': None, 'change': True}
2023-04-23 15:48:18,131 : SoundSystem : Setting master volume to 0.5
2023-04-23 15:48:18,467 : EventManager : Event: ======'machine_var_audits_events_game_ended'====== Args={'value': 0, 'prev_value': None, 'change': True}
2023-04-23 15:48:18,517 : EventManager : Event: ======'machine_var_audits_events_game_started'====== Args={'value': 668, 'prev_value': None, 'change': True}
2023-04-23 15:48:18,517 : EventManager : Event: ======'machine_var_audits_player_score'====== Args={'value': {'average': 0, 'top': [], 'total': 0}, 'prev_value': None, 'change': True}
2023-04-23 15:48:18,517 : EventManager : Event: ======'machine_var_audits_shots_bottom_l_pop'====== Args={'value': 38, 'prev_value': None, 'change': True}
2023-04-23 15:48:18,517 : EventManager : Event: ======'machine_var_audits_shots_bottom_r_pop'====== Args={'value': 11, 'prev_value': None, 'change': True}
2023-04-23 15:48:18,518 : EventManager : Event: ======'machine_var_audits_shots_bottom_t_pop'====== Args={'value': 11, 'prev_value': None, 'change': True}
2023-04-23 15:48:18,518 : EventManager : Event: ======'machine_var_audits_shots_cellar'====== Args={'value': 187, 'prev_value': None, 'change': True}
2023-04-23 15:48:18,518 : EventManager : Event: ======'machine_var_audits_shots_dt_drop2'====== Args={'value': 710, 'prev_value': None, 'change': True}
2023-04-23 15:48:18,518 : EventManager : Event: ======'machine_var_audits_shots_dt_drop3'====== Args={'value': 299, 'prev_value': None, 'change': True}
2023-04-23 15:48:18,518 : EventManager : Event: ======'machine_var_audits_shots_dt_drop4'====== Args={'value': 170, 'prev_value': None, 'change': True}
2023-04-23 15:48:18,519 : EventManager : Event: ======'machine_var_audits_shots_my_first_shot'====== Args={'value': 160, 'prev_value': None, 'change': True}
2023-04-23 15:48:18,519 : EventManager : Event: ======'machine_var_audits_shots_spinner'====== Args={'value': 97, 'prev_value': None, 'change': True}
2023-04-23 15:48:18,519 : EventManager : Event: ======'machine_var_audits_shots_upper_b_pop'====== Args={'value': 22, 'prev_value': None, 'change': True}
2023-04-23 15:48:18,519 : EventManager : Event: ======'machine_var_audits_shots_upper_l_pop'====== Args={'value': 513, 'prev_value': None, 'change': True}
2023-04-23 15:48:18,519 : EventManager : Event: ======'machine_var_audits_shots_upper_r_pop'====== Args={'value': 20, 'prev_value': None, 'change': True}
2023-04-23 15:48:18,520 : EventManager : Event: ======'machine_var_audits_switches_s_ball_shooter_lane'====== Args={'value': 0, 'prev_value': None, 'change': True}
2023-04-23 15:48:18,520 : EventManager : Event: ======'machine_var_audits_switches_s_eject'====== Args={'value': 0, 'prev_value': None, 'change': True}
2023-04-23 15:48:18,520 : EventManager : Event: ======'machine_var_audits_switches_s_elevator_hold'====== Args={'value': 0, 'prev_value': None, 'change': True}
2023-04-23 15:48:18,520 : EventManager : Event: ======'machine_var_audits_switches_s_enter_left_ramp'====== Args={'value': 656, 'prev_value': None, 'change': True}
2023-04-23 15:48:18,520 : EventManager : Event: ======'machine_var_audits_switches_s_inner_loop'====== Args={'value': 0, 'prev_value': None, 'change': True}
2023-04-23 15:48:18,520 : EventManager : Event: ======'machine_var_audits_switches_s_left_bottom_jet_bumper'====== Args={'value': 44, 'prev_value': None, 'change': True}
2023-04-23 15:48:18,521 : EventManager : Event: ======'machine_var_audits_switches_s_left_cellar'====== Args={'value': 0, 'prev_value': None, 'change': True}
2023-04-23 15:48:18,521 : EventManager : Event: ======'machine_var_audits_switches_s_left_flipper'====== Args={'value': 327, 'prev_value': None, 'change': True}
2023-04-23 15:48:18,521 : EventManager : Event: ======'machine_var_audits_switches_s_left_inlane'====== Args={'value': 293, 'prev_value': None, 'change': True}
2023-04-23 15:48:18,521 : EventManager : Event: ======'machine_var_audits_switches_s_left_lock_1'====== Args={'value': 0, 'prev_value': None, 'change': True}
2023-04-23 15:48:18,521 : EventManager : Event: ======'machine_var_audits_switches_s_left_lock_2'====== Args={'value': 0, 'prev_value': None, 'change': True}
2023-04-23 15:48:18,521 : EventManager : Event: ======'machine_var_audits_switches_s_left_lock_3'====== Args={'value': 0, 'prev_value': None, 'change': True}
2023-04-23 15:48:18,522 : EventManager : Event: ======'machine_var_audits_switches_s_left_loop_bottom'====== Args={'value': 0, 'prev_value': None, 'change': True}
2023-04-23 15:48:18,522 : EventManager : Event: ======'machine_var_audits_switches_s_left_loop_top'====== Args={'value': 0, 'prev_value': None, 'change': True}
2023-04-23 15:48:18,522 : EventManager : Event: ======'machine_var_audits_switches_s_left_outlane'====== Args={'value': 0, 'prev_value': None, 'change': True}
2023-04-23 15:48:18,522 : EventManager : Event: ======'machine_var_audits_switches_s_left_ramp_score_bottom'====== Args={'value': 640, 'prev_value': None, 'change': True}
2023-04-23 15:48:18,522 : EventManager : Event: ======'machine_var_audits_switches_s_left_ramp_score_top'====== Args={'value': 669, 'prev_value': None, 'change': True}
2023-04-23 15:48:18,523 : EventManager : Event: ======'machine_var_audits_switches_s_left_slingshot'====== Args={'value': 0, 'prev_value': None, 'change': True}
2023-04-23 15:48:18,523 : EventManager : Event: ======'machine_var_audits_switches_s_left_standup'====== Args={'value': 0, 'prev_value': None, 'change': True}
2023-04-23 15:48:18,523 : EventManager : Event: ======'machine_var_audits_switches_s_left_standup_right_ramp'====== Args={'value': 0, 'prev_value': None, 'change': True}
2023-04-23 15:48:18,523 : EventManager : Event: ======'machine_var_audits_switches_s_left_top_jet_bumper'====== Args={'value': 901, 'prev_value': None, 'change': True}
2023-04-23 15:48:18,523 : EventManager : Event: ======'machine_var_audits_switches_s_lower_bank_drop_target_opto_lower'====== Args={'value': 291, 'prev_value': None, 'change': True}
2023-04-23 15:48:18,524 : EventManager : Event: ======'machine_var_audits_switches_s_lower_bank_drop_target_opto_middle'====== Args={'value': 497, 'prev_value': None, 'change': True}
2023-04-23 15:48:18,524 : EventManager : Event: ======'machine_var_audits_switches_s_lower_bank_drop_target_opto_upper'====== Args={'value': 919, 'prev_value': None, 'change': True}
2023-04-23 15:48:18,524 : EventManager : Event: ======'machine_var_audits_switches_s_lower_top_jet_bumper'====== Args={'value': 28, 'prev_value': None, 'change': True}
2023-04-23 15:48:18,524 : EventManager : Event: ======'machine_var_audits_switches_s_middle_standup'====== Args={'value': 0, 'prev_value': None, 'change': True}
2023-04-23 15:48:18,524 : EventManager : Event: ======'machine_var_audits_switches_s_outhole'====== Args={'value': 0, 'prev_value': None, 'change': True}
2023-04-23 15:48:18,524 : EventManager : Event: ======'machine_var_audits_switches_s_plumb_bob_tilt'====== Args={'value': 0, 'prev_value': None, 'change': True}
2023-04-23 15:48:18,525 : EventManager : Event: ======'machine_var_audits_switches_s_plunger'====== Args={'value': 7, 'prev_value': None, 'change': True}
2023-04-23 15:48:18,525 : EventManager : Event: ======'machine_var_audits_switches_s_right_bottom_jet_bumper'====== Args={'value': 17, 'prev_value': None, 'change': True}
2023-04-23 15:48:18,525 : EventManager : Event: ======'machine_var_audits_switches_s_right_cellar'====== Args={'value': 1914, 'prev_value': None, 'change': True}
2023-04-23 15:48:18,525 : EventManager : Event: ======'machine_var_audits_switches_s_right_flipper'====== Args={'value': 289, 'prev_value': None, 'change': True}
2023-04-23 15:48:18,525 : EventManager : Event: ======'machine_var_audits_switches_s_right_inlane'====== Args={'value': 0, 'prev_value': None, 'change': True}
2023-04-23 15:48:18,525 : EventManager : Event: ======'machine_var_audits_switches_s_right_loop_bottom'====== Args={'value': 0, 'prev_value': None, 'change': True}
2023-04-23 15:48:18,526 : EventManager : Event: ======'machine_var_audits_switches_s_right_loop_top'====== Args={'value': 0, 'prev_value': None, 'change': True}
2023-04-23 15:48:18,526 : EventManager : Event: ======'machine_var_audits_switches_s_right_outlane'====== Args={'value': 0, 'prev_value': None, 'change': True}
2023-04-23 15:48:18,526 : EventManager : Event: ======'machine_var_audits_switches_s_right_ramp_down'====== Args={'value': 26, 'prev_value': None, 'change': True}
2023-04-23 15:48:18,526 : EventManager : Event: ======'machine_var_audits_switches_s_right_ramp_score_bottom'====== Args={'value': 24, 'prev_value': None, 'change': True}
2023-04-23 15:48:18,526 : EventManager : Event: ======'machine_var_audits_switches_s_right_ramp_score_top'====== Args={'value': 26, 'prev_value': None, 'change': True}
2023-04-23 15:48:18,527 : EventManager : Event: ======'machine_var_audits_switches_s_right_slingshot'====== Args={'value': 0, 'prev_value': None, 'change': True}
2023-04-23 15:48:18,527 : EventManager : Event: ======'machine_var_audits_switches_s_right_standup'====== Args={'value': 0, 'prev_value': None, 'change': True}
2023-04-23 15:48:18,527 : EventManager : Event: ======'machine_var_audits_switches_s_right_standup_right_ramp'====== Args={'value': 0, 'prev_value': None, 'change': True}
2023-04-23 15:48:18,527 : EventManager : Event: ======'machine_var_audits_switches_s_right_top_jet_bumper'====== Args={'value': 20, 'prev_value': None, 'change': True}
2023-04-23 15:48:18,527 : EventManager : Event: ======'machine_var_audits_switches_s_spinner'====== Args={'value': 4768, 'prev_value': None, 'change': True}
2023-04-23 15:48:18,527 : EventManager : Event: ======'machine_var_audits_switches_s_start'====== Args={'value': 283, 'prev_value': None, 'change': True}
2023-04-23 15:48:18,528 : EventManager : Event: ======'machine_var_audits_switches_s_top_right_reject'====== Args={'value': 0, 'prev_value': None, 'change': True}
2023-04-23 15:48:18,528 : EventManager : Event: ======'machine_var_audits_switches_s_trough1'====== Args={'value': 7, 'prev_value': None, 'change': True}
2023-04-23 15:48:18,528 : EventManager : Event: ======'machine_var_audits_switches_s_trough2'====== Args={'value': 5, 'prev_value': None, 'change': True}
2023-04-23 15:48:18,528 : EventManager : Event: ======'machine_var_audits_switches_s_trough3'====== Args={'value': 5, 'prev_value': None, 'change': True}
2023-04-23 15:48:18,528 : EventManager : Event: ======'machine_var_audits_switches_s_trough_jam'====== Args={'value': 0, 'prev_value': None, 'change': True}
2023-04-23 15:48:18,529 : EventManager : Event: ======'machine_var_audits_switches_s_upper_bank_drop_target_opto'====== Args={'value': 67, 'prev_value': None, 'change': True}
2023-04-23 15:48:18,529 : EventManager : Event: ======'machine_var_audits_switches_s_upper_bottom_jet_bumper'====== Args={'value': 17, 'prev_value': None, 'change': True}
2023-04-23 15:48:18,529 : EventManager : Event: ======'machine_var_audits_switches_s_upper_right_flipper'====== Args={'value': 0, 'prev_value': None, 'change': True}
2023-04-23 15:48:18,567 : EventManager : Event: ======'mc_reset_phase_1'====== Args={}
2023-04-23 15:48:18,567 : EventManager : Event: ======'mc_reset_phase_2'====== Args={}
2023-04-23 15:48:18,567 : EventManager : Event: ======'mc_reset_phase_3'====== Args={}
2023-04-23 15:48:18,568 : EventManager : Event: ======'mc_reset_complete'====== Args={}
2023-04-23 15:48:18,591 : EventManager : Event: ======'slides_play'====== Args={'settings': {'slide1': {'widgets': [{'type': 'image', 'image': 'twisted_pictures', '_default_settings': ['type', 'image'], 'x': None, 'y': None, 'anchor_x': 'center', 'anchor_y': 'center', 'round_anchor_x': None, 'round_anchor_y': None, 'opacity': 1.0, 'z': 0, 'reset_animations_events': {}, 'color': [1.0, 1.0, 1.0, 1.0], 'style': [], 'adjust_top': 0, 'adjust_bottom': 0, 'adjust_left': 0, 'adjust_right': 0, 'expire': None, 'key': None, 'widget': None, 'events_when_added': [], 'events_when_removed': [], 'fps': 10, 'loops': -1, 'auto_play': True, 'start_frame': 0, 'rotation': 0, 'scale': 1.0, 'animations': None}], 'transition': {'type': 'fade', 'duration': 0.1}, 'target': None, 'background_color': [0.0, 0.0, 0.0, 1.0], 'priority': None, 'show': True, 'force': False, 'expire': None, 'slide': None, 'tokens': {}, 'action': 'play'}}, 'context': 'show_1', 'calling_context': 0, 'priority': 10, 'show_tokens': {}, 'start_time': 161708.359}
2023-04-23 15:48:18,591 : EventManager : Event: ======'sounds_play'====== Args={'settings': {'themesong': {'action': 'play', 'loops': -1, 'priority': None, 'block': False, 'delay': None, 'track': None, 'volume': None, 'pan': None, 'start_at': None, 'fade_in': None, 'fade_out': None, 'about_to_finish_time': -1.0, 'max_queue_time': -1.0, 'events_when_played': ['use_sound_setting'], 'events_when_stopped': ['use_sound_setting'], 'events_when_looping': ['use_sound_setting'], 'events_when_about_to_finish': ['use_sound_setting'], 'mode_end_action': 'use_sound_setting', 'key': 'use_sound_setting'}}, 'context': '_global', 'calling_context': 'mode_attract_started', 'priority': 0}
2023-04-23 15:48:18,592 : mpfmc : SlidePlayer: Play called with settings={'slide1': {'widgets': [{'type': 'image', 'image': 'twisted_pictures', '_default_settings': ['type', 'image'], 'x': None, 'y': None, 'anchor_x': 'center', 'anchor_y': 'center', 'round_anchor_x': None, 'round_anchor_y': None, 'opacity': 1.0, 'z': 0, 'reset_animations_events': {}, 'color': [1.0, 1.0, 1.0, 1.0], 'style': [], 'adjust_top': 0, 'adjust_bottom': 0, 'adjust_left': 0, 'adjust_right': 0, 'expire': None, 'key': None, 'widget': None, 'events_when_added': [], 'events_when_removed': [], 'fps': 10, 'loops': -1, 'auto_play': True, 'start_frame': 0, 'rotation': 0, 'scale': 1.0, 'animations': None}], 'transition': {'type': 'fade', 'duration': 0.1}, 'target': None, 'background_color': [0.0, 0.0, 0.0, 1.0], 'priority': None, 'show': True, 'force': False, 'expire': None, 'slide': None, 'tokens': {}, 'action': 'play'}}
2023-04-23 15:48:18,600 : EventManager : Event: ======'slide_slide1_created'====== Args={}
2023-04-23 15:48:18,758 : EventManager : Event: ======'slide_slide1_active'====== Args={}
2023-04-23 15:48:19,992 : EventManager : Event: ======'game_started'====== Args={}
2023-04-23 15:48:20,018 : EventManager : Event: ======'slides_clear'====== Args={'context': 'show_1'}
2023-04-23 15:48:20,018 : EventManager : Event: ======'sounds_play'====== Args={'settings': {'themesong': {'action': 'stop', 'priority': None, 'block': False, 'delay': None, 'track': None, 'volume': None, 'pan': None, 'loops': None, 'start_at': None, 'fade_in': None, 'fade_out': None, 'about_to_finish_time': -1.0, 'max_queue_time': -1.0, 'events_when_played': ['use_sound_setting'], 'events_when_stopped': ['use_sound_setting'], 'events_when_looping': ['use_sound_setting'], 'events_when_about_to_finish': ['use_sound_setting'], 'mode_end_action': 'use_sound_setting', 'key': 'use_sound_setting'}}, 'context': '_global', 'calling_context': 'mode_attract_stopped', 'priority': 0}
2023-04-23 15:48:20,019 : EventManager : Event: ======'player_added'====== Args={'player': <Player 1>, 'num': 1}
2023-04-23 15:48:20,020 : EventManager : Event: ======'player_index'====== Args={'value': 0, 'prev_value': 0, 'change': 0, 'player_num': 1}
2023-04-23 15:48:20,020 : EventManager : Event: ======'player_number'====== Args={'value': 1, 'prev_value': 1, 'change': 0, 'player_num': 1}
2023-04-23 15:48:20,020 : EventManager : Event: ======'player_score'====== Args={'value': 0, 'prev_value': 0, 'change': 0, 'player_num': 1}
2023-04-23 15:48:20,021 : EventManager : Event: ======'slide_slide1_removed'====== Args={}
2023-04-23 15:48:20,025 : EventManager : Event: ======'slide_lcd_blank_active'====== Args={}
2023-04-23 15:48:20,102 : EventManager : Event: ======'player_ball'====== Args={'value': 1, 'prev_value': 0, 'change': 1, 'player_num': 1}
2023-04-23 15:48:20,102 : EventManager : Event: ======'player_turn_start'====== Args={'number': 1, 'player': <Player 1>}
2023-04-23 15:48:20,140 : EventManager : Event: ======'player_skillshot_mode_timer_tick'====== Args={'value': 3, 'prev_value': 0, 'change': 3, 'player_num': 1}
2023-04-23 15:48:20,141 : EventManager : Event: ======'player_skillshot_target_rotator_tick'====== Args={'value': 0, 'prev_value': 0, 'change': 0, 'player_num': 1}
2023-04-23 15:48:20,141 : EventManager : Event: ======'player_shot_dt_drop2_enabled'====== Args={'value': True, 'prev_value': 0, 'change': 1, 'player_num': 1}
2023-04-23 15:48:20,142 : EventManager : Event: ======'player_shot_dt_drop3_enabled'====== Args={'value': True, 'prev_value': 0, 'change': 1, 'player_num': 1}
2023-04-23 15:48:20,142 : EventManager : Event: ======'player_shot_dt_drop4_enabled'====== Args={'value': True, 'prev_value': 0, 'change': 1, 'player_num': 1}
2023-04-23 15:48:20,142 : EventManager : Event: ======'sounds_play'====== Args={'settings': {'playagame': {'priority': None, 'block': False, 'action': 'play', 'delay': None, 'track': None, 'volume': None, 'pan': None, 'loops': None, 'start_at': None, 'fade_in': None, 'fade_out': None, 'about_to_finish_time': -1.0, 'max_queue_time': -1.0, 'events_when_played': ['use_sound_setting'], 'events_when_stopped': ['use_sound_setting'], 'events_when_looping': ['use_sound_setting'], 'events_when_about_to_finish': ['use_sound_setting'], 'mode_end_action': 'use_sound_setting', 'key': 'use_sound_setting'}}, 'context': '_global', 'calling_context': 'ball_starting', 'priority': 0, 'queue': '<QueuedEvent>', 'player': 1, 'ball': 1, 'balls_remaining': 2, 'is_extra_ball': False}
2023-04-23 15:48:20,143 : EventManager : Event: ======'slides_play'====== Args={'settings': {'wanttoplayagame': {'target': 'lcd', 'widgets': [{'type': 'video', 'video': 'wanttoplayagame', '_default_settings': ['type', 'video'], 'x': None, 'y': None, 'anchor_x': 'center', 'anchor_y': 'center', 'round_anchor_x': None, 'round_anchor_y': None, 'opacity': 1.0, 'z': 0, 'reset_animations_events': {}, 'color': [1.0, 1.0, 1.0, 1.0], 'style': [], 'adjust_top': 0, 'adjust_bottom': 0, 'adjust_left': 0, 'adjust_right': 0, 'expire': None, 'key': None, 'widget': None, 'events_when_added': [], 'events_when_removed': [], 'height': 0, 'width': 0, 'volume': 1.0, 'auto_play': True, 'end_behavior': 'stop', 'control_events': [], 'animations': None}], 'background_color': [0.0, 0.0, 0.0, 1.0], 'priority': None, 'show': True, 'force': False, 'expire': None, 'slide': None, 'tokens': {}, 'action': 'play'}}, 'context': 'show_6', 'calling_context': 0, 'priority': 1000, 'show_tokens': {}, 'start_time': 161709.906}
2023-04-23 15:48:20,143 : EventManager : Event: ======'mode_skillshot_started'====== Args={'queue': '<QueuedEvent>', 'player': 1, 'ball': 1, 'balls_remaining': 2, 'is_extra_ball': False}
2023-04-23 15:48:20,144 : EventManager : Event: ======'slides_play'====== Args={'settings': {'widgets': {'widgets': [{'type': 'image', 'image': 'spiral', 'opacity': 0.7, 'y': 'top-20', 'x': 'right-165', '_default_settings': ['type', 'image', 'opacity', 'y', 'x'], 'anchor_x': 'center', 'anchor_y': 'center', 'round_anchor_x': None, 'round_anchor_y': None, 'z': 0, 'reset_animations_events': {}, 'color': [1.0, 1.0, 1.0, 1.0], 'style': [], 'adjust_top': 0, 'adjust_bottom': 0, 'adjust_left': 0, 'adjust_right': 0, 'expire': None, 'key': None, 'widget': None, 'events_when_added': [], 'events_when_removed': [], 'fps': 10, 'loops': -1, 'auto_play': True, 'start_frame': 0, 'rotation': 0, 'scale': 1.0, 'animations': None}, {'type': 'text', 'font_name': 'TrajanProRegular', 'text': 'PLAYER (number)', 'y': 'top-25', 'x': 'left+105', 'font_size': 38, 'color': [0.7607843137254902, 0.8901960784313725, 0.8784313725490196, 1], '_default_settings': ['type', 'font_name', 'text', 'y', 'x', 'font_size', 'color'], 'anchor_x': 'center', 'anchor_y': 'center', 'round_anchor_x': None, 'round_anchor_y': None, 'opacity': 1.0, 'z': 0, 'reset_animations_events': {}, 'style': [], 'adjust_top': 0, 'adjust_bottom': 0, 'adjust_left': 0, 'adjust_right': 0, 'expire': None, 'key': None, 'widget': None, 'events_when_added': [], 'events_when_removed': [], 'bitmap_font': False, 'font_kerning': True, 'bold': False, 'italic': False, 'number_grouping': False, 'min_digits': 0, 'halign': 'center', 'valign': 'middle', 'rotation': 0, 'scale': 1.0, 'casing': None, 'animations': None}, {'type': 'image', 'image': 'rustpipe2', 'y': 'top-44', 'x': 'left+95', 'opacity': 0.5, '_default_settings': ['type', 'image', 'y', 'x', 'opacity'], 'anchor_x': 'center', 'anchor_y': 'center', 'round_anchor_x': None, 'round_anchor_y': None, 'z': 0, 'reset_animations_events': {}, 'color': [1.0, 1.0, 1.0, 1.0], 'style': [], 'adjust_top': 0, 'adjust_bottom': 0, 'adjust_left': 0, 'adjust_right': 0, 'expire': None, 'key': None, 'widget': None, 'events_when_added': [], 'events_when_removed': [], 'fps': 10, 'loops': -1, 'auto_play': True, 'start_frame': 0, 'rotation': 0, 'scale': 1.0, 'animations': None}, {'type': 'text', 'text': 'BALL (ball)', 'font_name': 'TrajanProRegular', 'y': 'top-25', 'x': 'right-70', 'color': [0.7607843137254902, 0.8901960784313725, 0.8784313725490196, 1], 'font_size': 38, '_default_settings': ['type', 'text', 'font_name', 'y', 'x', 'color', 'font_size'], 'anchor_x': 'center', 'anchor_y': 'center', 'round_anchor_x': None, 'round_anchor_y': None, 'opacity': 1.0, 'z': 0, 'reset_animations_events': {}, 'style': [], 'adjust_top': 0, 'adjust_bottom': 0, 'adjust_left': 0, 'adjust_right': 0, 'expire': None, 'key': None, 'widget': None, 'events_when_added': [], 'events_when_removed': [], 'bitmap_font': False, 'font_kerning': True, 'bold': False, 'italic': False, 'number_grouping': False, 'min_digits': 0, 'halign': 'center', 'valign': 'middle', 'rotation': 0, 'scale': 1.0, 'casing': None, 'animations': None}, {'type': 'image', 'image': 'rustpipe2', 'y': 'top-44', 'x': 'right-90', 'opacity': 0.5, '_default_settings': ['type', 'image', 'y', 'x', 'opacity'], 'anchor_x': 'center', 'anchor_y': 'center', 'round_anchor_x': None, 'round_anchor_y': None, 'z': 0, 'reset_animations_events': {}, 'color': [1.0, 1.0, 1.0, 1.0], 'style': [], 'adjust_top': 0, 'adjust_bottom': 0, 'adjust_left': 0, 'adjust_right': 0, 'expire': None, 'key': None, 'widget': None, 'events_when_added': [], 'events_when_removed': [], 'fps': 10, 'loops': -1, 'auto_play': True, 'start_frame': 0, 'rotation': 0, 'scale': 1.0, 'animations': None}, {'type': 'text', 'text': '(score)', 'number_grouping': True, 'y': '16', 'x': '25', 'font_size': 36, 'anchor_x': 'left', 'anchor_y': 'bottom', 'font_name': 'TrajanProRegular', 'color': [0.7607843137254902, 0.8901960784313725, 0.8784313725490196, 1], '_default_settings': ['type', 'text', 'number_grouping', 'y', 'x', 'font_size', 'anchor_x', 'anchor_y', 'font_name', 'color'], 'round_anchor_x': None, 'round_anchor_y': None, 'opacity': 1.0, 'z': 0, 'reset_animations_events': {}, 'style': [], 'adjust_top': 0, 'adjust_bottom': 0, 'adjust_left': 0, 'adjust_right': 0, 'expire': None, 'key': None, 'widget': None, 'events_when_added': [], 'events_when_removed': [], 'bitmap_font': False, 'font_kerning': True, 'bold': False, 'italic': False, 'min_digits': 0, 'halign': 'center', 'valign': 'middle', 'rotation': 0, 'scale': 1.0, 'casing': None, 'animations': None}, {'type': 'image', 'image': 'hacksawUI', 'opacity': 0.9, 'y': '1', 'x': '1', 'anchor_x': 'left', 'anchor_y': 'bottom', '_default_settings': ['type', 'image', 'opacity', 'y', 'x', 'anchor_x', 'anchor_y'], 'round_anchor_x': None, 'round_anchor_y': None, 'z': 0, 'reset_animations_events': {}, 'color': [1.0, 1.0, 1.0, 1.0], 'style': [], 'adjust_top': 0, 'adjust_bottom': 0, 'adjust_left': 0, 'adjust_right': 0, 'expire': None, 'key': None, 'widget': None, 'events_when_added': [], 'events_when_removed': [], 'fps': 10, 'loops': -1, 'auto_play': True, 'start_frame': 0, 'rotation': 0, 'scale': 1.0, 'animations': None}, {'type': 'Text', 'text': 'PRESS START', 'font_name': 'TrajanProRegular', 'font_size': 28, 'y': '35', 'x': 'left+490', 'color': [1.0, 0.0, 0.0, 1], 'animations': {'pre_show_slide': [{'property': ['opacity'], 'value': ['0'], 'duration': 1.5, 'relative': False, 'timing': 'after_previous', 'repeat': False, 'easing': 'linear'}, {'property': ['opacity'], 'value': ['1'], 'duration': 1.5, 'repeat': True, 'relative': False, 'timing': 'after_previous', 'easing': 'linear'}]}, '_default_settings': ['type', 'text', 'font_name', 'font_size', 'y', 'x', 'color', 'animations'], 'anchor_x': 'center', 'anchor_y': 'center', 'round_anchor_x': None, 'round_anchor_y': None, 'opacity': 1.0, 'z': 0, 'reset_animations_events': {}, 'style': [], 'adjust_top': 0, 'adjust_bottom': 0, 'adjust_left': 0, 'adjust_right': 0, 'expire': None, 'key': None, 'widget': None, 'events_when_added': [], 'events_when_removed': [], 'bitmap_font': False, 'font_kerning': True, 'bold': False, 'italic': False, 'number_grouping': False, 'min_digits': 0, 'halign': 'center', 'valign': 'middle', 'rotation': 0, 'scale': 1.0, 'casing': None}, {'type': 'image', 'image': 'hacksawUI', 'opacity': 0.9, 'y': '1', 'x': 'left+520', 'anchor_y': 'bottom', '_default_settings': ['type', 'image', 'opacity', 'y', 'x', 'anchor_y'], 'anchor_x': 'center', 'round_anchor_x': None, 'round_anchor_y': None, 'z': 0, 'reset_animations_events': {}, 'color': [1.0, 1.0, 1.0, 1.0], 'style': [], 'adjust_top': 0, 'adjust_bottom': 0, 'adjust_left': 0, 'adjust_right': 0, 'expire': None, 'key': None, 'widget': None, 'events_when_added': [], 'events_when_removed': [], 'fps': 10, 'loops': -1, 'auto_play': True, 'start_frame': 0, 'rotation': 0, 'scale': 1.0, 'animations': None}, {'type': 'Text', 'text': 'PRESS START', 'font_name': 'TrajanProRegular', 'font_size': 28, 'y': '35', 'x': 'left+840', 'color': [1.0, 0.0, 0.0, 1], 'animations': {'pre_show_slide': [{'property': ['opacity'], 'value': ['0'], 'duration': 1.5, 'relative': False, 'timing': 'after_previous', 'repeat': False, 'easing': 'linear'}, {'property': ['opacity'], 'value': ['1'], 'duration': 1.5, 'repeat': True, 'relative': False, 'timing': 'after_previous', 'easing': 'linear'}]}, '_default_settings': ['type', 'text', 'font_name', 'font_size', 'y', 'x', 'color', 'animations'], 'anchor_x': 'center', 'anchor_y': 'center', 'round_anchor_x': None, 'round_anchor_y': None, 'opacity': 1.0, 'z': 0, 'reset_animations_events': {}, 'style': [], 'adjust_top': 0, 'adjust_bottom': 0, 'adjust_left': 0, 'adjust_right': 0, 'expire': None, 'key': None, 'widget': None, 'events_when_added': [], 'events_when_removed': [], 'bitmap_font': False, 'font_kerning': True, 'bold': False, 'italic': False, 'number_grouping': False, 'min_digits': 0, 'halign': 'center', 'valign': 'middle', 'rotation': 0, 'scale': 1.0, 'casing': None}, {'type': 'image', 'image': 'hacksawUI', 'opacity': 0.9, 'y': '1', 'x': 'left+870', 'anchor_y': 'bottom', '_default_settings': ['type', 'image', 'opacity', 'y', 'x', 'anchor_y'], 'anchor_x': 'center', 'round_anchor_x': None, 'round_anchor_y': None, 'z': 0, 'reset_animations_events': {}, 'color': [1.0, 1.0, 1.0, 1.0], 'style': [], 'adjust_top': 0, 'adjust_bottom': 0, 'adjust_left': 0, 'adjust_right': 0, 'expire': None, 'key': None, 'widget': None, 'events_when_added': [], 'events_when_removed': [], 'fps': 10, 'loops': -1, 'auto_play': True, 'start_frame': 0, 'rotation': 0, 'scale': 1.0, 'animations': None}, {'type': 'Text', 'text': 'PRESS START', 'font_name': 'TrajanProRegular', 'font_size': 28, 'y': '35', 'x': 'left+1180', 'color': [1.0, 0.0, 0.0, 1], 'animations': {'pre_show_slide': [{'property': ['opacity'], 'value': ['0'], 'duration': 1.5, 'relative': False, 'timing': 'after_previous', 'repeat': False, 'easing': 'linear'}, {'property': ['opacity'], 'value': ['1'], 'duration': 1.5, 'repeat': True, 'relative': False, 'timing': 'after_previous', 'easing': 'linear'}]}, '_default_settings': ['type', 'text', 'font_name', 'font_size', 'y', 'x', 'color', 'animations'], 'anchor_x': 'center', 'anchor_y': 'center', 'round_anchor_x': None, 'round_anchor_y': None, 'opacity': 1.0, 'z': 0, 'reset_animations_events': {}, 'style': [], 'adjust_top': 0, 'adjust_bottom': 0, 'adjust_left': 0, 'adjust_right': 0, 'expire': None, 'key': None, 'widget': None, 'events_when_added': [], 'events_when_removed': [], 'bitmap_font': False, 'font_kerning': True, 'bold': False, 'italic': False, 'number_grouping': False, 'min_digits': 0, 'halign': 'center', 'valign': 'middle', 'rotation': 0, 'scale': 1.0, 'casing': None}, {'type': 'image', 'image': 'hacksawUI', 'opacity': 0.9, 'y': '1', 'x': 'left+1210', 'anchor_y': 'bottom', '_default_settings': ['type', 'image', 'opacity', 'y', 'x', 'anchor_y'], 'anchor_x': 'center', 'round_anchor_x': None, 'round_anchor_y': None, 'z': 0, 'reset_animations_events': {}, 'color': [1.0, 1.0, 1.0, 1.0], 'style': [], 'adjust_top': 0, 'adjust_bottom': 0, 'adjust_left': 0, 'adjust_right': 0, 'expire': None, 'key': None, 'widget': None, 'events_when_added': [], 'events_when_removed': [], 'fps': 10, 'loops': -1, 'auto_play': True, 'start_frame': 0, 'rotation': 0, 'scale': 1.0, 'animations': None}, {'type': 'video', 'video': 'gordonsaw', 'width': 1366, 'height': 768, 'end_behavior': 'loop', '_default_settings': ['type', 'video', 'width', 'height', 'end_behavior'], 'x': None, 'y': None, 'anchor_x': 'center', 'anchor_y': 'center', 'round_anchor_x': None, 'round_anchor_y': None, 'opacity': 1.0, 'z': 0, 'reset_animations_events': {}, 'color': [1.0, 1.0, 1.0, 1.0], 'style': [], 'adjust_top': 0, 'adjust_bottom': 0, 'adjust_left': 0, 'adjust_right': 0, 'expire': None, 'key': None, 'widget': None, 'events_when_added': [], 'events_when_removed': [], 'volume': 1.0, 'auto_play': True, 'control_events': [], 'animations': None}], 'target': None, 'background_color': [0.0, 0.0, 0.0, 1.0], 'priority': None, 'show': True, 'force': False, 'expire': None, 'slide': None, 'tokens': {}, 'action': 'play'}}, 'context': 'base', 'calling_context': 'mode_base_started', 'priority': 100, 'queue': '<QueuedEvent>', 'player': 1, 'ball': 1, 'balls_remaining': 2, 'is_extra_ball': False}
2023-04-23 15:48:20,145 : mpfmc : SlidePlayer: Play called with settings={'wanttoplayagame': {'target': 'lcd', 'widgets': [{'type': 'video', 'video': 'wanttoplayagame', '_default_settings': ['type', 'video'], 'x': None, 'y': None, 'anchor_x': 'center', 'anchor_y': 'center', 'round_anchor_x': None, 'round_anchor_y': None, 'opacity': 1.0, 'z': 0, 'reset_animations_events': {}, 'color': [1.0, 1.0, 1.0, 1.0], 'style': [], 'adjust_top': 0, 'adjust_bottom': 0, 'adjust_left': 0, 'adjust_right': 0, 'expire': None, 'key': None, 'widget': None, 'events_when_added': [], 'events_when_removed': [], 'height': 0, 'width': 0, 'volume': 1.0, 'auto_play': True, 'end_behavior': 'stop', 'control_events': [], 'animations': None}], 'background_color': [0.0, 0.0, 0.0, 1.0], 'priority': None, 'show': True, 'force': False, 'expire': None, 'slide': None, 'tokens': {}, 'action': 'play'}}
2023-04-23 15:48:20,261 : EventManager : Event: ======'slide_wanttoplayagame_created'====== Args={}
2023-04-23 15:48:20,262 : mpfmc : SlidePlayer: Play called with settings={'widgets': {'widgets': [{'type': 'image', 'image': 'spiral', 'opacity': 0.7, 'y': 'top-20', 'x': 'right-165', '_default_settings': ['type', 'image', 'opacity', 'y', 'x'], 'anchor_x': 'center', 'anchor_y': 'center', 'round_anchor_x': None, 'round_anchor_y': None, 'z': 0, 'reset_animations_events': {}, 'color': [1.0, 1.0, 1.0, 1.0], 'style': [], 'adjust_top': 0, 'adjust_bottom': 0, 'adjust_left': 0, 'adjust_right': 0, 'expire': None, 'key': None, 'widget': None, 'events_when_added': [], 'events_when_removed': [], 'fps': 10, 'loops': -1, 'auto_play': True, 'start_frame': 0, 'rotation': 0, 'scale': 1.0, 'animations': None}, {'type': 'text', 'font_name': 'TrajanProRegular', 'text': 'PLAYER (number)', 'y': 'top-25', 'x': 'left+105', 'font_size': 38, 'color': [0.7607843137254902, 0.8901960784313725, 0.8784313725490196, 1], '_default_settings': ['type', 'font_name', 'text', 'y', 'x', 'font_size', 'color'], 'anchor_x': 'center', 'anchor_y': 'center', 'round_anchor_x': None, 'round_anchor_y': None, 'opacity': 1.0, 'z': 0, 'reset_animations_events': {}, 'style': [], 'adjust_top': 0, 'adjust_bottom': 0, 'adjust_left': 0, 'adjust_right': 0, 'expire': None, 'key': None, 'widget': None, 'events_when_added': [], 'events_when_removed': [], 'bitmap_font': False, 'font_kerning': True, 'bold': False, 'italic': False, 'number_grouping': False, 'min_digits': 0, 'halign': 'center', 'valign': 'middle', 'rotation': 0, 'scale': 1.0, 'casing': None, 'animations': None}, {'type': 'image', 'image': 'rustpipe2', 'y': 'top-44', 'x': 'left+95', 'opacity': 0.5, '_default_settings': ['type', 'image', 'y', 'x', 'opacity'], 'anchor_x': 'center', 'anchor_y': 'center', 'round_anchor_x': None, 'round_anchor_y': None, 'z': 0, 'reset_animations_events': {}, 'color': [1.0, 1.0, 1.0, 1.0], 'style': [], 'adjust_top': 0, 'adjust_bottom': 0, 'adjust_left': 0, 'adjust_right': 0, 'expire': None, 'key': None, 'widget': None, 'events_when_added': [], 'events_when_removed': [], 'fps': 10, 'loops': -1, 'auto_play': True, 'start_frame': 0, 'rotation': 0, 'scale': 1.0, 'animations': None}, {'type': 'text', 'text': 'BALL (ball)', 'font_name': 'TrajanProRegular', 'y': 'top-25', 'x': 'right-70', 'color': [0.7607843137254902, 0.8901960784313725, 0.8784313725490196, 1], 'font_size': 38, '_default_settings': ['type', 'text', 'font_name', 'y', 'x', 'color', 'font_size'], 'anchor_x': 'center', 'anchor_y': 'center', 'round_anchor_x': None, 'round_anchor_y': None, 'opacity': 1.0, 'z': 0, 'reset_animations_events': {}, 'style': [], 'adjust_top': 0, 'adjust_bottom': 0, 'adjust_left': 0, 'adjust_right': 0, 'expire': None, 'key': None, 'widget': None, 'events_when_added': [], 'events_when_removed': [], 'bitmap_font': False, 'font_kerning': True, 'bold': False, 'italic': False, 'number_grouping': False, 'min_digits': 0, 'halign': 'center', 'valign': 'middle', 'rotation': 0, 'scale': 1.0, 'casing': None, 'animations': None}, {'type': 'image', 'image': 'rustpipe2', 'y': 'top-44', 'x': 'right-90', 'opacity': 0.5, '_default_settings': ['type', 'image', 'y', 'x', 'opacity'], 'anchor_x': 'center', 'anchor_y': 'center', 'round_anchor_x': None, 'round_anchor_y': None, 'z': 0, 'reset_animations_events': {}, 'color': [1.0, 1.0, 1.0, 1.0], 'style': [], 'adjust_top': 0, 'adjust_bottom': 0, 'adjust_left': 0, 'adjust_right': 0, 'expire': None, 'key': None, 'widget': None, 'events_when_added': [], 'events_when_removed': [], 'fps': 10, 'loops': -1, 'auto_play': True, 'start_frame': 0, 'rotation': 0, 'scale': 1.0, 'animations': None}, {'type': 'text', 'text': '(score)', 'number_grouping': True, 'y': '16', 'x': '25', 'font_size': 36, 'anchor_x': 'left', 'anchor_y': 'bottom', 'font_name': 'TrajanProRegular', 'color': [0.7607843137254902, 0.8901960784313725, 0.8784313725490196, 1], '_default_settings': ['type', 'text', 'number_grouping', 'y', 'x', 'font_size', 'anchor_x', 'anchor_y', 'font_name', 'color'], 'round_anchor_x': None, 'round_anchor_y': None, 'opacity': 1.0, 'z': 0, 'reset_animations_events': {}, 'style': [], 'adjust_top': 0, 'adjust_bottom': 0, 'adjust_left': 0, 'adjust_right': 0, 'expire': None, 'key': None, 'widget': None, 'events_when_added': [], 'events_when_removed': [], 'bitmap_font': False, 'font_kerning': True, 'bold': False, 'italic': False, 'min_digits': 0, 'halign': 'center', 'valign': 'middle', 'rotation': 0, 'scale': 1.0, 'casing': None, 'animations': None}, {'type': 'image', 'image': 'hacksawUI', 'opacity': 0.9, 'y': '1', 'x': '1', 'anchor_x': 'left', 'anchor_y': 'bottom', '_default_settings': ['type', 'image', 'opacity', 'y', 'x', 'anchor_x', 'anchor_y'], 'round_anchor_x': None, 'round_anchor_y': None, 'z': 0, 'reset_animations_events': {}, 'color': [1.0, 1.0, 1.0, 1.0], 'style': [], 'adjust_top': 0, 'adjust_bottom': 0, 'adjust_left': 0, 'adjust_right': 0, 'expire': None, 'key': None, 'widget': None, 'events_when_added': [], 'events_when_removed': [], 'fps': 10, 'loops': -1, 'auto_play': True, 'start_frame': 0, 'rotation': 0, 'scale': 1.0, 'animations': None}, {'type': 'Text', 'text': 'PRESS START', 'font_name': 'TrajanProRegular', 'font_size': 28, 'y': '35', 'x': 'left+490', 'color': [1.0, 0.0, 0.0, 1], 'animations': {'pre_show_slide': [{'property': ['opacity'], 'value': ['0'], 'duration': 1.5, 'relative': False, 'timing': 'after_previous', 'repeat': False, 'easing': 'linear'}, {'property': ['opacity'], 'value': ['1'], 'duration': 1.5, 'repeat': True, 'relative': False, 'timing': 'after_previous', 'easing': 'linear'}]}, '_default_settings': ['type', 'text', 'font_name', 'font_size', 'y', 'x', 'color', 'animations'], 'anchor_x': 'center', 'anchor_y': 'center', 'round_anchor_x': None, 'round_anchor_y': None, 'opacity': 1.0, 'z': 0, 'reset_animations_events': {}, 'style': [], 'adjust_top': 0, 'adjust_bottom': 0, 'adjust_left': 0, 'adjust_right': 0, 'expire': None, 'key': None, 'widget': None, 'events_when_added': [], 'events_when_removed': [], 'bitmap_font': False, 'font_kerning': True, 'bold': False, 'italic': False, 'number_grouping': False, 'min_digits': 0, 'halign': 'center', 'valign': 'middle', 'rotation': 0, 'scale': 1.0, 'casing': None}, {'type': 'image', 'image': 'hacksawUI', 'opacity': 0.9, 'y': '1', 'x': 'left+520', 'anchor_y': 'bottom', '_default_settings': ['type', 'image', 'opacity', 'y', 'x', 'anchor_y'], 'anchor_x': 'center', 'round_anchor_x': None, 'round_anchor_y': None, 'z': 0, 'reset_animations_events': {}, 'color': [1.0, 1.0, 1.0, 1.0], 'style': [], 'adjust_top': 0, 'adjust_bottom': 0, 'adjust_left': 0, 'adjust_right': 0, 'expire': None, 'key': None, 'widget': None, 'events_when_added': [], 'events_when_removed': [], 'fps': 10, 'loops': -1, 'auto_play': True, 'start_frame': 0, 'rotation': 0, 'scale': 1.0, 'animations': None}, {'type': 'Text', 'text': 'PRESS START', 'font_name': 'TrajanProRegular', 'font_size': 28, 'y': '35', 'x': 'left+840', 'color': [1.0, 0.0, 0.0, 1], 'animations': {'pre_show_slide': [{'property': ['opacity'], 'value': ['0'], 'duration': 1.5, 'relative': False, 'timing': 'after_previous', 'repeat': False, 'easing': 'linear'}, {'property': ['opacity'], 'value': ['1'], 'duration': 1.5, 'repeat': True, 'relative': False, 'timing': 'after_previous', 'easing': 'linear'}]}, '_default_settings': ['type', 'text', 'font_name', 'font_size', 'y', 'x', 'color', 'animations'], 'anchor_x': 'center', 'anchor_y': 'center', 'round_anchor_x': None, 'round_anchor_y': None, 'opacity': 1.0, 'z': 0, 'reset_animations_events': {}, 'style': [], 'adjust_top': 0, 'adjust_bottom': 0, 'adjust_left': 0, 'adjust_right': 0, 'expire': None, 'key': None, 'widget': None, 'events_when_added': [], 'events_when_removed': [], 'bitmap_font': False, 'font_kerning': True, 'bold': False, 'italic': False, 'number_grouping': False, 'min_digits': 0, 'halign': 'center', 'valign': 'middle', 'rotation': 0, 'scale': 1.0, 'casing': None}, {'type': 'image', 'image': 'hacksawUI', 'opacity': 0.9, 'y': '1', 'x': 'left+870', 'anchor_y': 'bottom', '_default_settings': ['type', 'image', 'opacity', 'y', 'x', 'anchor_y'], 'anchor_x': 'center', 'round_anchor_x': None, 'round_anchor_y': None, 'z': 0, 'reset_animations_events': {}, 'color': [1.0, 1.0, 1.0, 1.0], 'style': [], 'adjust_top': 0, 'adjust_bottom': 0, 'adjust_left': 0, 'adjust_right': 0, 'expire': None, 'key': None, 'widget': None, 'events_when_added': [], 'events_when_removed': [], 'fps': 10, 'loops': -1, 'auto_play': True, 'start_frame': 0, 'rotation': 0, 'scale': 1.0, 'animations': None}, {'type': 'Text', 'text': 'PRESS START', 'font_name': 'TrajanProRegular', 'font_size': 28, 'y': '35', 'x': 'left+1180', 'color': [1.0, 0.0, 0.0, 1], 'animations': {'pre_show_slide': [{'property': ['opacity'], 'value': ['0'], 'duration': 1.5, 'relative': False, 'timing': 'after_previous', 'repeat': False, 'easing': 'linear'}, {'property': ['opacity'], 'value': ['1'], 'duration': 1.5, 'repeat': True, 'relative': False, 'timing': 'after_previous', 'easing': 'linear'}]}, '_default_settings': ['type', 'text', 'font_name', 'font_size', 'y', 'x', 'color', 'animations'], 'anchor_x': 'center', 'anchor_y': 'center', 'round_anchor_x': None, 'round_anchor_y': None, 'opacity': 1.0, 'z': 0, 'reset_animations_events': {}, 'style': [], 'adjust_top': 0, 'adjust_bottom': 0, 'adjust_left': 0, 'adjust_right': 0, 'expire': None, 'key': None, 'widget': None, 'events_when_added': [], 'events_when_removed': [], 'bitmap_font': False, 'font_kerning': True, 'bold': False, 'italic': False, 'number_grouping': False, 'min_digits': 0, 'halign': 'center', 'valign': 'middle', 'rotation': 0, 'scale': 1.0, 'casing': None}, {'type': 'image', 'image': 'hacksawUI', 'opacity': 0.9, 'y': '1', 'x': 'left+1210', 'anchor_y': 'bottom', '_default_settings': ['type', 'image', 'opacity', 'y', 'x', 'anchor_y'], 'anchor_x': 'center', 'round_anchor_x': None, 'round_anchor_y': None, 'z': 0, 'reset_animations_events': {}, 'color': [1.0, 1.0, 1.0, 1.0], 'style': [], 'adjust_top': 0, 'adjust_bottom': 0, 'adjust_left': 0, 'adjust_right': 0, 'expire': None, 'key': None, 'widget': None, 'events_when_added': [], 'events_when_removed': [], 'fps': 10, 'loops': -1, 'auto_play': True, 'start_frame': 0, 'rotation': 0, 'scale': 1.0, 'animations': None}, {'type': 'video', 'video': 'gordonsaw', 'width': 1366, 'height': 768, 'end_behavior': 'loop', '_default_settings': ['type', 'video', 'width', 'height', 'end_behavior'], 'x': None, 'y': None, 'anchor_x': 'center', 'anchor_y': 'center', 'round_anchor_x': None, 'round_anchor_y': None, 'opacity': 1.0, 'z': 0, 'reset_animations_events': {}, 'color': [1.0, 1.0, 1.0, 1.0], 'style': [], 'adjust_top': 0, 'adjust_bottom': 0, 'adjust_left': 0, 'adjust_right': 0, 'expire': None, 'key': None, 'widget': None, 'events_when_added': [], 'events_when_removed': [], 'volume': 1.0, 'auto_play': True, 'control_events': [], 'animations': None}], 'target': None, 'background_color': [0.0, 0.0, 0.0, 1.0], 'priority': None, 'show': True, 'force': False, 'expire': None, 'slide': None, 'tokens': {}, 'action': 'play'}}
2023-04-23 15:48:20,398 : EventManager : Event: ======'slide_base.slide_player-mode_base_started_created'====== Args={}
2023-04-23 15:48:20,407 : EventManager : Event: ======'slide_wanttoplayagame_active'====== Args={}
2023-04-23 15:48:21,147 : EventManager : Event: ======'player_skillshot_target_rotator_tick'====== Args={'value': 1, 'prev_value': 0, 'change': 1, 'player_num': 1}
2023-04-23 15:48:22,138 : EventManager : Event: ======'player_skillshot_target_rotator_tick'====== Args={'value': 2, 'prev_value': 1, 'change': 1, 'player_num': 1}
2023-04-23 15:48:23,129 : EventManager : Event: ======'player_skillshot_target_rotator_tick'====== Args={'value': 3, 'prev_value': 2, 'change': 1, 'player_num': 1}
2023-04-23 15:48:24,126 : EventManager : Event: ======'player_skillshot_target_rotator_tick'====== Args={'value': 4, 'prev_value': 3, 'change': 1, 'player_num': 1}
2023-04-23 15:48:24,662 : EventManager : Event: ======'slides_clear'====== Args={'context': 'show_6'}
2023-04-23 15:48:24,968 : EventManager : Event: ======'slide_wanttoplayagame_removed'====== Args={}
2023-04-23 15:48:25,118 : EventManager : Event: ======'slide_base.slide_player-mode_base_started_active'====== Args={}
2023-04-23 15:48:25,140 : EventManager : Event: ======'player_skillshot_target_rotator_tick'====== Args={'value': 5, 'prev_value': 4, 'change': 1, 'player_num': 1}
2023-04-23 15:48:26,130 : EventManager : Event: ======'player_skillshot_target_rotator_tick'====== Args={'value': 6, 'prev_value': 5, 'change': 1, 'player_num': 1}
2023-04-23 15:48:26,408 : EventManager : Event: ======'machine_var_audits_switches_s_right_cellar'====== Args={'value': 1915, 'prev_value': 1914, 'change': 1}
2023-04-23 15:48:26,409 : EventManager : Event: ======'player_score'====== Args={'value': 100000, 'prev_value': 0, 'change': 100000, 'player_num': 1}
2023-04-23 15:48:26,988 : EventManager : Event: ======'machine_var_audits_switches_s_right_cellar'====== Args={'value': 1916, 'prev_value': 1915, 'change': 1}
2023-04-23 15:48:27,000 : EventManager : Event: ======'player_score'====== Args={'value': 200000, 'prev_value': 100000, 'change': 100000, 'player_num': 1}
2023-04-23 15:48:27,002 : EventManager : Event: ======'player_score'====== Args={'value': 500000, 'prev_value': 200000, 'change': 300000, 'player_num': 1}
2023-04-23 15:48:27,002 : EventManager : Event: ======'slides_play'====== Args={'settings': {'razorwire': {'priority': 400, 'target': None, 'background_color': [0.0, 0.0, 0.0, 1.0], 'show': True, 'force': False, 'expire': None, 'slide': None, 'tokens': {}, 'action': 'play'}}, 'context': 'selection_mode', 'calling_context': 'selection_mode_razorwire_highlighted', 'priority': 100, 'direction': None}
2023-04-23 15:48:27,011 : mpfmc : SlidePlayer: Play called with settings={'razorwire': {'priority': 400, 'target': None, 'background_color': [0.0, 0.0, 0.0, 1.0], 'show': True, 'force': False, 'expire': None, 'slide': None, 'tokens': {}, 'action': 'play'}}
2023-04-23 15:48:27,065 : EventManager : Event: ======'slide_razorwire_created'====== Args={}
2023-04-23 15:48:27,073 : EventManager : Event: ======'slide_razorwire_active'====== Args={}
2023-04-23 15:48:27,154 : EventManager : Event: ======'player_skillshot_target_rotator_tick'====== Args={'value': 7, 'prev_value': 6, 'change': 1, 'player_num': 1}
2023-04-23 15:48:28,139 : EventManager : Event: ======'player_skillshot_target_rotator_tick'====== Args={'value': 8, 'prev_value': 7, 'change': 1, 'player_num': 1}
2023-04-23 15:48:28,319 : kivy : Base: Leaving application in progress...
2023-04-23 15:48:28,319 : mpfmc : Stopping...
2023-04-23 15:48:28,319 : EventManager : Event: ======'shutdown'====== Args={}
2023-04-23 15:48:28,319 : AudioInterface : Disabling audio playback
2023-04-23 15:48:28,442 : mpfmc : Loop rate 63.34 Hz
2023-04-23 15:48:28,442 : kivy : MC run loop ended.
2023-04-23 15:48:28,442 : mpfmc : Stopping...
2023-04-23 15:48:28,442 : kivy : Stopping child threads... (3 remaining)
2023-04-23 15:48:28,443 : EventManager : Event: ======'shutdown'====== Args={}
2023-04-23 15:48:28,443 : mpfmc : Loop rate 63.34 Hz
2023-04-23 15:48:28,641 : MPF-MC BCP Server : Stopping BCP sending thread
2023-04-23 15:48:28,745 : kivy : All child threads stopped.
