2023-04-23 15:48:05,024 : INFO : root : Loading config.
2023-04-23 15:48:05,035 : INFO : YamlMultifileConfigLoader : Machine config file #1: config.yaml
2023-04-23 15:48:05,038 : INFO : ConfigProcessor : Loading config from cache: C:\Users\steel\AppData\Local\Temp\9014108be8bb19792bb5e6c9e9603b65.mpf_cache
2023-04-23 15:48:05,205 : INFO : ConfigProcessor : Loading config from cache: C:\Users\steel\AppData\Local\Temp\0c159a05f39617a30cc1b279562f144f.mpf_cache
2023-04-23 15:48:05,214 : INFO : ConfigProcessor : Loading config from cache: C:\Users\steel\AppData\Local\Temp\a4144dd661fe0832b800e50000db3090.mpf_cache
2023-04-23 15:48:05,226 : INFO : ConfigProcessor : Loading config from cache: C:\Users\steel\AppData\Local\Temp\0c159a05f39617a30cc1b279562f144f.mpf_cache
2023-04-23 15:48:05,227 : INFO : ConfigProcessor : Loading config from cache: C:\Users\steel\AppData\Local\Temp\c84db42795c08bfb8e4272b3be41e3f4.mpf_cache
2023-04-23 15:48:05,235 : INFO : ConfigProcessor : Loading config from cache: C:\Users\steel\AppData\Local\Temp\256e7fa83e47770b240852b302497ae5.mpf_cache
2023-04-23 15:48:05,244 : INFO : ConfigProcessor : Loading config from cache: C:\Users\steel\AppData\Local\Temp\a22ef28f8a7f551263a3132499374206.mpf_cache
2023-04-23 15:48:05,253 : INFO : ConfigProcessor : Loading config from cache: C:\Users\steel\AppData\Local\Temp\7fe6b706c5c6f5eb2454caa567a579fa.mpf_cache
2023-04-23 15:48:05,260 : INFO : ConfigProcessor : Loading config from cache: C:\Users\steel\AppData\Local\Temp\48a474ae7f498cc1dbcdf6e4a97cba2f.mpf_cache
2023-04-23 15:48:05,272 : INFO : ConfigProcessor : Loading config from cache: C:\Users\steel\AppData\Local\Temp\a9267858f889f9ead43c7ffecde0b8cb.mpf_cache
2023-04-23 15:48:05,280 : INFO : ConfigProcessor : Loading config from cache: C:\Users\steel\AppData\Local\Temp\a21b3499fc9a8e09105ae8ac8032381c.mpf_cache
2023-04-23 15:48:05,290 : INFO : ConfigProcessor : Loading config from cache: C:\Users\steel\AppData\Local\Temp\bce7736320a2f16a44a8e687cf697899.mpf_cache
2023-04-23 15:48:05,303 : INFO : ConfigProcessor : Loading config from cache: C:\Users\steel\AppData\Local\Temp\55bcd1ccd7b507cbb2987e57152e2ed6.mpf_cache
2023-04-23 15:48:05,311 : INFO : ConfigProcessor : Loading config from cache: C:\Users\steel\AppData\Local\Temp\6af63f80f13f2d3f9a6afe04029ceb5d.mpf_cache
2023-04-23 15:48:05,320 : INFO : ConfigProcessor : Loading config from cache: C:\Users\steel\AppData\Local\Temp\17aa0c884dad87b4b4047bafdeb78206.mpf_cache
2023-04-23 15:48:05,328 : INFO : ConfigProcessor : Loading config from cache: C:\Users\steel\AppData\Local\Temp\6026628a89ebb09da8c65e4a804bb30f.mpf_cache
2023-04-23 15:48:05,335 : INFO : ConfigProcessor : Loading config from cache: C:\Users\steel\AppData\Local\Temp\54a8cafd33287618f7ba569f74e065c5.mpf_cache
2023-04-23 15:48:05,346 : INFO : Machine : Mission Pinball Framework Core Engine v0.56.0-dev33
2023-04-23 15:48:05,346 : INFO : Machine : Command line arguments: {'no_load_cache': False, 'create_config_cache': True, 'bcp': True, 'configfile': ['config.yaml'], 'force_assets_load': False, 'jsonlogging': False, 'logfile': 'logs\\2023-04-23-15-48-05-mpf-MSI.log', 'pause': False, 'production': False, 'text_ui': True, 'loglevel': 15, 'consoleloglevel': 20, 'force_platform': 'virtual', 'syslog_address': None, 'mc_file_name': None, 'no_sound': False}
2023-04-23 15:48:05,347 : INFO : Machine : MPF path: C:\Users\steel\AppData\Local\Programs\Python\Python39\lib\site-packages\mpf
2023-04-23 15:48:05,347 : INFO : Machine : Machine path: C:\pinball\SAW
2023-04-23 15:48:05,347 : INFO : Machine : Platform: win32
2023-04-23 15:48:05,347 : INFO : Machine : Python executable location: C:\Users\steel\AppData\Local\Programs\Python\Python39\python.exe
2023-04-23 15:48:05,347 : INFO : Machine : Python version: 3.9.13 (64-bit)
2023-04-23 15:48:05,354 : INFO : Machine : Initialise MPF.
2023-04-23 15:48:06,781 : INFO : EventManager : Event: ======'machine_var_credits_string'====== Args={'value': 'FREE PLAY', 'prev_value': None, 'change': True}
2023-04-23 15:48:06,953 : INFO : EventManager : Event: ======'machine_var_master_volume'====== Args={'value': 0.5, 'prev_value': None, 'change': True}
2023-04-23 15:48:06,954 : INFO : EventManager : Event: ======'machine_var_mpf_version'====== Args={'value': 'MPF v0.56.0-dev33', 'prev_value': None, 'change': True}
2023-04-23 15:48:06,954 : INFO : EventManager : Event: ======'machine_var_mpf_extended_version'====== Args={'value': 'MPF v0.56.0-dev33, Config version:5, Show version: 5, BCP version:1.1', 'prev_value': None, 'change': True}
2023-04-23 15:48:06,954 : INFO : EventManager : Event: ======'machine_var_python_version'====== Args={'value': '3.9.13', 'prev_value': None, 'change': True}
2023-04-23 15:48:06,976 : INFO : EventManager : Event: ======'machine_var_platform'====== Args={'value': 'Windows-10-10.0.19044-SP0', 'prev_value': None, 'change': True}
2023-04-23 15:48:06,976 : INFO : EventManager : Event: ======'machine_var_platform_system'====== Args={'value': 'Windows', 'prev_value': None, 'change': True}
2023-04-23 15:48:06,976 : INFO : EventManager : Event: ======'machine_var_platform_release'====== Args={'value': '10', 'prev_value': None, 'change': True}
2023-04-23 15:48:06,976 : INFO : EventManager : Event: ======'machine_var_platform_version'====== Args={'value': '10.0.19044', 'prev_value': None, 'change': True}
2023-04-23 15:48:06,976 : INFO : EventManager : Event: ======'machine_var_platform_machine'====== Args={'value': 'AMD64', 'prev_value': None, 'change': True}
2023-04-23 15:48:06,978 : INFO : EventManager : Event: ======'init_phase_1'====== Args={}
2023-04-23 15:48:07,109 : INFO : EventManager : Event: ======'drop_target_bank_maindrop_up'====== Args={}
2023-04-23 15:48:07,124 : INFO : EventManager : Event: ======'init_phase_2'====== Args={}
2023-04-23 15:48:07,124 : INFO : SwitchController : Found active switch: (1000, <Platform.Virtual>) <switch.s_left_flipper>
2023-04-23 15:48:07,124 : INFO : SwitchController : Found active switch: (1001, <Platform.Virtual>) <switch.s_right_flipper>
2023-04-23 15:48:07,124 : INFO : SwitchController : Found active switch: (1003, <Platform.Virtual>) <switch.s_trough1>
2023-04-23 15:48:07,124 : INFO : SwitchController : Found active switch: (1004, <Platform.Virtual>) <switch.s_trough2>
2023-04-23 15:48:07,124 : INFO : SwitchController : Found active switch: (1005, <Platform.Virtual>) <switch.s_trough3>
2023-04-23 15:48:07,154 : INFO : EventManager : Event: ======'bcp_connection_attempt'====== Args={'name': 'local_display', 'host': 'localhost', 'port': 5050}
2023-04-23 15:48:07,158 : INFO : BCPClientSocket : Connecting BCP to 'local_display' at localhost:5050...
2023-04-23 15:48:18,107 : INFO : BCPClientSocket : Connected BCP to 'local_display' localhost:5050
2023-04-23 15:48:18,108 : INFO : EventManager : Event: ======'bcp_clients_connected'====== Args={}
2023-04-23 15:48:18,123 : INFO : ball_device.bd_drain : BCH: Initial count: 1
2023-04-23 15:48:18,124 : INFO : EventManager : Event: ======'machine_var_mc_version'====== Args={'value': 'MPF-MC v0.56.0-dev33', 'prev_value': None, 'change': True}
2023-04-23 15:48:18,124 : INFO : EventManager : Event: ======'machine_var_mc_extended_version'====== Args={'value': 'MPF-MC v0.56.0-dev33 (config_version=5, BCP v1.1, Requires MPF v0.56.0-dev33)', 'prev_value': None, 'change': True}
2023-04-23 15:48:18,126 : INFO : ball_device.bd_drain : State: idle
2023-04-23 15:48:18,161 : INFO : ball_device.bd_trough : BCH: Initial count: 3
2023-04-23 15:48:18,162 : INFO : ball_device.bd_trough : State: idle
2023-04-23 15:48:18,162 : INFO : ball_device.bd_plunger : BCH: Initial count: 0
2023-04-23 15:48:18,163 : INFO : ball_device.bd_plunger : State: idle
2023-04-23 15:48:18,164 : INFO : ball_device.bd_retina_hole : BCH: Initial count: 0
2023-04-23 15:48:18,164 : INFO : ball_device.bd_retina_hole : State: idle
2023-04-23 15:48:18,164 : INFO : ball_device.bd_elevator : BCH: Initial count: 0
2023-04-23 15:48:18,165 : INFO : ball_device.bd_elevator : State: idle
2023-04-23 15:48:18,165 : INFO : ball_device.bd_mystery : BCH: Initial count: 0
2023-04-23 15:48:18,165 : INFO : ball_device.bd_mystery : State: idle
2023-04-23 15:48:18,427 : INFO : EventManager : Event: ======'init_phase_3'====== Args={}
2023-04-23 15:48:18,450 : INFO : EventManager : Event: ======'init_phase_4'====== Args={}
2023-04-23 15:48:18,454 : INFO : BallController : Initial balls found: 4
2023-04-23 15:48:18,457 : INFO : EventManager : Event: ======'machine_var_audits_events_game_ended'====== Args={'value': 0, 'prev_value': None, 'change': True}
2023-04-23 15:48:18,458 : INFO : EventManager : Event: ======'machine_var_audits_events_game_started'====== Args={'value': 668, 'prev_value': None, 'change': True}
2023-04-23 15:48:18,459 : INFO : EventManager : Event: ======'machine_var_audits_player_score'====== Args={'value': {'average': 0, 'top': [], 'total': 0}, 'prev_value': None, 'change': True}
2023-04-23 15:48:18,460 : INFO : EventManager : Event: ======'machine_var_audits_shots_bottom_l_pop'====== Args={'value': 38, 'prev_value': None, 'change': True}
2023-04-23 15:48:18,460 : INFO : EventManager : Event: ======'machine_var_audits_shots_bottom_r_pop'====== Args={'value': 11, 'prev_value': None, 'change': True}
2023-04-23 15:48:18,461 : INFO : EventManager : Event: ======'machine_var_audits_shots_bottom_t_pop'====== Args={'value': 11, 'prev_value': None, 'change': True}
2023-04-23 15:48:18,462 : INFO : EventManager : Event: ======'machine_var_audits_shots_cellar'====== Args={'value': 187, 'prev_value': None, 'change': True}
2023-04-23 15:48:18,462 : INFO : EventManager : Event: ======'machine_var_audits_shots_dt_drop2'====== Args={'value': 710, 'prev_value': None, 'change': True}
2023-04-23 15:48:18,463 : INFO : EventManager : Event: ======'machine_var_audits_shots_dt_drop3'====== Args={'value': 299, 'prev_value': None, 'change': True}
2023-04-23 15:48:18,463 : INFO : EventManager : Event: ======'machine_var_audits_shots_dt_drop4'====== Args={'value': 170, 'prev_value': None, 'change': True}
2023-04-23 15:48:18,464 : INFO : EventManager : Event: ======'machine_var_audits_shots_my_first_shot'====== Args={'value': 160, 'prev_value': None, 'change': True}
2023-04-23 15:48:18,464 : INFO : EventManager : Event: ======'machine_var_audits_shots_spinner'====== Args={'value': 97, 'prev_value': None, 'change': True}
2023-04-23 15:48:18,465 : INFO : EventManager : Event: ======'machine_var_audits_shots_upper_b_pop'====== Args={'value': 22, 'prev_value': None, 'change': True}
2023-04-23 15:48:18,466 : INFO : EventManager : Event: ======'machine_var_audits_shots_upper_l_pop'====== Args={'value': 513, 'prev_value': None, 'change': True}
2023-04-23 15:48:18,466 : INFO : EventManager : Event: ======'machine_var_audits_shots_upper_r_pop'====== Args={'value': 20, 'prev_value': None, 'change': True}
2023-04-23 15:48:18,467 : INFO : EventManager : Event: ======'machine_var_audits_switches_s_ball_shooter_lane'====== Args={'value': 0, 'prev_value': None, 'change': True}
2023-04-23 15:48:18,468 : INFO : EventManager : Event: ======'machine_var_audits_switches_s_eject'====== Args={'value': 0, 'prev_value': None, 'change': True}
2023-04-23 15:48:18,469 : INFO : EventManager : Event: ======'machine_var_audits_switches_s_elevator_hold'====== Args={'value': 0, 'prev_value': None, 'change': True}
2023-04-23 15:48:18,470 : INFO : EventManager : Event: ======'machine_var_audits_switches_s_enter_left_ramp'====== Args={'value': 656, 'prev_value': None, 'change': True}
2023-04-23 15:48:18,470 : INFO : EventManager : Event: ======'machine_var_audits_switches_s_inner_loop'====== Args={'value': 0, 'prev_value': None, 'change': True}
2023-04-23 15:48:18,471 : INFO : EventManager : Event: ======'machine_var_audits_switches_s_left_bottom_jet_bumper'====== Args={'value': 44, 'prev_value': None, 'change': True}
2023-04-23 15:48:18,471 : INFO : EventManager : Event: ======'machine_var_audits_switches_s_left_cellar'====== Args={'value': 0, 'prev_value': None, 'change': True}
2023-04-23 15:48:18,472 : INFO : EventManager : Event: ======'machine_var_audits_switches_s_left_flipper'====== Args={'value': 327, 'prev_value': None, 'change': True}
2023-04-23 15:48:18,473 : INFO : EventManager : Event: ======'machine_var_audits_switches_s_left_inlane'====== Args={'value': 293, 'prev_value': None, 'change': True}
2023-04-23 15:48:18,473 : INFO : EventManager : Event: ======'machine_var_audits_switches_s_left_lock_1'====== Args={'value': 0, 'prev_value': None, 'change': True}
2023-04-23 15:48:18,474 : INFO : EventManager : Event: ======'machine_var_audits_switches_s_left_lock_2'====== Args={'value': 0, 'prev_value': None, 'change': True}
2023-04-23 15:48:18,475 : INFO : EventManager : Event: ======'machine_var_audits_switches_s_left_lock_3'====== Args={'value': 0, 'prev_value': None, 'change': True}
2023-04-23 15:48:18,476 : INFO : EventManager : Event: ======'machine_var_audits_switches_s_left_loop_bottom'====== Args={'value': 0, 'prev_value': None, 'change': True}
2023-04-23 15:48:18,477 : INFO : EventManager : Event: ======'machine_var_audits_switches_s_left_loop_top'====== Args={'value': 0, 'prev_value': None, 'change': True}
2023-04-23 15:48:18,478 : INFO : EventManager : Event: ======'machine_var_audits_switches_s_left_outlane'====== Args={'value': 0, 'prev_value': None, 'change': True}
2023-04-23 15:48:18,478 : INFO : EventManager : Event: ======'machine_var_audits_switches_s_left_ramp_score_bottom'====== Args={'value': 640, 'prev_value': None, 'change': True}
2023-04-23 15:48:18,479 : INFO : EventManager : Event: ======'machine_var_audits_switches_s_left_ramp_score_top'====== Args={'value': 669, 'prev_value': None, 'change': True}
2023-04-23 15:48:18,480 : INFO : EventManager : Event: ======'machine_var_audits_switches_s_left_slingshot'====== Args={'value': 0, 'prev_value': None, 'change': True}
2023-04-23 15:48:18,480 : INFO : EventManager : Event: ======'machine_var_audits_switches_s_left_standup'====== Args={'value': 0, 'prev_value': None, 'change': True}
2023-04-23 15:48:18,481 : INFO : EventManager : Event: ======'machine_var_audits_switches_s_left_standup_right_ramp'====== Args={'value': 0, 'prev_value': None, 'change': True}
2023-04-23 15:48:18,482 : INFO : EventManager : Event: ======'machine_var_audits_switches_s_left_top_jet_bumper'====== Args={'value': 901, 'prev_value': None, 'change': True}
2023-04-23 15:48:18,483 : INFO : EventManager : Event: ======'machine_var_audits_switches_s_lower_bank_drop_target_opto_lower'====== Args={'value': 291, 'prev_value': None, 'change': True}
2023-04-23 15:48:18,484 : INFO : EventManager : Event: ======'machine_var_audits_switches_s_lower_bank_drop_target_opto_middle'====== Args={'value': 497, 'prev_value': None, 'change': True}
2023-04-23 15:48:18,485 : INFO : EventManager : Event: ======'machine_var_audits_switches_s_lower_bank_drop_target_opto_upper'====== Args={'value': 919, 'prev_value': None, 'change': True}
2023-04-23 15:48:18,485 : INFO : EventManager : Event: ======'machine_var_audits_switches_s_lower_top_jet_bumper'====== Args={'value': 28, 'prev_value': None, 'change': True}
2023-04-23 15:48:18,486 : INFO : EventManager : Event: ======'machine_var_audits_switches_s_middle_standup'====== Args={'value': 0, 'prev_value': None, 'change': True}
2023-04-23 15:48:18,487 : INFO : EventManager : Event: ======'machine_var_audits_switches_s_outhole'====== Args={'value': 0, 'prev_value': None, 'change': True}
2023-04-23 15:48:18,487 : INFO : EventManager : Event: ======'machine_var_audits_switches_s_plumb_bob_tilt'====== Args={'value': 0, 'prev_value': None, 'change': True}
2023-04-23 15:48:18,489 : INFO : EventManager : Event: ======'machine_var_audits_switches_s_plunger'====== Args={'value': 7, 'prev_value': None, 'change': True}
2023-04-23 15:48:18,489 : INFO : EventManager : Event: ======'machine_var_audits_switches_s_right_bottom_jet_bumper'====== Args={'value': 17, 'prev_value': None, 'change': True}
2023-04-23 15:48:18,490 : INFO : EventManager : Event: ======'machine_var_audits_switches_s_right_cellar'====== Args={'value': 1914, 'prev_value': None, 'change': True}
2023-04-23 15:48:18,491 : INFO : EventManager : Event: ======'machine_var_audits_switches_s_right_flipper'====== Args={'value': 289, 'prev_value': None, 'change': True}
2023-04-23 15:48:18,492 : INFO : EventManager : Event: ======'machine_var_audits_switches_s_right_inlane'====== Args={'value': 0, 'prev_value': None, 'change': True}
2023-04-23 15:48:18,492 : INFO : EventManager : Event: ======'machine_var_audits_switches_s_right_loop_bottom'====== Args={'value': 0, 'prev_value': None, 'change': True}
2023-04-23 15:48:18,494 : INFO : EventManager : Event: ======'machine_var_audits_switches_s_right_loop_top'====== Args={'value': 0, 'prev_value': None, 'change': True}
2023-04-23 15:48:18,494 : INFO : EventManager : Event: ======'machine_var_audits_switches_s_right_outlane'====== Args={'value': 0, 'prev_value': None, 'change': True}
2023-04-23 15:48:18,495 : INFO : EventManager : Event: ======'machine_var_audits_switches_s_right_ramp_down'====== Args={'value': 26, 'prev_value': None, 'change': True}
2023-04-23 15:48:18,496 : INFO : EventManager : Event: ======'machine_var_audits_switches_s_right_ramp_score_bottom'====== Args={'value': 24, 'prev_value': None, 'change': True}
2023-04-23 15:48:18,497 : INFO : EventManager : Event: ======'machine_var_audits_switches_s_right_ramp_score_top'====== Args={'value': 26, 'prev_value': None, 'change': True}
2023-04-23 15:48:18,497 : INFO : EventManager : Event: ======'machine_var_audits_switches_s_right_slingshot'====== Args={'value': 0, 'prev_value': None, 'change': True}
2023-04-23 15:48:18,498 : INFO : EventManager : Event: ======'machine_var_audits_switches_s_right_standup'====== Args={'value': 0, 'prev_value': None, 'change': True}
2023-04-23 15:48:18,498 : INFO : EventManager : Event: ======'machine_var_audits_switches_s_right_standup_right_ramp'====== Args={'value': 0, 'prev_value': None, 'change': True}
2023-04-23 15:48:18,500 : INFO : EventManager : Event: ======'machine_var_audits_switches_s_right_top_jet_bumper'====== Args={'value': 20, 'prev_value': None, 'change': True}
2023-04-23 15:48:18,500 : INFO : EventManager : Event: ======'machine_var_audits_switches_s_spinner'====== Args={'value': 4768, 'prev_value': None, 'change': True}
2023-04-23 15:48:18,501 : INFO : EventManager : Event: ======'machine_var_audits_switches_s_start'====== Args={'value': 283, 'prev_value': None, 'change': True}
2023-04-23 15:48:18,501 : INFO : EventManager : Event: ======'machine_var_audits_switches_s_top_right_reject'====== Args={'value': 0, 'prev_value': None, 'change': True}
2023-04-23 15:48:18,502 : INFO : EventManager : Event: ======'machine_var_audits_switches_s_trough1'====== Args={'value': 7, 'prev_value': None, 'change': True}
2023-04-23 15:48:18,502 : INFO : EventManager : Event: ======'machine_var_audits_switches_s_trough2'====== Args={'value': 5, 'prev_value': None, 'change': True}
2023-04-23 15:48:18,503 : INFO : EventManager : Event: ======'machine_var_audits_switches_s_trough3'====== Args={'value': 5, 'prev_value': None, 'change': True}
2023-04-23 15:48:18,503 : INFO : EventManager : Event: ======'machine_var_audits_switches_s_trough_jam'====== Args={'value': 0, 'prev_value': None, 'change': True}
2023-04-23 15:48:18,504 : INFO : EventManager : Event: ======'machine_var_audits_switches_s_upper_bank_drop_target_opto'====== Args={'value': 67, 'prev_value': None, 'change': True}
2023-04-23 15:48:18,505 : INFO : EventManager : Event: ======'machine_var_audits_switches_s_upper_bottom_jet_bumper'====== Args={'value': 17, 'prev_value': None, 'change': True}
2023-04-23 15:48:18,505 : INFO : EventManager : Event: ======'machine_var_audits_switches_s_upper_right_flipper'====== Args={'value': 0, 'prev_value': None, 'change': True}
2023-04-23 15:48:18,507 : INFO : EventManager : Event: ======'init_phase_5'====== Args={}
2023-04-23 15:48:18,554 : INFO : EventManager : Event: ======'init_done'====== Args={}
2023-04-23 15:48:18,554 : INFO : EventManager : Event: ======'machine_reset_phase_1'====== Args={}
2023-04-23 15:48:18,570 : INFO : EventManager : Event: ======'machine_reset_phase_2'====== Args={}
2023-04-23 15:48:18,570 : INFO : EventManager : Event: ======'machine_reset_phase_3'====== Args={}
2023-04-23 15:48:18,571 : INFO : EventManager : Event: ======'mode_tilt_will_start'====== Args={'queue': <QueuedEvent>}
2023-04-23 15:48:18,573 : INFO : EventManager : Event: ======'mode_tilt_starting'====== Args={'queue': <QueuedEvent>}
2023-04-23 15:48:18,574 : INFO : Mode.tilt : Started. Priority: 1000000
2023-04-23 15:48:18,574 : INFO : EventManager : Event: ======'modes_active_modes_changed'====== Args={}
2023-04-23 15:48:18,574 : INFO : EventManager : Event: ======'mode_tilt_started'====== Args={'queue': <QueuedEvent>}
2023-04-23 15:48:18,576 : INFO : EventManager : Event: ======'reset_complete'====== Args={}
2023-04-23 15:48:18,577 : INFO : EventManager : Event: ======'mode_attract_will_start'====== Args={}
2023-04-23 15:48:18,578 : INFO : EventManager : Event: ======'mode_attract_starting'====== Args={}
2023-04-23 15:48:18,578 : INFO : Mode.attract : Started. Priority: 10
2023-04-23 15:48:18,579 : INFO : EventManager : Event: ======'modes_active_modes_changed'====== Args={}
2023-04-23 15:48:18,579 : INFO : EventManager : Event: ======'mode_attract_started'====== Args={}
2023-04-23 15:48:18,581 : INFO : EventManager : Event: ======'collecting_balls'====== Args={}
2023-04-23 15:48:18,581 : INFO : ball_device.bd_drain : Adding 1 ball(s) to the eject_queue with target <ball_device.bd_trough>.
2023-04-23 15:48:18,582 : INFO : EventManager : Event: ======'balldevice_balls_available'====== Args={}
2023-04-23 15:48:18,714 : INFO : EventManager : Event: ======'slide_slide1_created'====== Args={'_from_bcp': True}
2023-04-23 15:48:18,741 : INFO : Machine : Starting the main run loop.
2023-04-23 15:48:18,742 : INFO : ball_device.bd_drain : State: waiting_for_target_ready
2023-04-23 15:48:18,742 : INFO : EventManager : Event: ======'balldevice_bd_drain_ball_eject_attempt'====== Args={'balls': 1, 'target': <ball_device.bd_trough>, 'source': <ball_device.bd_drain>, 'mechanical_eject': False, 'num_attempts': 0}
2023-04-23 15:48:18,743 : INFO : ball_device.bd_drain : State: ejecting
2023-04-23 15:48:18,743 : INFO : ball_device.bd_drain : Ejecting ball to <ball_device.bd_trough>
2023-04-23 15:48:18,743 : INFO : EventManager : Event: ======'balldevice_bd_drain_ejecting_ball'====== Args={'balls': 1, 'target': <ball_device.bd_trough>, 'source': <ball_device.bd_drain>, 'mechanical_eject': False, 'num_attempts': 0}
2023-04-23 15:48:18,744 : INFO : ball_device.bd_drain : Wait for ball to leave device
2023-04-23 15:48:18,744 : INFO : coil.c_draineject : Pulsing Driver for 20ms (1.0 pulse_power)
2023-04-23 15:48:18,759 : INFO : EventManager : Event: ======'slide_slide1_active'====== Args={'_from_bcp': True}
2023-04-23 15:48:19,749 : INFO : EventManager : Event: ======'balldevice_bd_drain_ball_eject_failed'====== Args={'target': <ball_device.bd_trough>, 'balls': 1, 'retry': True, 'num_attempts': 1}
2023-04-23 15:48:19,752 : INFO : ball_device.bd_drain : State: waiting_for_target_ready
2023-04-23 15:48:19,752 : INFO : EventManager : Event: ======'balldevice_bd_drain_ball_eject_attempt'====== Args={'balls': 1, 'target': <ball_device.bd_trough>, 'source': <ball_device.bd_drain>, 'mechanical_eject': False, 'num_attempts': 1}
2023-04-23 15:48:19,753 : INFO : ball_device.bd_drain : State: ejecting
2023-04-23 15:48:19,754 : INFO : ball_device.bd_drain : Ejecting ball to <ball_device.bd_trough>
2023-04-23 15:48:19,754 : INFO : EventManager : Event: ======'balldevice_bd_drain_ejecting_ball'====== Args={'balls': 1, 'target': <ball_device.bd_trough>, 'source': <ball_device.bd_drain>, 'mechanical_eject': False, 'num_attempts': 1}
2023-04-23 15:48:19,755 : INFO : ball_device.bd_drain : Wait for ball to leave device
2023-04-23 15:48:19,755 : INFO : coil.c_draineject : Pulsing Driver for 20ms (1.0 pulse_power)
2023-04-23 15:48:19,896 : INFO : SwitchController : <<<<<<< 's_start' active >>>>>>>
2023-04-23 15:48:19,982 : INFO : SwitchController : <<<<<<< 's_start' inactive >>>>>>>
2023-04-23 15:48:19,983 : INFO : EventManager : Event: ======'request_to_start_game'====== Args={}
2023-04-23 15:48:19,983 : INFO : EventManager : Event: ======'game_start'====== Args={'buttons': [], 'hold_time': 0.07899999999790452}
2023-04-23 15:48:19,984 : INFO : EventManager : Event: ======'mode_game_will_start'====== Args={'buttons': [], 'hold_time': 0.07899999999790452}
2023-04-23 15:48:19,986 : INFO : EventManager : Event: ======'mode_game_starting'====== Args={'buttons': [], 'hold_time': 0.07899999999790452}
2023-04-23 15:48:19,986 : INFO : EventManager : Event: ======'mode_attract_will_stop'====== Args={}
2023-04-23 15:48:19,986 : INFO : EventManager : Event: ======'mode_attract_stopping'====== Args={}
2023-04-23 15:48:19,987 : INFO : Mode.attract : Stopped.
2023-04-23 15:48:19,987 : INFO : EventManager : Event: ======'modes_active_modes_changed'====== Args={}
2023-04-23 15:48:19,987 : INFO : EventManager : Event: ======'mode_attract_stopped'====== Args={}
2023-04-23 15:48:19,987 : INFO : EventManager : Event: ======'clear'====== Args={'key': 'attract'}
2023-04-23 15:48:19,988 : INFO : Mode.game : Started. Priority: 20
2023-04-23 15:48:19,988 : INFO : EventManager : Event: ======'modes_active_modes_changed'====== Args={}
2023-04-23 15:48:19,988 : INFO : EventManager : Event: ======'mode_game_started'====== Args={'buttons': [], 'hold_time': 0.07899999999790452}
2023-04-23 15:48:20,014 : INFO : EventManager : Event: ======'game_will_start'====== Args={}
2023-04-23 15:48:20,015 : INFO : EventManager : Event: ======'game_starting'====== Args={'game': <Mode.game>}
2023-04-23 15:48:20,016 : INFO : EventManager : Event: ======'player_add_request'====== Args={}
2023-04-23 15:48:20,017 : INFO : EventManager : Event: ======'player_will_add'====== Args={'number': 1}
2023-04-23 15:48:20,017 : INFO : EventManager : Event: ======'player_adding'====== Args={'player': <Player 1>, 'number': 1}
2023-04-23 15:48:20,018 : INFO : EventManager : Event: ======'player_added'====== Args={'player': <Player 1>, 'num': 1}
2023-04-23 15:48:20,018 : INFO : Mode.game : Player added successfully. Total players: 1
2023-04-23 15:48:20,019 : INFO : EventManager : Event: ======'player_index'====== Args={'value': 0, 'prev_value': 0, 'change': 0, 'player_num': 1}
2023-04-23 15:48:20,020 : INFO : EventManager : Event: ======'player_number'====== Args={'value': 1, 'prev_value': 1, 'change': 0, 'player_num': 1}
2023-04-23 15:48:20,020 : INFO : EventManager : Event: ======'player_score'====== Args={'value': 0, 'prev_value': 0, 'change': 0, 'player_num': 1}
2023-04-23 15:48:20,022 : INFO : EventManager : Event: ======'game_started'====== Args={}
2023-04-23 15:48:20,090 : INFO : EventManager : Event: ======'player_turn_will_start'====== Args={'player': <Player 1>, 'number': 1}
2023-04-23 15:48:20,091 : INFO : EventManager : Event: ======'slide_slide1_removed'====== Args={'_from_bcp': True}
2023-04-23 15:48:20,092 : INFO : EventManager : Event: ======'slide_lcd_blank_active'====== Args={'_from_bcp': True}
2023-04-23 15:48:20,093 : INFO : EventManager : Event: ======'player_turn_starting'====== Args={'player': <Player 1>, 'number': 1}
2023-04-23 15:48:20,093 : INFO : EventManager : Event: ======'player_ball'====== Args={'value': 1, 'prev_value': 0, 'change': 1, 'player_num': 1}
2023-04-23 15:48:20,095 : INFO : EventManager : Event: ======'player_turn_started'====== Args={'player': <Player 1>, 'number': 1}
2023-04-23 15:48:20,097 : INFO : EventManager : Event: ======'ball_will_start'====== Args={'player': 1, 'ball': 1, 'balls_remaining': 2, 'is_extra_ball': False}
2023-04-23 15:48:20,109 : INFO : EventManager : Event: ======'ball_starting'====== Args={'player': 1, 'ball': 1, 'balls_remaining': 2, 'is_extra_ball': False}
2023-04-23 15:48:20,110 : INFO : EventManager : Event: ======'mode_music_player_will_start'====== Args={'queue': <QueuedEvent>, 'player': 1, 'ball': 1, 'balls_remaining': 2, 'is_extra_ball': False}
2023-04-23 15:48:20,112 : INFO : EventManager : Event: ======'mode_music_player_starting'====== Args={'queue': <QueuedEvent>, 'player': 1, 'ball': 1, 'balls_remaining': 2, 'is_extra_ball': False}
2023-04-23 15:48:20,113 : INFO : EventManager : Event: ======'mode_base_will_start'====== Args={'queue': <QueuedEvent>, 'player': 1, 'ball': 1, 'balls_remaining': 2, 'is_extra_ball': False}
2023-04-23 15:48:20,115 : INFO : EventManager : Event: ======'mode_base_starting'====== Args={'queue': <QueuedEvent>, 'player': 1, 'ball': 1, 'balls_remaining': 2, 'is_extra_ball': False}
2023-04-23 15:48:20,115 : INFO : EventManager : Event: ======'mode_skillshot_will_start'====== Args={'queue': <QueuedEvent>, 'player': 1, 'ball': 1, 'balls_remaining': 2, 'is_extra_ball': False}
2023-04-23 15:48:20,115 : INFO : EventManager : Event: ======'player_skillshot_mode_timer_tick'====== Args={'value': 3, 'prev_value': 0, 'change': 3, 'player_num': 1}
2023-04-23 15:48:20,117 : INFO : EventManager : Event: ======'player_skillshot_target_rotator_tick'====== Args={'value': 0, 'prev_value': 0, 'change': 0, 'player_num': 1}
2023-04-23 15:48:20,117 : INFO : Timer.target_rotator : Starting Timer.
2023-04-23 15:48:20,118 : INFO : EventManager : Event: ======'timer_target_rotator_started'====== Args={'ticks': 0, 'ticks_remaining': 0}
2023-04-23 15:48:20,118 : INFO : EventManager : Event: ======'timer_target_rotator_tick'====== Args={'ticks': 0, 'ticks_remaining': 0}
2023-04-23 15:48:20,118 : INFO : EventManager : Event: ======'droptargets_skill_complete'====== Args={'state': 'None'}
2023-04-23 15:48:20,119 : INFO : EventManager : Event: ======'droptargets_skill_None_complete'====== Args={}
2023-04-23 15:48:20,120 : INFO : EventManager : Event: ======'player_shot_dt_drop2_enabled'====== Args={'value': True, 'prev_value': 0, 'change': 1, 'player_num': 1}
2023-04-23 15:48:20,121 : INFO : EventManager : Event: ======'player_shot_dt_drop3_enabled'====== Args={'value': True, 'prev_value': 0, 'change': 1, 'player_num': 1}
2023-04-23 15:48:20,122 : INFO : EventManager : Event: ======'player_shot_dt_drop4_enabled'====== Args={'value': True, 'prev_value': 0, 'change': 1, 'player_num': 1}
2023-04-23 15:48:20,126 : INFO : EventManager : Event: ======'mode_skillshot_starting'====== Args={'queue': <QueuedEvent>, 'player': 1, 'ball': 1, 'balls_remaining': 2, 'is_extra_ball': False}
2023-04-23 15:48:20,126 : INFO : drop_target_bank.maindrop : All targets are already up. Will not reset bank.
2023-04-23 15:48:20,128 : INFO : Mode.skillshot : Started. Priority: 100
2023-04-23 15:48:20,128 : INFO : EventManager : Event: ======'modes_active_modes_changed'====== Args={}
2023-04-23 15:48:20,129 : INFO : EventManager : Event: ======'mode_skillshot_started'====== Args={'queue': <QueuedEvent>, 'player': 1, 'ball': 1, 'balls_remaining': 2, 'is_extra_ball': False}
2023-04-23 15:48:20,130 : INFO : Mode.base : Started. Priority: 100
2023-04-23 15:48:20,130 : INFO : EventManager : Event: ======'modes_active_modes_changed'====== Args={}
2023-04-23 15:48:20,130 : INFO : EventManager : Event: ======'mode_base_started'====== Args={'queue': <QueuedEvent>, 'player': 1, 'ball': 1, 'balls_remaining': 2, 'is_extra_ball': False}
2023-04-23 15:48:20,131 : INFO : EventManager : Event: ======'mode_cellar_will_start'====== Args={'queue': <QueuedEvent>, 'player': 1, 'ball': 1, 'balls_remaining': 2, 'is_extra_ball': False}
2023-04-23 15:48:20,132 : INFO : EventManager : Event: ======'mode_cellar_starting'====== Args={'queue': <QueuedEvent>, 'player': 1, 'ball': 1, 'balls_remaining': 2, 'is_extra_ball': False}
2023-04-23 15:48:20,134 : INFO : Mode.music_player : Started. Priority: 100
2023-04-23 15:48:20,134 : INFO : EventManager : Event: ======'modes_active_modes_changed'====== Args={}
2023-04-23 15:48:20,134 : INFO : EventManager : Event: ======'mode_music_player_started'====== Args={'queue': <QueuedEvent>, 'player': 1, 'ball': 1, 'balls_remaining': 2, 'is_extra_ball': False}
2023-04-23 15:48:20,135 : INFO : EventManager : Event: ======'balls_in_play'====== Args={'balls': 1}
2023-04-23 15:48:20,135 : INFO : EventManager : Event: ======'ball_started'====== Args={'player': 1, 'ball': 1, 'balls_remaining': 2, 'is_extra_ball': False}
2023-04-23 15:48:20,138 : INFO : EventManager : Event: ======'logicblock_cellar_qualify_counter_updated'====== Args={'value': 0, 'enabled': True}
2023-04-23 15:48:20,138 : INFO : EventManager : Event: ======'logicblock_cellar_qualify_counter_updated'====== Args={'value': 0, 'enabled': True}
2023-04-23 15:48:20,139 : INFO : Mode.cellar : Started. Priority: 100
2023-04-23 15:48:20,139 : INFO : EventManager : Event: ======'modes_active_modes_changed'====== Args={}
2023-04-23 15:48:20,139 : INFO : EventManager : Event: ======'mode_cellar_started'====== Args={'queue': <QueuedEvent>, 'player': 1, 'ball': 1, 'balls_remaining': 2, 'is_extra_ball': False}
2023-04-23 15:48:20,275 : INFO : EventManager : Event: ======'single_player_ball_started'====== Args={}
2023-04-23 15:48:20,276 : INFO : EventManager : Event: ======'ball_start_target'====== Args={'target': 'playfield'}
2023-04-23 15:48:20,276 : INFO : EventManager : Event: ======'slide_wanttoplayagame_created'====== Args={'_from_bcp': True}
2023-04-23 15:48:20,277 : INFO : ball_device.bd_plunger : Setting up player-controlled eject. Balls: 1, Target: <playfield.playfield>, player_controlled_eject_event: None
2023-04-23 15:48:20,277 : INFO : EventManager : Event: ======'balldevice_balls_available'====== Args={}
2023-04-23 15:48:20,278 : INFO : ball_device.bd_trough : State: waiting_for_target_ready
2023-04-23 15:48:20,278 : INFO : EventManager : Event: ======'balldevice_bd_trough_ball_eject_attempt'====== Args={'balls': 1, 'target': <ball_device.bd_plunger>, 'source': <ball_device.bd_trough>, 'mechanical_eject': True, 'num_attempts': 0}
2023-04-23 15:48:20,279 : INFO : ball_device.bd_plunger : State: waiting_for_ball
2023-04-23 15:48:20,279 : INFO : ball_device.bd_trough : State: ejecting
2023-04-23 15:48:20,279 : INFO : ball_device.bd_trough : Ejecting ball to <ball_device.bd_plunger>
2023-04-23 15:48:20,280 : INFO : EventManager : Event: ======'balldevice_bd_trough_ejecting_ball'====== Args={'balls': 1, 'target': <ball_device.bd_plunger>, 'source': <ball_device.bd_trough>, 'mechanical_eject': True, 'num_attempts': 0}
2023-04-23 15:48:20,280 : INFO : ball_device.bd_trough : Wait for ball to leave device
2023-04-23 15:48:20,281 : INFO : coil.c_trough_eject : Pulsing Driver for 10ms (1.0 pulse_power)
2023-04-23 15:48:20,398 : INFO : EventManager : Event: ======'slide_base.slide_player-mode_base_started_created'====== Args={'_from_bcp': True}
2023-04-23 15:48:20,409 : INFO : EventManager : Event: ======'slide_wanttoplayagame_active'====== Args={'_from_bcp': True}
2023-04-23 15:48:20,761 : INFO : EventManager : Event: ======'balldevice_bd_drain_ball_eject_failed'====== Args={'target': <ball_device.bd_trough>, 'balls': 1, 'retry': True, 'num_attempts': 2}
2023-04-23 15:48:20,763 : INFO : ball_device.bd_drain : State: waiting_for_target_ready
2023-04-23 15:48:20,763 : INFO : EventManager : Event: ======'balldevice_bd_drain_ball_eject_attempt'====== Args={'balls': 1, 'target': <ball_device.bd_trough>, 'source': <ball_device.bd_drain>, 'mechanical_eject': False, 'num_attempts': 2}
2023-04-23 15:48:20,763 : INFO : ball_device.bd_drain : State: ejecting
2023-04-23 15:48:20,764 : INFO : ball_device.bd_drain : Ejecting ball to <ball_device.bd_trough>
2023-04-23 15:48:20,764 : INFO : EventManager : Event: ======'balldevice_bd_drain_ejecting_ball'====== Args={'balls': 1, 'target': <ball_device.bd_trough>, 'source': <ball_device.bd_drain>, 'mechanical_eject': False, 'num_attempts': 2}
2023-04-23 15:48:20,764 : INFO : ball_device.bd_drain : Wait for ball to leave device
2023-04-23 15:48:20,765 : INFO : coil.c_draineject : Pulsing Driver for 20ms (1.0 pulse_power)
2023-04-23 15:48:21,135 : INFO : EventManager : Event: ======'player_skillshot_target_rotator_tick'====== Args={'value': 1, 'prev_value': 0, 'change': 1, 'player_num': 1}
2023-04-23 15:48:21,136 : INFO : EventManager : Event: ======'timer_target_rotator_tick'====== Args={'ticks': 1, 'ticks_remaining': 0}
2023-04-23 15:48:21,772 : INFO : EventManager : Event: ======'balldevice_bd_drain_ball_eject_failed'====== Args={'target': <ball_device.bd_trough>, 'balls': 1, 'retry': True, 'num_attempts': 3}
2023-04-23 15:48:21,774 : INFO : ball_device.bd_drain : State: waiting_for_target_ready
2023-04-23 15:48:21,775 : INFO : EventManager : Event: ======'balldevice_bd_drain_ball_eject_attempt'====== Args={'balls': 1, 'target': <ball_device.bd_trough>, 'source': <ball_device.bd_drain>, 'mechanical_eject': False, 'num_attempts': 3}
2023-04-23 15:48:21,775 : INFO : ball_device.bd_drain : State: ejecting
2023-04-23 15:48:21,776 : INFO : ball_device.bd_drain : Ejecting ball to <ball_device.bd_trough>
2023-04-23 15:48:21,776 : INFO : EventManager : Event: ======'balldevice_bd_drain_ejecting_ball'====== Args={'balls': 1, 'target': <ball_device.bd_trough>, 'source': <ball_device.bd_drain>, 'mechanical_eject': False, 'num_attempts': 3}
2023-04-23 15:48:21,777 : INFO : ball_device.bd_drain : Wait for ball to leave device
2023-04-23 15:48:21,777 : INFO : coil.c_draineject : Pulsing Driver for 20ms (1.0 pulse_power)
2023-04-23 15:48:22,130 : INFO : EventManager : Event: ======'player_skillshot_target_rotator_tick'====== Args={'value': 2, 'prev_value': 1, 'change': 1, 'player_num': 1}
2023-04-23 15:48:22,132 : INFO : EventManager : Event: ======'timer_target_rotator_tick'====== Args={'ticks': 2, 'ticks_remaining': 0}
2023-04-23 15:48:22,770 : INFO : EventManager : Event: ======'balldevice_bd_drain_ball_eject_failed'====== Args={'target': <ball_device.bd_trough>, 'balls': 1, 'retry': True, 'num_attempts': 4}
2023-04-23 15:48:22,772 : INFO : ball_device.bd_drain : State: waiting_for_target_ready
2023-04-23 15:48:22,773 : INFO : EventManager : Event: ======'balldevice_bd_drain_ball_eject_attempt'====== Args={'balls': 1, 'target': <ball_device.bd_trough>, 'source': <ball_device.bd_drain>, 'mechanical_eject': False, 'num_attempts': 4}
2023-04-23 15:48:22,773 : INFO : ball_device.bd_drain : State: ejecting
2023-04-23 15:48:22,774 : INFO : ball_device.bd_drain : Ejecting ball to <ball_device.bd_trough>
2023-04-23 15:48:22,774 : INFO : EventManager : Event: ======'balldevice_bd_drain_ejecting_ball'====== Args={'balls': 1, 'target': <ball_device.bd_trough>, 'source': <ball_device.bd_drain>, 'mechanical_eject': False, 'num_attempts': 4}
2023-04-23 15:48:22,775 : INFO : ball_device.bd_drain : Wait for ball to leave device
2023-04-23 15:48:22,776 : INFO : coil.c_draineject : Pulsing Driver for 20ms (1.0 pulse_power)
2023-04-23 15:48:23,125 : INFO : EventManager : Event: ======'player_skillshot_target_rotator_tick'====== Args={'value': 3, 'prev_value': 2, 'change': 1, 'player_num': 1}
2023-04-23 15:48:23,127 : INFO : EventManager : Event: ======'timer_target_rotator_tick'====== Args={'ticks': 3, 'ticks_remaining': 0}
2023-04-23 15:48:23,779 : INFO : EventManager : Event: ======'balldevice_bd_drain_ball_eject_failed'====== Args={'target': <ball_device.bd_trough>, 'balls': 1, 'retry': True, 'num_attempts': 5}
2023-04-23 15:48:23,780 : INFO : ball_device.bd_drain : State: waiting_for_target_ready
2023-04-23 15:48:23,782 : INFO : EventManager : Event: ======'balldevice_bd_drain_ball_eject_attempt'====== Args={'balls': 1, 'target': <ball_device.bd_trough>, 'source': <ball_device.bd_drain>, 'mechanical_eject': False, 'num_attempts': 5}
2023-04-23 15:48:23,782 : INFO : ball_device.bd_drain : State: ejecting
2023-04-23 15:48:23,782 : INFO : ball_device.bd_drain : Ejecting ball to <ball_device.bd_trough>
2023-04-23 15:48:23,782 : INFO : EventManager : Event: ======'balldevice_bd_drain_ejecting_ball'====== Args={'balls': 1, 'target': <ball_device.bd_trough>, 'source': <ball_device.bd_drain>, 'mechanical_eject': False, 'num_attempts': 5}
2023-04-23 15:48:23,782 : INFO : ball_device.bd_drain : Wait for ball to leave device
2023-04-23 15:48:23,782 : INFO : coil.c_draineject : Pulsing Driver for 20ms (1.0 pulse_power)
2023-04-23 15:48:24,122 : INFO : EventManager : Event: ======'player_skillshot_target_rotator_tick'====== Args={'value': 4, 'prev_value': 3, 'change': 1, 'player_num': 1}
2023-04-23 15:48:24,123 : INFO : EventManager : Event: ======'timer_target_rotator_tick'====== Args={'ticks': 4, 'ticks_remaining': 0}
2023-04-23 15:48:24,789 : INFO : EventManager : Event: ======'balldevice_bd_drain_ball_eject_failed'====== Args={'target': <ball_device.bd_trough>, 'balls': 1, 'retry': True, 'num_attempts': 6}
2023-04-23 15:48:24,792 : INFO : ball_device.bd_drain : State: waiting_for_target_ready
2023-04-23 15:48:24,792 : INFO : EventManager : Event: ======'balldevice_bd_drain_ball_eject_attempt'====== Args={'balls': 1, 'target': <ball_device.bd_trough>, 'source': <ball_device.bd_drain>, 'mechanical_eject': False, 'num_attempts': 6}
2023-04-23 15:48:24,793 : INFO : ball_device.bd_drain : State: ejecting
2023-04-23 15:48:24,793 : INFO : ball_device.bd_drain : Ejecting ball to <ball_device.bd_trough>
2023-04-23 15:48:24,794 : INFO : EventManager : Event: ======'balldevice_bd_drain_ejecting_ball'====== Args={'balls': 1, 'target': <ball_device.bd_trough>, 'source': <ball_device.bd_drain>, 'mechanical_eject': False, 'num_attempts': 6}
2023-04-23 15:48:24,795 : INFO : ball_device.bd_drain : Wait for ball to leave device
2023-04-23 15:48:24,796 : INFO : coil.c_draineject : Pulsing Driver for 20ms (1.0 pulse_power)
2023-04-23 15:48:24,970 : INFO : EventManager : Event: ======'slide_wanttoplayagame_removed'====== Args={'_from_bcp': True}
2023-04-23 15:48:25,118 : INFO : EventManager : Event: ======'player_skillshot_target_rotator_tick'====== Args={'value': 5, 'prev_value': 4, 'change': 1, 'player_num': 1}
2023-04-23 15:48:25,119 : INFO : EventManager : Event: ======'timer_target_rotator_tick'====== Args={'ticks': 5, 'ticks_remaining': 0}
2023-04-23 15:48:25,120 : INFO : EventManager : Event: ======'slide_base.slide_player-mode_base_started_active'====== Args={'_from_bcp': True}
2023-04-23 15:48:25,800 : INFO : EventManager : Event: ======'balldevice_bd_drain_ball_eject_failed'====== Args={'target': <ball_device.bd_trough>, 'balls': 1, 'retry': True, 'num_attempts': 7}
2023-04-23 15:48:25,802 : INFO : ball_device.bd_drain : State: waiting_for_target_ready
2023-04-23 15:48:25,802 : INFO : EventManager : Event: ======'balldevice_bd_drain_ball_eject_attempt'====== Args={'balls': 1, 'target': <ball_device.bd_trough>, 'source': <ball_device.bd_drain>, 'mechanical_eject': False, 'num_attempts': 7}
2023-04-23 15:48:25,803 : INFO : ball_device.bd_drain : State: ejecting
2023-04-23 15:48:25,804 : INFO : ball_device.bd_drain : Ejecting ball to <ball_device.bd_trough>
2023-04-23 15:48:25,804 : INFO : EventManager : Event: ======'balldevice_bd_drain_ejecting_ball'====== Args={'balls': 1, 'target': <ball_device.bd_trough>, 'source': <ball_device.bd_drain>, 'mechanical_eject': False, 'num_attempts': 7}
2023-04-23 15:48:25,805 : INFO : ball_device.bd_drain : Wait for ball to leave device
2023-04-23 15:48:25,805 : INFO : coil.c_draineject : Pulsing Driver for 20ms (1.0 pulse_power)
2023-04-23 15:48:26,126 : INFO : EventManager : Event: ======'player_skillshot_target_rotator_tick'====== Args={'value': 6, 'prev_value': 5, 'change': 1, 'player_num': 1}
2023-04-23 15:48:26,128 : INFO : EventManager : Event: ======'timer_target_rotator_tick'====== Args={'ticks': 6, 'ticks_remaining': 0}
2023-04-23 15:48:26,396 : INFO : SwitchController : <<<<<<< 's_right_cellar' active >>>>>>>
2023-04-23 15:48:26,398 : INFO : EventManager : Event: ======'s_right_cellar_active'====== Args={}
2023-04-23 15:48:26,398 : INFO : EventManager : Event: ======'machine_var_audits_switches_s_right_cellar'====== Args={'value': 1915, 'prev_value': 1914, 'change': 1}
2023-04-23 15:48:26,399 : INFO : EventManager : Event: ======'playfield_active'====== Args={}
2023-04-23 15:48:26,401 : INFO : EventManager : Event: ======'unexpected_ball_on_playfield'====== Args={}
2023-04-23 15:48:26,401 : INFO : EventManager : Event: ======'cellar_hit'====== Args={}
2023-04-23 15:48:26,401 : INFO : EventManager : Event: ======'player_score'====== Args={'value': 100000, 'prev_value': 0, 'change': 100000, 'player_num': 1, 'source': 'base'}
2023-04-23 15:48:26,401 : INFO : EventManager : Event: ======'logicblock_cellar_qualify_counter_updated'====== Args={'value': 1, 'enabled': True}
2023-04-23 15:48:26,402 : INFO : EventManager : Event: ======'counter_cellar_qualify_counter_hit'====== Args={'count': 1, 'hits': 1, 'remaining': 1}
2023-04-23 15:48:26,403 : INFO : EventManager : Event: ======'logicblock_cellar_qualify_counter_hit'====== Args={'count': 1, 'hits': 1, 'remaining': 1}
2023-04-23 15:48:26,497 : INFO : SwitchController : <<<<<<< 's_right_cellar' inactive >>>>>>>
2023-04-23 15:48:26,808 : INFO : EventManager : Event: ======'balldevice_bd_drain_ball_eject_failed'====== Args={'target': <ball_device.bd_trough>, 'balls': 1, 'retry': True, 'num_attempts': 8}
2023-04-23 15:48:26,811 : INFO : ball_device.bd_drain : State: waiting_for_target_ready
2023-04-23 15:48:26,811 : INFO : EventManager : Event: ======'balldevice_bd_drain_ball_eject_attempt'====== Args={'balls': 1, 'target': <ball_device.bd_trough>, 'source': <ball_device.bd_drain>, 'mechanical_eject': False, 'num_attempts': 8}
2023-04-23 15:48:26,812 : INFO : ball_device.bd_drain : State: ejecting
2023-04-23 15:48:26,812 : INFO : ball_device.bd_drain : Ejecting ball to <ball_device.bd_trough>
2023-04-23 15:48:26,812 : INFO : EventManager : Event: ======'balldevice_bd_drain_ejecting_ball'====== Args={'balls': 1, 'target': <ball_device.bd_trough>, 'source': <ball_device.bd_drain>, 'mechanical_eject': False, 'num_attempts': 8}
2023-04-23 15:48:26,813 : INFO : ball_device.bd_drain : Wait for ball to leave device
2023-04-23 15:48:26,814 : INFO : coil.c_draineject : Pulsing Driver for 20ms (1.0 pulse_power)
2023-04-23 15:48:26,979 : INFO : SwitchController : <<<<<<< 's_right_cellar' active >>>>>>>
2023-04-23 15:48:26,979 : INFO : EventManager : Event: ======'s_right_cellar_active'====== Args={}
2023-04-23 15:48:26,980 : INFO : EventManager : Event: ======'machine_var_audits_switches_s_right_cellar'====== Args={'value': 1916, 'prev_value': 1915, 'change': 1}
2023-04-23 15:48:26,982 : INFO : EventManager : Event: ======'playfield_active'====== Args={}
2023-04-23 15:48:26,983 : INFO : EventManager : Event: ======'unexpected_ball_on_playfield'====== Args={}
2023-04-23 15:48:26,983 : INFO : EventManager : Event: ======'cellar_hit'====== Args={}
2023-04-23 15:48:26,983 : INFO : EventManager : Event: ======'player_score'====== Args={'value': 200000, 'prev_value': 100000, 'change': 100000, 'player_num': 1, 'source': 'base'}
2023-04-23 15:48:26,984 : INFO : EventManager : Event: ======'logicblock_cellar_qualify_counter_updated'====== Args={'value': 2, 'enabled': True}
2023-04-23 15:48:26,984 : INFO : EventManager : Event: ======'counter_cellar_qualify_counter_hit'====== Args={'count': 2, 'hits': 2, 'remaining': 0}
2023-04-23 15:48:26,985 : INFO : EventManager : Event: ======'logicblock_cellar_qualify_counter_hit'====== Args={'count': 2, 'hits': 2, 'remaining': 0}
2023-04-23 15:48:26,985 : INFO : EventManager : Event: ======'mode_cellar_complete'====== Args={}
2023-04-23 15:48:26,985 : INFO : EventManager : Event: ======'logicblock_cellar_qualify_counter_updated'====== Args={'value': 0, 'enabled': True}
2023-04-23 15:48:26,987 : INFO : EventManager : Event: ======'mode_selection_mode_will_start'====== Args={}
2023-04-23 15:48:26,992 : INFO : EventManager : Event: ======'mode_selection_mode_starting'====== Args={}
2023-04-23 15:48:26,993 : INFO : EventManager : Event: ======'player_score'====== Args={'value': 500000, 'prev_value': 200000, 'change': 300000, 'player_num': 1, 'source': 'cellar'}
2023-04-23 15:48:26,996 : INFO : Mode.selection_mode : Started. Priority: 100
2023-04-23 15:48:26,996 : INFO : EventManager : Event: ======'modes_active_modes_changed'====== Args={}
2023-04-23 15:48:26,996 : INFO : EventManager : Event: ======'mode_selection_mode_started'====== Args={}
2023-04-23 15:48:26,998 : INFO : EventManager : Event: ======'selection_mode_razorwire_highlighted'====== Args={'direction': None}
2023-04-23 15:48:27,146 : INFO : EventManager : Event: ======'player_skillshot_target_rotator_tick'====== Args={'value': 7, 'prev_value': 6, 'change': 1, 'player_num': 1}
2023-04-23 15:48:27,146 : INFO : EventManager : Event: ======'timer_target_rotator_tick'====== Args={'ticks': 7, 'ticks_remaining': 0}
2023-04-23 15:48:27,147 : INFO : EventManager : Event: ======'slide_razorwire_created'====== Args={'_from_bcp': True}
2023-04-23 15:48:27,147 : INFO : EventManager : Event: ======'slide_razorwire_active'====== Args={'_from_bcp': True}
2023-04-23 15:48:27,148 : INFO : SwitchController : <<<<<<< 's_right_cellar' inactive >>>>>>>
2023-04-23 15:48:27,832 : INFO : EventManager : Event: ======'balldevice_bd_drain_ball_eject_failed'====== Args={'target': <ball_device.bd_trough>, 'balls': 1, 'retry': True, 'num_attempts': 9}
2023-04-23 15:48:27,834 : INFO : ball_device.bd_drain : State: waiting_for_target_ready
2023-04-23 15:48:27,835 : INFO : EventManager : Event: ======'balldevice_bd_drain_ball_eject_attempt'====== Args={'balls': 1, 'target': <ball_device.bd_trough>, 'source': <ball_device.bd_drain>, 'mechanical_eject': False, 'num_attempts': 9}
2023-04-23 15:48:27,835 : INFO : ball_device.bd_drain : State: ejecting
2023-04-23 15:48:27,836 : INFO : ball_device.bd_drain : Ejecting ball to <ball_device.bd_trough>
2023-04-23 15:48:27,836 : INFO : EventManager : Event: ======'balldevice_bd_drain_ejecting_ball'====== Args={'balls': 1, 'target': <ball_device.bd_trough>, 'source': <ball_device.bd_drain>, 'mechanical_eject': False, 'num_attempts': 9}
2023-04-23 15:48:27,837 : INFO : ball_device.bd_drain : Wait for ball to leave device
2023-04-23 15:48:27,837 : INFO : coil.c_draineject : Pulsing Driver for 20ms (1.0 pulse_power)
2023-04-23 15:48:28,127 : INFO : EventManager : Event: ======'player_skillshot_target_rotator_tick'====== Args={'value': 8, 'prev_value': 7, 'change': 1, 'player_num': 1}
2023-04-23 15:48:28,128 : INFO : EventManager : Event: ======'timer_target_rotator_tick'====== Args={'ticks': 8, 'ticks_remaining': 0}
2023-04-23 15:48:28,405 : INFO : EventManager : Event: ======'stop_mode_skillshot'====== Args={'priority': 0}
2023-04-23 15:48:28,405 : INFO : EventManager : Event: ======'mode_skillshot_will_stop'====== Args={}
2023-04-23 15:48:28,406 : INFO : EventManager : Event: ======'mode_skillshot_stopping'====== Args={}
2023-04-23 15:48:28,406 : INFO : Mode.skillshot : Stopped.
2023-04-23 15:48:28,406 : INFO : EventManager : Event: ======'modes_active_modes_changed'====== Args={}
2023-04-23 15:48:28,406 : INFO : EventManager : Event: ======'mode_skillshot_stopped'====== Args={}
2023-04-23 15:48:28,406 : INFO : EventManager : Event: ======'clear'====== Args={'key': 'skillshot'}
2023-04-23 15:48:28,407 : INFO : Timer.target_rotator : Stopping Timer
2023-04-23 15:48:28,407 : INFO : EventManager : Event: ======'timer_target_rotator_stopped'====== Args={'ticks': 8, 'ticks_remaining': 0}
2023-04-23 15:48:28,407 : INFO : Timer.mode_timer : Stopping Timer
2023-04-23 15:48:28,407 : INFO : EventManager : Event: ======'timer_mode_timer_stopped'====== Args={'ticks': 3, 'ticks_remaining': 0}
2023-04-23 15:48:28,465 : INFO : Machine : Shutting down...
2023-04-23 15:48:28,465 : INFO : EventManager : Event: ======'shutdown'====== Args={}
2023-04-23 15:48:28,467 : INFO : EventManager : Event: ======'mode_game_will_stop'====== Args={}
2023-04-23 15:48:28,467 : INFO : EventManager : Event: ======'mode_game_stopping'====== Args={}
2023-04-23 15:48:28,468 : INFO : EventManager : Event: ======'mode_music_player_will_stop'====== Args={}
2023-04-23 15:48:28,468 : INFO : EventManager : Event: ======'mode_music_player_stopping'====== Args={}
2023-04-23 15:48:28,468 : INFO : EventManager : Event: ======'mode_cellar_will_stop'====== Args={}
2023-04-23 15:48:28,468 : INFO : EventManager : Event: ======'mode_cellar_stopping'====== Args={}
2023-04-23 15:48:28,468 : INFO : EventManager : Event: ======'mode_base_will_stop'====== Args={}
2023-04-23 15:48:28,468 : INFO : EventManager : Event: ======'mode_base_stopping'====== Args={}
2023-04-23 15:48:28,469 : INFO : EventManager : Event: ======'mode_selection_mode_will_stop'====== Args={}
2023-04-23 15:48:28,469 : INFO : EventManager : Event: ======'mode_selection_mode_stopping'====== Args={}
2023-04-23 15:48:28,469 : INFO : Mode.selection_mode : Stopped.
2023-04-23 15:48:28,469 : INFO : EventManager : Event: ======'modes_active_modes_changed'====== Args={}
2023-04-23 15:48:28,469 : INFO : EventManager : Event: ======'mode_selection_mode_stopped'====== Args={}
2023-04-23 15:48:28,469 : INFO : EventManager : Event: ======'clear'====== Args={'key': 'selection_mode'}
2023-04-23 15:48:28,469 : INFO : Mode.base : Stopped.
2023-04-23 15:48:28,469 : INFO : EventManager : Event: ======'modes_active_modes_changed'====== Args={}
2023-04-23 15:48:28,470 : INFO : EventManager : Event: ======'mode_base_stopped'====== Args={}
2023-04-23 15:48:28,470 : INFO : EventManager : Event: ======'clear'====== Args={'key': 'base'}
2023-04-23 15:48:28,470 : INFO : Mode.cellar : Stopped.
2023-04-23 15:48:28,470 : INFO : EventManager : Event: ======'modes_active_modes_changed'====== Args={}
2023-04-23 15:48:28,470 : INFO : EventManager : Event: ======'mode_cellar_stopped'====== Args={}
2023-04-23 15:48:28,470 : INFO : EventManager : Event: ======'clear'====== Args={'key': 'cellar'}
2023-04-23 15:48:28,471 : INFO : Mode.music_player : Stopped.
2023-04-23 15:48:28,471 : INFO : EventManager : Event: ======'modes_active_modes_changed'====== Args={}
2023-04-23 15:48:28,471 : INFO : EventManager : Event: ======'mode_music_player_stopped'====== Args={}
2023-04-23 15:48:28,471 : INFO : EventManager : Event: ======'clear'====== Args={'key': 'music_player'}
2023-04-23 15:48:28,472 : INFO : Mode.game : Stopped.
2023-04-23 15:48:28,472 : INFO : EventManager : Event: ======'modes_active_modes_changed'====== Args={}
2023-04-23 15:48:28,472 : INFO : EventManager : Event: ======'mode_game_stopped'====== Args={}
2023-04-23 15:48:28,472 : INFO : EventManager : Event: ======'clear'====== Args={'key': 'game'}
2023-04-23 15:48:28,481 : INFO : root : MPF run loop ended.
